[0.022s] Invoking command in '/home/bansong/gpsnav_ws/build/scout_mini_hardware': CMAKE_PREFIX_PATH=${CMAKE_PREFIX_PATH}:/home/bansong/gpsnav_ws/install/ntrip_client:/home/bansong/gpsnav_ws/install/my_nav_pkg:/opt/ros/humble /usr/bin/cmake --build /home/bansong/gpsnav_ws/build/scout_mini_hardware -- -j16 -l16
[0.303s] [100%] Built target scout_mini_hardware
[0.316s] Invoked command in '/home/bansong/gpsnav_ws/build/scout_mini_hardware' returned '0': CMAKE_PREFIX_PATH=${CMAKE_PREFIX_PATH}:/home/bansong/gpsnav_ws/install/ntrip_client:/home/bansong/gpsnav_ws/install/my_nav_pkg:/opt/ros/humble /usr/bin/cmake --build /home/bansong/gpsnav_ws/build/scout_mini_hardware -- -j16 -l16
[0.317s] Invoking command in '/home/bansong/gpsnav_ws/build/scout_mini_hardware': CMAKE_PREFIX_PATH=${CMAKE_PREFIX_PATH}:/home/bansong/gpsnav_ws/install/ntrip_client:/home/bansong/gpsnav_ws/install/my_nav_pkg:/opt/ros/humble /usr/bin/cmake --install /home/bansong/gpsnav_ws/build/scout_mini_hardware
[0.329s] -- Install configuration: ""
[0.329s] -- Execute custom install script
[0.329s] -- Up-to-date symlink: /home/bansong/gpsnav_ws/install/scout_mini_hardware/share/scout_mini_hardware//scout_mini_hardware.xml
[0.329s] -- Up-to-date symlink: /home/bansong/gpsnav_ws/install/scout_mini_hardware/lib/libscout_mini_hardware.so
[0.329s] -- Up-to-date symlink: /home/bansong/gpsnav_ws/install/scout_mini_hardware/include/include/scout_mini_hardware/scout_mini_hardware.hpp
[0.329s] -- Up-to-date symlink: /home/bansong/gpsnav_ws/install/scout_mini_hardware/include/include/scout_mini_hardware/visibility_control.h
[0.329s] -- Up-to-date symlink: /home/bansong/gpsnav_ws/install/scout_mini_hardware/share/scout_mini_hardware/environment/library_path.sh
[0.329s] -- Up-to-date symlink: /home/bansong/gpsnav_ws/install/scout_mini_hardware/share/scout_mini_hardware/environment/library_path.dsv
[0.329s] -- Up-to-date symlink: /home/bansong/gpsnav_ws/install/scout_mini_hardware/share/ament_index/resource_index/package_run_dependencies/scout_mini_hardware
[0.329s] -- Up-to-date symlink: /home/bansong/gpsnav_ws/install/scout_mini_hardware/share/ament_index/resource_index/parent_prefix_path/scout_mini_hardware
[0.329s] -- Up-to-date symlink: /home/bansong/gpsnav_ws/install/scout_mini_hardware/share/scout_mini_hardware/environment/ament_prefix_path.sh
[0.329s] -- Up-to-date symlink: /home/bansong/gpsnav_ws/install/scout_mini_hardware/share/scout_mini_hardware/environment/ament_prefix_path.dsv
[0.329s] -- Up-to-date symlink: /home/bansong/gpsnav_ws/install/scout_mini_hardware/share/scout_mini_hardware/environment/path.sh
[0.329s] -- Up-to-date symlink: /home/bansong/gpsnav_ws/install/scout_mini_hardware/share/scout_mini_hardware/environment/path.dsv
[0.329s] -- Up-to-date symlink: /home/bansong/gpsnav_ws/install/scout_mini_hardware/share/scout_mini_hardware/local_setup.bash
[0.329s] -- Up-to-date symlink: /home/bansong/gpsnav_ws/install/scout_mini_hardware/share/scout_mini_hardware/local_setup.sh
[0.329s] -- Up-to-date symlink: /home/bansong/gpsnav_ws/install/scout_mini_hardware/share/scout_mini_hardware/local_setup.zsh
[0.329s] -- Up-to-date symlink: /home/bansong/gpsnav_ws/install/scout_mini_hardware/share/scout_mini_hardware/local_setup.dsv
[0.329s] -- Symlinking: /home/bansong/gpsnav_ws/install/scout_mini_hardware/share/scout_mini_hardware/package.dsv
[0.331s] -- Up-to-date symlink: /home/bansong/gpsnav_ws/install/scout_mini_hardware/share/ament_index/resource_index/packages/scout_mini_hardware
[0.331s] -- Up-to-date symlink: /home/bansong/gpsnav_ws/install/scout_mini_hardware/share/ament_index/resource_index/hardware_interface__pluginlib__plugin/scout_mini_hardware
[0.331s] -- Up-to-date symlink: /home/bansong/gpsnav_ws/install/scout_mini_hardware/share/scout_mini_hardware/cmake/ament_cmake_export_dependencies-extras.cmake
[0.331s] -- Up-to-date symlink: /home/bansong/gpsnav_ws/install/scout_mini_hardware/share/scout_mini_hardware/cmake/ament_cmake_export_libraries-extras.cmake
[0.331s] -- Up-to-date symlink: /home/bansong/gpsnav_ws/install/scout_mini_hardware/share/scout_mini_hardware/cmake/ament_cmake_export_include_directories-extras.cmake
[0.331s] -- Up-to-date symlink: /home/bansong/gpsnav_ws/install/scout_mini_hardware/share/scout_mini_hardware/cmake/scout_mini_hardwareConfig.cmake
[0.331s] -- Up-to-date symlink: /home/bansong/gpsnav_ws/install/scout_mini_hardware/share/scout_mini_hardware/cmake/scout_mini_hardwareConfig-version.cmake
[0.331s] -- Up-to-date symlink: /home/bansong/gpsnav_ws/install/scout_mini_hardware/share/scout_mini_hardware/package.xml
