[0.023s] Invoking command in '/home/bansong/gpsnav_ws/build/scout_mini_base': CMAKE_PREFIX_PATH=${CMAKE_PREFIX_PATH}:/home/bansong/gpsnav_ws/install/ntrip_client:/home/bansong/gpsnav_ws/install/my_nav_pkg:/opt/ros/humble /usr/bin/cmake /home/bansong/gpsnav_ws/src/scout_mini_ros2/scout_mini_base -DCMAKE_INSTALL_PREFIX=/home/bansong/gpsnav_ws/install/scout_mini_base
[0.327s] -- Found ament_cmake: 1.3.11 (/opt/ros/humble/share/ament_cmake/cmake)
[0.327s] -- Override CMake install command with custom implementation using symlinks instead of copying resources
[0.327s] -- Found ros2_control: 2.51.0 (/opt/ros/humble/share/ros2_control/cmake)
[0.327s] -- Found ros2_controllers: 2.47.0 (/opt/ros/humble/share/ros2_controllers/cmake)
[0.327s] -- Found twist_mux: 4.3.0 (/opt/ros/humble/share/twist_mux/cmake)
[0.327s] -- Found rosidl_generator_c: 3.1.6 (/opt/ros/humble/share/rosidl_generator_c/cmake)
[0.327s] -- Found rosidl_adapter: 3.1.6 (/opt/ros/humble/share/rosidl_adapter/cmake)
[0.327s] -- Found rosidl_generator_cpp: 3.1.6 (/opt/ros/humble/share/rosidl_generator_cpp/cmake)
[0.327s] -- Using all available rosidl_typesupport_c: rosidl_typesupport_fastrtps_c;rosidl_typesupport_introspection_c
[0.327s] -- Using all available rosidl_typesupport_cpp: rosidl_typesupport_fastrtps_cpp;rosidl_typesupport_introspection_cpp
[0.327s] -- Found rmw_implementation_cmake: 6.1.2 (/opt/ros/humble/share/rmw_implementation_cmake/cmake)
[0.327s] -- Found rmw_fastrtps_cpp: 6.2.7 (/opt/ros/humble/share/rmw_fastrtps_cpp/cmake)
[0.327s] -- Using RMW implementation 'rmw_fastrtps_cpp' as default
[0.359s] -- Configuring done
[0.362s] -- Generating done
[0.364s] -- Build files have been written to: /home/bansong/gpsnav_ws/build/scout_mini_base
[0.373s] Invoked command in '/home/bansong/gpsnav_ws/build/scout_mini_base' returned '0': CMAKE_PREFIX_PATH=${CMAKE_PREFIX_PATH}:/home/bansong/gpsnav_ws/install/ntrip_client:/home/bansong/gpsnav_ws/install/my_nav_pkg:/opt/ros/humble /usr/bin/cmake /home/bansong/gpsnav_ws/src/scout_mini_ros2/scout_mini_base -DCMAKE_INSTALL_PREFIX=/home/bansong/gpsnav_ws/install/scout_mini_base
[0.374s] Invoking command in '/home/bansong/gpsnav_ws/build/scout_mini_base': CMAKE_PREFIX_PATH=${CMAKE_PREFIX_PATH}:/home/bansong/gpsnav_ws/install/ntrip_client:/home/bansong/gpsnav_ws/install/my_nav_pkg:/opt/ros/humble /usr/bin/cmake --build /home/bansong/gpsnav_ws/build/scout_mini_base -- -j16 -l16
[0.407s] Invoked command in '/home/bansong/gpsnav_ws/build/scout_mini_base' returned '0': CMAKE_PREFIX_PATH=${CMAKE_PREFIX_PATH}:/home/bansong/gpsnav_ws/install/ntrip_client:/home/bansong/gpsnav_ws/install/my_nav_pkg:/opt/ros/humble /usr/bin/cmake --build /home/bansong/gpsnav_ws/build/scout_mini_base -- -j16 -l16
[0.408s] Invoking command in '/home/bansong/gpsnav_ws/build/scout_mini_base': CMAKE_PREFIX_PATH=${CMAKE_PREFIX_PATH}:/home/bansong/gpsnav_ws/install/ntrip_client:/home/bansong/gpsnav_ws/install/my_nav_pkg:/opt/ros/humble /usr/bin/cmake --install /home/bansong/gpsnav_ws/build/scout_mini_base
[0.414s] -- Install configuration: ""
[0.414s] -- Execute custom install script
[0.415s] -- Up-to-date symlink: /home/bansong/gpsnav_ws/install/scout_mini_base/share/scout_mini_base/config/scout_mini.yaml
[0.415s] -- Up-to-date symlink: /home/bansong/gpsnav_ws/install/scout_mini_base/share/scout_mini_base/launch/base_launch.py
[0.415s] -- Up-to-date symlink: /home/bansong/gpsnav_ws/install/scout_mini_base/share/ament_index/resource_index/package_run_dependencies/scout_mini_base
[0.415s] -- Up-to-date symlink: /home/bansong/gpsnav_ws/install/scout_mini_base/share/ament_index/resource_index/parent_prefix_path/scout_mini_base
[0.415s] -- Up-to-date symlink: /home/bansong/gpsnav_ws/install/scout_mini_base/share/scout_mini_base/environment/ament_prefix_path.sh
[0.415s] -- Up-to-date symlink: /home/bansong/gpsnav_ws/install/scout_mini_base/share/scout_mini_base/environment/ament_prefix_path.dsv
[0.415s] -- Up-to-date symlink: /home/bansong/gpsnav_ws/install/scout_mini_base/share/scout_mini_base/environment/path.sh
[0.415s] -- Up-to-date symlink: /home/bansong/gpsnav_ws/install/scout_mini_base/share/scout_mini_base/environment/path.dsv
[0.415s] -- Up-to-date symlink: /home/bansong/gpsnav_ws/install/scout_mini_base/share/scout_mini_base/local_setup.bash
[0.416s] -- Up-to-date symlink: /home/bansong/gpsnav_ws/install/scout_mini_base/share/scout_mini_base/local_setup.sh
[0.416s] -- Up-to-date symlink: /home/bansong/gpsnav_ws/install/scout_mini_base/share/scout_mini_base/local_setup.zsh
[0.416s] -- Up-to-date symlink: /home/bansong/gpsnav_ws/install/scout_mini_base/share/scout_mini_base/local_setup.dsv
[0.416s] -- Symlinking: /home/bansong/gpsnav_ws/install/scout_mini_base/share/scout_mini_base/package.dsv
[0.423s] -- Up-to-date symlink: /home/bansong/gpsnav_ws/install/scout_mini_base/share/ament_index/resource_index/packages/scout_mini_base
[0.423s] -- Up-to-date symlink: /home/bansong/gpsnav_ws/install/scout_mini_base/share/scout_mini_base/cmake/scout_mini_baseConfig.cmake
[0.423s] -- Up-to-date symlink: /home/bansong/gpsnav_ws/install/scout_mini_base/share/scout_mini_base/cmake/scout_mini_baseConfig-version.cmake
[0.424s] -- Up-to-date symlink: /home/bansong/gpsnav_ws/install/scout_mini_base/share/scout_mini_base/package.xml
[0.425s] Invoked command in '/home/bansong/gpsnav_ws/build/scout_mini_base' returned '0': CMAKE_PREFIX_PATH=${CMAKE_PREFIX_PATH}:/home/bansong/gpsnav_ws/install/ntrip_client:/home/bansong/gpsnav_ws/install/my_nav_pkg:/opt/ros/humble /usr/bin/cmake --install /home/bansong/gpsnav_ws/build/scout_mini_base
