[0.048s] Invoking command in '/home/bansong/gpsnav_ws/build/ublox_msgs': AMENT_PREFIX_PATH=/home/bansong/gpsnav_ws/install/ublox_serialization:${AMENT_PREFIX_PATH} CMAKE_PREFIX_PATH=/home/bansong/gpsnav_ws/install/ublox_serialization:/opt/ros/humble /usr/bin/cmake --build /home/bansong/gpsnav_ws/build/ublox_msgs -- -j16 -l16
[0.171s] [  0%] Built target ublox_msgs__cpp
[0.190s] [ 12%] Built target ublox_msgs__rosidl_generator_c
[0.225s] [ 12%] Built target ament_cmake_python_copy_ublox_msgs
[0.226s] [ 24%] Built target ublox_msgs__rosidl_typesupport_cpp
[0.231s] [ 37%] Built target ublox_msgs__rosidl_typesupport_c
[0.234s] [ 49%] Built target ublox_msgs__rosidl_typesupport_fastrtps_cpp
[0.236s] [ 74%] Built target ublox_msgs__rosidl_typesupport_introspection_cpp
[0.237s] [ 74%] Built target ublox_msgs__rosidl_typesupport_introspection_c
[0.253s] [ 87%] Built target ublox_msgs__rosidl_typesupport_fastrtps_c
[0.280s] [ 87%] Built target ublox_msgs
[0.309s] [ 88%] Built target ublox_msgs_lib
[0.310s] [ 88%] Built target ublox_msgs__py
[0.368s] [100%] Built target ublox_msgs__rosidl_generator_py
[0.396s] [100%] Built target ublox_msgs__rosidl_typesupport_fastrtps_c__pyext
[0.396s] [100%] Built target ublox_msgs__rosidl_typesupport_introspection_c__pyext
[0.396s] [100%] Built target ublox_msgs__rosidl_typesupport_c__pyext
[0.429s] running egg_info
[0.430s] writing ublox_msgs.egg-info/PKG-INFO
[0.430s] writing dependency_links to ublox_msgs.egg-info/dependency_links.txt
[0.430s] writing top-level names to ublox_msgs.egg-info/top_level.txt
[0.433s] reading manifest file 'ublox_msgs.egg-info/SOURCES.txt'
[0.434s] writing manifest file 'ublox_msgs.egg-info/SOURCES.txt'
[0.463s] [100%] Built target ament_cmake_python_build_ublox_msgs_egg
