[0.013s] Invoking command in '/home/bansong/gpsnav_ws/build/scout_mini_ros2': CMAKE_PREFIX_PATH=/home/bansong/gpsnav_ws/install/scout_mini_msgs:/home/bansong/gpsnav_ws/install/scout_mini_hardware:/home/bansong/gpsnav_ws/install/scout_mini_description:/home/bansong/gpsnav_ws/install/scout_mini_base:/home/bansong/gpsnav_ws/install/ublox:/home/bansong/gpsnav_ws/install/ublox_gps:/home/bansong/gpsnav_ws/install/ublox_msgs:/home/bansong/gpsnav_ws/install/ublox_serialization:/home/bansong/gpsnav_ws/install/sllidar_ros2:/home/bansong/gpsnav_ws/install/scout_mini_ros2:/home/bansong/gpsnav_ws/install/my_nav_pkg:/opt/ros/humble LD_LIBRARY_PATH=/home/bansong/gpsnav_ws/install/scout_mini_msgs/lib:/home/bansong/gpsnav_ws/install/scout_mini_hardware/lib:/home/bansong/gpsnav_ws/install/ublox_gps/lib:/home/bansong/gpsnav_ws/install/ublox_msgs/lib:/opt/ros/humble/opt/rviz_ogre_vendor/lib:/opt/ros/humble/lib/x86_64-linux-gnu:/opt/ros/humble/lib /usr/bin/cmake --build /home/bansong/gpsnav_ws/build/scout_mini_ros2 -- -j16 -l16
[0.051s] Invoked command in '/home/bansong/gpsnav_ws/build/scout_mini_ros2' returned '0': CMAKE_PREFIX_PATH=/home/bansong/gpsnav_ws/install/scout_mini_msgs:/home/bansong/gpsnav_ws/install/scout_mini_hardware:/home/bansong/gpsnav_ws/install/scout_mini_description:/home/bansong/gpsnav_ws/install/scout_mini_base:/home/bansong/gpsnav_ws/install/ublox:/home/bansong/gpsnav_ws/install/ublox_gps:/home/bansong/gpsnav_ws/install/ublox_msgs:/home/bansong/gpsnav_ws/install/ublox_serialization:/home/bansong/gpsnav_ws/install/sllidar_ros2:/home/bansong/gpsnav_ws/install/scout_mini_ros2:/home/bansong/gpsnav_ws/install/my_nav_pkg:/opt/ros/humble LD_LIBRARY_PATH=/home/bansong/gpsnav_ws/install/scout_mini_msgs/lib:/home/bansong/gpsnav_ws/install/scout_mini_hardware/lib:/home/bansong/gpsnav_ws/install/ublox_gps/lib:/home/bansong/gpsnav_ws/install/ublox_msgs/lib:/opt/ros/humble/opt/rviz_ogre_vendor/lib:/opt/ros/humble/lib/x86_64-linux-gnu:/opt/ros/humble/lib /usr/bin/cmake --build /home/bansong/gpsnav_ws/build/scout_mini_ros2 -- -j16 -l16
[0.053s] Invoking command in '/home/bansong/gpsnav_ws/build/scout_mini_ros2': CMAKE_PREFIX_PATH=/home/bansong/gpsnav_ws/install/scout_mini_msgs:/home/bansong/gpsnav_ws/install/scout_mini_hardware:/home/bansong/gpsnav_ws/install/scout_mini_description:/home/bansong/gpsnav_ws/install/scout_mini_base:/home/bansong/gpsnav_ws/install/ublox:/home/bansong/gpsnav_ws/install/ublox_gps:/home/bansong/gpsnav_ws/install/ublox_msgs:/home/bansong/gpsnav_ws/install/ublox_serialization:/home/bansong/gpsnav_ws/install/sllidar_ros2:/home/bansong/gpsnav_ws/install/scout_mini_ros2:/home/bansong/gpsnav_ws/install/my_nav_pkg:/opt/ros/humble LD_LIBRARY_PATH=/home/bansong/gpsnav_ws/install/scout_mini_msgs/lib:/home/bansong/gpsnav_ws/install/scout_mini_hardware/lib:/home/bansong/gpsnav_ws/install/ublox_gps/lib:/home/bansong/gpsnav_ws/install/ublox_msgs/lib:/opt/ros/humble/opt/rviz_ogre_vendor/lib:/opt/ros/humble/lib/x86_64-linux-gnu:/opt/ros/humble/lib /usr/bin/cmake --install /home/bansong/gpsnav_ws/build/scout_mini_ros2
[0.060s] -- Install configuration: ""
[0.060s] -- Up-to-date: /home/bansong/gpsnav_ws/install/scout_mini_ros2/share/ament_index/resource_index/package_run_dependencies/scout_mini_ros2
[0.060s] -- Up-to-date: /home/bansong/gpsnav_ws/install/scout_mini_ros2/share/ament_index/resource_index/parent_prefix_path/scout_mini_ros2
[0.060s] -- Up-to-date: /home/bansong/gpsnav_ws/install/scout_mini_ros2/share/scout_mini_ros2/environment/ament_prefix_path.sh
[0.060s] -- Up-to-date: /home/bansong/gpsnav_ws/install/scout_mini_ros2/share/scout_mini_ros2/environment/ament_prefix_path.dsv
[0.060s] -- Up-to-date: /home/bansong/gpsnav_ws/install/scout_mini_ros2/share/scout_mini_ros2/environment/path.sh
[0.060s] -- Up-to-date: /home/bansong/gpsnav_ws/install/scout_mini_ros2/share/scout_mini_ros2/environment/path.dsv
[0.061s] -- Up-to-date: /home/bansong/gpsnav_ws/install/scout_mini_ros2/share/scout_mini_ros2/local_setup.bash
[0.061s] -- Up-to-date: /home/bansong/gpsnav_ws/install/scout_mini_ros2/share/scout_mini_ros2/local_setup.sh
[0.061s] -- Up-to-date: /home/bansong/gpsnav_ws/install/scout_mini_ros2/share/scout_mini_ros2/local_setup.zsh
[0.061s] -- Up-to-date: /home/bansong/gpsnav_ws/install/scout_mini_ros2/share/scout_mini_ros2/local_setup.dsv
[0.061s] -- Installing: /home/bansong/gpsnav_ws/install/scout_mini_ros2/share/scout_mini_ros2/package.dsv
[0.061s] -- Up-to-date: /home/bansong/gpsnav_ws/install/scout_mini_ros2/share/ament_index/resource_index/packages/scout_mini_ros2
[0.061s] -- Up-to-date: /home/bansong/gpsnav_ws/install/scout_mini_ros2/share/scout_mini_ros2/cmake/scout_mini_ros2Config.cmake
[0.061s] -- Up-to-date: /home/bansong/gpsnav_ws/install/scout_mini_ros2/share/scout_mini_ros2/cmake/scout_mini_ros2Config-version.cmake
[0.061s] -- Up-to-date: /home/bansong/gpsnav_ws/install/scout_mini_ros2/share/scout_mini_ros2/package.xml
[0.063s] Invoked command in '/home/bansong/gpsnav_ws/build/scout_mini_ros2' returned '0': CMAKE_PREFIX_PATH=/home/bansong/gpsnav_ws/install/scout_mini_msgs:/home/bansong/gpsnav_ws/install/scout_mini_hardware:/home/bansong/gpsnav_ws/install/scout_mini_description:/home/bansong/gpsnav_ws/install/scout_mini_base:/home/bansong/gpsnav_ws/install/ublox:/home/bansong/gpsnav_ws/install/ublox_gps:/home/bansong/gpsnav_ws/install/ublox_msgs:/home/bansong/gpsnav_ws/install/ublox_serialization:/home/bansong/gpsnav_ws/install/sllidar_ros2:/home/bansong/gpsnav_ws/install/scout_mini_ros2:/home/bansong/gpsnav_ws/install/my_nav_pkg:/opt/ros/humble LD_LIBRARY_PATH=/home/bansong/gpsnav_ws/install/scout_mini_msgs/lib:/home/bansong/gpsnav_ws/install/scout_mini_hardware/lib:/home/bansong/gpsnav_ws/install/ublox_gps/lib:/home/bansong/gpsnav_ws/install/ublox_msgs/lib:/opt/ros/humble/opt/rviz_ogre_vendor/lib:/opt/ros/humble/lib/x86_64-linux-gnu:/opt/ros/humble/lib /usr/bin/cmake --install /home/bansong/gpsnav_ws/build/scout_mini_ros2
