[0.007s] Invoking command in '/home/bansong/gpsnav_ws/build/scout_mini_msgs': CMAKE_PREFIX_PATH=${CMAKE_PREFIX_PATH}:/opt/ros/humble /usr/bin/cmake /home/bansong/gpsnav_ws/src/scout_mini_ros2/scout_mini_msgs -DCMAKE_INSTALL_PREFIX=/home/bansong/gpsnav_ws/install/scout_mini_msgs
[0.044s] -- The C compiler identification is GNU 11.4.0
[0.080s] -- The CXX compiler identification is GNU 11.4.0
[0.086s] -- Detecting C compiler ABI info
[0.136s] -- Detecting C compiler ABI info - done
[0.140s] -- Check for working C compiler: /usr/bin/cc - skipped
[0.140s] -- Detecting C compile features
[0.140s] -- Detecting C compile features - done
[0.142s] -- Detecting CXX compiler ABI info
[0.201s] -- Detecting CXX compiler ABI info - done
[0.206s] -- Check for working CXX compiler: /usr/bin/c++ - skipped
[0.206s] -- Detecting CXX compile features
[0.206s] -- Detecting CXX compile features - done
[0.207s] -- Found ament_cmake: 1.3.11 (/opt/ros/humble/share/ament_cmake/cmake)
[0.303s] -- Found Python3: /usr/bin/python3 (found version "3.10.12") found components: Interpreter 
[0.358s] -- Found rosidl_default_generators: 1.2.0 (/opt/ros/humble/share/rosidl_default_generators/cmake)
[0.360s] -- Using all available rosidl_typesupport_c: rosidl_typesupport_fastrtps_c;rosidl_typesupport_introspection_c
[0.364s] -- Found rosidl_adapter: 3.1.6 (/opt/ros/humble/share/rosidl_adapter/cmake)
[0.388s] -- Using all available rosidl_typesupport_cpp: rosidl_typesupport_fastrtps_cpp;rosidl_typesupport_introspection_cpp
[0.407s] -- Found builtin_interfaces: 1.2.1 (/opt/ros/humble/share/builtin_interfaces/cmake)
[0.415s] -- Found std_msgs: 4.9.0 (/opt/ros/humble/share/std_msgs/cmake)
[0.591s] -- Found ament_cmake_ros: 0.10.0 (/opt/ros/humble/share/ament_cmake_ros/cmake)
[0.721s] -- Using all available rosidl_typesupport_c: rosidl_typesupport_fastrtps_c;rosidl_typesupport_introspection_c
[0.894s] -- Using all available rosidl_typesupport_cpp: rosidl_typesupport_fastrtps_cpp;rosidl_typesupport_introspection_cpp
[0.910s] -- Found PythonInterp: /usr/bin/python3 (found suitable version "3.10.12", minimum required is "3.6") 
[0.911s] -- Found python_cmake_module: 0.10.0 (/opt/ros/humble/share/python_cmake_module/cmake)
[0.936s] -- Found PythonLibs: /usr/lib/x86_64-linux-gnu/libpython3.10.so (found suitable version "3.10.12", minimum required is "3.5") 
[0.937s] -- Using PYTHON_EXECUTABLE: /usr/bin/python3
[0.937s] -- Using PYTHON_INCLUDE_DIRS: /usr/include/python3.10
[0.937s] -- Using PYTHON_LIBRARIES: /usr/lib/x86_64-linux-gnu/libpython3.10.so
[0.950s] -- Found PythonExtra: .so  
[0.981s] -- Configuring done
[1.003s] -- Generating done
[1.009s] -- Build files have been written to: /home/bansong/gpsnav_ws/build/scout_mini_msgs
[1.015s] Invoked command in '/home/bansong/gpsnav_ws/build/scout_mini_msgs' returned '0': CMAKE_PREFIX_PATH=${CMAKE_PREFIX_PATH}:/opt/ros/humble /usr/bin/cmake /home/bansong/gpsnav_ws/src/scout_mini_ros2/scout_mini_msgs -DCMAKE_INSTALL_PREFIX=/home/bansong/gpsnav_ws/install/scout_mini_msgs
[1.017s] Invoking command in '/home/bansong/gpsnav_ws/build/scout_mini_msgs': CMAKE_PREFIX_PATH=${CMAKE_PREFIX_PATH}:/opt/ros/humble /usr/bin/cmake --build /home/bansong/gpsnav_ws/build/scout_mini_msgs -- -j16 -l16
[1.049s] [  1%] [34m[1mGenerating C code for ROS interfaces[0m
[1.057s] [  2%] [34m[1mGenerating C++ code for ROS interfaces[0m
[1.062s] [  2%] Built target ament_cmake_python_copy_scout_mini_msgs
[1.197s] running egg_info
[1.197s] creating scout_mini_msgs.egg-info
[1.197s] writing scout_mini_msgs.egg-info/PKG-INFO
[1.197s] writing dependency_links to scout_mini_msgs.egg-info/dependency_links.txt
[1.197s] writing top-level names to scout_mini_msgs.egg-info/top_level.txt
[1.198s] writing manifest file 'scout_mini_msgs.egg-info/SOURCES.txt'
[1.198s] reading manifest file 'scout_mini_msgs.egg-info/SOURCES.txt'
[1.199s] writing manifest file 'scout_mini_msgs.egg-info/SOURCES.txt'
[1.218s] [  2%] Built target ament_cmake_python_build_scout_mini_msgs_egg
[1.408s] [  2%] Built target scout_mini_msgs__cpp
[1.415s] [  7%] [34m[1mGenerating C++ type support for eProsima Fast-RTPS[0m
[1.416s] [  7%] [34m[1mGenerating C++ type support dispatch for ROS interfaces[0m
[1.416s] [  7%] [34m[1mGenerating C++ introspection for ROS interfaces[0m
[1.424s] [ 12%] [32mBuilding C object CMakeFiles/scout_mini_msgs__rosidl_generator_c.dir/rosidl_generator_c/scout_mini_msgs/msg/detail/light_state__functions.c.o[0m
[1.424s] [ 12%] [32mBuilding C object CMakeFiles/scout_mini_msgs__rosidl_generator_c.dir/rosidl_generator_c/scout_mini_msgs/msg/detail/light_command__functions.c.o[0m
[1.424s] [ 12%] [32mBuilding C object CMakeFiles/scout_mini_msgs__rosidl_generator_c.dir/rosidl_generator_c/scout_mini_msgs/msg/detail/driver_state__functions.c.o[0m
[1.424s] [ 12%] [32mBuilding C object CMakeFiles/scout_mini_msgs__rosidl_generator_c.dir/rosidl_generator_c/scout_mini_msgs/msg/detail/fault_state__functions.c.o[0m
[1.424s] [ 14%] [32mBuilding C object CMakeFiles/scout_mini_msgs__rosidl_generator_c.dir/rosidl_generator_c/scout_mini_msgs/msg/detail/motor_state__functions.c.o[0m
[1.424s] [ 15%] [32mBuilding C object CMakeFiles/scout_mini_msgs__rosidl_generator_c.dir/rosidl_generator_c/scout_mini_msgs/msg/detail/robot_state__functions.c.o[0m
[1.464s] [ 16%] [32m[1mLinking C shared library libscout_mini_msgs__rosidl_generator_c.so[0m
[1.493s] [ 16%] Built target scout_mini_msgs__rosidl_generator_c
[1.501s] [ 21%] [34m[1mGenerating C type support for eProsima Fast-RTPS[0m
[1.501s] [ 21%] [34m[1mGenerating C type support dispatch for ROS interfaces[0m
[1.501s] [ 21%] [34m[1mGenerating C introspection for ROS interfaces[0m
[1.699s] [ 23%] [32mBuilding CXX object CMakeFiles/scout_mini_msgs__rosidl_typesupport_cpp.dir/rosidl_typesupport_cpp/scout_mini_msgs/msg/light_state__type_support.cpp.o[0m
[1.699s] [ 23%] [32mBuilding CXX object CMakeFiles/scout_mini_msgs__rosidl_typesupport_cpp.dir/rosidl_typesupport_cpp/scout_mini_msgs/msg/motor_state__type_support.cpp.o[0m
[1.699s] [ 25%] [32mBuilding CXX object CMakeFiles/scout_mini_msgs__rosidl_typesupport_cpp.dir/rosidl_typesupport_cpp/scout_mini_msgs/msg/light_command__type_support.cpp.o[0m
[1.699s] [ 26%] [32mBuilding CXX object CMakeFiles/scout_mini_msgs__rosidl_typesupport_cpp.dir/rosidl_typesupport_cpp/scout_mini_msgs/msg/driver_state__type_support.cpp.o[0m
[1.699s] [ 28%] [32mBuilding CXX object CMakeFiles/scout_mini_msgs__rosidl_typesupport_cpp.dir/rosidl_typesupport_cpp/scout_mini_msgs/msg/fault_state__type_support.cpp.o[0m
[1.699s] [ 29%] [32mBuilding CXX object CMakeFiles/scout_mini_msgs__rosidl_typesupport_cpp.dir/rosidl_typesupport_cpp/scout_mini_msgs/msg/robot_state__type_support.cpp.o[0m
[1.748s] [ 32%] [32mBuilding CXX object CMakeFiles/scout_mini_msgs__rosidl_typesupport_introspection_cpp.dir/rosidl_typesupport_introspection_cpp/scout_mini_msgs/msg/detail/driver_state__type_support.cpp.o[0m
[1.748s] [ 32%] [32mBuilding CXX object CMakeFiles/scout_mini_msgs__rosidl_typesupport_introspection_cpp.dir/rosidl_typesupport_introspection_cpp/scout_mini_msgs/msg/detail/light_command__type_support.cpp.o[0m
[1.748s] [ 33%] [32mBuilding CXX object CMakeFiles/scout_mini_msgs__rosidl_typesupport_introspection_cpp.dir/rosidl_typesupport_introspection_cpp/scout_mini_msgs/msg/detail/motor_state__type_support.cpp.o[0m
[1.748s] [ 35%] [32mBuilding CXX object CMakeFiles/scout_mini_msgs__rosidl_typesupport_introspection_cpp.dir/rosidl_typesupport_introspection_cpp/scout_mini_msgs/msg/detail/light_state__type_support.cpp.o[0m
[1.748s] [ 36%] [32mBuilding CXX object CMakeFiles/scout_mini_msgs__rosidl_typesupport_introspection_cpp.dir/rosidl_typesupport_introspection_cpp/scout_mini_msgs/msg/detail/fault_state__type_support.cpp.o[0m
[1.748s] [ 38%] [32mBuilding CXX object CMakeFiles/scout_mini_msgs__rosidl_typesupport_introspection_cpp.dir/rosidl_typesupport_introspection_cpp/scout_mini_msgs/msg/detail/robot_state__type_support.cpp.o[0m
[1.860s] [ 39%] [32mBuilding CXX object CMakeFiles/scout_mini_msgs__rosidl_typesupport_fastrtps_cpp.dir/rosidl_typesupport_fastrtps_cpp/scout_mini_msgs/msg/detail/dds_fastrtps/driver_state__type_support.cpp.o[0m
[1.871s] [ 40%] [32mBuilding CXX object CMakeFiles/scout_mini_msgs__rosidl_typesupport_c.dir/rosidl_typesupport_c/scout_mini_msgs/msg/driver_state__type_support.cpp.o[0m
[1.910s] [ 42%] [32mBuilding CXX object CMakeFiles/scout_mini_msgs__rosidl_typesupport_c.dir/rosidl_typesupport_c/scout_mini_msgs/msg/fault_state__type_support.cpp.o[0m
[1.945s] [ 43%] [32mBuilding CXX object CMakeFiles/scout_mini_msgs__rosidl_typesupport_fastrtps_cpp.dir/rosidl_typesupport_fastrtps_cpp/scout_mini_msgs/msg/detail/dds_fastrtps/fault_state__type_support.cpp.o[0m
[1.947s] [ 45%] [32mBuilding CXX object CMakeFiles/scout_mini_msgs__rosidl_typesupport_c.dir/rosidl_typesupport_c/scout_mini_msgs/msg/light_command__type_support.cpp.o[0m
[1.952s] [ 46%] [32mBuilding CXX object CMakeFiles/scout_mini_msgs__rosidl_typesupport_fastrtps_cpp.dir/rosidl_typesupport_fastrtps_cpp/scout_mini_msgs/msg/detail/dds_fastrtps/light_command__type_support.cpp.o[0m
[1.954s] [ 47%] [32mBuilding CXX object CMakeFiles/scout_mini_msgs__rosidl_typesupport_fastrtps_cpp.dir/rosidl_typesupport_fastrtps_cpp/scout_mini_msgs/msg/detail/dds_fastrtps/light_state__type_support.cpp.o[0m
[1.955s] [ 49%] [32mBuilding CXX object CMakeFiles/scout_mini_msgs__rosidl_typesupport_fastrtps_cpp.dir/rosidl_typesupport_fastrtps_cpp/scout_mini_msgs/msg/detail/dds_fastrtps/motor_state__type_support.cpp.o[0m
[1.962s] [ 50%] [32mBuilding CXX object CMakeFiles/scout_mini_msgs__rosidl_typesupport_fastrtps_cpp.dir/rosidl_typesupport_fastrtps_cpp/scout_mini_msgs/msg/detail/dds_fastrtps/robot_state__type_support.cpp.o[0m
[1.967s] [ 52%] [32m[1mLinking CXX shared library libscout_mini_msgs__rosidl_typesupport_cpp.so[0m
[1.979s] [ 53%] [32mBuilding CXX object CMakeFiles/scout_mini_msgs__rosidl_typesupport_c.dir/rosidl_typesupport_c/scout_mini_msgs/msg/light_state__type_support.cpp.o[0m
[2.013s] [ 54%] [32mBuilding CXX object CMakeFiles/scout_mini_msgs__rosidl_typesupport_c.dir/rosidl_typesupport_c/scout_mini_msgs/msg/motor_state__type_support.cpp.o[0m
[2.017s] [ 54%] Built target scout_mini_msgs__rosidl_typesupport_cpp
[2.028s] [ 57%] [32mBuilding CXX object CMakeFiles/scout_mini_msgs__rosidl_typesupport_c.dir/rosidl_typesupport_c/scout_mini_msgs/msg/robot_state__type_support.cpp.o[0m
[2.028s] [ 57%] [32mBuilding C object CMakeFiles/scout_mini_msgs__rosidl_typesupport_introspection_c.dir/rosidl_typesupport_introspection_c/scout_mini_msgs/msg/detail/driver_state__type_support.c.o[0m
[2.048s] [ 60%] [32mBuilding CXX object CMakeFiles/scout_mini_msgs__rosidl_typesupport_fastrtps_c.dir/rosidl_typesupport_fastrtps_c/scout_mini_msgs/msg/detail/driver_state__type_support_c.cpp.o[0m
[2.048s] [ 60%] [32mBuilding C object CMakeFiles/scout_mini_msgs__rosidl_typesupport_introspection_c.dir/rosidl_typesupport_introspection_c/scout_mini_msgs/msg/detail/fault_state__type_support.c.o[0m
[2.059s] [ 61%] [32m[1mLinking CXX shared library libscout_mini_msgs__rosidl_typesupport_c.so[0m
[2.083s] [ 63%] [32mBuilding CXX object CMakeFiles/scout_mini_msgs__rosidl_typesupport_fastrtps_c.dir/rosidl_typesupport_fastrtps_c/scout_mini_msgs/msg/detail/fault_state__type_support_c.cpp.o[0m
[2.086s] [ 64%] [32mBuilding C object CMakeFiles/scout_mini_msgs__rosidl_typesupport_introspection_c.dir/rosidl_typesupport_introspection_c/scout_mini_msgs/msg/detail/light_command__type_support.c.o[0m
[2.106s] [ 64%] Built target scout_mini_msgs__rosidl_typesupport_c
[2.116s] [ 66%] [32mBuilding CXX object CMakeFiles/scout_mini_msgs__rosidl_typesupport_fastrtps_c.dir/rosidl_typesupport_fastrtps_c/scout_mini_msgs/msg/detail/light_command__type_support_c.cpp.o[0m
[2.121s] [ 67%] [32mBuilding C object CMakeFiles/scout_mini_msgs__rosidl_typesupport_introspection_c.dir/rosidl_typesupport_introspection_c/scout_mini_msgs/msg/detail/light_state__type_support.c.o[0m
[2.126s] [ 69%] [32mBuilding CXX object CMakeFiles/scout_mini_msgs__rosidl_typesupport_fastrtps_c.dir/rosidl_typesupport_fastrtps_c/scout_mini_msgs/msg/detail/light_state__type_support_c.cpp.o[0m
[2.126s] [ 70%] [32mBuilding CXX object CMakeFiles/scout_mini_msgs__rosidl_typesupport_fastrtps_c.dir/rosidl_typesupport_fastrtps_c/scout_mini_msgs/msg/detail/motor_state__type_support_c.cpp.o[0m
[2.135s] [ 71%] [32mBuilding C object CMakeFiles/scout_mini_msgs__rosidl_typesupport_introspection_c.dir/rosidl_typesupport_introspection_c/scout_mini_msgs/msg/detail/motor_state__type_support.c.o[0m
[2.135s] [ 73%] [32mBuilding CXX object CMakeFiles/scout_mini_msgs__rosidl_typesupport_fastrtps_c.dir/rosidl_typesupport_fastrtps_c/scout_mini_msgs/msg/detail/robot_state__type_support_c.cpp.o[0m
[2.155s] [ 74%] [32mBuilding C object CMakeFiles/scout_mini_msgs__rosidl_typesupport_introspection_c.dir/rosidl_typesupport_introspection_c/scout_mini_msgs/msg/detail/robot_state__type_support.c.o[0m
[2.164s] [ 76%] [32m[1mLinking CXX shared library libscout_mini_msgs__rosidl_typesupport_introspection_cpp.so[0m
[2.192s] [ 77%] [32m[1mLinking C shared library libscout_mini_msgs__rosidl_typesupport_introspection_c.so[0m
[2.232s] [ 77%] Built target scout_mini_msgs__rosidl_typesupport_introspection_c
[2.267s] [ 77%] Built target scout_mini_msgs__rosidl_typesupport_introspection_cpp
[2.327s] [ 78%] [32m[1mLinking CXX shared library libscout_mini_msgs__rosidl_typesupport_fastrtps_cpp.so[0m
[2.387s] [ 78%] Built target scout_mini_msgs__rosidl_typesupport_fastrtps_cpp
[2.414s] [ 80%] [32m[1mLinking CXX shared library libscout_mini_msgs__rosidl_typesupport_fastrtps_c.so[0m
[2.466s] [ 80%] Built target scout_mini_msgs__rosidl_typesupport_fastrtps_c
[2.480s] [ 80%] Built target scout_mini_msgs
[2.496s] [ 81%] [34m[1mGenerating Python code for ROS interfaces[0m
[3.034s] [ 81%] Built target scout_mini_msgs__py
[3.050s] [ 83%] [32mBuilding C object CMakeFiles/scout_mini_msgs__rosidl_generator_py.dir/rosidl_generator_py/scout_mini_msgs/msg/_driver_state_s.c.o[0m
[3.050s] [ 84%] [32mBuilding C object CMakeFiles/scout_mini_msgs__rosidl_generator_py.dir/rosidl_generator_py/scout_mini_msgs/msg/_fault_state_s.c.o[0m
[3.050s] [ 85%] [32mBuilding C object CMakeFiles/scout_mini_msgs__rosidl_generator_py.dir/rosidl_generator_py/scout_mini_msgs/msg/_light_state_s.c.o[0m
[3.050s] [ 88%] [32mBuilding C object CMakeFiles/scout_mini_msgs__rosidl_generator_py.dir/rosidl_generator_py/scout_mini_msgs/msg/_robot_state_s.c.o[0m
[3.050s] [ 88%] [32mBuilding C object CMakeFiles/scout_mini_msgs__rosidl_generator_py.dir/rosidl_generator_py/scout_mini_msgs/msg/_motor_state_s.c.o[0m
[3.051s] [ 90%] [32mBuilding C object CMakeFiles/scout_mini_msgs__rosidl_generator_py.dir/rosidl_generator_py/scout_mini_msgs/msg/_light_command_s.c.o[0m
[3.134s] [ 91%] [32m[1mLinking C shared library rosidl_generator_py/scout_mini_msgs/libscout_mini_msgs__rosidl_generator_py.so[0m
[3.165s] [ 91%] Built target scout_mini_msgs__rosidl_generator_py
[3.178s] [ 92%] [32mBuilding C object CMakeFiles/scout_mini_msgs__rosidl_typesupport_c__pyext.dir/rosidl_generator_py/scout_mini_msgs/_scout_mini_msgs_s.ep.rosidl_typesupport_c.c.o[0m
[3.179s] [ 94%] [32mBuilding C object CMakeFiles/scout_mini_msgs__rosidl_typesupport_fastrtps_c__pyext.dir/rosidl_generator_py/scout_mini_msgs/_scout_mini_msgs_s.ep.rosidl_typesupport_fastrtps_c.c.o[0m
[3.179s] [ 95%] [32mBuilding C object CMakeFiles/scout_mini_msgs__rosidl_typesupport_introspection_c__pyext.dir/rosidl_generator_py/scout_mini_msgs/_scout_mini_msgs_s.ep.rosidl_typesupport_introspection_c.c.o[0m
[3.247s] [100%] [32m[1mLinking C shared library rosidl_generator_py/scout_mini_msgs/scout_mini_msgs_s__rosidl_typesupport_fastrtps_c.cpython-310-x86_64-linux-gnu.so[0m
[3.248s] [100%] [32m[1mLinking C shared library rosidl_generator_py/scout_mini_msgs/scout_mini_msgs_s__rosidl_typesupport_introspection_c.cpython-310-x86_64-linux-gnu.so[0m
[3.248s] [100%] [32m[1mLinking C shared library rosidl_generator_py/scout_mini_msgs/scout_mini_msgs_s__rosidl_typesupport_c.cpython-310-x86_64-linux-gnu.so[0m
[3.273s] [100%] Built target scout_mini_msgs__rosidl_typesupport_fastrtps_c__pyext
[3.273s] [100%] Built target scout_mini_msgs__rosidl_typesupport_c__pyext
[3.273s] [100%] Built target scout_mini_msgs__rosidl_typesupport_introspection_c__pyext
[3.283s] Invoked command in '/home/bansong/gpsnav_ws/build/scout_mini_msgs' returned '0': CMAKE_PREFIX_PATH=${CMAKE_PREFIX_PATH}:/opt/ros/humble /usr/bin/cmake --build /home/bansong/gpsnav_ws/build/scout_mini_msgs -- -j16 -l16
[3.290s] Invoking command in '/home/bansong/gpsnav_ws/build/scout_mini_msgs': CMAKE_PREFIX_PATH=${CMAKE_PREFIX_PATH}:/opt/ros/humble /usr/bin/cmake --install /home/bansong/gpsnav_ws/build/scout_mini_msgs
[3.296s] -- Install configuration: ""
[3.296s] -- Installing: /home/bansong/gpsnav_ws/install/scout_mini_msgs/share/ament_index/resource_index/rosidl_interfaces/scout_mini_msgs
[3.296s] -- Installing: /home/bansong/gpsnav_ws/install/scout_mini_msgs/include/scout_mini_msgs/scout_mini_msgs
[3.296s] -- Installing: /home/bansong/gpsnav_ws/install/scout_mini_msgs/include/scout_mini_msgs/scout_mini_msgs/msg
[3.296s] -- Installing: /home/bansong/gpsnav_ws/install/scout_mini_msgs/include/scout_mini_msgs/scout_mini_msgs/msg/light_state.h
[3.296s] -- Installing: /home/bansong/gpsnav_ws/install/scout_mini_msgs/include/scout_mini_msgs/scout_mini_msgs/msg/detail
[3.296s] -- Installing: /home/bansong/gpsnav_ws/install/scout_mini_msgs/include/scout_mini_msgs/scout_mini_msgs/msg/detail/motor_state__functions.h
[3.296s] -- Installing: /home/bansong/gpsnav_ws/install/scout_mini_msgs/include/scout_mini_msgs/scout_mini_msgs/msg/detail/robot_state__functions.c
[3.296s] -- Installing: /home/bansong/gpsnav_ws/install/scout_mini_msgs/include/scout_mini_msgs/scout_mini_msgs/msg/detail/light_command__functions.h
[3.296s] -- Installing: /home/bansong/gpsnav_ws/install/scout_mini_msgs/include/scout_mini_msgs/scout_mini_msgs/msg/detail/motor_state__struct.h
[3.296s] -- Installing: /home/bansong/gpsnav_ws/install/scout_mini_msgs/include/scout_mini_msgs/scout_mini_msgs/msg/detail/light_state__type_support.h
[3.297s] -- Installing: /home/bansong/gpsnav_ws/install/scout_mini_msgs/include/scout_mini_msgs/scout_mini_msgs/msg/detail/light_state__functions.h
[3.297s] -- Installing: /home/bansong/gpsnav_ws/install/scout_mini_msgs/include/scout_mini_msgs/scout_mini_msgs/msg/detail/fault_state__functions.c
[3.297s] -- Installing: /home/bansong/gpsnav_ws/install/scout_mini_msgs/include/scout_mini_msgs/scout_mini_msgs/msg/detail/driver_state__type_support.h
[3.297s] -- Installing: /home/bansong/gpsnav_ws/install/scout_mini_msgs/include/scout_mini_msgs/scout_mini_msgs/msg/detail/robot_state__struct.h
[3.297s] -- Installing: /home/bansong/gpsnav_ws/install/scout_mini_msgs/include/scout_mini_msgs/scout_mini_msgs/msg/detail/light_command__struct.h
[3.297s] -- Installing: /home/bansong/gpsnav_ws/install/scout_mini_msgs/include/scout_mini_msgs/scout_mini_msgs/msg/detail/driver_state__functions.h
[3.297s] -- Installing: /home/bansong/gpsnav_ws/install/scout_mini_msgs/include/scout_mini_msgs/scout_mini_msgs/msg/detail/motor_state__functions.c
[3.297s] -- Installing: /home/bansong/gpsnav_ws/install/scout_mini_msgs/include/scout_mini_msgs/scout_mini_msgs/msg/detail/fault_state__struct.h
[3.297s] -- Installing: /home/bansong/gpsnav_ws/install/scout_mini_msgs/include/scout_mini_msgs/scout_mini_msgs/msg/detail/light_command__type_support.h
[3.297s] -- Installing: /home/bansong/gpsnav_ws/install/scout_mini_msgs/include/scout_mini_msgs/scout_mini_msgs/msg/detail/robot_state__functions.h
[3.297s] -- Installing: /home/bansong/gpsnav_ws/install/scout_mini_msgs/include/scout_mini_msgs/scout_mini_msgs/msg/detail/driver_state__functions.c
[3.297s] -- Installing: /home/bansong/gpsnav_ws/install/scout_mini_msgs/include/scout_mini_msgs/scout_mini_msgs/msg/detail/light_command__functions.c
[3.297s] -- Installing: /home/bansong/gpsnav_ws/install/scout_mini_msgs/include/scout_mini_msgs/scout_mini_msgs/msg/detail/motor_state__type_support.h
[3.297s] -- Installing: /home/bansong/gpsnav_ws/install/scout_mini_msgs/include/scout_mini_msgs/scout_mini_msgs/msg/detail/robot_state__type_support.h
[3.298s] -- Installing: /home/bansong/gpsnav_ws/install/scout_mini_msgs/include/scout_mini_msgs/scout_mini_msgs/msg/detail/light_state__struct.h
[3.298s] -- Installing: /home/bansong/gpsnav_ws/install/scout_mini_msgs/include/scout_mini_msgs/scout_mini_msgs/msg/detail/driver_state__struct.h
[3.298s] -- Installing: /home/bansong/gpsnav_ws/install/scout_mini_msgs/include/scout_mini_msgs/scout_mini_msgs/msg/detail/light_state__functions.c
[3.298s] -- Installing: /home/bansong/gpsnav_ws/install/scout_mini_msgs/include/scout_mini_msgs/scout_mini_msgs/msg/detail/fault_state__functions.h
[3.298s] -- Installing: /home/bansong/gpsnav_ws/install/scout_mini_msgs/include/scout_mini_msgs/scout_mini_msgs/msg/detail/fault_state__type_support.h
[3.298s] -- Installing: /home/bansong/gpsnav_ws/install/scout_mini_msgs/include/scout_mini_msgs/scout_mini_msgs/msg/rosidl_generator_c__visibility_control.h
[3.298s] -- Installing: /home/bansong/gpsnav_ws/install/scout_mini_msgs/include/scout_mini_msgs/scout_mini_msgs/msg/motor_state.h
[3.298s] -- Installing: /home/bansong/gpsnav_ws/install/scout_mini_msgs/include/scout_mini_msgs/scout_mini_msgs/msg/light_command.h
[3.298s] -- Installing: /home/bansong/gpsnav_ws/install/scout_mini_msgs/include/scout_mini_msgs/scout_mini_msgs/msg/driver_state.h
[3.298s] -- Installing: /home/bansong/gpsnav_ws/install/scout_mini_msgs/include/scout_mini_msgs/scout_mini_msgs/msg/robot_state.h
[3.298s] -- Installing: /home/bansong/gpsnav_ws/install/scout_mini_msgs/include/scout_mini_msgs/scout_mini_msgs/msg/fault_state.h
[3.298s] -- Installing: /home/bansong/gpsnav_ws/install/scout_mini_msgs/share/scout_mini_msgs/environment/library_path.sh
[3.299s] -- Installing: /home/bansong/gpsnav_ws/install/scout_mini_msgs/share/scout_mini_msgs/environment/library_path.dsv
[3.299s] -- Installing: /home/bansong/gpsnav_ws/install/scout_mini_msgs/lib/libscout_mini_msgs__rosidl_generator_c.so
[3.299s] -- Set runtime path of "/home/bansong/gpsnav_ws/install/scout_mini_msgs/lib/libscout_mini_msgs__rosidl_generator_c.so" to ""
[3.299s] -- Up-to-date: /home/bansong/gpsnav_ws/install/scout_mini_msgs/include/scout_mini_msgs/scout_mini_msgs
[3.299s] -- Up-to-date: /home/bansong/gpsnav_ws/install/scout_mini_msgs/include/scout_mini_msgs/scout_mini_msgs/msg
[3.299s] -- Up-to-date: /home/bansong/gpsnav_ws/install/scout_mini_msgs/include/scout_mini_msgs/scout_mini_msgs/msg/detail
[3.299s] -- Installing: /home/bansong/gpsnav_ws/install/scout_mini_msgs/include/scout_mini_msgs/scout_mini_msgs/msg/detail/motor_state__rosidl_typesupport_fastrtps_c.h
[3.299s] -- Installing: /home/bansong/gpsnav_ws/install/scout_mini_msgs/include/scout_mini_msgs/scout_mini_msgs/msg/detail/light_command__rosidl_typesupport_fastrtps_c.h
[3.299s] -- Installing: /home/bansong/gpsnav_ws/install/scout_mini_msgs/include/scout_mini_msgs/scout_mini_msgs/msg/detail/driver_state__rosidl_typesupport_fastrtps_c.h
[3.299s] -- Installing: /home/bansong/gpsnav_ws/install/scout_mini_msgs/include/scout_mini_msgs/scout_mini_msgs/msg/detail/fault_state__rosidl_typesupport_fastrtps_c.h
[3.299s] -- Installing: /home/bansong/gpsnav_ws/install/scout_mini_msgs/include/scout_mini_msgs/scout_mini_msgs/msg/detail/light_state__rosidl_typesupport_fastrtps_c.h
[3.299s] -- Installing: /home/bansong/gpsnav_ws/install/scout_mini_msgs/include/scout_mini_msgs/scout_mini_msgs/msg/detail/robot_state__rosidl_typesupport_fastrtps_c.h
[3.299s] -- Installing: /home/bansong/gpsnav_ws/install/scout_mini_msgs/include/scout_mini_msgs/scout_mini_msgs/msg/rosidl_typesupport_fastrtps_c__visibility_control.h
[3.300s] -- Installing: /home/bansong/gpsnav_ws/install/scout_mini_msgs/lib/libscout_mini_msgs__rosidl_typesupport_fastrtps_c.so
[3.300s] -- Set runtime path of "/home/bansong/gpsnav_ws/install/scout_mini_msgs/lib/libscout_mini_msgs__rosidl_typesupport_fastrtps_c.so" to ""
[3.300s] -- Up-to-date: /home/bansong/gpsnav_ws/install/scout_mini_msgs/include/scout_mini_msgs/scout_mini_msgs
[3.300s] -- Up-to-date: /home/bansong/gpsnav_ws/install/scout_mini_msgs/include/scout_mini_msgs/scout_mini_msgs/msg
[3.300s] -- Up-to-date: /home/bansong/gpsnav_ws/install/scout_mini_msgs/include/scout_mini_msgs/scout_mini_msgs/msg/detail
[3.300s] -- Installing: /home/bansong/gpsnav_ws/install/scout_mini_msgs/include/scout_mini_msgs/scout_mini_msgs/msg/detail/robot_state__type_support.c
[3.300s] -- Installing: /home/bansong/gpsnav_ws/install/scout_mini_msgs/include/scout_mini_msgs/scout_mini_msgs/msg/detail/driver_state__rosidl_typesupport_introspection_c.h
[3.300s] -- Installing: /home/bansong/gpsnav_ws/install/scout_mini_msgs/include/scout_mini_msgs/scout_mini_msgs/msg/detail/motor_state__rosidl_typesupport_introspection_c.h
[3.300s] -- Installing: /home/bansong/gpsnav_ws/install/scout_mini_msgs/include/scout_mini_msgs/scout_mini_msgs/msg/detail/light_state__rosidl_typesupport_introspection_c.h
[3.300s] -- Installing: /home/bansong/gpsnav_ws/install/scout_mini_msgs/include/scout_mini_msgs/scout_mini_msgs/msg/detail/fault_state__rosidl_typesupport_introspection_c.h
[3.300s] -- Installing: /home/bansong/gpsnav_ws/install/scout_mini_msgs/include/scout_mini_msgs/scout_mini_msgs/msg/detail/light_command__type_support.c
[3.300s] -- Installing: /home/bansong/gpsnav_ws/install/scout_mini_msgs/include/scout_mini_msgs/scout_mini_msgs/msg/detail/light_state__type_support.c
[3.300s] -- Installing: /home/bansong/gpsnav_ws/install/scout_mini_msgs/include/scout_mini_msgs/scout_mini_msgs/msg/detail/fault_state__type_support.c
[3.301s] -- Installing: /home/bansong/gpsnav_ws/install/scout_mini_msgs/include/scout_mini_msgs/scout_mini_msgs/msg/detail/motor_state__type_support.c
[3.301s] -- Installing: /home/bansong/gpsnav_ws/install/scout_mini_msgs/include/scout_mini_msgs/scout_mini_msgs/msg/detail/robot_state__rosidl_typesupport_introspection_c.h
[3.301s] -- Installing: /home/bansong/gpsnav_ws/install/scout_mini_msgs/include/scout_mini_msgs/scout_mini_msgs/msg/detail/driver_state__type_support.c
[3.301s] -- Installing: /home/bansong/gpsnav_ws/install/scout_mini_msgs/include/scout_mini_msgs/scout_mini_msgs/msg/detail/light_command__rosidl_typesupport_introspection_c.h
[3.301s] -- Installing: /home/bansong/gpsnav_ws/install/scout_mini_msgs/include/scout_mini_msgs/scout_mini_msgs/msg/rosidl_typesupport_introspection_c__visibility_control.h
[3.301s] -- Installing: /home/bansong/gpsnav_ws/install/scout_mini_msgs/lib/libscout_mini_msgs__rosidl_typesupport_introspection_c.so
[3.301s] -- Set runtime path of "/home/bansong/gpsnav_ws/install/scout_mini_msgs/lib/libscout_mini_msgs__rosidl_typesupport_introspection_c.so" to ""
[3.301s] -- Installing: /home/bansong/gpsnav_ws/install/scout_mini_msgs/lib/libscout_mini_msgs__rosidl_typesupport_c.so
[3.301s] -- Set runtime path of "/home/bansong/gpsnav_ws/install/scout_mini_msgs/lib/libscout_mini_msgs__rosidl_typesupport_c.so" to ""
[3.301s] -- Up-to-date: /home/bansong/gpsnav_ws/install/scout_mini_msgs/include/scout_mini_msgs/scout_mini_msgs
[3.302s] -- Up-to-date: /home/bansong/gpsnav_ws/install/scout_mini_msgs/include/scout_mini_msgs/scout_mini_msgs/msg
[3.302s] -- Up-to-date: /home/bansong/gpsnav_ws/install/scout_mini_msgs/include/scout_mini_msgs/scout_mini_msgs/msg/detail
[3.302s] -- Installing: /home/bansong/gpsnav_ws/install/scout_mini_msgs/include/scout_mini_msgs/scout_mini_msgs/msg/detail/light_state__struct.hpp
[3.302s] -- Installing: /home/bansong/gpsnav_ws/install/scout_mini_msgs/include/scout_mini_msgs/scout_mini_msgs/msg/detail/driver_state__struct.hpp
[3.302s] -- Installing: /home/bansong/gpsnav_ws/install/scout_mini_msgs/include/scout_mini_msgs/scout_mini_msgs/msg/detail/light_command__traits.hpp
[3.302s] -- Installing: /home/bansong/gpsnav_ws/install/scout_mini_msgs/include/scout_mini_msgs/scout_mini_msgs/msg/detail/motor_state__struct.hpp
[3.302s] -- Installing: /home/bansong/gpsnav_ws/install/scout_mini_msgs/include/scout_mini_msgs/scout_mini_msgs/msg/detail/robot_state__type_support.hpp
[3.302s] -- Installing: /home/bansong/gpsnav_ws/install/scout_mini_msgs/include/scout_mini_msgs/scout_mini_msgs/msg/detail/light_state__traits.hpp
[3.302s] -- Installing: /home/bansong/gpsnav_ws/install/scout_mini_msgs/include/scout_mini_msgs/scout_mini_msgs/msg/detail/motor_state__builder.hpp
[3.302s] -- Installing: /home/bansong/gpsnav_ws/install/scout_mini_msgs/include/scout_mini_msgs/scout_mini_msgs/msg/detail/fault_state__traits.hpp
[3.302s] -- Installing: /home/bansong/gpsnav_ws/install/scout_mini_msgs/include/scout_mini_msgs/scout_mini_msgs/msg/detail/robot_state__traits.hpp
[3.302s] -- Installing: /home/bansong/gpsnav_ws/install/scout_mini_msgs/include/scout_mini_msgs/scout_mini_msgs/msg/detail/robot_state__struct.hpp
[3.302s] -- Installing: /home/bansong/gpsnav_ws/install/scout_mini_msgs/include/scout_mini_msgs/scout_mini_msgs/msg/detail/light_state__type_support.hpp
[3.302s] -- Installing: /home/bansong/gpsnav_ws/install/scout_mini_msgs/include/scout_mini_msgs/scout_mini_msgs/msg/detail/driver_state__traits.hpp
[3.303s] -- Installing: /home/bansong/gpsnav_ws/install/scout_mini_msgs/include/scout_mini_msgs/scout_mini_msgs/msg/detail/motor_state__traits.hpp
[3.303s] -- Installing: /home/bansong/gpsnav_ws/install/scout_mini_msgs/include/scout_mini_msgs/scout_mini_msgs/msg/detail/robot_state__builder.hpp
[3.303s] -- Installing: /home/bansong/gpsnav_ws/install/scout_mini_msgs/include/scout_mini_msgs/scout_mini_msgs/msg/detail/light_command__builder.hpp
[3.303s] -- Installing: /home/bansong/gpsnav_ws/install/scout_mini_msgs/include/scout_mini_msgs/scout_mini_msgs/msg/detail/light_command__type_support.hpp
[3.303s] -- Installing: /home/bansong/gpsnav_ws/install/scout_mini_msgs/include/scout_mini_msgs/scout_mini_msgs/msg/detail/driver_state__type_support.hpp
[3.303s] -- Installing: /home/bansong/gpsnav_ws/install/scout_mini_msgs/include/scout_mini_msgs/scout_mini_msgs/msg/detail/driver_state__builder.hpp
[3.303s] -- Installing: /home/bansong/gpsnav_ws/install/scout_mini_msgs/include/scout_mini_msgs/scout_mini_msgs/msg/detail/fault_state__builder.hpp
[3.303s] -- Installing: /home/bansong/gpsnav_ws/install/scout_mini_msgs/include/scout_mini_msgs/scout_mini_msgs/msg/detail/light_state__builder.hpp
[3.303s] -- Installing: /home/bansong/gpsnav_ws/install/scout_mini_msgs/include/scout_mini_msgs/scout_mini_msgs/msg/detail/fault_state__type_support.hpp
[3.303s] -- Installing: /home/bansong/gpsnav_ws/install/scout_mini_msgs/include/scout_mini_msgs/scout_mini_msgs/msg/detail/fault_state__struct.hpp
[3.303s] -- Installing: /home/bansong/gpsnav_ws/install/scout_mini_msgs/include/scout_mini_msgs/scout_mini_msgs/msg/detail/motor_state__type_support.hpp
[3.303s] -- Installing: /home/bansong/gpsnav_ws/install/scout_mini_msgs/include/scout_mini_msgs/scout_mini_msgs/msg/detail/light_command__struct.hpp
[3.304s] -- Installing: /home/bansong/gpsnav_ws/install/scout_mini_msgs/include/scout_mini_msgs/scout_mini_msgs/msg/light_state.hpp
[3.304s] -- Installing: /home/bansong/gpsnav_ws/install/scout_mini_msgs/include/scout_mini_msgs/scout_mini_msgs/msg/fault_state.hpp
[3.304s] -- Installing: /home/bansong/gpsnav_ws/install/scout_mini_msgs/include/scout_mini_msgs/scout_mini_msgs/msg/light_command.hpp
[3.304s] -- Installing: /home/bansong/gpsnav_ws/install/scout_mini_msgs/include/scout_mini_msgs/scout_mini_msgs/msg/motor_state.hpp
[3.304s] -- Installing: /home/bansong/gpsnav_ws/install/scout_mini_msgs/include/scout_mini_msgs/scout_mini_msgs/msg/rosidl_generator_cpp__visibility_control.hpp
[3.304s] -- Installing: /home/bansong/gpsnav_ws/install/scout_mini_msgs/include/scout_mini_msgs/scout_mini_msgs/msg/driver_state.hpp
[3.304s] -- Installing: /home/bansong/gpsnav_ws/install/scout_mini_msgs/include/scout_mini_msgs/scout_mini_msgs/msg/robot_state.hpp
[3.304s] -- Up-to-date: /home/bansong/gpsnav_ws/install/scout_mini_msgs/include/scout_mini_msgs/scout_mini_msgs
[3.304s] -- Up-to-date: /home/bansong/gpsnav_ws/install/scout_mini_msgs/include/scout_mini_msgs/scout_mini_msgs/msg
[3.304s] -- Installing: /home/bansong/gpsnav_ws/install/scout_mini_msgs/include/scout_mini_msgs/scout_mini_msgs/msg/rosidl_typesupport_fastrtps_cpp__visibility_control.h
[3.304s] -- Up-to-date: /home/bansong/gpsnav_ws/install/scout_mini_msgs/include/scout_mini_msgs/scout_mini_msgs/msg/detail
[3.304s] -- Installing: /home/bansong/gpsnav_ws/install/scout_mini_msgs/include/scout_mini_msgs/scout_mini_msgs/msg/detail/light_state__rosidl_typesupport_fastrtps_cpp.hpp
[3.304s] -- Installing: /home/bansong/gpsnav_ws/install/scout_mini_msgs/include/scout_mini_msgs/scout_mini_msgs/msg/detail/fault_state__rosidl_typesupport_fastrtps_cpp.hpp
[3.304s] -- Installing: /home/bansong/gpsnav_ws/install/scout_mini_msgs/include/scout_mini_msgs/scout_mini_msgs/msg/detail/motor_state__rosidl_typesupport_fastrtps_cpp.hpp
[3.305s] -- Installing: /home/bansong/gpsnav_ws/install/scout_mini_msgs/include/scout_mini_msgs/scout_mini_msgs/msg/detail/driver_state__rosidl_typesupport_fastrtps_cpp.hpp
[3.305s] -- Installing: /home/bansong/gpsnav_ws/install/scout_mini_msgs/include/scout_mini_msgs/scout_mini_msgs/msg/detail/robot_state__rosidl_typesupport_fastrtps_cpp.hpp
[3.305s] -- Installing: /home/bansong/gpsnav_ws/install/scout_mini_msgs/include/scout_mini_msgs/scout_mini_msgs/msg/detail/light_command__rosidl_typesupport_fastrtps_cpp.hpp
[3.305s] -- Installing: /home/bansong/gpsnav_ws/install/scout_mini_msgs/include/scout_mini_msgs/scout_mini_msgs/msg/detail/dds_fastrtps
[3.305s] -- Installing: /home/bansong/gpsnav_ws/install/scout_mini_msgs/lib/libscout_mini_msgs__rosidl_typesupport_fastrtps_cpp.so
[3.305s] -- Set runtime path of "/home/bansong/gpsnav_ws/install/scout_mini_msgs/lib/libscout_mini_msgs__rosidl_typesupport_fastrtps_cpp.so" to ""
[3.305s] -- Up-to-date: /home/bansong/gpsnav_ws/install/scout_mini_msgs/include/scout_mini_msgs/scout_mini_msgs
[3.305s] -- Up-to-date: /home/bansong/gpsnav_ws/install/scout_mini_msgs/include/scout_mini_msgs/scout_mini_msgs/msg
[3.305s] -- Up-to-date: /home/bansong/gpsnav_ws/install/scout_mini_msgs/include/scout_mini_msgs/scout_mini_msgs/msg/detail
[3.305s] -- Installing: /home/bansong/gpsnav_ws/install/scout_mini_msgs/include/scout_mini_msgs/scout_mini_msgs/msg/detail/robot_state__rosidl_typesupport_introspection_cpp.hpp
[3.305s] -- Installing: /home/bansong/gpsnav_ws/install/scout_mini_msgs/include/scout_mini_msgs/scout_mini_msgs/msg/detail/fault_state__rosidl_typesupport_introspection_cpp.hpp
[3.305s] -- Installing: /home/bansong/gpsnav_ws/install/scout_mini_msgs/include/scout_mini_msgs/scout_mini_msgs/msg/detail/light_command__rosidl_typesupport_introspection_cpp.hpp
[3.305s] -- Installing: /home/bansong/gpsnav_ws/install/scout_mini_msgs/include/scout_mini_msgs/scout_mini_msgs/msg/detail/light_state__rosidl_typesupport_introspection_cpp.hpp
[3.306s] -- Installing: /home/bansong/gpsnav_ws/install/scout_mini_msgs/include/scout_mini_msgs/scout_mini_msgs/msg/detail/motor_state__type_support.cpp
[3.306s] -- Installing: /home/bansong/gpsnav_ws/install/scout_mini_msgs/include/scout_mini_msgs/scout_mini_msgs/msg/detail/light_command__type_support.cpp
[3.306s] -- Installing: /home/bansong/gpsnav_ws/install/scout_mini_msgs/include/scout_mini_msgs/scout_mini_msgs/msg/detail/driver_state__type_support.cpp
[3.306s] -- Installing: /home/bansong/gpsnav_ws/install/scout_mini_msgs/include/scout_mini_msgs/scout_mini_msgs/msg/detail/fault_state__type_support.cpp
[3.306s] -- Installing: /home/bansong/gpsnav_ws/install/scout_mini_msgs/include/scout_mini_msgs/scout_mini_msgs/msg/detail/light_state__type_support.cpp
[3.306s] -- Installing: /home/bansong/gpsnav_ws/install/scout_mini_msgs/include/scout_mini_msgs/scout_mini_msgs/msg/detail/robot_state__type_support.cpp
[3.306s] -- Installing: /home/bansong/gpsnav_ws/install/scout_mini_msgs/include/scout_mini_msgs/scout_mini_msgs/msg/detail/driver_state__rosidl_typesupport_introspection_cpp.hpp
[3.306s] -- Installing: /home/bansong/gpsnav_ws/install/scout_mini_msgs/include/scout_mini_msgs/scout_mini_msgs/msg/detail/motor_state__rosidl_typesupport_introspection_cpp.hpp
[3.306s] -- Installing: /home/bansong/gpsnav_ws/install/scout_mini_msgs/lib/libscout_mini_msgs__rosidl_typesupport_introspection_cpp.so
[3.307s] -- Set runtime path of "/home/bansong/gpsnav_ws/install/scout_mini_msgs/lib/libscout_mini_msgs__rosidl_typesupport_introspection_cpp.so" to ""
[3.307s] -- Installing: /home/bansong/gpsnav_ws/install/scout_mini_msgs/lib/libscout_mini_msgs__rosidl_typesupport_cpp.so
[3.307s] -- Set runtime path of "/home/bansong/gpsnav_ws/install/scout_mini_msgs/lib/libscout_mini_msgs__rosidl_typesupport_cpp.so" to ""
[3.307s] -- Installing: /home/bansong/gpsnav_ws/install/scout_mini_msgs/share/scout_mini_msgs/environment/pythonpath.sh
[3.307s] -- Installing: /home/bansong/gpsnav_ws/install/scout_mini_msgs/share/scout_mini_msgs/environment/pythonpath.dsv
[3.307s] -- Installing: /home/bansong/gpsnav_ws/install/scout_mini_msgs/local/lib/python3.10/dist-packages/scout_mini_msgs-0.1.0-py3.10.egg-info
[3.307s] -- Installing: /home/bansong/gpsnav_ws/install/scout_mini_msgs/local/lib/python3.10/dist-packages/scout_mini_msgs-0.1.0-py3.10.egg-info/dependency_links.txt
[3.307s] -- Installing: /home/bansong/gpsnav_ws/install/scout_mini_msgs/local/lib/python3.10/dist-packages/scout_mini_msgs-0.1.0-py3.10.egg-info/PKG-INFO
[3.307s] -- Installing: /home/bansong/gpsnav_ws/install/scout_mini_msgs/local/lib/python3.10/dist-packages/scout_mini_msgs-0.1.0-py3.10.egg-info/SOURCES.txt
[3.307s] -- Installing: /home/bansong/gpsnav_ws/install/scout_mini_msgs/local/lib/python3.10/dist-packages/scout_mini_msgs-0.1.0-py3.10.egg-info/top_level.txt
[3.308s] -- Installing: /home/bansong/gpsnav_ws/install/scout_mini_msgs/local/lib/python3.10/dist-packages/scout_mini_msgs
[3.308s] -- Installing: /home/bansong/gpsnav_ws/install/scout_mini_msgs/local/lib/python3.10/dist-packages/scout_mini_msgs/_scout_mini_msgs_s.ep.rosidl_typesupport_c.c
[3.308s] -- Installing: /home/bansong/gpsnav_ws/install/scout_mini_msgs/local/lib/python3.10/dist-packages/scout_mini_msgs/_scout_mini_msgs_s.ep.rosidl_typesupport_fastrtps_c.c
[3.308s] -- Installing: /home/bansong/gpsnav_ws/install/scout_mini_msgs/local/lib/python3.10/dist-packages/scout_mini_msgs/libscout_mini_msgs__rosidl_generator_py.so
[3.308s] -- Installing: /home/bansong/gpsnav_ws/install/scout_mini_msgs/local/lib/python3.10/dist-packages/scout_mini_msgs/scout_mini_msgs_s__rosidl_typesupport_c.cpython-310-x86_64-linux-gnu.so
[3.308s] -- Installing: /home/bansong/gpsnav_ws/install/scout_mini_msgs/local/lib/python3.10/dist-packages/scout_mini_msgs/scout_mini_msgs_s__rosidl_typesupport_introspection_c.cpython-310-x86_64-linux-gnu.so
[3.308s] -- Installing: /home/bansong/gpsnav_ws/install/scout_mini_msgs/local/lib/python3.10/dist-packages/scout_mini_msgs/msg
[3.308s] -- Installing: /home/bansong/gpsnav_ws/install/scout_mini_msgs/local/lib/python3.10/dist-packages/scout_mini_msgs/msg/_motor_state_s.c
[3.308s] -- Installing: /home/bansong/gpsnav_ws/install/scout_mini_msgs/local/lib/python3.10/dist-packages/scout_mini_msgs/msg/_driver_state_s.c
[3.309s] -- Installing: /home/bansong/gpsnav_ws/install/scout_mini_msgs/local/lib/python3.10/dist-packages/scout_mini_msgs/msg/_light_state_s.c
[3.309s] -- Installing: /home/bansong/gpsnav_ws/install/scout_mini_msgs/local/lib/python3.10/dist-packages/scout_mini_msgs/msg/_light_command_s.c
[3.309s] -- Installing: /home/bansong/gpsnav_ws/install/scout_mini_msgs/local/lib/python3.10/dist-packages/scout_mini_msgs/msg/_fault_state.py
[3.309s] -- Installing: /home/bansong/gpsnav_ws/install/scout_mini_msgs/local/lib/python3.10/dist-packages/scout_mini_msgs/msg/_driver_state.py
[3.309s] -- Installing: /home/bansong/gpsnav_ws/install/scout_mini_msgs/local/lib/python3.10/dist-packages/scout_mini_msgs/msg/_light_state.py
[3.309s] -- Installing: /home/bansong/gpsnav_ws/install/scout_mini_msgs/local/lib/python3.10/dist-packages/scout_mini_msgs/msg/_robot_state.py
[3.309s] -- Installing: /home/bansong/gpsnav_ws/install/scout_mini_msgs/local/lib/python3.10/dist-packages/scout_mini_msgs/msg/_light_command.py
[3.309s] -- Installing: /home/bansong/gpsnav_ws/install/scout_mini_msgs/local/lib/python3.10/dist-packages/scout_mini_msgs/msg/_fault_state_s.c
[3.309s] -- Installing: /home/bansong/gpsnav_ws/install/scout_mini_msgs/local/lib/python3.10/dist-packages/scout_mini_msgs/msg/__init__.py
[3.309s] -- Installing: /home/bansong/gpsnav_ws/install/scout_mini_msgs/local/lib/python3.10/dist-packages/scout_mini_msgs/msg/_robot_state_s.c
[3.309s] -- Installing: /home/bansong/gpsnav_ws/install/scout_mini_msgs/local/lib/python3.10/dist-packages/scout_mini_msgs/msg/_motor_state.py
[3.309s] -- Installing: /home/bansong/gpsnav_ws/install/scout_mini_msgs/local/lib/python3.10/dist-packages/scout_mini_msgs/scout_mini_msgs_s__rosidl_typesupport_fastrtps_c.cpython-310-x86_64-linux-gnu.so
[3.309s] -- Installing: /home/bansong/gpsnav_ws/install/scout_mini_msgs/local/lib/python3.10/dist-packages/scout_mini_msgs/_scout_mini_msgs_s.ep.rosidl_typesupport_introspection_c.c
[3.309s] -- Installing: /home/bansong/gpsnav_ws/install/scout_mini_msgs/local/lib/python3.10/dist-packages/scout_mini_msgs/__init__.py
[3.334s] Listing '/home/bansong/gpsnav_ws/install/scout_mini_msgs/local/lib/python3.10/dist-packages/scout_mini_msgs'...
[3.334s] Compiling '/home/bansong/gpsnav_ws/install/scout_mini_msgs/local/lib/python3.10/dist-packages/scout_mini_msgs/__init__.py'...
[3.334s] Listing '/home/bansong/gpsnav_ws/install/scout_mini_msgs/local/lib/python3.10/dist-packages/scout_mini_msgs/msg'...
[3.334s] Compiling '/home/bansong/gpsnav_ws/install/scout_mini_msgs/local/lib/python3.10/dist-packages/scout_mini_msgs/msg/__init__.py'...
[3.334s] Compiling '/home/bansong/gpsnav_ws/install/scout_mini_msgs/local/lib/python3.10/dist-packages/scout_mini_msgs/msg/_driver_state.py'...
[3.334s] Compiling '/home/bansong/gpsnav_ws/install/scout_mini_msgs/local/lib/python3.10/dist-packages/scout_mini_msgs/msg/_fault_state.py'...
[3.334s] Compiling '/home/bansong/gpsnav_ws/install/scout_mini_msgs/local/lib/python3.10/dist-packages/scout_mini_msgs/msg/_light_command.py'...
[3.334s] Compiling '/home/bansong/gpsnav_ws/install/scout_mini_msgs/local/lib/python3.10/dist-packages/scout_mini_msgs/msg/_light_state.py'...
[3.334s] Compiling '/home/bansong/gpsnav_ws/install/scout_mini_msgs/local/lib/python3.10/dist-packages/scout_mini_msgs/msg/_motor_state.py'...
[3.334s] Compiling '/home/bansong/gpsnav_ws/install/scout_mini_msgs/local/lib/python3.10/dist-packages/scout_mini_msgs/msg/_robot_state.py'...
[3.337s] -- Installing: /home/bansong/gpsnav_ws/install/scout_mini_msgs/local/lib/python3.10/dist-packages/scout_mini_msgs/scout_mini_msgs_s__rosidl_typesupport_fastrtps_c.cpython-310-x86_64-linux-gnu.so
[3.337s] -- Set runtime path of "/home/bansong/gpsnav_ws/install/scout_mini_msgs/local/lib/python3.10/dist-packages/scout_mini_msgs/scout_mini_msgs_s__rosidl_typesupport_fastrtps_c.cpython-310-x86_64-linux-gnu.so" to ""
[3.337s] -- Installing: /home/bansong/gpsnav_ws/install/scout_mini_msgs/local/lib/python3.10/dist-packages/scout_mini_msgs/scout_mini_msgs_s__rosidl_typesupport_introspection_c.cpython-310-x86_64-linux-gnu.so
[3.337s] -- Set runtime path of "/home/bansong/gpsnav_ws/install/scout_mini_msgs/local/lib/python3.10/dist-packages/scout_mini_msgs/scout_mini_msgs_s__rosidl_typesupport_introspection_c.cpython-310-x86_64-linux-gnu.so" to ""
[3.337s] -- Installing: /home/bansong/gpsnav_ws/install/scout_mini_msgs/local/lib/python3.10/dist-packages/scout_mini_msgs/scout_mini_msgs_s__rosidl_typesupport_c.cpython-310-x86_64-linux-gnu.so
[3.337s] -- Set runtime path of "/home/bansong/gpsnav_ws/install/scout_mini_msgs/local/lib/python3.10/dist-packages/scout_mini_msgs/scout_mini_msgs_s__rosidl_typesupport_c.cpython-310-x86_64-linux-gnu.so" to ""
[3.338s] -- Installing: /home/bansong/gpsnav_ws/install/scout_mini_msgs/lib/libscout_mini_msgs__rosidl_generator_py.so
[3.338s] -- Set runtime path of "/home/bansong/gpsnav_ws/install/scout_mini_msgs/lib/libscout_mini_msgs__rosidl_generator_py.so" to ""
[3.338s] -- Installing: /home/bansong/gpsnav_ws/install/scout_mini_msgs/share/scout_mini_msgs/msg/DriverState.idl
[3.338s] -- Installing: /home/bansong/gpsnav_ws/install/scout_mini_msgs/share/scout_mini_msgs/msg/FaultState.idl
[3.338s] -- Installing: /home/bansong/gpsnav_ws/install/scout_mini_msgs/share/scout_mini_msgs/msg/LightCommand.idl
[3.338s] -- Installing: /home/bansong/gpsnav_ws/install/scout_mini_msgs/share/scout_mini_msgs/msg/LightState.idl
[3.338s] -- Installing: /home/bansong/gpsnav_ws/install/scout_mini_msgs/share/scout_mini_msgs/msg/MotorState.idl
[3.338s] -- Installing: /home/bansong/gpsnav_ws/install/scout_mini_msgs/share/scout_mini_msgs/msg/RobotState.idl
[3.338s] -- Installing: /home/bansong/gpsnav_ws/install/scout_mini_msgs/share/scout_mini_msgs/msg/DriverState.msg
[3.338s] -- Installing: /home/bansong/gpsnav_ws/install/scout_mini_msgs/share/scout_mini_msgs/msg/FaultState.msg
[3.338s] -- Installing: /home/bansong/gpsnav_ws/install/scout_mini_msgs/share/scout_mini_msgs/msg/LightCommand.msg
[3.339s] -- Installing: /home/bansong/gpsnav_ws/install/scout_mini_msgs/share/scout_mini_msgs/msg/LightState.msg
[3.339s] -- Installing: /home/bansong/gpsnav_ws/install/scout_mini_msgs/share/scout_mini_msgs/msg/MotorState.msg
[3.339s] -- Installing: /home/bansong/gpsnav_ws/install/scout_mini_msgs/share/scout_mini_msgs/msg/RobotState.msg
[3.339s] -- Installing: /home/bansong/gpsnav_ws/install/scout_mini_msgs/share/ament_index/resource_index/package_run_dependencies/scout_mini_msgs
[3.339s] -- Installing: /home/bansong/gpsnav_ws/install/scout_mini_msgs/share/ament_index/resource_index/parent_prefix_path/scout_mini_msgs
[3.339s] -- Installing: /home/bansong/gpsnav_ws/install/scout_mini_msgs/share/scout_mini_msgs/environment/ament_prefix_path.sh
[3.339s] -- Installing: /home/bansong/gpsnav_ws/install/scout_mini_msgs/share/scout_mini_msgs/environment/ament_prefix_path.dsv
[3.339s] -- Installing: /home/bansong/gpsnav_ws/install/scout_mini_msgs/share/scout_mini_msgs/environment/path.sh
[3.339s] -- Installing: /home/bansong/gpsnav_ws/install/scout_mini_msgs/share/scout_mini_msgs/environment/path.dsv
[3.339s] -- Installing: /home/bansong/gpsnav_ws/install/scout_mini_msgs/share/scout_mini_msgs/local_setup.bash
[3.339s] -- Installing: /home/bansong/gpsnav_ws/install/scout_mini_msgs/share/scout_mini_msgs/local_setup.sh
[3.340s] -- Installing: /home/bansong/gpsnav_ws/install/scout_mini_msgs/share/scout_mini_msgs/local_setup.zsh
[3.340s] -- Installing: /home/bansong/gpsnav_ws/install/scout_mini_msgs/share/scout_mini_msgs/local_setup.dsv
[3.340s] -- Installing: /home/bansong/gpsnav_ws/install/scout_mini_msgs/share/scout_mini_msgs/package.dsv
[3.340s] -- Installing: /home/bansong/gpsnav_ws/install/scout_mini_msgs/share/ament_index/resource_index/packages/scout_mini_msgs
[3.340s] -- Installing: /home/bansong/gpsnav_ws/install/scout_mini_msgs/share/scout_mini_msgs/cmake/export_scout_mini_msgs__rosidl_generator_cExport.cmake
[3.340s] -- Installing: /home/bansong/gpsnav_ws/install/scout_mini_msgs/share/scout_mini_msgs/cmake/export_scout_mini_msgs__rosidl_generator_cExport-noconfig.cmake
[3.340s] -- Installing: /home/bansong/gpsnav_ws/install/scout_mini_msgs/share/scout_mini_msgs/cmake/export_scout_mini_msgs__rosidl_typesupport_fastrtps_cExport.cmake
[3.340s] -- Installing: /home/bansong/gpsnav_ws/install/scout_mini_msgs/share/scout_mini_msgs/cmake/export_scout_mini_msgs__rosidl_typesupport_fastrtps_cExport-noconfig.cmake
[3.340s] -- Installing: /home/bansong/gpsnav_ws/install/scout_mini_msgs/share/scout_mini_msgs/cmake/scout_mini_msgs__rosidl_typesupport_introspection_cExport.cmake
[3.341s] -- Installing: /home/bansong/gpsnav_ws/install/scout_mini_msgs/share/scout_mini_msgs/cmake/scout_mini_msgs__rosidl_typesupport_introspection_cExport-noconfig.cmake
[3.341s] -- Installing: /home/bansong/gpsnav_ws/install/scout_mini_msgs/share/scout_mini_msgs/cmake/scout_mini_msgs__rosidl_typesupport_cExport.cmake
[3.341s] -- Installing: /home/bansong/gpsnav_ws/install/scout_mini_msgs/share/scout_mini_msgs/cmake/scout_mini_msgs__rosidl_typesupport_cExport-noconfig.cmake
[3.341s] -- Installing: /home/bansong/gpsnav_ws/install/scout_mini_msgs/share/scout_mini_msgs/cmake/export_scout_mini_msgs__rosidl_generator_cppExport.cmake
[3.341s] -- Installing: /home/bansong/gpsnav_ws/install/scout_mini_msgs/share/scout_mini_msgs/cmake/export_scout_mini_msgs__rosidl_typesupport_fastrtps_cppExport.cmake
[3.341s] -- Installing: /home/bansong/gpsnav_ws/install/scout_mini_msgs/share/scout_mini_msgs/cmake/export_scout_mini_msgs__rosidl_typesupport_fastrtps_cppExport-noconfig.cmake
[3.341s] -- Installing: /home/bansong/gpsnav_ws/install/scout_mini_msgs/share/scout_mini_msgs/cmake/scout_mini_msgs__rosidl_typesupport_introspection_cppExport.cmake
[3.341s] -- Installing: /home/bansong/gpsnav_ws/install/scout_mini_msgs/share/scout_mini_msgs/cmake/scout_mini_msgs__rosidl_typesupport_introspection_cppExport-noconfig.cmake
[3.341s] -- Installing: /home/bansong/gpsnav_ws/install/scout_mini_msgs/share/scout_mini_msgs/cmake/scout_mini_msgs__rosidl_typesupport_cppExport.cmake
[3.341s] -- Installing: /home/bansong/gpsnav_ws/install/scout_mini_msgs/share/scout_mini_msgs/cmake/scout_mini_msgs__rosidl_typesupport_cppExport-noconfig.cmake
[3.341s] -- Installing: /home/bansong/gpsnav_ws/install/scout_mini_msgs/share/scout_mini_msgs/cmake/export_scout_mini_msgs__rosidl_generator_pyExport.cmake
[3.342s] -- Installing: /home/bansong/gpsnav_ws/install/scout_mini_msgs/share/scout_mini_msgs/cmake/export_scout_mini_msgs__rosidl_generator_pyExport-noconfig.cmake
[3.342s] -- Installing: /home/bansong/gpsnav_ws/install/scout_mini_msgs/share/scout_mini_msgs/cmake/rosidl_cmake-extras.cmake
[3.342s] -- Installing: /home/bansong/gpsnav_ws/install/scout_mini_msgs/share/scout_mini_msgs/cmake/ament_cmake_export_dependencies-extras.cmake
[3.342s] -- Installing: /home/bansong/gpsnav_ws/install/scout_mini_msgs/share/scout_mini_msgs/cmake/ament_cmake_export_include_directories-extras.cmake
[3.342s] -- Installing: /home/bansong/gpsnav_ws/install/scout_mini_msgs/share/scout_mini_msgs/cmake/ament_cmake_export_libraries-extras.cmake
[3.342s] -- Installing: /home/bansong/gpsnav_ws/install/scout_mini_msgs/share/scout_mini_msgs/cmake/ament_cmake_export_targets-extras.cmake
[3.342s] -- Installing: /home/bansong/gpsnav_ws/install/scout_mini_msgs/share/scout_mini_msgs/cmake/rosidl_cmake_export_typesupport_targets-extras.cmake
[3.342s] -- Installing: /home/bansong/gpsnav_ws/install/scout_mini_msgs/share/scout_mini_msgs/cmake/rosidl_cmake_export_typesupport_libraries-extras.cmake
[3.342s] -- Installing: /home/bansong/gpsnav_ws/install/scout_mini_msgs/share/scout_mini_msgs/cmake/scout_mini_msgsConfig.cmake
[3.342s] -- Installing: /home/bansong/gpsnav_ws/install/scout_mini_msgs/share/scout_mini_msgs/cmake/scout_mini_msgsConfig-version.cmake
[3.342s] -- Installing: /home/bansong/gpsnav_ws/install/scout_mini_msgs/share/scout_mini_msgs/package.xml
[3.345s] Invoked command in '/home/bansong/gpsnav_ws/build/scout_mini_msgs' returned '0': CMAKE_PREFIX_PATH=${CMAKE_PREFIX_PATH}:/opt/ros/humble /usr/bin/cmake --install /home/bansong/gpsnav_ws/build/scout_mini_msgs
