[0.034s] Invoking command in '/home/bansong/gpsnav_ws/build/ublox_serialization': CMAKE_PREFIX_PATH=${CMAKE_PREFIX_PATH}:/home/bansong/gpsnav_ws/install/my_nav_pkg:/opt/ros/humble /usr/bin/cmake --build /home/bansong/gpsnav_ws/build/ublox_serialization -- -j16 -l16
[0.265s] Invoked command in '/home/bansong/gpsnav_ws/build/ublox_serialization' returned '0': CMAKE_PREFIX_PATH=${CMAKE_PREFIX_PATH}:/home/bansong/gpsnav_ws/install/my_nav_pkg:/opt/ros/humble /usr/bin/cmake --build /home/bansong/gpsnav_ws/build/ublox_serialization -- -j16 -l16
[0.266s] Invoking command in '/home/bansong/gpsnav_ws/build/ublox_serialization': CMAKE_PREFIX_PATH=${CMAKE_PREFIX_PATH}:/home/bansong/gpsnav_ws/install/my_nav_pkg:/opt/ros/humble /usr/bin/cmake --install /home/bansong/gpsnav_ws/build/ublox_serialization
[0.275s] -- Install configuration: ""
[0.276s] -- Up-to-date: /home/bansong/gpsnav_ws/install/ublox_serialization/include
[0.276s] -- Up-to-date: /home/bansong/gpsnav_ws/install/ublox_serialization/include/ublox_serialization
[0.276s] -- Up-to-date: /home/bansong/gpsnav_ws/install/ublox_serialization/include/ublox_serialization/checksum.hpp
[0.276s] -- Up-to-date: /home/bansong/gpsnav_ws/install/ublox_serialization/include/ublox_serialization/serialization.hpp
[0.276s] -- Up-to-date: /home/bansong/gpsnav_ws/install/ublox_serialization/share/ament_index/resource_index/package_run_dependencies/ublox_serialization
[0.276s] -- Up-to-date: /home/bansong/gpsnav_ws/install/ublox_serialization/share/ament_index/resource_index/parent_prefix_path/ublox_serialization
[0.276s] -- Up-to-date: /home/bansong/gpsnav_ws/install/ublox_serialization/share/ublox_serialization/environment/ament_prefix_path.sh
[0.276s] -- Up-to-date: /home/bansong/gpsnav_ws/install/ublox_serialization/share/ublox_serialization/environment/ament_prefix_path.dsv
[0.276s] -- Up-to-date: /home/bansong/gpsnav_ws/install/ublox_serialization/share/ublox_serialization/environment/path.sh
[0.276s] -- Up-to-date: /home/bansong/gpsnav_ws/install/ublox_serialization/share/ublox_serialization/environment/path.dsv
[0.276s] -- Up-to-date: /home/bansong/gpsnav_ws/install/ublox_serialization/share/ublox_serialization/local_setup.bash
[0.277s] -- Up-to-date: /home/bansong/gpsnav_ws/install/ublox_serialization/share/ublox_serialization/local_setup.sh
[0.277s] -- Up-to-date: /home/bansong/gpsnav_ws/install/ublox_serialization/share/ublox_serialization/local_setup.zsh
[0.277s] -- Up-to-date: /home/bansong/gpsnav_ws/install/ublox_serialization/share/ublox_serialization/local_setup.dsv
[0.278s] -- Installing: /home/bansong/gpsnav_ws/install/ublox_serialization/share/ublox_serialization/package.dsv
[0.278s] -- Up-to-date: /home/bansong/gpsnav_ws/install/ublox_serialization/share/ament_index/resource_index/packages/ublox_serialization
[0.278s] -- Up-to-date: /home/bansong/gpsnav_ws/install/ublox_serialization/share/ublox_serialization/cmake/ament_cmake_export_include_directories-extras.cmake
[0.278s] -- Up-to-date: /home/bansong/gpsnav_ws/install/ublox_serialization/share/ublox_serialization/cmake/ublox_serializationConfig.cmake
[0.278s] -- Up-to-date: /home/bansong/gpsnav_ws/install/ublox_serialization/share/ublox_serialization/cmake/ublox_serializationConfig-version.cmake
[0.278s] -- Up-to-date: /home/bansong/gpsnav_ws/install/ublox_serialization/share/ublox_serialization/package.xml
[0.281s] Invoked command in '/home/bansong/gpsnav_ws/build/ublox_serialization' returned '0': CMAKE_PREFIX_PATH=${CMAKE_PREFIX_PATH}:/home/bansong/gpsnav_ws/install/my_nav_pkg:/opt/ros/humble /usr/bin/cmake --install /home/bansong/gpsnav_ws/build/ublox_serialization
