[0.022s] Invoking command in '/home/bansong/gpsnav_ws/build/scout_mini_description': CMAKE_PREFIX_PATH=${CMAKE_PREFIX_PATH}:/home/bansong/gpsnav_ws/install/ntrip_client:/home/bansong/gpsnav_ws/install/my_nav_pkg:/opt/ros/humble /usr/bin/cmake /home/bansong/gpsnav_ws/src/scout_mini_ros2/scout_mini_description -DCMAKE_INSTALL_PREFIX=/home/bansong/gpsnav_ws/install/scout_mini_description
[0.325s] -- Found ament_cmake: 1.3.11 (/opt/ros/humble/share/ament_cmake/cmake)
[0.325s] -- Override CMake install command with custom implementation using symlinks instead of copying resources
[0.325s] -- Found urdf: 2.6.1 (/opt/ros/humble/share/urdf/cmake)
[0.325s] -- Found rviz2: 11.2.17 (/opt/ros/humble/share/rviz2/cmake)
[0.325s] -- Found robot_state_publisher: 3.0.3 (/opt/ros/humble/share/robot_state_publisher/cmake)
[0.325s] -- Found rosidl_generator_c: 3.1.6 (/opt/ros/humble/share/rosidl_generator_c/cmake)
[0.325s] -- Found rosidl_adapter: 3.1.6 (/opt/ros/humble/share/rosidl_adapter/cmake)
[0.325s] -- Found rosidl_generator_cpp: 3.1.6 (/opt/ros/humble/share/rosidl_generator_cpp/cmake)
[0.325s] -- Using all available rosidl_typesupport_c: rosidl_typesupport_fastrtps_c;rosidl_typesupport_introspection_c
[0.325s] -- Using all available rosidl_typesupport_cpp: rosidl_typesupport_fastrtps_cpp;rosidl_typesupport_introspection_cpp
[0.325s] -- Found eigen3_cmake_module: 0.1.1 (/opt/ros/humble/share/eigen3_cmake_module/cmake)
[0.325s] -- Ensuring Eigen3 include directory is part of orocos-kdl CMake target
[0.325s] -- Found rmw_implementation_cmake: 6.1.2 (/opt/ros/humble/share/rmw_implementation_cmake/cmake)
[0.325s] -- Found rmw_fastrtps_cpp: 6.2.7 (/opt/ros/humble/share/rmw_fastrtps_cpp/cmake)
[0.325s] -- Found TinyXML2 via Config file: TinyXML2_DIR-NOTFOUND
[0.325s] -- Found TinyXML2 via Config file: TinyXML2_DIR-NOTFOUND
[0.325s] -- Found TinyXML2 via Config file: TinyXML2_DIR-NOTFOUND
[0.325s] -- Found TinyXML2 via Config file: TinyXML2_DIR-NOTFOUND
[0.325s] -- Using RMW implementation 'rmw_fastrtps_cpp' as default
[0.375s] -- Configuring done
[0.379s] -- Generating done
[0.381s] -- Build files have been written to: /home/bansong/gpsnav_ws/build/scout_mini_description
[0.400s] Invoked command in '/home/bansong/gpsnav_ws/build/scout_mini_description' returned '0': CMAKE_PREFIX_PATH=${CMAKE_PREFIX_PATH}:/home/bansong/gpsnav_ws/install/ntrip_client:/home/bansong/gpsnav_ws/install/my_nav_pkg:/opt/ros/humble /usr/bin/cmake /home/bansong/gpsnav_ws/src/scout_mini_ros2/scout_mini_description -DCMAKE_INSTALL_PREFIX=/home/bansong/gpsnav_ws/install/scout_mini_description
[0.401s] Invoking command in '/home/bansong/gpsnav_ws/build/scout_mini_description': CMAKE_PREFIX_PATH=${CMAKE_PREFIX_PATH}:/home/bansong/gpsnav_ws/install/ntrip_client:/home/bansong/gpsnav_ws/install/my_nav_pkg:/opt/ros/humble /usr/bin/cmake --build /home/bansong/gpsnav_ws/build/scout_mini_description -- -j16 -l16
[0.437s] Invoked command in '/home/bansong/gpsnav_ws/build/scout_mini_description' returned '0': CMAKE_PREFIX_PATH=${CMAKE_PREFIX_PATH}:/home/bansong/gpsnav_ws/install/ntrip_client:/home/bansong/gpsnav_ws/install/my_nav_pkg:/opt/ros/humble /usr/bin/cmake --build /home/bansong/gpsnav_ws/build/scout_mini_description -- -j16 -l16
[0.438s] Invoking command in '/home/bansong/gpsnav_ws/build/scout_mini_description': CMAKE_PREFIX_PATH=${CMAKE_PREFIX_PATH}:/home/bansong/gpsnav_ws/install/ntrip_client:/home/bansong/gpsnav_ws/install/my_nav_pkg:/opt/ros/humble /usr/bin/cmake --install /home/bansong/gpsnav_ws/build/scout_mini_description
[0.445s] -- Install configuration: ""
[0.445s] -- Execute custom install script
[0.445s] -- Up-to-date symlink: /home/bansong/gpsnav_ws/install/scout_mini_description/share/scout_mini_description/launch/description_launch.py
[0.446s] -- Up-to-date symlink: /home/bansong/gpsnav_ws/install/scout_mini_description/share/scout_mini_description/launch/rviz2_launch.py
[0.446s] -- Up-to-date symlink: /home/bansong/gpsnav_ws/install/scout_mini_description/share/scout_mini_description/meshes/body.dae
[0.446s] -- Up-to-date symlink: /home/bansong/gpsnav_ws/install/scout_mini_description/share/scout_mini_description/meshes/wheel.dae
[0.446s] -- Up-to-date symlink: /home/bansong/gpsnav_ws/install/scout_mini_description/share/scout_mini_description/rviz/scout_mini.rviz
[0.446s] -- Up-to-date symlink: /home/bansong/gpsnav_ws/install/scout_mini_description/share/scout_mini_description/urdf/scout_mini.urdf.xacro
[0.446s] -- Up-to-date symlink: /home/bansong/gpsnav_ws/install/scout_mini_description/share/ament_index/resource_index/package_run_dependencies/scout_mini_description
[0.446s] -- Up-to-date symlink: /home/bansong/gpsnav_ws/install/scout_mini_description/share/ament_index/resource_index/parent_prefix_path/scout_mini_description
[0.446s] -- Up-to-date symlink: /home/bansong/gpsnav_ws/install/scout_mini_description/share/scout_mini_description/environment/ament_prefix_path.sh
[0.446s] -- Up-to-date symlink: /home/bansong/gpsnav_ws/install/scout_mini_description/share/scout_mini_description/environment/ament_prefix_path.dsv
[0.447s] -- Up-to-date symlink: /home/bansong/gpsnav_ws/install/scout_mini_description/share/scout_mini_description/environment/path.sh
[0.447s] -- Up-to-date symlink: /home/bansong/gpsnav_ws/install/scout_mini_description/share/scout_mini_description/environment/path.dsv
[0.447s] -- Up-to-date symlink: /home/bansong/gpsnav_ws/install/scout_mini_description/share/scout_mini_description/local_setup.bash
[0.447s] -- Up-to-date symlink: /home/bansong/gpsnav_ws/install/scout_mini_description/share/scout_mini_description/local_setup.sh
[0.447s] -- Up-to-date symlink: /home/bansong/gpsnav_ws/install/scout_mini_description/share/scout_mini_description/local_setup.zsh
[0.447s] -- Up-to-date symlink: /home/bansong/gpsnav_ws/install/scout_mini_description/share/scout_mini_description/local_setup.dsv
[0.447s] -- Symlinking: /home/bansong/gpsnav_ws/install/scout_mini_description/share/scout_mini_description/package.dsv
[0.455s] -- Up-to-date symlink: /home/bansong/gpsnav_ws/install/scout_mini_description/share/ament_index/resource_index/packages/scout_mini_description
[0.456s] -- Up-to-date symlink: /home/bansong/gpsnav_ws/install/scout_mini_description/share/scout_mini_description/cmake/scout_mini_descriptionConfig.cmake
[0.456s] -- Up-to-date symlink: /home/bansong/gpsnav_ws/install/scout_mini_description/share/scout_mini_description/cmake/scout_mini_descriptionConfig-version.cmake
[0.456s] -- Up-to-date symlink: /home/bansong/gpsnav_ws/install/scout_mini_description/share/scout_mini_description/package.xml
[0.458s] Invoked command in '/home/bansong/gpsnav_ws/build/scout_mini_description' returned '0': CMAKE_PREFIX_PATH=${CMAKE_PREFIX_PATH}:/home/bansong/gpsnav_ws/install/ntrip_client:/home/bansong/gpsnav_ws/install/my_nav_pkg:/opt/ros/humble /usr/bin/cmake --install /home/bansong/gpsnav_ws/build/scout_mini_description
