[0.025s] Invoking command in '/home/bansong/gpsnav_ws/build/ublox_serialization': CMAKE_PREFIX_PATH=${CMAKE_PREFIX_PATH}:/home/bansong/gpsnav_ws/install/ntrip_client:/home/bansong/gpsnav_ws/install/my_nav_pkg:/opt/ros/humble /usr/bin/cmake /home/bansong/gpsnav_ws/src/ros2-ublox-zedf9p/ublox_serialization -DCMAKE_INSTALL_PREFIX=/home/bansong/gpsnav_ws/install/ublox_serialization
[0.330s] -- Found ament_cmake: 1.3.11 (/opt/ros/humble/share/ament_cmake/cmake)
[0.330s] -- Override CMake install command with custom implementation using symlinks instead of copying resources
[0.330s] -- Configuring done
[0.330s] -- Generating done
[0.330s] -- Build files have been written to: /home/bansong/gpsnav_ws/build/ublox_serialization
[0.333s] Invoked command in '/home/bansong/gpsnav_ws/build/ublox_serialization' returned '0': CMAKE_PREFIX_PATH=${CMAKE_PREFIX_PATH}:/home/bansong/gpsnav_ws/install/ntrip_client:/home/bansong/gpsnav_ws/install/my_nav_pkg:/opt/ros/humble /usr/bin/cmake /home/bansong/gpsnav_ws/src/ros2-ublox-zedf9p/ublox_serialization -DCMAKE_INSTALL_PREFIX=/home/bansong/gpsnav_ws/install/ublox_serialization
[0.334s] Invoking command in '/home/bansong/gpsnav_ws/build/ublox_serialization': CMAKE_PREFIX_PATH=${CMAKE_PREFIX_PATH}:/home/bansong/gpsnav_ws/install/ntrip_client:/home/bansong/gpsnav_ws/install/my_nav_pkg:/opt/ros/humble /usr/bin/cmake --build /home/bansong/gpsnav_ws/build/ublox_serialization -- -j16 -l16
[0.366s] Invoked command in '/home/bansong/gpsnav_ws/build/ublox_serialization' returned '0': CMAKE_PREFIX_PATH=${CMAKE_PREFIX_PATH}:/home/bansong/gpsnav_ws/install/ntrip_client:/home/bansong/gpsnav_ws/install/my_nav_pkg:/opt/ros/humble /usr/bin/cmake --build /home/bansong/gpsnav_ws/build/ublox_serialization -- -j16 -l16
[0.375s] Invoking command in '/home/bansong/gpsnav_ws/build/ublox_serialization': CMAKE_PREFIX_PATH=${CMAKE_PREFIX_PATH}:/home/bansong/gpsnav_ws/install/ntrip_client:/home/bansong/gpsnav_ws/install/my_nav_pkg:/opt/ros/humble /usr/bin/cmake --install /home/bansong/gpsnav_ws/build/ublox_serialization
[0.381s] -- Install configuration: ""
[0.382s] -- Execute custom install script
[0.382s] -- Up-to-date symlink: /home/bansong/gpsnav_ws/install/ublox_serialization/include/ublox_serialization/checksum.hpp
[0.382s] -- Up-to-date symlink: /home/bansong/gpsnav_ws/install/ublox_serialization/include/ublox_serialization/serialization.hpp
[0.382s] -- Up-to-date symlink: /home/bansong/gpsnav_ws/install/ublox_serialization/share/ament_index/resource_index/package_run_dependencies/ublox_serialization
[0.382s] -- Up-to-date symlink: /home/bansong/gpsnav_ws/install/ublox_serialization/share/ament_index/resource_index/parent_prefix_path/ublox_serialization
[0.382s] -- Up-to-date symlink: /home/bansong/gpsnav_ws/install/ublox_serialization/share/ublox_serialization/environment/ament_prefix_path.sh
[0.382s] -- Up-to-date symlink: /home/bansong/gpsnav_ws/install/ublox_serialization/share/ublox_serialization/environment/ament_prefix_path.dsv
[0.382s] -- Up-to-date symlink: /home/bansong/gpsnav_ws/install/ublox_serialization/share/ublox_serialization/environment/path.sh
[0.382s] -- Up-to-date symlink: /home/bansong/gpsnav_ws/install/ublox_serialization/share/ublox_serialization/environment/path.dsv
[0.383s] -- Up-to-date symlink: /home/bansong/gpsnav_ws/install/ublox_serialization/share/ublox_serialization/local_setup.bash
[0.383s] -- Up-to-date symlink: /home/bansong/gpsnav_ws/install/ublox_serialization/share/ublox_serialization/local_setup.sh
[0.383s] -- Up-to-date symlink: /home/bansong/gpsnav_ws/install/ublox_serialization/share/ublox_serialization/local_setup.zsh
[0.383s] -- Up-to-date symlink: /home/bansong/gpsnav_ws/install/ublox_serialization/share/ublox_serialization/local_setup.dsv
[0.383s] -- Symlinking: /home/bansong/gpsnav_ws/install/ublox_serialization/share/ublox_serialization/package.dsv
[0.390s] -- Up-to-date symlink: /home/bansong/gpsnav_ws/install/ublox_serialization/share/ament_index/resource_index/packages/ublox_serialization
[0.391s] -- Up-to-date symlink: /home/bansong/gpsnav_ws/install/ublox_serialization/share/ublox_serialization/cmake/ament_cmake_export_include_directories-extras.cmake
[0.391s] -- Up-to-date symlink: /home/bansong/gpsnav_ws/install/ublox_serialization/share/ublox_serialization/cmake/ublox_serializationConfig.cmake
[0.391s] -- Up-to-date symlink: /home/bansong/gpsnav_ws/install/ublox_serialization/share/ublox_serialization/cmake/ublox_serializationConfig-version.cmake
[0.391s] -- Up-to-date symlink: /home/bansong/gpsnav_ws/install/ublox_serialization/share/ublox_serialization/package.xml
[0.392s] Invoked command in '/home/bansong/gpsnav_ws/build/ublox_serialization' returned '0': CMAKE_PREFIX_PATH=${CMAKE_PREFIX_PATH}:/home/bansong/gpsnav_ws/install/ntrip_client:/home/bansong/gpsnav_ws/install/my_nav_pkg:/opt/ros/humble /usr/bin/cmake --install /home/bansong/gpsnav_ws/build/ublox_serialization
