/home/bansong/gpsnav_ws/install/ntrip_client/lib/python3.10/site-packages/ntrip_client/ntrip_client.py
/home/bansong/gpsnav_ws/install/ntrip_client/lib/python3.10/site-packages/ntrip_client/ntrip_serial_device.py
/home/bansong/gpsnav_ws/install/ntrip_client/lib/python3.10/site-packages/ntrip_client/__init__.py
/home/bansong/gpsnav_ws/install/ntrip_client/lib/python3.10/site-packages/ntrip_client/ntrip_base.py
/home/bansong/gpsnav_ws/install/ntrip_client/lib/python3.10/site-packages/ntrip_client/rtcm_parser.py
/home/bansong/gpsnav_ws/install/ntrip_client/lib/python3.10/site-packages/ntrip_client/nmea_parser.py
/home/bansong/gpsnav_ws/install/ntrip_client/lib/python3.10/site-packages/ntrip_client/__pycache__/ntrip_client.cpython-310.pyc
/home/bansong/gpsnav_ws/install/ntrip_client/lib/python3.10/site-packages/ntrip_client/__pycache__/ntrip_serial_device.cpython-310.pyc
/home/bansong/gpsnav_ws/install/ntrip_client/lib/python3.10/site-packages/ntrip_client/__pycache__/__init__.cpython-310.pyc
/home/bansong/gpsnav_ws/install/ntrip_client/lib/python3.10/site-packages/ntrip_client/__pycache__/ntrip_base.cpython-310.pyc
/home/bansong/gpsnav_ws/install/ntrip_client/lib/python3.10/site-packages/ntrip_client/__pycache__/rtcm_parser.cpython-310.pyc
/home/bansong/gpsnav_ws/install/ntrip_client/lib/python3.10/site-packages/ntrip_client/__pycache__/nmea_parser.cpython-310.pyc
/home/bansong/gpsnav_ws/install/ntrip_client/share/ament_index/resource_index/packages/ntrip_client
/home/bansong/gpsnav_ws/install/ntrip_client/share/ntrip_client/package.xml
/home/bansong/gpsnav_ws/install/ntrip_client/share/ntrip_client/ntrip_client_launch.py
/home/bansong/gpsnav_ws/install/ntrip_client/share/ntrip_client/ntrip_serial_device_launch.py
/home/bansong/gpsnav_ws/install/ntrip_client/lib/python3.10/site-packages/ntrip_client-1.4.0-py3.10.egg-info/dependency_links.txt
/home/bansong/gpsnav_ws/install/ntrip_client/lib/python3.10/site-packages/ntrip_client-1.4.0-py3.10.egg-info/requires.txt
/home/bansong/gpsnav_ws/install/ntrip_client/lib/python3.10/site-packages/ntrip_client-1.4.0-py3.10.egg-info/PKG-INFO
/home/bansong/gpsnav_ws/install/ntrip_client/lib/python3.10/site-packages/ntrip_client-1.4.0-py3.10.egg-info/SOURCES.txt
/home/bansong/gpsnav_ws/install/ntrip_client/lib/python3.10/site-packages/ntrip_client-1.4.0-py3.10.egg-info/top_level.txt
/home/bansong/gpsnav_ws/install/ntrip_client/lib/python3.10/site-packages/ntrip_client-1.4.0-py3.10.egg-info/zip-safe
/home/bansong/gpsnav_ws/install/ntrip_client/lib/ntrip_client/ntrip_ros_base.py
/home/bansong/gpsnav_ws/install/ntrip_client/lib/ntrip_client/ntrip_ros.py
/home/bansong/gpsnav_ws/install/ntrip_client/lib/ntrip_client/ntrip_serial_device_ros.py
