[0.009s] Invoking command in '/home/bansong/gpsnav_ws/build/ublox': AMENT_PREFIX_PATH=/home/bansong/gpsnav_ws/install/ublox_gps:/home/bansong/gpsnav_ws/install/ublox_msgs:/home/bansong/gpsnav_ws/install/ublox_serialization:${AMENT_PREFIX_PATH} CMAKE_PREFIX_PATH=/home/bansong/gpsnav_ws/install/ublox_gps:/home/bansong/gpsnav_ws/install/ublox_msgs:/home/bansong/gpsnav_ws/install/ublox_serialization:/home/bansong/gpsnav_ws/install:/home/bansong/gpsnav_ws/install:/home/bansong/gpsnav_ws/install:/home/bansong/gpsnav_ws/install:/home/bansong/gpsnav_ws/install:/opt/ros/humble LD_LIBRARY_PATH=/home/bansong/gpsnav_ws/install/ublox_gps/lib:/home/bansong/gpsnav_ws/install/ublox_msgs/lib:${LD_LIBRARY_PATH} PYTHONPATH=/home/bansong/gpsnav_ws/install/ublox_msgs/local/lib/python3.10/dist-packages:${PYTHONPATH} /usr/bin/cmake --build /home/bansong/gpsnav_ws/build/ublox -- -j16 -l16
[0.040s] Invoked command in '/home/bansong/gpsnav_ws/build/ublox' returned '0': AMENT_PREFIX_PATH=/home/bansong/gpsnav_ws/install/ublox_gps:/home/bansong/gpsnav_ws/install/ublox_msgs:/home/bansong/gpsnav_ws/install/ublox_serialization:${AMENT_PREFIX_PATH} CMAKE_PREFIX_PATH=/home/bansong/gpsnav_ws/install/ublox_gps:/home/bansong/gpsnav_ws/install/ublox_msgs:/home/bansong/gpsnav_ws/install/ublox_serialization:/home/bansong/gpsnav_ws/install:/home/bansong/gpsnav_ws/install:/home/bansong/gpsnav_ws/install:/home/bansong/gpsnav_ws/install:/home/bansong/gpsnav_ws/install:/opt/ros/humble LD_LIBRARY_PATH=/home/bansong/gpsnav_ws/install/ublox_gps/lib:/home/bansong/gpsnav_ws/install/ublox_msgs/lib:${LD_LIBRARY_PATH} PYTHONPATH=/home/bansong/gpsnav_ws/install/ublox_msgs/local/lib/python3.10/dist-packages:${PYTHONPATH} /usr/bin/cmake --build /home/bansong/gpsnav_ws/build/ublox -- -j16 -l16
[0.040s] Invoking command in '/home/bansong/gpsnav_ws/build/ublox': AMENT_PREFIX_PATH=/home/bansong/gpsnav_ws/install/ublox_gps:/home/bansong/gpsnav_ws/install/ublox_msgs:/home/bansong/gpsnav_ws/install/ublox_serialization:${AMENT_PREFIX_PATH} CMAKE_PREFIX_PATH=/home/bansong/gpsnav_ws/install/ublox_gps:/home/bansong/gpsnav_ws/install/ublox_msgs:/home/bansong/gpsnav_ws/install/ublox_serialization:/home/bansong/gpsnav_ws/install:/home/bansong/gpsnav_ws/install:/home/bansong/gpsnav_ws/install:/home/bansong/gpsnav_ws/install:/home/bansong/gpsnav_ws/install:/opt/ros/humble LD_LIBRARY_PATH=/home/bansong/gpsnav_ws/install/ublox_gps/lib:/home/bansong/gpsnav_ws/install/ublox_msgs/lib:${LD_LIBRARY_PATH} PYTHONPATH=/home/bansong/gpsnav_ws/install/ublox_msgs/local/lib/python3.10/dist-packages:${PYTHONPATH} /usr/bin/cmake --install /home/bansong/gpsnav_ws/build/ublox
[0.047s] -- Install configuration: ""
[0.047s] -- Up-to-date: /home/bansong/gpsnav_ws/install/ublox/share/ament_index/resource_index/package_run_dependencies/ublox
[0.047s] -- Up-to-date: /home/bansong/gpsnav_ws/install/ublox/share/ament_index/resource_index/parent_prefix_path/ublox
[0.047s] -- Up-to-date: /home/bansong/gpsnav_ws/install/ublox/share/ublox/environment/ament_prefix_path.sh
[0.047s] -- Up-to-date: /home/bansong/gpsnav_ws/install/ublox/share/ublox/environment/ament_prefix_path.dsv
[0.047s] -- Up-to-date: /home/bansong/gpsnav_ws/install/ublox/share/ublox/environment/path.sh
[0.047s] -- Up-to-date: /home/bansong/gpsnav_ws/install/ublox/share/ublox/environment/path.dsv
[0.048s] -- Up-to-date: /home/bansong/gpsnav_ws/install/ublox/share/ublox/local_setup.bash
[0.048s] -- Up-to-date: /home/bansong/gpsnav_ws/install/ublox/share/ublox/local_setup.sh
[0.048s] -- Up-to-date: /home/bansong/gpsnav_ws/install/ublox/share/ublox/local_setup.zsh
[0.048s] -- Up-to-date: /home/bansong/gpsnav_ws/install/ublox/share/ublox/local_setup.dsv
[0.048s] -- Up-to-date: /home/bansong/gpsnav_ws/install/ublox/share/ublox/package.dsv
[0.048s] -- Up-to-date: /home/bansong/gpsnav_ws/install/ublox/share/ament_index/resource_index/packages/ublox
[0.048s] -- Up-to-date: /home/bansong/gpsnav_ws/install/ublox/share/ublox/cmake/ubloxConfig.cmake
[0.048s] -- Up-to-date: /home/bansong/gpsnav_ws/install/ublox/share/ublox/cmake/ubloxConfig-version.cmake
[0.048s] -- Up-to-date: /home/bansong/gpsnav_ws/install/ublox/share/ublox/package.xml
[0.049s] Invoked command in '/home/bansong/gpsnav_ws/build/ublox' returned '0': AMENT_PREFIX_PATH=/home/bansong/gpsnav_ws/install/ublox_gps:/home/bansong/gpsnav_ws/install/ublox_msgs:/home/bansong/gpsnav_ws/install/ublox_serialization:${AMENT_PREFIX_PATH} CMAKE_PREFIX_PATH=/home/bansong/gpsnav_ws/install/ublox_gps:/home/bansong/gpsnav_ws/install/ublox_msgs:/home/bansong/gpsnav_ws/install/ublox_serialization:/home/bansong/gpsnav_ws/install:/home/bansong/gpsnav_ws/install:/home/bansong/gpsnav_ws/install:/home/bansong/gpsnav_ws/install:/home/bansong/gpsnav_ws/install:/opt/ros/humble LD_LIBRARY_PATH=/home/bansong/gpsnav_ws/install/ublox_gps/lib:/home/bansong/gpsnav_ws/install/ublox_msgs/lib:${LD_LIBRARY_PATH} PYTHONPATH=/home/bansong/gpsnav_ws/install/ublox_msgs/local/lib/python3.10/dist-packages:${PYTHONPATH} /usr/bin/cmake --install /home/bansong/gpsnav_ws/build/ublox
