[0.313s] Invoking command in '/home/bansong/gpsnav_ws/build/sllidar_ros2': CMAKE_PREFIX_PATH=${CMAKE_PREFIX_PATH}:/home/bansong/gpsnav_ws/install/ntrip_client:/home/bansong/gpsnav_ws/install/my_nav_pkg:/opt/ros/humble /usr/bin/cmake /home/bansong/gpsnav_ws/src/sllidar_ros2 -DAMENT_CMAKE_SYMLINK_INSTALL=1 -DCMAKE_INSTALL_PREFIX=/home/bansong/gpsnav_ws/install/sllidar_ros2
[0.321s] -- Found ament_cmake: 1.3.11 (/opt/ros/humble/share/ament_cmake/cmake)
[0.404s] -- Override CMake install command with custom implementation using symlinks instead of copying resources
[0.410s] -- Found rclcpp: 16.0.12 (/opt/ros/humble/share/rclcpp/cmake)
[0.434s] -- Found rosidl_generator_c: 3.1.6 (/opt/ros/humble/share/rosidl_generator_c/cmake)
[0.436s] -- Found rosidl_adapter: 3.1.6 (/opt/ros/humble/share/rosidl_adapter/cmake)
[0.440s] -- Found rosidl_generator_cpp: 3.1.6 (/opt/ros/humble/share/rosidl_generator_cpp/cmake)
[0.446s] -- Using all available rosidl_typesupport_c: rosidl_typesupport_fastrtps_c;rosidl_typesupport_introspection_c
[0.454s] -- Using all available rosidl_typesupport_cpp: rosidl_typesupport_fastrtps_cpp;rosidl_typesupport_introspection_cpp
[0.475s] -- Found rmw_implementation_cmake: 6.1.2 (/opt/ros/humble/share/rmw_implementation_cmake/cmake)
[0.476s] -- Found rmw_fastrtps_cpp: 6.2.7 (/opt/ros/humble/share/rmw_fastrtps_cpp/cmake)
[0.558s] -- Using RMW implementation 'rmw_fastrtps_cpp' as default
[0.589s] -- Found sensor_msgs: 4.9.0 (/opt/ros/humble/share/sensor_msgs/cmake)
[0.607s] -- Found std_srvs: 4.9.0 (/opt/ros/humble/share/std_srvs/cmake)
[0.661s] -- Configuring done
[0.674s] -- Generating done
[0.677s] -- Build files have been written to: /home/bansong/gpsnav_ws/build/sllidar_ros2
[0.683s] Invoked command in '/home/bansong/gpsnav_ws/build/sllidar_ros2' returned '0': CMAKE_PREFIX_PATH=${CMAKE_PREFIX_PATH}:/home/bansong/gpsnav_ws/install/ntrip_client:/home/bansong/gpsnav_ws/install/my_nav_pkg:/opt/ros/humble /usr/bin/cmake /home/bansong/gpsnav_ws/src/sllidar_ros2 -DAMENT_CMAKE_SYMLINK_INSTALL=1 -DCMAKE_INSTALL_PREFIX=/home/bansong/gpsnav_ws/install/sllidar_ros2
[0.685s] Invoking command in '/home/bansong/gpsnav_ws/build/sllidar_ros2': CMAKE_PREFIX_PATH=${CMAKE_PREFIX_PATH}:/home/bansong/gpsnav_ws/install/ntrip_client:/home/bansong/gpsnav_ws/install/my_nav_pkg:/opt/ros/humble /usr/bin/cmake --build /home/bansong/gpsnav_ws/build/sllidar_ros2 -- -j16 -l16
[0.718s] [35m[1mConsolidate compiler generated dependencies of target sllidar_client[0m
[0.722s] [35m[1mConsolidate compiler generated dependencies of target sllidar_node[0m
[0.732s] [ 10%] Built target sllidar_client
[0.744s] [100%] Built target sllidar_node
[0.753s] Invoked command in '/home/bansong/gpsnav_ws/build/sllidar_ros2' returned '0': CMAKE_PREFIX_PATH=${CMAKE_PREFIX_PATH}:/home/bansong/gpsnav_ws/install/ntrip_client:/home/bansong/gpsnav_ws/install/my_nav_pkg:/opt/ros/humble /usr/bin/cmake --build /home/bansong/gpsnav_ws/build/sllidar_ros2 -- -j16 -l16
[0.754s] Invoking command in '/home/bansong/gpsnav_ws/build/sllidar_ros2': CMAKE_PREFIX_PATH=${CMAKE_PREFIX_PATH}:/home/bansong/gpsnav_ws/install/ntrip_client:/home/bansong/gpsnav_ws/install/my_nav_pkg:/opt/ros/humble /usr/bin/cmake --install /home/bansong/gpsnav_ws/build/sllidar_ros2
[0.761s] -- Install configuration: ""
[0.761s] -- Execute custom install script
[0.762s] -- Up-to-date symlink: /home/bansong/gpsnav_ws/install/sllidar_ros2/share/sllidar_ros2/launch/sllidar_a1_launch.py
[0.762s] -- Up-to-date symlink: /home/bansong/gpsnav_ws/install/sllidar_ros2/share/sllidar_ros2/launch/sllidar_a2m12_launch .py
[0.762s] -- Up-to-date symlink: /home/bansong/gpsnav_ws/install/sllidar_ros2/share/sllidar_ros2/launch/sllidar_a2m7_launch.py
[0.762s] -- Up-to-date symlink: /home/bansong/gpsnav_ws/install/sllidar_ros2/share/sllidar_ros2/launch/sllidar_a2m8_launch.py
[0.762s] -- Up-to-date symlink: /home/bansong/gpsnav_ws/install/sllidar_ros2/share/sllidar_ros2/launch/sllidar_a3_launch.py
[0.762s] -- Up-to-date symlink: /home/bansong/gpsnav_ws/install/sllidar_ros2/share/sllidar_ros2/launch/sllidar_c1_launch.py
[0.762s] -- Up-to-date symlink: /home/bansong/gpsnav_ws/install/sllidar_ros2/share/sllidar_ros2/launch/sllidar_s1_launch.py
[0.762s] -- Up-to-date symlink: /home/bansong/gpsnav_ws/install/sllidar_ros2/share/sllidar_ros2/launch/sllidar_s1_tcp_launch.py
[0.762s] -- Up-to-date symlink: /home/bansong/gpsnav_ws/install/sllidar_ros2/share/sllidar_ros2/launch/sllidar_s2_launch.py
[0.763s] -- Up-to-date symlink: /home/bansong/gpsnav_ws/install/sllidar_ros2/share/sllidar_ros2/launch/sllidar_s2e_launch.py
[0.763s] -- Up-to-date symlink: /home/bansong/gpsnav_ws/install/sllidar_ros2/share/sllidar_ros2/launch/sllidar_s3_launch.py
[0.763s] -- Up-to-date symlink: /home/bansong/gpsnav_ws/install/sllidar_ros2/share/sllidar_ros2/launch/sllidar_t1_launch.py
[0.763s] -- Up-to-date symlink: /home/bansong/gpsnav_ws/install/sllidar_ros2/share/sllidar_ros2/launch/view_sllidar_a1_launch.py
[0.763s] -- Up-to-date symlink: /home/bansong/gpsnav_ws/install/sllidar_ros2/share/sllidar_ros2/launch/view_sllidar_a2m12_launch.py
[0.763s] -- Up-to-date symlink: /home/bansong/gpsnav_ws/install/sllidar_ros2/share/sllidar_ros2/launch/view_sllidar_a2m7_launch.py
[0.763s] -- Up-to-date symlink: /home/bansong/gpsnav_ws/install/sllidar_ros2/share/sllidar_ros2/launch/view_sllidar_a2m8_launch.py
[0.763s] -- Up-to-date symlink: /home/bansong/gpsnav_ws/install/sllidar_ros2/share/sllidar_ros2/launch/view_sllidar_a3_launch.py
[0.763s] -- Up-to-date symlink: /home/bansong/gpsnav_ws/install/sllidar_ros2/share/sllidar_ros2/launch/view_sllidar_c1_launch.py
[0.763s] -- Up-to-date symlink: /home/bansong/gpsnav_ws/install/sllidar_ros2/share/sllidar_ros2/launch/view_sllidar_s1_launch.py
[0.763s] -- Up-to-date symlink: /home/bansong/gpsnav_ws/install/sllidar_ros2/share/sllidar_ros2/launch/view_sllidar_s1_tcp_launch.py
[0.763s] -- Up-to-date symlink: /home/bansong/gpsnav_ws/install/sllidar_ros2/share/sllidar_ros2/launch/view_sllidar_s2_launch.py
[0.763s] -- Up-to-date symlink: /home/bansong/gpsnav_ws/install/sllidar_ros2/share/sllidar_ros2/launch/view_sllidar_s2e_launch.py
[0.763s] -- Up-to-date symlink: /home/bansong/gpsnav_ws/install/sllidar_ros2/share/sllidar_ros2/launch/view_sllidar_s3_launch.py
[0.763s] -- Up-to-date symlink: /home/bansong/gpsnav_ws/install/sllidar_ros2/share/sllidar_ros2/launch/view_sllidar_t1_launch.py
[0.764s] -- Up-to-date symlink: /home/bansong/gpsnav_ws/install/sllidar_ros2/share/sllidar_ros2/rviz/sllidar_ros2.rviz
[0.764s] -- Up-to-date symlink: /home/bansong/gpsnav_ws/install/sllidar_ros2/lib/sllidar_ros2/sllidar_node
[0.764s] -- Up-to-date symlink: /home/bansong/gpsnav_ws/install/sllidar_ros2/lib/sllidar_ros2/sllidar_client
[0.764s] -- Up-to-date symlink: /home/bansong/gpsnav_ws/install/sllidar_ros2/share/ament_index/resource_index/package_run_dependencies/sllidar_ros2
[0.764s] -- Up-to-date symlink: /home/bansong/gpsnav_ws/install/sllidar_ros2/share/ament_index/resource_index/parent_prefix_path/sllidar_ros2
[0.764s] -- Up-to-date symlink: /home/bansong/gpsnav_ws/install/sllidar_ros2/share/sllidar_ros2/environment/ament_prefix_path.sh
[0.764s] -- Up-to-date symlink: /home/bansong/gpsnav_ws/install/sllidar_ros2/share/sllidar_ros2/environment/ament_prefix_path.dsv
[0.764s] -- Up-to-date symlink: /home/bansong/gpsnav_ws/install/sllidar_ros2/share/sllidar_ros2/environment/path.sh
[0.764s] -- Up-to-date symlink: /home/bansong/gpsnav_ws/install/sllidar_ros2/share/sllidar_ros2/environment/path.dsv
[0.765s] -- Up-to-date symlink: /home/bansong/gpsnav_ws/install/sllidar_ros2/share/sllidar_ros2/local_setup.bash
[0.765s] -- Up-to-date symlink: /home/bansong/gpsnav_ws/install/sllidar_ros2/share/sllidar_ros2/local_setup.sh
[0.765s] -- Up-to-date symlink: /home/bansong/gpsnav_ws/install/sllidar_ros2/share/sllidar_ros2/local_setup.zsh
[0.765s] -- Up-to-date symlink: /home/bansong/gpsnav_ws/install/sllidar_ros2/share/sllidar_ros2/local_setup.dsv
[0.765s] -- Symlinking: /home/bansong/gpsnav_ws/install/sllidar_ros2/share/sllidar_ros2/package.dsv
[0.773s] -- Up-to-date symlink: /home/bansong/gpsnav_ws/install/sllidar_ros2/share/ament_index/resource_index/packages/sllidar_ros2
[0.773s] -- Up-to-date symlink: /home/bansong/gpsnav_ws/install/sllidar_ros2/share/sllidar_ros2/cmake/ament_cmake_export_dependencies-extras.cmake
[0.773s] -- Up-to-date symlink: /home/bansong/gpsnav_ws/install/sllidar_ros2/share/sllidar_ros2/cmake/ament_cmake_export_include_directories-extras.cmake
[0.773s] -- Up-to-date symlink: /home/bansong/gpsnav_ws/install/sllidar_ros2/share/sllidar_ros2/cmake/sllidar_ros2Config.cmake
[0.773s] -- Up-to-date symlink: /home/bansong/gpsnav_ws/install/sllidar_ros2/share/sllidar_ros2/cmake/sllidar_ros2Config-version.cmake
[0.773s] -- Up-to-date symlink: /home/bansong/gpsnav_ws/install/sllidar_ros2/share/sllidar_ros2/package.xml
[0.776s] Invoked command in '/home/bansong/gpsnav_ws/build/sllidar_ros2' returned '0': CMAKE_PREFIX_PATH=${CMAKE_PREFIX_PATH}:/home/bansong/gpsnav_ws/install/ntrip_client:/home/bansong/gpsnav_ws/install/my_nav_pkg:/opt/ros/humble /usr/bin/cmake --install /home/bansong/gpsnav_ws/build/sllidar_ros2
