[0.013s] Invoking command in '/home/bansong/gpsnav_ws/build/scout_mini_description': CMAKE_PREFIX_PATH=${CMAKE_PREFIX_PATH}:/opt/ros/humble /usr/bin/cmake /home/bansong/gpsnav_ws/src/scout_mini_ros2/scout_mini_description -DCMAKE_INSTALL_PREFIX=/home/bansong/gpsnav_ws/install/scout_mini_description
[0.050s] -- The C compiler identification is GNU 11.4.0
[0.092s] -- The CXX compiler identification is GNU 11.4.0
[0.097s] -- Detecting C compiler ABI info
[0.144s] -- Detecting C compiler ABI info - done
[0.149s] -- Check for working C compiler: /usr/bin/cc - skipped
[0.149s] -- Detecting C compile features
[0.149s] -- Detecting C compile features - done
[0.151s] -- Detecting CXX compiler ABI info
[0.206s] -- Detecting CXX compiler ABI info - done
[0.211s] -- Check for working CXX compiler: /usr/bin/c++ - skipped
[0.211s] -- Detecting CXX compile features
[0.211s] -- Detecting CXX compile features - done
[0.213s] -- Found ament_cmake: 1.3.11 (/opt/ros/humble/share/ament_cmake/cmake)
[0.306s] -- Found Python3: /usr/bin/python3 (found version "3.10.12") found components: Interpreter 
[0.363s] -- Found urdf: 2.6.1 (/opt/ros/humble/share/urdf/cmake)
[0.398s] -- Found rviz2: 11.2.17 (/opt/ros/humble/share/rviz2/cmake)
[0.399s] -- Found robot_state_publisher: 3.0.3 (/opt/ros/humble/share/robot_state_publisher/cmake)
[0.416s] -- Found rosidl_generator_c: 3.1.6 (/opt/ros/humble/share/rosidl_generator_c/cmake)
[0.419s] -- Found rosidl_adapter: 3.1.6 (/opt/ros/humble/share/rosidl_adapter/cmake)
[0.425s] -- Found rosidl_generator_cpp: 3.1.6 (/opt/ros/humble/share/rosidl_generator_cpp/cmake)
[0.432s] -- Using all available rosidl_typesupport_c: rosidl_typesupport_fastrtps_c;rosidl_typesupport_introspection_c
[0.439s] -- Using all available rosidl_typesupport_cpp: rosidl_typesupport_fastrtps_cpp;rosidl_typesupport_introspection_cpp
[0.474s] -- Found eigen3_cmake_module: 0.1.1 (/opt/ros/humble/share/eigen3_cmake_module/cmake)
[0.475s] -- Found Eigen3: TRUE (found version "3.4.0") 
[0.475s] -- Ensuring Eigen3 include directory is part of orocos-kdl CMake target
[0.498s] -- Found rmw_implementation_cmake: 6.1.2 (/opt/ros/humble/share/rmw_implementation_cmake/cmake)
[0.500s] -- Found rmw_fastrtps_cpp: 6.2.7 (/opt/ros/humble/share/rmw_fastrtps_cpp/cmake)
[0.515s] -- Found TinyXML2 via Config file: TinyXML2_DIR-NOTFOUND
[0.563s] -- Found OpenSSL: /usr/lib/x86_64-linux-gnu/libcrypto.so (found version "3.0.2")  
[0.565s] -- Found TinyXML2 via Config file: TinyXML2_DIR-NOTFOUND
[0.574s] -- Found FastRTPS: /opt/ros/humble/include  
[0.576s] -- Found TinyXML2 via Config file: TinyXML2_DIR-NOTFOUND
[0.581s] -- Found TinyXML2 via Config file: TinyXML2_DIR-NOTFOUND
[0.588s] -- Using RMW implementation 'rmw_fastrtps_cpp' as default
[0.593s] -- Looking for pthread.h
[0.641s] -- Looking for pthread.h - found
[0.641s] -- Performing Test CMAKE_HAVE_LIBC_PTHREAD
[0.695s] -- Performing Test CMAKE_HAVE_LIBC_PTHREAD - Success
[0.695s] -- Found Threads: TRUE  
[0.822s] -- Configuring done
[0.826s] -- Generating done
[0.827s] -- Build files have been written to: /home/bansong/gpsnav_ws/build/scout_mini_description
[0.836s] Invoked command in '/home/bansong/gpsnav_ws/build/scout_mini_description' returned '0': CMAKE_PREFIX_PATH=${CMAKE_PREFIX_PATH}:/opt/ros/humble /usr/bin/cmake /home/bansong/gpsnav_ws/src/scout_mini_ros2/scout_mini_description -DCMAKE_INSTALL_PREFIX=/home/bansong/gpsnav_ws/install/scout_mini_description
[0.837s] Invoking command in '/home/bansong/gpsnav_ws/build/scout_mini_description': CMAKE_PREFIX_PATH=${CMAKE_PREFIX_PATH}:/opt/ros/humble /usr/bin/cmake --build /home/bansong/gpsnav_ws/build/scout_mini_description -- -j16 -l16
[0.867s] Invoked command in '/home/bansong/gpsnav_ws/build/scout_mini_description' returned '0': CMAKE_PREFIX_PATH=${CMAKE_PREFIX_PATH}:/opt/ros/humble /usr/bin/cmake --build /home/bansong/gpsnav_ws/build/scout_mini_description -- -j16 -l16
[0.869s] Invoking command in '/home/bansong/gpsnav_ws/build/scout_mini_description': CMAKE_PREFIX_PATH=${CMAKE_PREFIX_PATH}:/opt/ros/humble /usr/bin/cmake --install /home/bansong/gpsnav_ws/build/scout_mini_description
[0.875s] -- Install configuration: ""
[0.875s] -- Installing: /home/bansong/gpsnav_ws/install/scout_mini_description/share/scout_mini_description/launch
[0.875s] -- Installing: /home/bansong/gpsnav_ws/install/scout_mini_description/share/scout_mini_description/launch/description_launch.py
[0.875s] -- Installing: /home/bansong/gpsnav_ws/install/scout_mini_description/share/scout_mini_description/launch/rviz2_launch.py
[0.875s] -- Installing: /home/bansong/gpsnav_ws/install/scout_mini_description/share/scout_mini_description/meshes
[0.875s] -- Installing: /home/bansong/gpsnav_ws/install/scout_mini_description/share/scout_mini_description/meshes/wheel.dae
[0.878s] -- Installing: /home/bansong/gpsnav_ws/install/scout_mini_description/share/scout_mini_description/meshes/body.dae
[0.890s] -- Installing: /home/bansong/gpsnav_ws/install/scout_mini_description/share/scout_mini_description/rviz
[0.890s] -- Installing: /home/bansong/gpsnav_ws/install/scout_mini_description/share/scout_mini_description/rviz/scout_mini.rviz
[0.890s] -- Installing: /home/bansong/gpsnav_ws/install/scout_mini_description/share/scout_mini_description/urdf
[0.890s] -- Installing: /home/bansong/gpsnav_ws/install/scout_mini_description/share/scout_mini_description/urdf/scout_mini.urdf.xacro
[0.890s] -- Installing: /home/bansong/gpsnav_ws/install/scout_mini_description/share/ament_index/resource_index/package_run_dependencies/scout_mini_description
[0.890s] -- Installing: /home/bansong/gpsnav_ws/install/scout_mini_description/share/ament_index/resource_index/parent_prefix_path/scout_mini_description
[0.890s] -- Installing: /home/bansong/gpsnav_ws/install/scout_mini_description/share/scout_mini_description/environment/ament_prefix_path.sh
[0.890s] -- Installing: /home/bansong/gpsnav_ws/install/scout_mini_description/share/scout_mini_description/environment/ament_prefix_path.dsv
[0.890s] -- Installing: /home/bansong/gpsnav_ws/install/scout_mini_description/share/scout_mini_description/environment/path.sh
[0.890s] -- Installing: /home/bansong/gpsnav_ws/install/scout_mini_description/share/scout_mini_description/environment/path.dsv
[0.890s] -- Installing: /home/bansong/gpsnav_ws/install/scout_mini_description/share/scout_mini_description/local_setup.bash
[0.890s] -- Installing: /home/bansong/gpsnav_ws/install/scout_mini_description/share/scout_mini_description/local_setup.sh
[0.891s] -- Installing: /home/bansong/gpsnav_ws/install/scout_mini_description/share/scout_mini_description/local_setup.zsh
[0.891s] -- Installing: /home/bansong/gpsnav_ws/install/scout_mini_description/share/scout_mini_description/local_setup.dsv
[0.891s] -- Installing: /home/bansong/gpsnav_ws/install/scout_mini_description/share/scout_mini_description/package.dsv
[0.891s] -- Installing: /home/bansong/gpsnav_ws/install/scout_mini_description/share/ament_index/resource_index/packages/scout_mini_description
[0.891s] -- Installing: /home/bansong/gpsnav_ws/install/scout_mini_description/share/scout_mini_description/cmake/scout_mini_descriptionConfig.cmake
[0.891s] -- Installing: /home/bansong/gpsnav_ws/install/scout_mini_description/share/scout_mini_description/cmake/scout_mini_descriptionConfig-version.cmake
[0.891s] -- Installing: /home/bansong/gpsnav_ws/install/scout_mini_description/share/scout_mini_description/package.xml
[0.893s] Invoked command in '/home/bansong/gpsnav_ws/build/scout_mini_description' returned '0': CMAKE_PREFIX_PATH=${CMAKE_PREFIX_PATH}:/opt/ros/humble /usr/bin/cmake --install /home/bansong/gpsnav_ws/build/scout_mini_description
