[0.012s] Invoking command in '/home/bansong/gpsnav_ws/build/ublox_gps': CMAKE_PREFIX_PATH=/home/bansong/gpsnav_ws/install/ublox_msgs:/home/bansong/gpsnav_ws/install/ublox_serialization:/home/bansong/gpsnav_ws/install/ublox:/home/bansong/gpsnav_ws/install/ublox_gps:/home/bansong/gpsnav_ws/install/sllidar_ros2:/home/bansong/gpsnav_ws/install/scout_mini_ros2:/home/bansong/gpsnav_ws/install/scout_mini_msgs:/home/bansong/gpsnav_ws/install/scout_mini_hardware:/home/bansong/gpsnav_ws/install/scout_mini_description:/home/bansong/gpsnav_ws/install/scout_mini_base:/home/bansong/gpsnav_ws/install/ntrip_client:/home/bansong/gpsnav_ws/install/my_nav_pkg:/opt/ros/humble LD_LIBRARY_PATH=/home/bansong/gpsnav_ws/install/ublox_msgs/lib:/home/bansong/gpsnav_ws/install/ublox_gps/lib:/home/bansong/gpsnav_ws/install/scout_mini_msgs/lib:/home/bansong/gpsnav_ws/install/scout_mini_hardware/lib:/opt/ros/humble/opt/rviz_ogre_vendor/lib:/opt/ros/humble/lib/x86_64-linux-gnu:/opt/ros/humble/lib /usr/bin/cmake --build /home/bansong/gpsnav_ws/build/ublox_gps -- -j16 -l16
[0.062s] [ 13%] Built target ublox_logger_node
[0.082s] [ 90%] Built target ublox_gps
[0.110s] [100%] Built target ublox_gps_node
[0.121s] Invoked command in '/home/bansong/gpsnav_ws/build/ublox_gps' returned '0': CMAKE_PREFIX_PATH=/home/bansong/gpsnav_ws/install/ublox_msgs:/home/bansong/gpsnav_ws/install/ublox_serialization:/home/bansong/gpsnav_ws/install/ublox:/home/bansong/gpsnav_ws/install/ublox_gps:/home/bansong/gpsnav_ws/install/sllidar_ros2:/home/bansong/gpsnav_ws/install/scout_mini_ros2:/home/bansong/gpsnav_ws/install/scout_mini_msgs:/home/bansong/gpsnav_ws/install/scout_mini_hardware:/home/bansong/gpsnav_ws/install/scout_mini_description:/home/bansong/gpsnav_ws/install/scout_mini_base:/home/bansong/gpsnav_ws/install/ntrip_client:/home/bansong/gpsnav_ws/install/my_nav_pkg:/opt/ros/humble LD_LIBRARY_PATH=/home/bansong/gpsnav_ws/install/ublox_msgs/lib:/home/bansong/gpsnav_ws/install/ublox_gps/lib:/home/bansong/gpsnav_ws/install/scout_mini_msgs/lib:/home/bansong/gpsnav_ws/install/scout_mini_hardware/lib:/opt/ros/humble/opt/rviz_ogre_vendor/lib:/opt/ros/humble/lib/x86_64-linux-gnu:/opt/ros/humble/lib /usr/bin/cmake --build /home/bansong/gpsnav_ws/build/ublox_gps -- -j16 -l16
[0.129s] Invoking command in '/home/bansong/gpsnav_ws/build/ublox_gps': CMAKE_PREFIX_PATH=/home/bansong/gpsnav_ws/install/ublox_msgs:/home/bansong/gpsnav_ws/install/ublox_serialization:/home/bansong/gpsnav_ws/install/ublox:/home/bansong/gpsnav_ws/install/ublox_gps:/home/bansong/gpsnav_ws/install/sllidar_ros2:/home/bansong/gpsnav_ws/install/scout_mini_ros2:/home/bansong/gpsnav_ws/install/scout_mini_msgs:/home/bansong/gpsnav_ws/install/scout_mini_hardware:/home/bansong/gpsnav_ws/install/scout_mini_description:/home/bansong/gpsnav_ws/install/scout_mini_base:/home/bansong/gpsnav_ws/install/ntrip_client:/home/bansong/gpsnav_ws/install/my_nav_pkg:/opt/ros/humble LD_LIBRARY_PATH=/home/bansong/gpsnav_ws/install/ublox_msgs/lib:/home/bansong/gpsnav_ws/install/ublox_gps/lib:/home/bansong/gpsnav_ws/install/scout_mini_msgs/lib:/home/bansong/gpsnav_ws/install/scout_mini_hardware/lib:/opt/ros/humble/opt/rviz_ogre_vendor/lib:/opt/ros/humble/lib/x86_64-linux-gnu:/opt/ros/humble/lib /usr/bin/cmake --install /home/bansong/gpsnav_ws/build/ublox_gps
[0.134s] -- Install configuration: ""
[0.134s] -- Up-to-date: /home/bansong/gpsnav_ws/install/ublox_gps/lib/libublox_gps.so
[0.135s] -- Up-to-date: /home/bansong/gpsnav_ws/install/ublox_gps/lib/ublox_gps/ublox_gps_node
[0.135s] -- Up-to-date: /home/bansong/gpsnav_ws/install/ublox_gps/lib/ublox_gps/ublox_logger
[0.135s] -- Up-to-date: /home/bansong/gpsnav_ws/install/ublox_gps/include
[0.135s] -- Up-to-date: /home/bansong/gpsnav_ws/install/ublox_gps/include/ublox_gps
[0.135s] -- Up-to-date: /home/bansong/gpsnav_ws/install/ublox_gps/include/ublox_gps/fix_diagnostic.hpp
[0.135s] -- Up-to-date: /home/bansong/gpsnav_ws/install/ublox_gps/include/ublox_gps/raw_data_product.hpp
[0.135s] -- Up-to-date: /home/bansong/gpsnav_ws/install/ublox_gps/include/ublox_gps/ublox_firmware.hpp
[0.136s] -- Up-to-date: /home/bansong/gpsnav_ws/install/ublox_gps/include/ublox_gps/tim_product.hpp
[0.136s] -- Up-to-date: /home/bansong/gpsnav_ws/install/ublox_gps/include/ublox_gps/gps.hpp
[0.136s] -- Up-to-date: /home/bansong/gpsnav_ws/install/ublox_gps/include/ublox_gps/hpg_ref_product.hpp
[0.136s] -- Up-to-date: /home/bansong/gpsnav_ws/install/ublox_gps/include/ublox_gps/gnss.hpp
[0.136s] -- Up-to-date: /home/bansong/gpsnav_ws/install/ublox_gps/include/ublox_gps/ublox_firmware7.hpp
[0.136s] -- Up-to-date: /home/bansong/gpsnav_ws/install/ublox_gps/include/ublox_gps/mkgmtime.h
[0.136s] -- Up-to-date: /home/bansong/gpsnav_ws/install/ublox_gps/include/ublox_gps/rtcm.hpp
[0.136s] -- Up-to-date: /home/bansong/gpsnav_ws/install/ublox_gps/include/ublox_gps/callback.hpp
[0.136s] -- Up-to-date: /home/bansong/gpsnav_ws/install/ublox_gps/include/ublox_gps/ublox_firmware6.hpp
[0.136s] -- Up-to-date: /home/bansong/gpsnav_ws/install/ublox_gps/include/ublox_gps/ublox_firmware9.hpp
[0.136s] -- Up-to-date: /home/bansong/gpsnav_ws/install/ublox_gps/include/ublox_gps/async_worker.hpp
[0.136s] -- Up-to-date: /home/bansong/gpsnav_ws/install/ublox_gps/include/ublox_gps/ublox_firmware7plus.hpp
[0.136s] -- Up-to-date: /home/bansong/gpsnav_ws/install/ublox_gps/include/ublox_gps/utils.hpp
[0.136s] -- Up-to-date: /home/bansong/gpsnav_ws/install/ublox_gps/include/ublox_gps/adr_udr_product.hpp
[0.136s] -- Up-to-date: /home/bansong/gpsnav_ws/install/ublox_gps/include/ublox_gps/ublox_topic_diagnostic.hpp
[0.136s] -- Up-to-date: /home/bansong/gpsnav_ws/install/ublox_gps/include/ublox_gps/node.hpp
[0.136s] -- Up-to-date: /home/bansong/gpsnav_ws/install/ublox_gps/include/ublox_gps/component_interface.hpp
[0.136s] -- Up-to-date: /home/bansong/gpsnav_ws/install/ublox_gps/include/ublox_gps/worker.hpp
[0.136s] -- Up-to-date: /home/bansong/gpsnav_ws/install/ublox_gps/include/ublox_gps/hp_pos_rec_product.hpp
[0.136s] -- Up-to-date: /home/bansong/gpsnav_ws/install/ublox_gps/include/ublox_gps/fts_product.hpp
[0.136s] -- Up-to-date: /home/bansong/gpsnav_ws/install/ublox_gps/include/ublox_gps/raw_data_pa.hpp
[0.136s] -- Up-to-date: /home/bansong/gpsnav_ws/install/ublox_gps/include/ublox_gps/hpg_rov_product.hpp
[0.136s] -- Up-to-date: /home/bansong/gpsnav_ws/install/ublox_gps/include/ublox_gps/ublox_firmware8.hpp
[0.137s] -- Up-to-date: /home/bansong/gpsnav_ws/install/ublox_gps/share/ublox_gps/launch
[0.137s] -- Up-to-date: /home/bansong/gpsnav_ws/install/ublox_gps/share/ublox_gps/launch/ublox_gps_node-composed-launch.py
[0.137s] -- Up-to-date: /home/bansong/gpsnav_ws/install/ublox_gps/share/ublox_gps/launch/ublox_gps_node_zedf9p-launch.py
[0.137s] -- Up-to-date: /home/bansong/gpsnav_ws/install/ublox_gps/share/ublox_gps/config
[0.137s] -- Up-to-date: /home/bansong/gpsnav_ws/install/ublox_gps/share/ublox_gps/config/zed_f9p.yaml
[0.137s] -- Up-to-date: /home/bansong/gpsnav_ws/install/ublox_gps/share/ament_index/resource_index/package_run_dependencies/ublox_gps
[0.137s] -- Up-to-date: /home/bansong/gpsnav_ws/install/ublox_gps/share/ament_index/resource_index/parent_prefix_path/ublox_gps
[0.137s] -- Up-to-date: /home/bansong/gpsnav_ws/install/ublox_gps/share/ublox_gps/environment/ament_prefix_path.sh
[0.137s] -- Up-to-date: /home/bansong/gpsnav_ws/install/ublox_gps/share/ublox_gps/environment/ament_prefix_path.dsv
[0.137s] -- Up-to-date: /home/bansong/gpsnav_ws/install/ublox_gps/share/ublox_gps/environment/path.sh
[0.137s] -- Up-to-date: /home/bansong/gpsnav_ws/install/ublox_gps/share/ublox_gps/environment/path.dsv
[0.137s] -- Up-to-date: /home/bansong/gpsnav_ws/install/ublox_gps/share/ublox_gps/local_setup.bash
[0.137s] -- Up-to-date: /home/bansong/gpsnav_ws/install/ublox_gps/share/ublox_gps/local_setup.sh
[0.137s] -- Up-to-date: /home/bansong/gpsnav_ws/install/ublox_gps/share/ublox_gps/local_setup.zsh
[0.137s] -- Up-to-date: /home/bansong/gpsnav_ws/install/ublox_gps/share/ublox_gps/local_setup.dsv
[0.137s] -- Installing: /home/bansong/gpsnav_ws/install/ublox_gps/share/ublox_gps/package.dsv
[0.137s] -- Up-to-date: /home/bansong/gpsnav_ws/install/ublox_gps/share/ament_index/resource_index/packages/ublox_gps
[0.137s] -- Up-to-date: /home/bansong/gpsnav_ws/install/ublox_gps/share/ament_index/resource_index/rclcpp_components/ublox_gps
[0.137s] -- Up-to-date: /home/bansong/gpsnav_ws/install/ublox_gps/share/ublox_gps/cmake/ublox_gpsConfig.cmake
[0.137s] -- Up-to-date: /home/bansong/gpsnav_ws/install/ublox_gps/share/ublox_gps/cmake/ublox_gpsConfig-version.cmake
[0.137s] -- Up-to-date: /home/bansong/gpsnav_ws/install/ublox_gps/share/ublox_gps/package.xml
[0.138s] Invoked command in '/home/bansong/gpsnav_ws/build/ublox_gps' returned '0': CMAKE_PREFIX_PATH=/home/bansong/gpsnav_ws/install/ublox_msgs:/home/bansong/gpsnav_ws/install/ublox_serialization:/home/bansong/gpsnav_ws/install/ublox:/home/bansong/gpsnav_ws/install/ublox_gps:/home/bansong/gpsnav_ws/install/sllidar_ros2:/home/bansong/gpsnav_ws/install/scout_mini_ros2:/home/bansong/gpsnav_ws/install/scout_mini_msgs:/home/bansong/gpsnav_ws/install/scout_mini_hardware:/home/bansong/gpsnav_ws/install/scout_mini_description:/home/bansong/gpsnav_ws/install/scout_mini_base:/home/bansong/gpsnav_ws/install/ntrip_client:/home/bansong/gpsnav_ws/install/my_nav_pkg:/opt/ros/humble LD_LIBRARY_PATH=/home/bansong/gpsnav_ws/install/ublox_msgs/lib:/home/bansong/gpsnav_ws/install/ublox_gps/lib:/home/bansong/gpsnav_ws/install/scout_mini_msgs/lib:/home/bansong/gpsnav_ws/install/scout_mini_hardware/lib:/opt/ros/humble/opt/rviz_ogre_vendor/lib:/opt/ros/humble/lib/x86_64-linux-gnu:/opt/ros/humble/lib /usr/bin/cmake --install /home/bansong/gpsnav_ws/build/ublox_gps
