[0.006s] Invoking command in '/home/bansong/gpsnav_ws/build/ublox_msgs': AMENT_PREFIX_PATH=/home/bansong/gpsnav_ws/install/ublox_serialization:${AMENT_PREFIX_PATH} CMAKE_PREFIX_PATH=/home/bansong/gpsnav_ws/install/ublox_serialization:/opt/ros/humble /usr/bin/cmake --build /home/bansong/gpsnav_ws/build/ublox_msgs -- -j16 -l16
[0.054s] -- Found ament_cmake_ros: 0.10.0 (/opt/ros/humble/share/ament_cmake_ros/cmake)
[0.122s] -- Override CMake install command with custom implementation using symlinks instead of copying resources
[0.126s] -- Found rosidl_default_generators: 1.2.0 (/opt/ros/humble/share/rosidl_default_generators/cmake)
[0.127s] -- Using all available rosidl_typesupport_c: rosidl_typesupport_fastrtps_c;rosidl_typesupport_introspection_c
[0.128s] -- Found rosidl_adapter: 3.1.6 (/opt/ros/humble/share/rosidl_adapter/cmake)
[0.145s] -- Using all available rosidl_typesupport_cpp: rosidl_typesupport_fastrtps_cpp;rosidl_typesupport_introspection_cpp
[0.158s] -- Found sensor_msgs: 4.9.0 (/opt/ros/humble/share/sensor_msgs/cmake)
[0.188s] -- Found ublox_serialization: 2.2.0 (/home/bansong/gpsnav_ws/install/ublox_serialization/share/ublox_serialization/cmake)
[0.819s] -- Using all available rosidl_typesupport_c: rosidl_typesupport_fastrtps_c;rosidl_typesupport_introspection_c
[1.055s] -- Using all available rosidl_typesupport_cpp: rosidl_typesupport_fastrtps_cpp;rosidl_typesupport_introspection_cpp
[1.070s] -- Found python_cmake_module: 0.10.0 (/opt/ros/humble/share/python_cmake_module/cmake)
[1.084s] -- Using PYTHON_EXECUTABLE: /usr/bin/python3
[1.084s] -- Using PYTHON_INCLUDE_DIRS: /usr/include/python3.10
[1.084s] -- Using PYTHON_LIBRARIES: /usr/lib/x86_64-linux-gnu/libpython3.10.so
[1.129s] [0mCMake Deprecation Warning at /opt/ros/humble/share/rosidl_cmake/cmake/rosidl_target_interfaces.cmake:32 (message):
[1.129s]   Use rosidl_get_typesupport_target() and target_link_libraries() instead of
[1.129s]   rosidl_target_interfaces()
[1.129s] Call Stack (most recent call first):
[1.129s]   CMakeLists.txt:108 (rosidl_target_interfaces)
[1.129s] 
[1.129s] [0m
[1.133s] -- Configuring done
[1.219s] -- Generating done
[1.232s] -- Build files have been written to: /home/bansong/gpsnav_ws/build/ublox_msgs
[1.262s] failed to create symbolic link '/home/bansong/gpsnav_ws/build/ublox_msgs/ament_cmake_python/ublox_msgs/ublox_msgs' because existing path cannot be removed: Is a directory
[1.263s] gmake[2]: *** [CMakeFiles/ament_cmake_python_symlink_ublox_msgs.dir/build.make:70: CMakeFiles/ament_cmake_python_symlink_ublox_msgs] Error 1
[1.263s] gmake[1]: *** [CMakeFiles/Makefile2:423: CMakeFiles/ament_cmake_python_symlink_ublox_msgs.dir/all] Error 2
[1.263s] gmake[1]: *** Waiting for unfinished jobs....
[1.265s] [35m[1mConsolidate compiler generated dependencies of target ublox_msgs__rosidl_generator_c[0m
[1.267s] [  0%] Built target ublox_msgs__cpp
[1.288s] [ 12%] Built target ublox_msgs__rosidl_generator_c
[1.289s] gmake: *** [Makefile:146: all] Error 2
[1.291s] Invoked command in '/home/bansong/gpsnav_ws/build/ublox_msgs' returned '2': AMENT_PREFIX_PATH=/home/bansong/gpsnav_ws/install/ublox_serialization:${AMENT_PREFIX_PATH} CMAKE_PREFIX_PATH=/home/bansong/gpsnav_ws/install/ublox_serialization:/opt/ros/humble /usr/bin/cmake --build /home/bansong/gpsnav_ws/build/ublox_msgs -- -j16 -l16
