[0.028s] Invoking command in '/home/bansong/gpsnav_ws/build/ublox_gps': CMAKE_PREFIX_PATH=/home/bansong/gpsnav_ws/install/ublox_msgs:/home/bansong/gpsnav_ws/install/ublox_serialization:/home/bansong/gpsnav_ws/install/ublox:/home/bansong/gpsnav_ws/install/ublox_gps:/home/bansong/gpsnav_ws/install/sllidar_ros2:/home/bansong/gpsnav_ws/install/scout_mini_ros2:/home/bansong/gpsnav_ws/install/scout_mini_msgs:/home/bansong/gpsnav_ws/install/scout_mini_hardware:/home/bansong/gpsnav_ws/install/scout_mini_description:/home/bansong/gpsnav_ws/install/scout_mini_base:/home/bansong/gpsnav_ws/install/ntrip_client:/home/bansong/gpsnav_ws/install/my_nav_pkg:/opt/ros/humble LD_LIBRARY_PATH=/home/bansong/gpsnav_ws/install/ublox_msgs/lib:/home/bansong/gpsnav_ws/install/ublox_gps/lib:/home/bansong/gpsnav_ws/install/scout_mini_msgs/lib:/home/bansong/gpsnav_ws/install/scout_mini_hardware/lib:/opt/ros/humble/opt/rviz_ogre_vendor/lib:/opt/ros/humble/lib/x86_64-linux-gnu:/opt/ros/humble/lib /usr/bin/cmake --build /home/bansong/gpsnav_ws/build/ublox_gps -- -j16 -l16
[0.062s] -- Found ament_cmake_ros: 0.10.0 (/opt/ros/humble/share/ament_cmake_ros/cmake)
[0.187s] -- Found diagnostic_msgs: 4.9.0 (/opt/ros/humble/share/diagnostic_msgs/cmake)
[0.215s] -- Found rosidl_generator_c: 3.1.6 (/opt/ros/humble/share/rosidl_generator_c/cmake)
[0.217s] -- Found rosidl_adapter: 3.1.6 (/opt/ros/humble/share/rosidl_adapter/cmake)
[0.225s] -- Found rosidl_generator_cpp: 3.1.6 (/opt/ros/humble/share/rosidl_generator_cpp/cmake)
[0.239s] -- Using all available rosidl_typesupport_c: rosidl_typesupport_fastrtps_c;rosidl_typesupport_introspection_c
[0.251s] -- Using all available rosidl_typesupport_cpp: rosidl_typesupport_fastrtps_cpp;rosidl_typesupport_introspection_cpp
[0.286s] -- Found diagnostic_updater: 4.0.6 (/opt/ros/humble/share/diagnostic_updater/cmake)
[0.317s] -- Found rmw_implementation_cmake: 6.1.2 (/opt/ros/humble/share/rmw_implementation_cmake/cmake)
[0.319s] -- Found rmw_fastrtps_cpp: 6.2.7 (/opt/ros/humble/share/rmw_fastrtps_cpp/cmake)
[0.434s] -- Using RMW implementation 'rmw_fastrtps_cpp' as default
[0.473s] -- Found geometry_msgs: 4.9.0 (/opt/ros/humble/share/geometry_msgs/cmake)
[0.485s] -- Found rclcpp_components: 16.0.12 (/opt/ros/humble/share/rclcpp_components/cmake)
[0.503s] -- Found sensor_msgs: 4.9.0 (/opt/ros/humble/share/sensor_msgs/cmake)
[0.517s] -- Found tf2: 0.25.13 (/opt/ros/humble/share/tf2/cmake)
[0.521s] -- Found ublox_msgs: 2.2.0 (/home/bansong/gpsnav_ws/install/ublox_msgs/share/ublox_msgs/cmake)
[0.604s] -- Configuring done
[0.627s] -- Generating done
[0.635s] -- Build files have been written to: /home/bansong/gpsnav_ws/build/ublox_gps
[0.672s] [35m[1mConsolidate compiler generated dependencies of target ublox_logger_node[0m
[0.691s] [35m[1mConsolidate compiler generated dependencies of target ublox_gps[0m
[0.695s] [  9%] [32mBuilding CXX object CMakeFiles/ublox_logger_node.dir/src/raw_data_pa.cpp.o[0m
[0.696s] [  9%] [32mBuilding CXX object CMakeFiles/ublox_logger_node.dir/src/logger_node_pa.cpp.o[0m
[0.791s] [ 18%] [32mBuilding CXX object CMakeFiles/ublox_gps.dir/src/adr_udr_product.cpp.o[0m
[0.792s] [ 18%] [32mBuilding CXX object CMakeFiles/ublox_gps.dir/src/gnss.cpp.o[0m
[0.793s] [ 22%] [32mBuilding CXX object CMakeFiles/ublox_gps.dir/src/gps.cpp.o[0m
[0.793s] [ 27%] [32mBuilding CXX object CMakeFiles/ublox_gps.dir/src/hp_pos_rec_product.cpp.o[0m
[0.794s] [ 31%] [32mBuilding CXX object CMakeFiles/ublox_gps.dir/src/hpg_ref_product.cpp.o[0m
[0.796s] [ 36%] [32mBuilding CXX object CMakeFiles/ublox_gps.dir/src/hpg_rov_product.cpp.o[0m
[0.797s] [ 40%] [32mBuilding C object CMakeFiles/ublox_gps.dir/src/mkgmtime.c.o[0m
[0.802s] [ 50%] [32mBuilding CXX object CMakeFiles/ublox_gps.dir/src/raw_data_pa.cpp.o[0m
[0.802s] [ 50%] [32mBuilding CXX object CMakeFiles/ublox_gps.dir/src/node.cpp.o[0m
[0.806s] [ 54%] [32mBuilding CXX object CMakeFiles/ublox_gps.dir/src/raw_data_product.cpp.o[0m
[0.808s] [ 63%] [32mBuilding CXX object CMakeFiles/ublox_gps.dir/src/tim_product.cpp.o[0m
[0.808s] [ 63%] [32mBuilding CXX object CMakeFiles/ublox_gps.dir/src/ublox_firmware.cpp.o[0m
[0.810s] [ 68%] [32mBuilding CXX object CMakeFiles/ublox_gps.dir/src/ublox_firmware6.cpp.o[0m
[0.814s] [ 72%] [32mBuilding CXX object CMakeFiles/ublox_gps.dir/src/ublox_firmware7.cpp.o[0m
[0.901s] [ 77%] [32mBuilding CXX object CMakeFiles/ublox_gps.dir/src/ublox_firmware8.cpp.o[0m
[1.191s] [ 81%] [32mBuilding CXX object CMakeFiles/ublox_gps.dir/src/ublox_firmware9.cpp.o[0m
[10.993s] [ 86%] [32m[1mLinking CXX executable ublox_logger[0m
[11.273s] [ 86%] Built target ublox_logger_node
[15.509s] [ 90%] [32m[1mLinking CXX shared library libublox_gps.so[0m
[17.145s] [ 90%] Built target ublox_gps
[17.156s] [35m[1mConsolidate compiler generated dependencies of target ublox_gps_node[0m
[17.178s] [ 95%] [32mBuilding CXX object CMakeFiles/ublox_gps_node.dir/src/node_main.cpp.o[0m
[20.617s] [100%] [32m[1mLinking CXX executable ublox_gps_node[0m
[21.051s] [100%] Built target ublox_gps_node
[21.064s] Invoked command in '/home/bansong/gpsnav_ws/build/ublox_gps' returned '0': CMAKE_PREFIX_PATH=/home/bansong/gpsnav_ws/install/ublox_msgs:/home/bansong/gpsnav_ws/install/ublox_serialization:/home/bansong/gpsnav_ws/install/ublox:/home/bansong/gpsnav_ws/install/ublox_gps:/home/bansong/gpsnav_ws/install/sllidar_ros2:/home/bansong/gpsnav_ws/install/scout_mini_ros2:/home/bansong/gpsnav_ws/install/scout_mini_msgs:/home/bansong/gpsnav_ws/install/scout_mini_hardware:/home/bansong/gpsnav_ws/install/scout_mini_description:/home/bansong/gpsnav_ws/install/scout_mini_base:/home/bansong/gpsnav_ws/install/ntrip_client:/home/bansong/gpsnav_ws/install/my_nav_pkg:/opt/ros/humble LD_LIBRARY_PATH=/home/bansong/gpsnav_ws/install/ublox_msgs/lib:/home/bansong/gpsnav_ws/install/ublox_gps/lib:/home/bansong/gpsnav_ws/install/scout_mini_msgs/lib:/home/bansong/gpsnav_ws/install/scout_mini_hardware/lib:/opt/ros/humble/opt/rviz_ogre_vendor/lib:/opt/ros/humble/lib/x86_64-linux-gnu:/opt/ros/humble/lib /usr/bin/cmake --build /home/bansong/gpsnav_ws/build/ublox_gps -- -j16 -l16
[21.072s] Invoking command in '/home/bansong/gpsnav_ws/build/ublox_gps': CMAKE_PREFIX_PATH=/home/bansong/gpsnav_ws/install/ublox_msgs:/home/bansong/gpsnav_ws/install/ublox_serialization:/home/bansong/gpsnav_ws/install/ublox:/home/bansong/gpsnav_ws/install/ublox_gps:/home/bansong/gpsnav_ws/install/sllidar_ros2:/home/bansong/gpsnav_ws/install/scout_mini_ros2:/home/bansong/gpsnav_ws/install/scout_mini_msgs:/home/bansong/gpsnav_ws/install/scout_mini_hardware:/home/bansong/gpsnav_ws/install/scout_mini_description:/home/bansong/gpsnav_ws/install/scout_mini_base:/home/bansong/gpsnav_ws/install/ntrip_client:/home/bansong/gpsnav_ws/install/my_nav_pkg:/opt/ros/humble LD_LIBRARY_PATH=/home/bansong/gpsnav_ws/install/ublox_msgs/lib:/home/bansong/gpsnav_ws/install/ublox_gps/lib:/home/bansong/gpsnav_ws/install/scout_mini_msgs/lib:/home/bansong/gpsnav_ws/install/scout_mini_hardware/lib:/opt/ros/humble/opt/rviz_ogre_vendor/lib:/opt/ros/humble/lib/x86_64-linux-gnu:/opt/ros/humble/lib /usr/bin/cmake --install /home/bansong/gpsnav_ws/build/ublox_gps
[21.078s] -- Install configuration: ""
[21.078s] -- Installing: /home/bansong/gpsnav_ws/install/ublox_gps/lib/libublox_gps.so
[21.103s] -- Set runtime path of "/home/bansong/gpsnav_ws/install/ublox_gps/lib/libublox_gps.so" to ""
[21.103s] -- Installing: /home/bansong/gpsnav_ws/install/ublox_gps/lib/ublox_gps/ublox_gps_node
[21.103s] -- Set runtime path of "/home/bansong/gpsnav_ws/install/ublox_gps/lib/ublox_gps/ublox_gps_node" to ""
[21.104s] -- Installing: /home/bansong/gpsnav_ws/install/ublox_gps/lib/ublox_gps/ublox_logger
[21.107s] -- Set runtime path of "/home/bansong/gpsnav_ws/install/ublox_gps/lib/ublox_gps/ublox_logger" to ""
[21.107s] -- Up-to-date: /home/bansong/gpsnav_ws/install/ublox_gps/include
[21.107s] -- Up-to-date: /home/bansong/gpsnav_ws/install/ublox_gps/include/ublox_gps
[21.107s] -- Installing: /home/bansong/gpsnav_ws/install/ublox_gps/include/ublox_gps/fix_diagnostic.hpp
[21.107s] -- Installing: /home/bansong/gpsnav_ws/install/ublox_gps/include/ublox_gps/raw_data_product.hpp
[21.107s] -- Installing: /home/bansong/gpsnav_ws/install/ublox_gps/include/ublox_gps/ublox_firmware.hpp
[21.107s] -- Installing: /home/bansong/gpsnav_ws/install/ublox_gps/include/ublox_gps/tim_product.hpp
[21.107s] -- Installing: /home/bansong/gpsnav_ws/install/ublox_gps/include/ublox_gps/gps.hpp
[21.107s] -- Installing: /home/bansong/gpsnav_ws/install/ublox_gps/include/ublox_gps/hpg_ref_product.hpp
[21.108s] -- Installing: /home/bansong/gpsnav_ws/install/ublox_gps/include/ublox_gps/gnss.hpp
[21.108s] -- Installing: /home/bansong/gpsnav_ws/install/ublox_gps/include/ublox_gps/ublox_firmware7.hpp
[21.108s] -- Installing: /home/bansong/gpsnav_ws/install/ublox_gps/include/ublox_gps/mkgmtime.h
[21.108s] -- Installing: /home/bansong/gpsnav_ws/install/ublox_gps/include/ublox_gps/rtcm.hpp
[21.108s] -- Installing: /home/bansong/gpsnav_ws/install/ublox_gps/include/ublox_gps/callback.hpp
[21.108s] -- Installing: /home/bansong/gpsnav_ws/install/ublox_gps/include/ublox_gps/ublox_firmware6.hpp
[21.108s] -- Installing: /home/bansong/gpsnav_ws/install/ublox_gps/include/ublox_gps/ublox_firmware9.hpp
[21.108s] -- Installing: /home/bansong/gpsnav_ws/install/ublox_gps/include/ublox_gps/async_worker.hpp
[21.108s] -- Installing: /home/bansong/gpsnav_ws/install/ublox_gps/include/ublox_gps/ublox_firmware7plus.hpp
[21.108s] -- Installing: /home/bansong/gpsnav_ws/install/ublox_gps/include/ublox_gps/utils.hpp
[21.108s] -- Installing: /home/bansong/gpsnav_ws/install/ublox_gps/include/ublox_gps/adr_udr_product.hpp
[21.108s] -- Installing: /home/bansong/gpsnav_ws/install/ublox_gps/include/ublox_gps/ublox_topic_diagnostic.hpp
[21.108s] -- Installing: /home/bansong/gpsnav_ws/install/ublox_gps/include/ublox_gps/node.hpp
[21.108s] -- Installing: /home/bansong/gpsnav_ws/install/ublox_gps/include/ublox_gps/component_interface.hpp
[21.109s] -- Installing: /home/bansong/gpsnav_ws/install/ublox_gps/include/ublox_gps/worker.hpp
[21.109s] -- Installing: /home/bansong/gpsnav_ws/install/ublox_gps/include/ublox_gps/hp_pos_rec_product.hpp
[21.109s] -- Installing: /home/bansong/gpsnav_ws/install/ublox_gps/include/ublox_gps/fts_product.hpp
[21.109s] -- Installing: /home/bansong/gpsnav_ws/install/ublox_gps/include/ublox_gps/raw_data_pa.hpp
[21.109s] -- Installing: /home/bansong/gpsnav_ws/install/ublox_gps/include/ublox_gps/hpg_rov_product.hpp
[21.109s] -- Installing: /home/bansong/gpsnav_ws/install/ublox_gps/include/ublox_gps/ublox_firmware8.hpp
[21.109s] -- Up-to-date: /home/bansong/gpsnav_ws/install/ublox_gps/share/ublox_gps/launch
[21.109s] -- Installing: /home/bansong/gpsnav_ws/install/ublox_gps/share/ublox_gps/launch/ublox_gps_node-composed-launch.py
[21.109s] -- Installing: /home/bansong/gpsnav_ws/install/ublox_gps/share/ublox_gps/launch/ublox_gps_node_zedf9p-launch.py
[21.109s] -- Up-to-date: /home/bansong/gpsnav_ws/install/ublox_gps/share/ublox_gps/config
[21.109s] -- Installing: /home/bansong/gpsnav_ws/install/ublox_gps/share/ublox_gps/config/zed_f9p.yaml
[21.109s] -- Up-to-date: /home/bansong/gpsnav_ws/install/ublox_gps/share/ament_index/resource_index/package_run_dependencies/ublox_gps
[21.110s] -- Installing: /home/bansong/gpsnav_ws/install/ublox_gps/share/ament_index/resource_index/parent_prefix_path/ublox_gps
[21.110s] -- Up-to-date: /home/bansong/gpsnav_ws/install/ublox_gps/share/ublox_gps/environment/ament_prefix_path.sh
[21.110s] -- Installing: /home/bansong/gpsnav_ws/install/ublox_gps/share/ublox_gps/environment/ament_prefix_path.dsv
[21.110s] -- Up-to-date: /home/bansong/gpsnav_ws/install/ublox_gps/share/ublox_gps/environment/path.sh
[21.110s] -- Installing: /home/bansong/gpsnav_ws/install/ublox_gps/share/ublox_gps/environment/path.dsv
[21.110s] -- Up-to-date: /home/bansong/gpsnav_ws/install/ublox_gps/share/ublox_gps/local_setup.bash
[21.110s] -- Up-to-date: /home/bansong/gpsnav_ws/install/ublox_gps/share/ublox_gps/local_setup.sh
[21.110s] -- Up-to-date: /home/bansong/gpsnav_ws/install/ublox_gps/share/ublox_gps/local_setup.zsh
[21.110s] -- Installing: /home/bansong/gpsnav_ws/install/ublox_gps/share/ublox_gps/local_setup.dsv
[21.110s] -- Installing: /home/bansong/gpsnav_ws/install/ublox_gps/share/ublox_gps/package.dsv
[21.110s] -- Up-to-date: /home/bansong/gpsnav_ws/install/ublox_gps/share/ament_index/resource_index/packages/ublox_gps
[21.110s] -- Up-to-date: /home/bansong/gpsnav_ws/install/ublox_gps/share/ament_index/resource_index/rclcpp_components/ublox_gps
[21.111s] -- Up-to-date: /home/bansong/gpsnav_ws/install/ublox_gps/share/ublox_gps/cmake/ublox_gpsConfig.cmake
[21.111s] -- Up-to-date: /home/bansong/gpsnav_ws/install/ublox_gps/share/ublox_gps/cmake/ublox_gpsConfig-version.cmake
[21.111s] -- Installing: /home/bansong/gpsnav_ws/install/ublox_gps/share/ublox_gps/package.xml
[21.113s] Invoked command in '/home/bansong/gpsnav_ws/build/ublox_gps' returned '0': CMAKE_PREFIX_PATH=/home/bansong/gpsnav_ws/install/ublox_msgs:/home/bansong/gpsnav_ws/install/ublox_serialization:/home/bansong/gpsnav_ws/install/ublox:/home/bansong/gpsnav_ws/install/ublox_gps:/home/bansong/gpsnav_ws/install/sllidar_ros2:/home/bansong/gpsnav_ws/install/scout_mini_ros2:/home/bansong/gpsnav_ws/install/scout_mini_msgs:/home/bansong/gpsnav_ws/install/scout_mini_hardware:/home/bansong/gpsnav_ws/install/scout_mini_description:/home/bansong/gpsnav_ws/install/scout_mini_base:/home/bansong/gpsnav_ws/install/ntrip_client:/home/bansong/gpsnav_ws/install/my_nav_pkg:/opt/ros/humble LD_LIBRARY_PATH=/home/bansong/gpsnav_ws/install/ublox_msgs/lib:/home/bansong/gpsnav_ws/install/ublox_gps/lib:/home/bansong/gpsnav_ws/install/scout_mini_msgs/lib:/home/bansong/gpsnav_ws/install/scout_mini_hardware/lib:/opt/ros/humble/opt/rviz_ogre_vendor/lib:/opt/ros/humble/lib/x86_64-linux-gnu:/opt/ros/humble/lib /usr/bin/cmake --install /home/bansong/gpsnav_ws/build/ublox_gps
