-- Found ament_cmake: 1.3.11 (/opt/ros/humble/share/ament_cmake/cmake)
-- Override CMake install command with custom implementation using symlinks instead of copying resources
-- Found rclcpp: 16.0.12 (/opt/ros/humble/share/rclcpp/cmake)
-- Found rosidl_generator_c: 3.1.6 (/opt/ros/humble/share/rosidl_generator_c/cmake)
-- Found rosidl_adapter: 3.1.6 (/opt/ros/humble/share/rosidl_adapter/cmake)
-- Found rosidl_generator_cpp: 3.1.6 (/opt/ros/humble/share/rosidl_generator_cpp/cmake)
-- Using all available rosidl_typesupport_c: rosidl_typesupport_fastrtps_c;rosidl_typesupport_introspection_c
-- Using all available rosidl_typesupport_cpp: rosidl_typesupport_fastrtps_cpp;rosidl_typesupport_introspection_cpp
-- Found rmw_implementation_cmake: 6.1.2 (/opt/ros/humble/share/rmw_implementation_cmake/cmake)
-- Found rmw_fastrtps_cpp: 6.2.7 (/opt/ros/humble/share/rmw_fastrtps_cpp/cmake)
-- Using RMW implementation 'rmw_fastrtps_cpp' as default
-- Found hardware_interface: 2.51.0 (/opt/ros/humble/share/hardware_interface/cmake)
-- Found realtime_tools: 2.14.0 (/opt/ros/humble/share/realtime_tools/cmake)
-- Found can_msgs: 2.0.0 (/opt/ros/humble/share/can_msgs/cmake)
-- Found ros2_socketcan: 1.3.0 (/opt/ros/humble/share/ros2_socketcan/cmake)
-- Found scout_mini_msgs: 0.1.0 (/home/bansong/gpsnav_ws/install/scout_mini_msgs/share/scout_mini_msgs/cmake)
-- Configuring done
-- Generating done
-- Build files have been written to: /home/bansong/gpsnav_ws/build/scout_mini_hardware
[35m[1mConsolidate compiler generated dependencies of target scout_mini_hardware[0m
[100%] Built target scout_mini_hardware
-- Install configuration: ""
-- Execute custom install script
-- Symlinking: /home/bansong/gpsnav_ws/install/scout_mini_hardware/share/scout_mini_hardware//scout_mini_hardware.xml
-- Symlinking: /home/bansong/gpsnav_ws/install/scout_mini_hardware/lib/libscout_mini_hardware.so
-- Symlinking: /home/bansong/gpsnav_ws/install/scout_mini_hardware/include/include/scout_mini_hardware/scout_mini_hardware.hpp
-- Symlinking: /home/bansong/gpsnav_ws/install/scout_mini_hardware/include/include/scout_mini_hardware/visibility_control.h
-- Symlinking: /home/bansong/gpsnav_ws/install/scout_mini_hardware/share/scout_mini_hardware/environment/library_path.sh
-- Symlinking: /home/bansong/gpsnav_ws/install/scout_mini_hardware/share/scout_mini_hardware/environment/library_path.dsv
-- Symlinking: /home/bansong/gpsnav_ws/install/scout_mini_hardware/share/ament_index/resource_index/package_run_dependencies/scout_mini_hardware
-- Symlinking: /home/bansong/gpsnav_ws/install/scout_mini_hardware/share/ament_index/resource_index/parent_prefix_path/scout_mini_hardware
-- Symlinking: /home/bansong/gpsnav_ws/install/scout_mini_hardware/share/scout_mini_hardware/environment/ament_prefix_path.sh
-- Symlinking: /home/bansong/gpsnav_ws/install/scout_mini_hardware/share/scout_mini_hardware/environment/ament_prefix_path.dsv
-- Symlinking: /home/bansong/gpsnav_ws/install/scout_mini_hardware/share/scout_mini_hardware/environment/path.sh
-- Symlinking: /home/bansong/gpsnav_ws/install/scout_mini_hardware/share/scout_mini_hardware/environment/path.dsv
-- Symlinking: /home/bansong/gpsnav_ws/install/scout_mini_hardware/share/scout_mini_hardware/local_setup.bash
-- Symlinking: /home/bansong/gpsnav_ws/install/scout_mini_hardware/share/scout_mini_hardware/local_setup.sh
-- Symlinking: /home/bansong/gpsnav_ws/install/scout_mini_hardware/share/scout_mini_hardware/local_setup.zsh
-- Symlinking: /home/bansong/gpsnav_ws/install/scout_mini_hardware/share/scout_mini_hardware/local_setup.dsv
-- Symlinking: /home/bansong/gpsnav_ws/install/scout_mini_hardware/share/scout_mini_hardware/package.dsv
-- Symlinking: /home/bansong/gpsnav_ws/install/scout_mini_hardware/share/ament_index/resource_index/packages/scout_mini_hardware
-- Symlinking: /home/bansong/gpsnav_ws/install/scout_mini_hardware/share/ament_index/resource_index/hardware_interface__pluginlib__plugin/scout_mini_hardware
-- Symlinking: /home/bansong/gpsnav_ws/install/scout_mini_hardware/share/scout_mini_hardware/cmake/ament_cmake_export_dependencies-extras.cmake
-- Symlinking: /home/bansong/gpsnav_ws/install/scout_mini_hardware/share/scout_mini_hardware/cmake/ament_cmake_export_libraries-extras.cmake
-- Symlinking: /home/bansong/gpsnav_ws/install/scout_mini_hardware/share/scout_mini_hardware/cmake/ament_cmake_export_include_directories-extras.cmake
-- Symlinking: /home/bansong/gpsnav_ws/install/scout_mini_hardware/share/scout_mini_hardware/cmake/scout_mini_hardwareConfig.cmake
-- Symlinking: /home/bansong/gpsnav_ws/install/scout_mini_hardware/share/scout_mini_hardware/cmake/scout_mini_hardwareConfig-version.cmake
-- Symlinking: /home/bansong/gpsnav_ws/install/scout_mini_hardware/share/scout_mini_hardware/package.xml
