[0.021s] Invoking command in '/home/bansong/gpsnav_ws/build/scout_mini_hardware': CMAKE_PREFIX_PATH=${CMAKE_PREFIX_PATH}:/home/bansong/gpsnav_ws/install/ntrip_client:/home/bansong/gpsnav_ws/install/my_nav_pkg:/opt/ros/humble /usr/bin/cmake /home/bansong/gpsnav_ws/src/scout_mini_ros2/scout_mini_hardware -DCMAKE_INSTALL_PREFIX=/home/bansong/gpsnav_ws/install/scout_mini_hardware
[0.323s] -- Found ament_cmake: 1.3.11 (/opt/ros/humble/share/ament_cmake/cmake)
[0.323s] -- Override CMake install command with custom implementation using symlinks instead of copying resources
[0.323s] -- Found rclcpp: 16.0.12 (/opt/ros/humble/share/rclcpp/cmake)
[0.323s] -- Found rosidl_generator_c: 3.1.6 (/opt/ros/humble/share/rosidl_generator_c/cmake)
[0.323s] -- Found rosidl_adapter: 3.1.6 (/opt/ros/humble/share/rosidl_adapter/cmake)
[0.323s] -- Found rosidl_generator_cpp: 3.1.6 (/opt/ros/humble/share/rosidl_generator_cpp/cmake)
[0.323s] -- Using all available rosidl_typesupport_c: rosidl_typesupport_fastrtps_c;rosidl_typesupport_introspection_c
[0.323s] -- Using all available rosidl_typesupport_cpp: rosidl_typesupport_fastrtps_cpp;rosidl_typesupport_introspection_cpp
[0.323s] -- Found rmw_implementation_cmake: 6.1.2 (/opt/ros/humble/share/rmw_implementation_cmake/cmake)
[0.323s] -- Found rmw_fastrtps_cpp: 6.2.7 (/opt/ros/humble/share/rmw_fastrtps_cpp/cmake)
[0.323s] -- Using RMW implementation 'rmw_fastrtps_cpp' as default
[0.323s] -- Found hardware_interface: 2.51.0 (/opt/ros/humble/share/hardware_interface/cmake)
[0.349s] -- Found realtime_tools: 2.14.0 (/opt/ros/humble/share/realtime_tools/cmake)
[0.357s] -- Found can_msgs: 2.0.0 (/opt/ros/humble/share/can_msgs/cmake)
[0.364s] -- Found ros2_socketcan: 1.3.0 (/opt/ros/humble/share/ros2_socketcan/cmake)
[0.388s] -- Found scout_mini_msgs: 0.1.0 (/home/bansong/gpsnav_ws/install/scout_mini_msgs/share/scout_mini_msgs/cmake)
[0.452s] -- Configuring done
[0.475s] -- Generating done
[0.479s] -- Build files have been written to: /home/bansong/gpsnav_ws/build/scout_mini_hardware
[0.487s] Invoked command in '/home/bansong/gpsnav_ws/build/scout_mini_hardware' returned '0': CMAKE_PREFIX_PATH=${CMAKE_PREFIX_PATH}:/home/bansong/gpsnav_ws/install/ntrip_client:/home/bansong/gpsnav_ws/install/my_nav_pkg:/opt/ros/humble /usr/bin/cmake /home/bansong/gpsnav_ws/src/scout_mini_ros2/scout_mini_hardware -DCMAKE_INSTALL_PREFIX=/home/bansong/gpsnav_ws/install/scout_mini_hardware
[0.489s] Invoking command in '/home/bansong/gpsnav_ws/build/scout_mini_hardware': CMAKE_PREFIX_PATH=${CMAKE_PREFIX_PATH}:/home/bansong/gpsnav_ws/install/ntrip_client:/home/bansong/gpsnav_ws/install/my_nav_pkg:/opt/ros/humble /usr/bin/cmake --build /home/bansong/gpsnav_ws/build/scout_mini_hardware -- -j16 -l16
[0.525s] [35m[1mConsolidate compiler generated dependencies of target scout_mini_hardware[0m
[0.539s] [100%] Built target scout_mini_hardware
[0.549s] Invoked command in '/home/bansong/gpsnav_ws/build/scout_mini_hardware' returned '0': CMAKE_PREFIX_PATH=${CMAKE_PREFIX_PATH}:/home/bansong/gpsnav_ws/install/ntrip_client:/home/bansong/gpsnav_ws/install/my_nav_pkg:/opt/ros/humble /usr/bin/cmake --build /home/bansong/gpsnav_ws/build/scout_mini_hardware -- -j16 -l16
[0.550s] Invoking command in '/home/bansong/gpsnav_ws/build/scout_mini_hardware': CMAKE_PREFIX_PATH=${CMAKE_PREFIX_PATH}:/home/bansong/gpsnav_ws/install/ntrip_client:/home/bansong/gpsnav_ws/install/my_nav_pkg:/opt/ros/humble /usr/bin/cmake --install /home/bansong/gpsnav_ws/build/scout_mini_hardware
[0.556s] -- Install configuration: ""
[0.556s] -- Execute custom install script
[0.556s] -- Symlinking: /home/bansong/gpsnav_ws/install/scout_mini_hardware/share/scout_mini_hardware//scout_mini_hardware.xml
[0.564s] -- Symlinking: /home/bansong/gpsnav_ws/install/scout_mini_hardware/lib/libscout_mini_hardware.so
[0.571s] -- Symlinking: /home/bansong/gpsnav_ws/install/scout_mini_hardware/include/include/scout_mini_hardware/scout_mini_hardware.hpp
[0.579s] -- Symlinking: /home/bansong/gpsnav_ws/install/scout_mini_hardware/include/include/scout_mini_hardware/visibility_control.h
[0.587s] -- Symlinking: /home/bansong/gpsnav_ws/install/scout_mini_hardware/share/scout_mini_hardware/environment/library_path.sh
[0.595s] -- Symlinking: /home/bansong/gpsnav_ws/install/scout_mini_hardware/share/scout_mini_hardware/environment/library_path.dsv
[0.603s] -- Symlinking: /home/bansong/gpsnav_ws/install/scout_mini_hardware/share/ament_index/resource_index/package_run_dependencies/scout_mini_hardware
[0.610s] -- Symlinking: /home/bansong/gpsnav_ws/install/scout_mini_hardware/share/ament_index/resource_index/parent_prefix_path/scout_mini_hardware
[0.617s] -- Symlinking: /home/bansong/gpsnav_ws/install/scout_mini_hardware/share/scout_mini_hardware/environment/ament_prefix_path.sh
[0.625s] -- Symlinking: /home/bansong/gpsnav_ws/install/scout_mini_hardware/share/scout_mini_hardware/environment/ament_prefix_path.dsv
[0.632s] -- Symlinking: /home/bansong/gpsnav_ws/install/scout_mini_hardware/share/scout_mini_hardware/environment/path.sh
[0.640s] -- Symlinking: /home/bansong/gpsnav_ws/install/scout_mini_hardware/share/scout_mini_hardware/environment/path.dsv
[0.648s] -- Symlinking: /home/bansong/gpsnav_ws/install/scout_mini_hardware/share/scout_mini_hardware/local_setup.bash
[0.655s] -- Symlinking: /home/bansong/gpsnav_ws/install/scout_mini_hardware/share/scout_mini_hardware/local_setup.sh
[0.663s] -- Symlinking: /home/bansong/gpsnav_ws/install/scout_mini_hardware/share/scout_mini_hardware/local_setup.zsh
[0.670s] -- Symlinking: /home/bansong/gpsnav_ws/install/scout_mini_hardware/share/scout_mini_hardware/local_setup.dsv
[0.678s] -- Symlinking: /home/bansong/gpsnav_ws/install/scout_mini_hardware/share/scout_mini_hardware/package.dsv
[0.686s] -- Symlinking: /home/bansong/gpsnav_ws/install/scout_mini_hardware/share/ament_index/resource_index/packages/scout_mini_hardware
[0.693s] -- Symlinking: /home/bansong/gpsnav_ws/install/scout_mini_hardware/share/ament_index/resource_index/hardware_interface__pluginlib__plugin/scout_mini_hardware
[0.700s] -- Symlinking: /home/bansong/gpsnav_ws/install/scout_mini_hardware/share/scout_mini_hardware/cmake/ament_cmake_export_dependencies-extras.cmake
[0.708s] -- Symlinking: /home/bansong/gpsnav_ws/install/scout_mini_hardware/share/scout_mini_hardware/cmake/ament_cmake_export_libraries-extras.cmake
[0.715s] -- Symlinking: /home/bansong/gpsnav_ws/install/scout_mini_hardware/share/scout_mini_hardware/cmake/ament_cmake_export_include_directories-extras.cmake
[0.722s] -- Symlinking: /home/bansong/gpsnav_ws/install/scout_mini_hardware/share/scout_mini_hardware/cmake/scout_mini_hardwareConfig.cmake
[0.729s] -- Symlinking: /home/bansong/gpsnav_ws/install/scout_mini_hardware/share/scout_mini_hardware/cmake/scout_mini_hardwareConfig-version.cmake
[0.737s] -- Symlinking: /home/bansong/gpsnav_ws/install/scout_mini_hardware/share/scout_mini_hardware/package.xml
[0.745s] Invoked command in '/home/bansong/gpsnav_ws/build/scout_mini_hardware' returned '0': CMAKE_PREFIX_PATH=${CMAKE_PREFIX_PATH}:/home/bansong/gpsnav_ws/install/ntrip_client:/home/bansong/gpsnav_ws/install/my_nav_pkg:/opt/ros/humble /usr/bin/cmake --install /home/bansong/gpsnav_ws/build/scout_mini_hardware
