[0.056s] DEBUG:colcon:Command line arguments: ['/usr/bin/colcon', 'build', '--packages-select', 'my_nav_pkg']
[0.056s] DEBUG:colcon:Parsed command line arguments: Namespace(log_base=None, log_level=None, verb_name='build', build_base='build', install_base='install', merge_install=False, symlink_install=False, test_result_base=None, continue_on_error=False, executor='parallel', parallel_workers=16, event_handlers=None, ignore_user_meta=False, metas=['./colcon.meta'], base_paths=['.'], packages_ignore=None, packages_ignore_regex=None, paths=None, packages_up_to=None, packages_up_to_regex=None, packages_above=None, packages_above_and_dependencies=None, packages_above_depth=None, packages_select_by_dep=None, packages_skip_by_dep=None, packages_skip_up_to=None, packages_select_build_failed=False, packages_skip_build_finished=False, packages_select_test_failures=False, packages_skip_test_passed=False, packages_select=['my_nav_pkg'], packages_skip=None, packages_select_regex=None, packages_skip_regex=None, packages_start=None, packages_end=None, allow_overriding=[], cmake_args=None, cmake_target=None, cmake_target_skip_unavailable=False, cmake_clean_cache=False, cmake_clean_first=False, cmake_force_configure=False, ament_cmake_args=None, catkin_cmake_args=None, catkin_skip_building_tests=False, verb_parser=<colcon_defaults.argument_parser.defaults.DefaultArgumentsDecorator object at 0x7da7e176d390>, verb_extension=<colcon_core.verb.build.BuildVerb object at 0x7da7e176c550>, main=<bound method BuildVerb.main of <colcon_core.verb.build.BuildVerb object at 0x7da7e176c550>>)
[0.144s] Level 1:colcon.colcon_core.package_discovery:discover_packages(colcon_meta) check parameters
[0.144s] Level 1:colcon.colcon_core.package_discovery:discover_packages(recursive) check parameters
[0.144s] Level 1:colcon.colcon_core.package_discovery:discover_packages(ignore) check parameters
[0.144s] Level 1:colcon.colcon_core.package_discovery:discover_packages(path) check parameters
[0.144s] Level 1:colcon.colcon_core.package_discovery:discover_packages(colcon_meta) discover
[0.144s] Level 1:colcon.colcon_core.package_discovery:discover_packages(recursive) discover
[0.144s] INFO:colcon.colcon_core.package_discovery:Crawling recursively for packages in '/home/bansong/gpsnav_ws'
[0.144s] Level 1:colcon.colcon_core.package_identification:_identify(.) by extensions ['ignore', 'ignore_ament_install']
[0.144s] Level 1:colcon.colcon_core.package_identification:_identify(.) by extension 'ignore'
[0.144s] Level 1:colcon.colcon_core.package_identification:_identify(.) by extension 'ignore_ament_install'
[0.144s] Level 1:colcon.colcon_core.package_identification:_identify(.) by extensions ['colcon_pkg']
[0.144s] Level 1:colcon.colcon_core.package_identification:_identify(.) by extension 'colcon_pkg'
[0.144s] Level 1:colcon.colcon_core.package_identification:_identify(.) by extensions ['colcon_meta']
[0.144s] Level 1:colcon.colcon_core.package_identification:_identify(.) by extension 'colcon_meta'
[0.144s] Level 1:colcon.colcon_core.package_identification:_identify(.) by extensions ['ros']
[0.144s] Level 1:colcon.colcon_core.package_identification:_identify(.) by extension 'ros'
[0.150s] Level 1:colcon.colcon_core.package_identification:_identify(.) by extensions ['cmake', 'python']
[0.150s] Level 1:colcon.colcon_core.package_identification:_identify(.) by extension 'cmake'
[0.150s] Level 1:colcon.colcon_core.package_identification:_identify(.) by extension 'python'
[0.150s] Level 1:colcon.colcon_core.package_identification:_identify(.) by extensions ['python_setup_py']
[0.150s] Level 1:colcon.colcon_core.package_identification:_identify(.) by extension 'python_setup_py'
[0.150s] Level 1:colcon.colcon_core.package_identification:_identify(build) by extensions ['ignore', 'ignore_ament_install']
[0.150s] Level 1:colcon.colcon_core.package_identification:_identify(build) by extension 'ignore'
[0.150s] Level 1:colcon.colcon_core.package_identification:_identify(build) ignored
[0.150s] Level 1:colcon.colcon_core.package_identification:_identify(install) by extensions ['ignore', 'ignore_ament_install']
[0.150s] Level 1:colcon.colcon_core.package_identification:_identify(install) by extension 'ignore'
[0.150s] Level 1:colcon.colcon_core.package_identification:_identify(install) ignored
[0.151s] Level 1:colcon.colcon_core.package_identification:_identify(log) by extensions ['ignore', 'ignore_ament_install']
[0.151s] Level 1:colcon.colcon_core.package_identification:_identify(log) by extension 'ignore'
[0.151s] Level 1:colcon.colcon_core.package_identification:_identify(log) ignored
[0.151s] Level 1:colcon.colcon_core.package_identification:_identify(src) by extensions ['ignore', 'ignore_ament_install']
[0.151s] Level 1:colcon.colcon_core.package_identification:_identify(src) by extension 'ignore'
[0.151s] Level 1:colcon.colcon_core.package_identification:_identify(src) by extension 'ignore_ament_install'
[0.151s] Level 1:colcon.colcon_core.package_identification:_identify(src) by extensions ['colcon_pkg']
[0.151s] Level 1:colcon.colcon_core.package_identification:_identify(src) by extension 'colcon_pkg'
[0.151s] Level 1:colcon.colcon_core.package_identification:_identify(src) by extensions ['colcon_meta']
[0.151s] Level 1:colcon.colcon_core.package_identification:_identify(src) by extension 'colcon_meta'
[0.151s] Level 1:colcon.colcon_core.package_identification:_identify(src) by extensions ['ros']
[0.151s] Level 1:colcon.colcon_core.package_identification:_identify(src) by extension 'ros'
[0.151s] Level 1:colcon.colcon_core.package_identification:_identify(src) by extensions ['cmake', 'python']
[0.151s] Level 1:colcon.colcon_core.package_identification:_identify(src) by extension 'cmake'
[0.151s] Level 1:colcon.colcon_core.package_identification:_identify(src) by extension 'python'
[0.151s] Level 1:colcon.colcon_core.package_identification:_identify(src) by extensions ['python_setup_py']
[0.151s] Level 1:colcon.colcon_core.package_identification:_identify(src) by extension 'python_setup_py'
[0.151s] Level 1:colcon.colcon_core.package_identification:_identify(src/my_nav_pkg) by extensions ['ignore', 'ignore_ament_install']
[0.151s] Level 1:colcon.colcon_core.package_identification:_identify(src/my_nav_pkg) by extension 'ignore'
[0.151s] Level 1:colcon.colcon_core.package_identification:_identify(src/my_nav_pkg) by extension 'ignore_ament_install'
[0.151s] Level 1:colcon.colcon_core.package_identification:_identify(src/my_nav_pkg) by extensions ['colcon_pkg']
[0.151s] Level 1:colcon.colcon_core.package_identification:_identify(src/my_nav_pkg) by extension 'colcon_pkg'
[0.151s] Level 1:colcon.colcon_core.package_identification:_identify(src/my_nav_pkg) by extensions ['colcon_meta']
[0.151s] Level 1:colcon.colcon_core.package_identification:_identify(src/my_nav_pkg) by extension 'colcon_meta'
[0.151s] Level 1:colcon.colcon_core.package_identification:_identify(src/my_nav_pkg) by extensions ['ros']
[0.151s] Level 1:colcon.colcon_core.package_identification:_identify(src/my_nav_pkg) by extension 'ros'
[0.152s] DEBUG:colcon.colcon_core.package_identification:Package 'src/my_nav_pkg' with type 'ros.ament_python' and name 'my_nav_pkg'
[0.152s] Level 1:colcon.colcon_core.package_identification:_identify(src/ntrip_client) by extensions ['ignore', 'ignore_ament_install']
[0.153s] Level 1:colcon.colcon_core.package_identification:_identify(src/ntrip_client) by extension 'ignore'
[0.153s] Level 1:colcon.colcon_core.package_identification:_identify(src/ntrip_client) by extension 'ignore_ament_install'
[0.153s] Level 1:colcon.colcon_core.package_identification:_identify(src/ntrip_client) by extensions ['colcon_pkg']
[0.153s] Level 1:colcon.colcon_core.package_identification:_identify(src/ntrip_client) by extension 'colcon_pkg'
[0.153s] Level 1:colcon.colcon_core.package_identification:_identify(src/ntrip_client) by extensions ['colcon_meta']
[0.153s] Level 1:colcon.colcon_core.package_identification:_identify(src/ntrip_client) by extension 'colcon_meta'
[0.153s] Level 1:colcon.colcon_core.package_identification:_identify(src/ntrip_client) by extensions ['ros']
[0.153s] Level 1:colcon.colcon_core.package_identification:_identify(src/ntrip_client) by extension 'ros'
[0.153s] DEBUG:colcon.colcon_core.package_identification:Package 'src/ntrip_client' with type 'ros.ament_python' and name 'ntrip_client'
[0.153s] Level 1:colcon.colcon_core.package_identification:_identify(src/ros2-ublox-zedf9p) by extensions ['ignore', 'ignore_ament_install']
[0.153s] Level 1:colcon.colcon_core.package_identification:_identify(src/ros2-ublox-zedf9p) by extension 'ignore'
[0.153s] Level 1:colcon.colcon_core.package_identification:_identify(src/ros2-ublox-zedf9p) by extension 'ignore_ament_install'
[0.153s] Level 1:colcon.colcon_core.package_identification:_identify(src/ros2-ublox-zedf9p) by extensions ['colcon_pkg']
[0.153s] Level 1:colcon.colcon_core.package_identification:_identify(src/ros2-ublox-zedf9p) by extension 'colcon_pkg'
[0.153s] Level 1:colcon.colcon_core.package_identification:_identify(src/ros2-ublox-zedf9p) by extensions ['colcon_meta']
[0.153s] Level 1:colcon.colcon_core.package_identification:_identify(src/ros2-ublox-zedf9p) by extension 'colcon_meta'
[0.153s] Level 1:colcon.colcon_core.package_identification:_identify(src/ros2-ublox-zedf9p) by extensions ['ros']
[0.153s] Level 1:colcon.colcon_core.package_identification:_identify(src/ros2-ublox-zedf9p) by extension 'ros'
[0.153s] Level 1:colcon.colcon_core.package_identification:_identify(src/ros2-ublox-zedf9p) by extensions ['cmake', 'python']
[0.153s] Level 1:colcon.colcon_core.package_identification:_identify(src/ros2-ublox-zedf9p) by extension 'cmake'
[0.153s] Level 1:colcon.colcon_core.package_identification:_identify(src/ros2-ublox-zedf9p) by extension 'python'
[0.153s] Level 1:colcon.colcon_core.package_identification:_identify(src/ros2-ublox-zedf9p) by extensions ['python_setup_py']
[0.153s] Level 1:colcon.colcon_core.package_identification:_identify(src/ros2-ublox-zedf9p) by extension 'python_setup_py'
[0.153s] Level 1:colcon.colcon_core.package_identification:_identify(src/ros2-ublox-zedf9p/pics) by extensions ['ignore', 'ignore_ament_install']
[0.153s] Level 1:colcon.colcon_core.package_identification:_identify(src/ros2-ublox-zedf9p/pics) by extension 'ignore'
[0.154s] Level 1:colcon.colcon_core.package_identification:_identify(src/ros2-ublox-zedf9p/pics) by extension 'ignore_ament_install'
[0.154s] Level 1:colcon.colcon_core.package_identification:_identify(src/ros2-ublox-zedf9p/pics) by extensions ['colcon_pkg']
[0.154s] Level 1:colcon.colcon_core.package_identification:_identify(src/ros2-ublox-zedf9p/pics) by extension 'colcon_pkg'
[0.154s] Level 1:colcon.colcon_core.package_identification:_identify(src/ros2-ublox-zedf9p/pics) by extensions ['colcon_meta']
[0.154s] Level 1:colcon.colcon_core.package_identification:_identify(src/ros2-ublox-zedf9p/pics) by extension 'colcon_meta'
[0.154s] Level 1:colcon.colcon_core.package_identification:_identify(src/ros2-ublox-zedf9p/pics) by extensions ['ros']
[0.154s] Level 1:colcon.colcon_core.package_identification:_identify(src/ros2-ublox-zedf9p/pics) by extension 'ros'
[0.154s] Level 1:colcon.colcon_core.package_identification:_identify(src/ros2-ublox-zedf9p/pics) by extensions ['cmake', 'python']
[0.154s] Level 1:colcon.colcon_core.package_identification:_identify(src/ros2-ublox-zedf9p/pics) by extension 'cmake'
[0.154s] Level 1:colcon.colcon_core.package_identification:_identify(src/ros2-ublox-zedf9p/pics) by extension 'python'
[0.154s] Level 1:colcon.colcon_core.package_identification:_identify(src/ros2-ublox-zedf9p/pics) by extensions ['python_setup_py']
[0.154s] Level 1:colcon.colcon_core.package_identification:_identify(src/ros2-ublox-zedf9p/pics) by extension 'python_setup_py'
[0.154s] Level 1:colcon.colcon_core.package_identification:_identify(src/ros2-ublox-zedf9p/ublox) by extensions ['ignore', 'ignore_ament_install']
[0.154s] Level 1:colcon.colcon_core.package_identification:_identify(src/ros2-ublox-zedf9p/ublox) by extension 'ignore'
[0.154s] Level 1:colcon.colcon_core.package_identification:_identify(src/ros2-ublox-zedf9p/ublox) by extension 'ignore_ament_install'
[0.154s] Level 1:colcon.colcon_core.package_identification:_identify(src/ros2-ublox-zedf9p/ublox) by extensions ['colcon_pkg']
[0.154s] Level 1:colcon.colcon_core.package_identification:_identify(src/ros2-ublox-zedf9p/ublox) by extension 'colcon_pkg'
[0.154s] Level 1:colcon.colcon_core.package_identification:_identify(src/ros2-ublox-zedf9p/ublox) by extensions ['colcon_meta']
[0.154s] Level 1:colcon.colcon_core.package_identification:_identify(src/ros2-ublox-zedf9p/ublox) by extension 'colcon_meta'
[0.154s] Level 1:colcon.colcon_core.package_identification:_identify(src/ros2-ublox-zedf9p/ublox) by extensions ['ros']
[0.154s] Level 1:colcon.colcon_core.package_identification:_identify(src/ros2-ublox-zedf9p/ublox) by extension 'ros'
[0.154s] DEBUG:colcon.colcon_core.package_identification:Package 'src/ros2-ublox-zedf9p/ublox' with type 'ros.ament_cmake' and name 'ublox'
[0.154s] Level 1:colcon.colcon_core.package_identification:_identify(src/ros2-ublox-zedf9p/ublox_gps) by extensions ['ignore', 'ignore_ament_install']
[0.154s] Level 1:colcon.colcon_core.package_identification:_identify(src/ros2-ublox-zedf9p/ublox_gps) by extension 'ignore'
[0.154s] Level 1:colcon.colcon_core.package_identification:_identify(src/ros2-ublox-zedf9p/ublox_gps) by extension 'ignore_ament_install'
[0.154s] Level 1:colcon.colcon_core.package_identification:_identify(src/ros2-ublox-zedf9p/ublox_gps) by extensions ['colcon_pkg']
[0.154s] Level 1:colcon.colcon_core.package_identification:_identify(src/ros2-ublox-zedf9p/ublox_gps) by extension 'colcon_pkg'
[0.154s] Level 1:colcon.colcon_core.package_identification:_identify(src/ros2-ublox-zedf9p/ublox_gps) by extensions ['colcon_meta']
[0.154s] Level 1:colcon.colcon_core.package_identification:_identify(src/ros2-ublox-zedf9p/ublox_gps) by extension 'colcon_meta'
[0.154s] Level 1:colcon.colcon_core.package_identification:_identify(src/ros2-ublox-zedf9p/ublox_gps) by extensions ['ros']
[0.154s] Level 1:colcon.colcon_core.package_identification:_identify(src/ros2-ublox-zedf9p/ublox_gps) by extension 'ros'
[0.155s] DEBUG:colcon.colcon_core.package_identification:Package 'src/ros2-ublox-zedf9p/ublox_gps' with type 'ros.ament_cmake' and name 'ublox_gps'
[0.155s] Level 1:colcon.colcon_core.package_identification:_identify(src/ros2-ublox-zedf9p/ublox_msgs) by extensions ['ignore', 'ignore_ament_install']
[0.155s] Level 1:colcon.colcon_core.package_identification:_identify(src/ros2-ublox-zedf9p/ublox_msgs) by extension 'ignore'
[0.155s] Level 1:colcon.colcon_core.package_identification:_identify(src/ros2-ublox-zedf9p/ublox_msgs) by extension 'ignore_ament_install'
[0.155s] Level 1:colcon.colcon_core.package_identification:_identify(src/ros2-ublox-zedf9p/ublox_msgs) by extensions ['colcon_pkg']
[0.155s] Level 1:colcon.colcon_core.package_identification:_identify(src/ros2-ublox-zedf9p/ublox_msgs) by extension 'colcon_pkg'
[0.155s] Level 1:colcon.colcon_core.package_identification:_identify(src/ros2-ublox-zedf9p/ublox_msgs) by extensions ['colcon_meta']
[0.155s] Level 1:colcon.colcon_core.package_identification:_identify(src/ros2-ublox-zedf9p/ublox_msgs) by extension 'colcon_meta'
[0.155s] Level 1:colcon.colcon_core.package_identification:_identify(src/ros2-ublox-zedf9p/ublox_msgs) by extensions ['ros']
[0.155s] Level 1:colcon.colcon_core.package_identification:_identify(src/ros2-ublox-zedf9p/ublox_msgs) by extension 'ros'
[0.156s] DEBUG:colcon.colcon_core.package_identification:Package 'src/ros2-ublox-zedf9p/ublox_msgs' with type 'ros.ament_cmake' and name 'ublox_msgs'
[0.156s] Level 1:colcon.colcon_core.package_identification:_identify(src/ros2-ublox-zedf9p/ublox_serialization) by extensions ['ignore', 'ignore_ament_install']
[0.156s] Level 1:colcon.colcon_core.package_identification:_identify(src/ros2-ublox-zedf9p/ublox_serialization) by extension 'ignore'
[0.156s] Level 1:colcon.colcon_core.package_identification:_identify(src/ros2-ublox-zedf9p/ublox_serialization) by extension 'ignore_ament_install'
[0.156s] Level 1:colcon.colcon_core.package_identification:_identify(src/ros2-ublox-zedf9p/ublox_serialization) by extensions ['colcon_pkg']
[0.156s] Level 1:colcon.colcon_core.package_identification:_identify(src/ros2-ublox-zedf9p/ublox_serialization) by extension 'colcon_pkg'
[0.156s] Level 1:colcon.colcon_core.package_identification:_identify(src/ros2-ublox-zedf9p/ublox_serialization) by extensions ['colcon_meta']
[0.156s] Level 1:colcon.colcon_core.package_identification:_identify(src/ros2-ublox-zedf9p/ublox_serialization) by extension 'colcon_meta'
[0.156s] Level 1:colcon.colcon_core.package_identification:_identify(src/ros2-ublox-zedf9p/ublox_serialization) by extensions ['ros']
[0.156s] Level 1:colcon.colcon_core.package_identification:_identify(src/ros2-ublox-zedf9p/ublox_serialization) by extension 'ros'
[0.156s] DEBUG:colcon.colcon_core.package_identification:Package 'src/ros2-ublox-zedf9p/ublox_serialization' with type 'ros.ament_cmake' and name 'ublox_serialization'
[0.156s] Level 1:colcon.colcon_core.package_identification:_identify(src/scout_mini_ros2) by extensions ['ignore', 'ignore_ament_install']
[0.156s] Level 1:colcon.colcon_core.package_identification:_identify(src/scout_mini_ros2) by extension 'ignore'
[0.156s] Level 1:colcon.colcon_core.package_identification:_identify(src/scout_mini_ros2) by extension 'ignore_ament_install'
[0.156s] Level 1:colcon.colcon_core.package_identification:_identify(src/scout_mini_ros2) by extensions ['colcon_pkg']
[0.156s] Level 1:colcon.colcon_core.package_identification:_identify(src/scout_mini_ros2) by extension 'colcon_pkg'
[0.156s] Level 1:colcon.colcon_core.package_identification:_identify(src/scout_mini_ros2) by extensions ['colcon_meta']
[0.156s] Level 1:colcon.colcon_core.package_identification:_identify(src/scout_mini_ros2) by extension 'colcon_meta'
[0.156s] Level 1:colcon.colcon_core.package_identification:_identify(src/scout_mini_ros2) by extensions ['ros']
[0.156s] Level 1:colcon.colcon_core.package_identification:_identify(src/scout_mini_ros2) by extension 'ros'
[0.156s] Level 1:colcon.colcon_core.package_identification:_identify(src/scout_mini_ros2) by extensions ['cmake', 'python']
[0.156s] Level 1:colcon.colcon_core.package_identification:_identify(src/scout_mini_ros2) by extension 'cmake'
[0.156s] Level 1:colcon.colcon_core.package_identification:_identify(src/scout_mini_ros2) by extension 'python'
[0.156s] Level 1:colcon.colcon_core.package_identification:_identify(src/scout_mini_ros2) by extensions ['python_setup_py']
[0.156s] Level 1:colcon.colcon_core.package_identification:_identify(src/scout_mini_ros2) by extension 'python_setup_py'
[0.156s] Level 1:colcon.colcon_core.package_identification:_identify(src/scout_mini_ros2/scout_mini_base) by extensions ['ignore', 'ignore_ament_install']
[0.156s] Level 1:colcon.colcon_core.package_identification:_identify(src/scout_mini_ros2/scout_mini_base) by extension 'ignore'
[0.157s] Level 1:colcon.colcon_core.package_identification:_identify(src/scout_mini_ros2/scout_mini_base) by extension 'ignore_ament_install'
[0.157s] Level 1:colcon.colcon_core.package_identification:_identify(src/scout_mini_ros2/scout_mini_base) by extensions ['colcon_pkg']
[0.157s] Level 1:colcon.colcon_core.package_identification:_identify(src/scout_mini_ros2/scout_mini_base) by extension 'colcon_pkg'
[0.157s] Level 1:colcon.colcon_core.package_identification:_identify(src/scout_mini_ros2/scout_mini_base) by extensions ['colcon_meta']
[0.157s] Level 1:colcon.colcon_core.package_identification:_identify(src/scout_mini_ros2/scout_mini_base) by extension 'colcon_meta'
[0.157s] Level 1:colcon.colcon_core.package_identification:_identify(src/scout_mini_ros2/scout_mini_base) by extensions ['ros']
[0.157s] Level 1:colcon.colcon_core.package_identification:_identify(src/scout_mini_ros2/scout_mini_base) by extension 'ros'
[0.157s] DEBUG:colcon.colcon_core.package_identification:Package 'src/scout_mini_ros2/scout_mini_base' with type 'ros.ament_cmake' and name 'scout_mini_base'
[0.157s] Level 1:colcon.colcon_core.package_identification:_identify(src/scout_mini_ros2/scout_mini_description) by extensions ['ignore', 'ignore_ament_install']
[0.157s] Level 1:colcon.colcon_core.package_identification:_identify(src/scout_mini_ros2/scout_mini_description) by extension 'ignore'
[0.157s] Level 1:colcon.colcon_core.package_identification:_identify(src/scout_mini_ros2/scout_mini_description) by extension 'ignore_ament_install'
[0.157s] Level 1:colcon.colcon_core.package_identification:_identify(src/scout_mini_ros2/scout_mini_description) by extensions ['colcon_pkg']
[0.157s] Level 1:colcon.colcon_core.package_identification:_identify(src/scout_mini_ros2/scout_mini_description) by extension 'colcon_pkg'
[0.157s] Level 1:colcon.colcon_core.package_identification:_identify(src/scout_mini_ros2/scout_mini_description) by extensions ['colcon_meta']
[0.157s] Level 1:colcon.colcon_core.package_identification:_identify(src/scout_mini_ros2/scout_mini_description) by extension 'colcon_meta'
[0.157s] Level 1:colcon.colcon_core.package_identification:_identify(src/scout_mini_ros2/scout_mini_description) by extensions ['ros']
[0.157s] Level 1:colcon.colcon_core.package_identification:_identify(src/scout_mini_ros2/scout_mini_description) by extension 'ros'
[0.157s] DEBUG:colcon.colcon_core.package_identification:Package 'src/scout_mini_ros2/scout_mini_description' with type 'ros.ament_cmake' and name 'scout_mini_description'
[0.157s] Level 1:colcon.colcon_core.package_identification:_identify(src/scout_mini_ros2/scout_mini_hardware) by extensions ['ignore', 'ignore_ament_install']
[0.157s] Level 1:colcon.colcon_core.package_identification:_identify(src/scout_mini_ros2/scout_mini_hardware) by extension 'ignore'
[0.158s] Level 1:colcon.colcon_core.package_identification:_identify(src/scout_mini_ros2/scout_mini_hardware) by extension 'ignore_ament_install'
[0.158s] Level 1:colcon.colcon_core.package_identification:_identify(src/scout_mini_ros2/scout_mini_hardware) by extensions ['colcon_pkg']
[0.158s] Level 1:colcon.colcon_core.package_identification:_identify(src/scout_mini_ros2/scout_mini_hardware) by extension 'colcon_pkg'
[0.158s] Level 1:colcon.colcon_core.package_identification:_identify(src/scout_mini_ros2/scout_mini_hardware) by extensions ['colcon_meta']
[0.158s] Level 1:colcon.colcon_core.package_identification:_identify(src/scout_mini_ros2/scout_mini_hardware) by extension 'colcon_meta'
[0.158s] Level 1:colcon.colcon_core.package_identification:_identify(src/scout_mini_ros2/scout_mini_hardware) by extensions ['ros']
[0.158s] Level 1:colcon.colcon_core.package_identification:_identify(src/scout_mini_ros2/scout_mini_hardware) by extension 'ros'
[0.158s] DEBUG:colcon.colcon_core.package_identification:Package 'src/scout_mini_ros2/scout_mini_hardware' with type 'ros.ament_cmake' and name 'scout_mini_hardware'
[0.158s] Level 1:colcon.colcon_core.package_identification:_identify(src/scout_mini_ros2/scout_mini_msgs) by extensions ['ignore', 'ignore_ament_install']
[0.158s] Level 1:colcon.colcon_core.package_identification:_identify(src/scout_mini_ros2/scout_mini_msgs) by extension 'ignore'
[0.158s] Level 1:colcon.colcon_core.package_identification:_identify(src/scout_mini_ros2/scout_mini_msgs) by extension 'ignore_ament_install'
[0.158s] Level 1:colcon.colcon_core.package_identification:_identify(src/scout_mini_ros2/scout_mini_msgs) by extensions ['colcon_pkg']
[0.158s] Level 1:colcon.colcon_core.package_identification:_identify(src/scout_mini_ros2/scout_mini_msgs) by extension 'colcon_pkg'
[0.158s] Level 1:colcon.colcon_core.package_identification:_identify(src/scout_mini_ros2/scout_mini_msgs) by extensions ['colcon_meta']
[0.158s] Level 1:colcon.colcon_core.package_identification:_identify(src/scout_mini_ros2/scout_mini_msgs) by extension 'colcon_meta'
[0.158s] Level 1:colcon.colcon_core.package_identification:_identify(src/scout_mini_ros2/scout_mini_msgs) by extensions ['ros']
[0.158s] Level 1:colcon.colcon_core.package_identification:_identify(src/scout_mini_ros2/scout_mini_msgs) by extension 'ros'
[0.159s] DEBUG:colcon.colcon_core.package_identification:Package 'src/scout_mini_ros2/scout_mini_msgs' with type 'ros.ament_cmake' and name 'scout_mini_msgs'
[0.159s] Level 1:colcon.colcon_core.package_identification:_identify(src/scout_mini_ros2/scout_mini_ros2) by extensions ['ignore', 'ignore_ament_install']
[0.159s] Level 1:colcon.colcon_core.package_identification:_identify(src/scout_mini_ros2/scout_mini_ros2) by extension 'ignore'
[0.159s] Level 1:colcon.colcon_core.package_identification:_identify(src/scout_mini_ros2/scout_mini_ros2) by extension 'ignore_ament_install'
[0.159s] Level 1:colcon.colcon_core.package_identification:_identify(src/scout_mini_ros2/scout_mini_ros2) by extensions ['colcon_pkg']
[0.159s] Level 1:colcon.colcon_core.package_identification:_identify(src/scout_mini_ros2/scout_mini_ros2) by extension 'colcon_pkg'
[0.159s] Level 1:colcon.colcon_core.package_identification:_identify(src/scout_mini_ros2/scout_mini_ros2) by extensions ['colcon_meta']
[0.159s] Level 1:colcon.colcon_core.package_identification:_identify(src/scout_mini_ros2/scout_mini_ros2) by extension 'colcon_meta'
[0.159s] Level 1:colcon.colcon_core.package_identification:_identify(src/scout_mini_ros2/scout_mini_ros2) by extensions ['ros']
[0.159s] Level 1:colcon.colcon_core.package_identification:_identify(src/scout_mini_ros2/scout_mini_ros2) by extension 'ros'
[0.159s] DEBUG:colcon.colcon_core.package_identification:Package 'src/scout_mini_ros2/scout_mini_ros2' with type 'ros.ament_cmake' and name 'scout_mini_ros2'
[0.159s] Level 1:colcon.colcon_core.package_identification:_identify(src/sllidar_ros2) by extensions ['ignore', 'ignore_ament_install']
[0.159s] Level 1:colcon.colcon_core.package_identification:_identify(src/sllidar_ros2) by extension 'ignore'
[0.159s] Level 1:colcon.colcon_core.package_identification:_identify(src/sllidar_ros2) by extension 'ignore_ament_install'
[0.159s] Level 1:colcon.colcon_core.package_identification:_identify(src/sllidar_ros2) by extensions ['colcon_pkg']
[0.159s] Level 1:colcon.colcon_core.package_identification:_identify(src/sllidar_ros2) by extension 'colcon_pkg'
[0.159s] Level 1:colcon.colcon_core.package_identification:_identify(src/sllidar_ros2) by extensions ['colcon_meta']
[0.159s] Level 1:colcon.colcon_core.package_identification:_identify(src/sllidar_ros2) by extension 'colcon_meta'
[0.159s] Level 1:colcon.colcon_core.package_identification:_identify(src/sllidar_ros2) by extensions ['ros']
[0.159s] Level 1:colcon.colcon_core.package_identification:_identify(src/sllidar_ros2) by extension 'ros'
[0.160s] DEBUG:colcon.colcon_core.package_identification:Package 'src/sllidar_ros2' with type 'ros.ament_cmake' and name 'sllidar_ros2'
[0.160s] Level 1:colcon.colcon_core.package_discovery:discover_packages(recursive) using defaults
[0.160s] Level 1:colcon.colcon_core.package_discovery:discover_packages(ignore) discover
[0.160s] Level 1:colcon.colcon_core.package_discovery:discover_packages(ignore) using defaults
[0.160s] Level 1:colcon.colcon_core.package_discovery:discover_packages(path) discover
[0.160s] Level 1:colcon.colcon_core.package_discovery:discover_packages(path) using defaults
[0.177s] INFO:colcon.colcon_core.package_selection:Skipping not selected package 'ntrip_client' in 'src/ntrip_client'
[0.177s] INFO:colcon.colcon_core.package_selection:Skipping not selected package 'scout_mini_base' in 'src/scout_mini_ros2/scout_mini_base'
[0.177s] INFO:colcon.colcon_core.package_selection:Skipping not selected package 'scout_mini_description' in 'src/scout_mini_ros2/scout_mini_description'
[0.177s] INFO:colcon.colcon_core.package_selection:Skipping not selected package 'scout_mini_hardware' in 'src/scout_mini_ros2/scout_mini_hardware'
[0.177s] INFO:colcon.colcon_core.package_selection:Skipping not selected package 'scout_mini_msgs' in 'src/scout_mini_ros2/scout_mini_msgs'
[0.177s] INFO:colcon.colcon_core.package_selection:Skipping not selected package 'sllidar_ros2' in 'src/sllidar_ros2'
[0.177s] INFO:colcon.colcon_core.package_selection:Skipping not selected package 'ublox_serialization' in 'src/ros2-ublox-zedf9p/ublox_serialization'
[0.177s] INFO:colcon.colcon_core.package_selection:Skipping not selected package 'scout_mini_ros2' in 'src/scout_mini_ros2/scout_mini_ros2'
[0.177s] INFO:colcon.colcon_core.package_selection:Skipping not selected package 'ublox_msgs' in 'src/ros2-ublox-zedf9p/ublox_msgs'
[0.177s] INFO:colcon.colcon_core.package_selection:Skipping not selected package 'ublox_gps' in 'src/ros2-ublox-zedf9p/ublox_gps'
[0.177s] INFO:colcon.colcon_core.package_selection:Skipping not selected package 'ublox' in 'src/ros2-ublox-zedf9p/ublox'
[0.178s] Level 1:colcon.colcon_core.package_discovery:discover_packages(prefix_path) check parameters
[0.178s] Level 1:colcon.colcon_core.package_discovery:discover_packages(prefix_path) discover
[0.179s] DEBUG:colcon.colcon_installed_package_information.package_discovery:Found 369 installed packages in /opt/ros/humble
[0.180s] Level 1:colcon.colcon_core.package_discovery:discover_packages(prefix_path) using defaults
[0.204s] Level 5:colcon.colcon_core.verb:set package 'my_nav_pkg' build argument 'cmake_args' from command line to 'None'
[0.204s] Level 5:colcon.colcon_core.verb:set package 'my_nav_pkg' build argument 'cmake_target' from command line to 'None'
[0.204s] Level 5:colcon.colcon_core.verb:set package 'my_nav_pkg' build argument 'cmake_target_skip_unavailable' from command line to 'False'
[0.204s] Level 5:colcon.colcon_core.verb:set package 'my_nav_pkg' build argument 'cmake_clean_cache' from command line to 'False'
[0.204s] Level 5:colcon.colcon_core.verb:set package 'my_nav_pkg' build argument 'cmake_clean_first' from command line to 'False'
[0.204s] Level 5:colcon.colcon_core.verb:set package 'my_nav_pkg' build argument 'cmake_force_configure' from command line to 'False'
[0.204s] Level 5:colcon.colcon_core.verb:set package 'my_nav_pkg' build argument 'ament_cmake_args' from command line to 'None'
[0.204s] Level 5:colcon.colcon_core.verb:set package 'my_nav_pkg' build argument 'catkin_cmake_args' from command line to 'None'
[0.204s] Level 5:colcon.colcon_core.verb:set package 'my_nav_pkg' build argument 'catkin_skip_building_tests' from command line to 'False'
[0.204s] DEBUG:colcon.colcon_core.verb:Building package 'my_nav_pkg' with the following arguments: {'ament_cmake_args': None, 'build_base': '/home/bansong/gpsnav_ws/build/my_nav_pkg', 'catkin_cmake_args': None, 'catkin_skip_building_tests': False, 'cmake_args': None, 'cmake_clean_cache': False, 'cmake_clean_first': False, 'cmake_force_configure': False, 'cmake_target': None, 'cmake_target_skip_unavailable': False, 'install_base': '/home/bansong/gpsnav_ws/install/my_nav_pkg', 'merge_install': False, 'path': '/home/bansong/gpsnav_ws/src/my_nav_pkg', 'symlink_install': False, 'test_result_base': None}
[0.204s] INFO:colcon.colcon_core.executor:Executing jobs using 'parallel' executor
[0.205s] DEBUG:colcon.colcon_parallel_executor.executor.parallel:run_until_complete
[0.205s] INFO:colcon.colcon_ros.task.ament_python.build:Building ROS package in '/home/bansong/gpsnav_ws/src/my_nav_pkg' with build type 'ament_python'
[0.212s] Level 1:colcon.colcon_core.shell:create_environment_hook('my_nav_pkg', 'ament_prefix_path')
[0.214s] INFO:colcon.colcon_core.plugin_system:Skipping extension 'colcon_core.shell.bat': Not used on non-Windows systems
[0.214s] INFO:colcon.colcon_core.shell:Creating environment hook '/home/bansong/gpsnav_ws/install/my_nav_pkg/share/my_nav_pkg/hook/ament_prefix_path.ps1'
[0.215s] INFO:colcon.colcon_core.shell:Creating environment descriptor '/home/bansong/gpsnav_ws/install/my_nav_pkg/share/my_nav_pkg/hook/ament_prefix_path.dsv'
[0.215s] INFO:colcon.colcon_core.shell:Creating environment hook '/home/bansong/gpsnav_ws/install/my_nav_pkg/share/my_nav_pkg/hook/ament_prefix_path.sh'
[0.215s] INFO:colcon.colcon_core.shell:Skip shell extension 'powershell' for command environment: Not usable outside of PowerShell
[0.215s] DEBUG:colcon.colcon_core.shell:Skip shell extension 'dsv' for command environment
[0.362s] INFO:colcon.colcon_core.task.python.build:Building Python package in '/home/bansong/gpsnav_ws/src/my_nav_pkg'
[0.362s] INFO:colcon.colcon_core.shell:Skip shell extension 'powershell' for command environment: Not usable outside of PowerShell
[0.362s] DEBUG:colcon.colcon_core.shell:Skip shell extension 'dsv' for command environment
[0.560s] DEBUG:colcon.colcon_core.event_handler.log_command:Invoking command in '/home/bansong/gpsnav_ws/src/my_nav_pkg': PYTHONPATH=/home/bansong/gpsnav_ws/build/my_nav_pkg/prefix_override:/usr/lib/python3/dist-packages/colcon_core/task/python/colcon_distutils_commands:/home/bansong/gpsnav_ws/install/my_nav_pkg/lib/python3.10/site-packages:${PYTHONPATH} /usr/bin/python3 -W ignore:setup.py install is deprecated -W ignore:easy_install command is deprecated setup.py egg_info --egg-base ../../build/my_nav_pkg build --build-base /home/bansong/gpsnav_ws/build/my_nav_pkg/build install --record /home/bansong/gpsnav_ws/build/my_nav_pkg/install.log --single-version-externally-managed install_data
[0.716s] DEBUG:colcon.colcon_core.event_handler.log_command:Invoked command in '/home/bansong/gpsnav_ws/src/my_nav_pkg' returned '0': PYTHONPATH=/home/bansong/gpsnav_ws/build/my_nav_pkg/prefix_override:/usr/lib/python3/dist-packages/colcon_core/task/python/colcon_distutils_commands:/home/bansong/gpsnav_ws/install/my_nav_pkg/lib/python3.10/site-packages:${PYTHONPATH} /usr/bin/python3 -W ignore:setup.py install is deprecated -W ignore:easy_install command is deprecated setup.py egg_info --egg-base ../../build/my_nav_pkg build --build-base /home/bansong/gpsnav_ws/build/my_nav_pkg/build install --record /home/bansong/gpsnav_ws/build/my_nav_pkg/install.log --single-version-externally-managed install_data
[0.717s] Level 1:colcon.colcon_core.environment:checking '/home/bansong/gpsnav_ws/install/my_nav_pkg' for CMake module files
[0.717s] Level 1:colcon.colcon_core.environment:checking '/home/bansong/gpsnav_ws/install/my_nav_pkg' for CMake config files
[0.718s] Level 1:colcon.colcon_core.environment:checking '/home/bansong/gpsnav_ws/install/my_nav_pkg/lib'
[0.718s] Level 1:colcon.colcon_core.environment:checking '/home/bansong/gpsnav_ws/install/my_nav_pkg/bin'
[0.718s] Level 1:colcon.colcon_core.environment:checking '/home/bansong/gpsnav_ws/install/my_nav_pkg/lib/pkgconfig/my_nav_pkg.pc'
[0.718s] Level 1:colcon.colcon_core.environment:checking '/home/bansong/gpsnav_ws/install/my_nav_pkg/lib/python3.10/site-packages'
[0.718s] Level 1:colcon.colcon_core.shell:create_environment_hook('my_nav_pkg', 'pythonpath')
[0.718s] INFO:colcon.colcon_core.shell:Creating environment hook '/home/bansong/gpsnav_ws/install/my_nav_pkg/share/my_nav_pkg/hook/pythonpath.ps1'
[0.718s] INFO:colcon.colcon_core.shell:Creating environment descriptor '/home/bansong/gpsnav_ws/install/my_nav_pkg/share/my_nav_pkg/hook/pythonpath.dsv'
[0.719s] INFO:colcon.colcon_core.shell:Creating environment hook '/home/bansong/gpsnav_ws/install/my_nav_pkg/share/my_nav_pkg/hook/pythonpath.sh'
[0.719s] Level 1:colcon.colcon_core.environment:checking '/home/bansong/gpsnav_ws/install/my_nav_pkg/bin'
[0.719s] Level 1:colcon.colcon_core.environment:create_environment_scripts_only(my_nav_pkg)
[0.719s] INFO:colcon.colcon_core.shell:Creating package script '/home/bansong/gpsnav_ws/install/my_nav_pkg/share/my_nav_pkg/package.ps1'
[0.720s] INFO:colcon.colcon_core.shell:Creating package descriptor '/home/bansong/gpsnav_ws/install/my_nav_pkg/share/my_nav_pkg/package.dsv'
[0.720s] INFO:colcon.colcon_core.shell:Creating package script '/home/bansong/gpsnav_ws/install/my_nav_pkg/share/my_nav_pkg/package.sh'
[0.720s] INFO:colcon.colcon_core.shell:Creating package script '/home/bansong/gpsnav_ws/install/my_nav_pkg/share/my_nav_pkg/package.bash'
[0.721s] INFO:colcon.colcon_core.shell:Creating package script '/home/bansong/gpsnav_ws/install/my_nav_pkg/share/my_nav_pkg/package.zsh'
[0.721s] Level 1:colcon.colcon_core.environment:create_file_with_runtime_dependencies(/home/bansong/gpsnav_ws/install/my_nav_pkg/share/colcon-core/packages/my_nav_pkg)
[0.721s] DEBUG:colcon.colcon_parallel_executor.executor.parallel:closing loop
[0.721s] DEBUG:colcon.colcon_parallel_executor.executor.parallel:loop closed
[0.721s] DEBUG:colcon.colcon_parallel_executor.executor.parallel:run_until_complete finished with '0'
[0.721s] DEBUG:colcon.colcon_core.event_reactor:joining thread
[0.725s] INFO:colcon.colcon_core.plugin_system:Skipping extension 'colcon_notification.desktop_notification.terminal_notifier': Not used on non-Darwin systems
[0.725s] INFO:colcon.colcon_core.plugin_system:Skipping extension 'colcon_notification.desktop_notification.win32': Not used on non-Windows systems
[0.725s] INFO:colcon.colcon_notification.desktop_notification:Sending desktop notification using 'notify2'
[0.731s] DEBUG:colcon.colcon_core.event_reactor:joined thread
[0.732s] INFO:colcon.colcon_core.shell:Creating prefix script '/home/bansong/gpsnav_ws/install/local_setup.ps1'
[0.733s] INFO:colcon.colcon_core.shell:Creating prefix util module '/home/bansong/gpsnav_ws/install/_local_setup_util_ps1.py'
[0.733s] INFO:colcon.colcon_core.shell:Creating prefix chain script '/home/bansong/gpsnav_ws/install/setup.ps1'
[0.734s] INFO:colcon.colcon_core.shell:Creating prefix script '/home/bansong/gpsnav_ws/install/local_setup.sh'
[0.734s] INFO:colcon.colcon_core.shell:Creating prefix util module '/home/bansong/gpsnav_ws/install/_local_setup_util_sh.py'
[0.734s] INFO:colcon.colcon_core.shell:Creating prefix chain script '/home/bansong/gpsnav_ws/install/setup.sh'
[0.735s] INFO:colcon.colcon_core.shell:Creating prefix script '/home/bansong/gpsnav_ws/install/local_setup.bash'
[0.735s] INFO:colcon.colcon_core.shell:Creating prefix chain script '/home/bansong/gpsnav_ws/install/setup.bash'
[0.735s] INFO:colcon.colcon_core.shell:Creating prefix script '/home/bansong/gpsnav_ws/install/local_setup.zsh'
[0.736s] INFO:colcon.colcon_core.shell:Creating prefix chain script '/home/bansong/gpsnav_ws/install/setup.zsh'
