running egg_info
creating ../../build/my_nav_pkg/my_nav_pkg.egg-info
writing ../../build/my_nav_pkg/my_nav_pkg.egg-info/PKG-INFO
writing dependency_links to ../../build/my_nav_pkg/my_nav_pkg.egg-info/dependency_links.txt
writing entry points to ../../build/my_nav_pkg/my_nav_pkg.egg-info/entry_points.txt
writing requirements to ../../build/my_nav_pkg/my_nav_pkg.egg-info/requires.txt
writing top-level names to ../../build/my_nav_pkg/my_nav_pkg.egg-info/top_level.txt
writing manifest file '../../build/my_nav_pkg/my_nav_pkg.egg-info/SOURCES.txt'
reading manifest file '../../build/my_nav_pkg/my_nav_pkg.egg-info/SOURCES.txt'
writing manifest file '../../build/my_nav_pkg/my_nav_pkg.egg-info/SOURCES.txt'
running build
running build_py
creating /home/bansong/gpsnav_ws/build/my_nav_pkg/build
creating /home/bansong/gpsnav_ws/build/my_nav_pkg/build/lib
creating /home/bansong/gpsnav_ws/build/my_nav_pkg/build/lib/my_nav_pkg
copying my_nav_pkg/waypoint_recorder_node.py -> /home/bansong/gpsnav_ws/build/my_nav_pkg/build/lib/my_nav_pkg
copying my_nav_pkg/__init__.py -> /home/bansong/gpsnav_ws/build/my_nav_pkg/build/lib/my_nav_pkg
running install
running install_lib
creating /home/bansong/gpsnav_ws/install/my_nav_pkg/lib/python3.10/site-packages/my_nav_pkg
copying /home/bansong/gpsnav_ws/build/my_nav_pkg/build/lib/my_nav_pkg/waypoint_recorder_node.py -> /home/bansong/gpsnav_ws/install/my_nav_pkg/lib/python3.10/site-packages/my_nav_pkg
copying /home/bansong/gpsnav_ws/build/my_nav_pkg/build/lib/my_nav_pkg/__init__.py -> /home/bansong/gpsnav_ws/install/my_nav_pkg/lib/python3.10/site-packages/my_nav_pkg
byte-compiling /home/bansong/gpsnav_ws/install/my_nav_pkg/lib/python3.10/site-packages/my_nav_pkg/waypoint_recorder_node.py to waypoint_recorder_node.cpython-310.pyc
byte-compiling /home/bansong/gpsnav_ws/install/my_nav_pkg/lib/python3.10/site-packages/my_nav_pkg/__init__.py to __init__.cpython-310.pyc
running install_data
creating /home/bansong/gpsnav_ws/install/my_nav_pkg/share/ament_index
creating /home/bansong/gpsnav_ws/install/my_nav_pkg/share/ament_index/resource_index
creating /home/bansong/gpsnav_ws/install/my_nav_pkg/share/ament_index/resource_index/packages
copying resource/my_nav_pkg -> /home/bansong/gpsnav_ws/install/my_nav_pkg/share/ament_index/resource_index/packages
copying package.xml -> /home/bansong/gpsnav_ws/install/my_nav_pkg/share/my_nav_pkg
creating /home/bansong/gpsnav_ws/install/my_nav_pkg/share/my_nav_pkg/launch
