[0.315s] Invoking command in '/home/bansong/gpsnav_ws/src/my_nav_pkg': PYTHONPATH=/home/bansong/gpsnav_ws/build/my_nav_pkg/prefix_override:/usr/lib/python3/dist-packages/colcon_core/task/python/colcon_distutils_commands:/home/bansong/gpsnav_ws/install/my_nav_pkg/lib/python3.10/site-packages:${PYTHONPATH} /usr/bin/python3 -W ignore:setup.py install is deprecated -W ignore:easy_install command is deprecated setup.py egg_info --egg-base ../../build/my_nav_pkg build --build-base /home/bansong/gpsnav_ws/build/my_nav_pkg/build install --record /home/bansong/gpsnav_ws/build/my_nav_pkg/install.log --single-version-externally-managed install_data
[0.432s] running egg_info
[0.432s] creating ../../build/my_nav_pkg/my_nav_pkg.egg-info
[0.432s] writing ../../build/my_nav_pkg/my_nav_pkg.egg-info/PKG-INFO
[0.432s] writing dependency_links to ../../build/my_nav_pkg/my_nav_pkg.egg-info/dependency_links.txt
[0.433s] writing entry points to ../../build/my_nav_pkg/my_nav_pkg.egg-info/entry_points.txt
[0.433s] writing requirements to ../../build/my_nav_pkg/my_nav_pkg.egg-info/requires.txt
[0.433s] writing top-level names to ../../build/my_nav_pkg/my_nav_pkg.egg-info/top_level.txt
[0.433s] writing manifest file '../../build/my_nav_pkg/my_nav_pkg.egg-info/SOURCES.txt'
[0.433s] reading manifest file '../../build/my_nav_pkg/my_nav_pkg.egg-info/SOURCES.txt'
[0.434s] writing manifest file '../../build/my_nav_pkg/my_nav_pkg.egg-info/SOURCES.txt'
[0.434s] running build
[0.434s] running build_py
[0.434s] creating /home/bansong/gpsnav_ws/build/my_nav_pkg/build
[0.434s] creating /home/bansong/gpsnav_ws/build/my_nav_pkg/build/lib
[0.434s] creating /home/bansong/gpsnav_ws/build/my_nav_pkg/build/lib/my_nav_pkg
[0.434s] copying my_nav_pkg/waypoint_recorder_node.py -> /home/bansong/gpsnav_ws/build/my_nav_pkg/build/lib/my_nav_pkg
[0.434s] copying my_nav_pkg/__init__.py -> /home/bansong/gpsnav_ws/build/my_nav_pkg/build/lib/my_nav_pkg
[0.434s] running install
[0.434s] running install_lib
[0.434s] creating /home/bansong/gpsnav_ws/install/my_nav_pkg/lib/python3.10/site-packages/my_nav_pkg
[0.435s] copying /home/bansong/gpsnav_ws/build/my_nav_pkg/build/lib/my_nav_pkg/waypoint_recorder_node.py -> /home/bansong/gpsnav_ws/install/my_nav_pkg/lib/python3.10/site-packages/my_nav_pkg
[0.435s] copying /home/bansong/gpsnav_ws/build/my_nav_pkg/build/lib/my_nav_pkg/__init__.py -> /home/bansong/gpsnav_ws/install/my_nav_pkg/lib/python3.10/site-packages/my_nav_pkg
[0.435s] byte-compiling /home/bansong/gpsnav_ws/install/my_nav_pkg/lib/python3.10/site-packages/my_nav_pkg/waypoint_recorder_node.py to waypoint_recorder_node.cpython-310.pyc
[0.435s] byte-compiling /home/bansong/gpsnav_ws/install/my_nav_pkg/lib/python3.10/site-packages/my_nav_pkg/__init__.py to __init__.cpython-310.pyc
[0.435s] running install_data
[0.435s] creating /home/bansong/gpsnav_ws/install/my_nav_pkg/share/ament_index
[0.435s] creating /home/bansong/gpsnav_ws/install/my_nav_pkg/share/ament_index/resource_index
[0.435s] creating /home/bansong/gpsnav_ws/install/my_nav_pkg/share/ament_index/resource_index/packages
[0.435s] copying resource/my_nav_pkg -> /home/bansong/gpsnav_ws/install/my_nav_pkg/share/ament_index/resource_index/packages
[0.436s] copying package.xml -> /home/bansong/gpsnav_ws/install/my_nav_pkg/share/my_nav_pkg
[0.436s] creating /home/bansong/gpsnav_ws/install/my_nav_pkg/share/my_nav_pkg/launch
[0.436s] error: can't copy 'launch/nav_system_launch.py': doesn't exist or not a regular file
[0.446s] Invoked command in '/home/bansong/gpsnav_ws/src/my_nav_pkg' returned '1': PYTHONPATH=/home/bansong/gpsnav_ws/build/my_nav_pkg/prefix_override:/usr/lib/python3/dist-packages/colcon_core/task/python/colcon_distutils_commands:/home/bansong/gpsnav_ws/install/my_nav_pkg/lib/python3.10/site-packages:${PYTHONPATH} /usr/bin/python3 -W ignore:setup.py install is deprecated -W ignore:easy_install command is deprecated setup.py egg_info --egg-base ../../build/my_nav_pkg build --build-base /home/bansong/gpsnav_ws/build/my_nav_pkg/build install --record /home/bansong/gpsnav_ws/build/my_nav_pkg/install.log --single-version-externally-managed install_data
