[0.558s] Invoking command in '/home/bansong/gpsnav_ws/build/my_nav_pkg': PYTHONPATH=/home/bansong/gpsnav_ws/build/my_nav_pkg/prefix_override:/usr/lib/python3/dist-packages/colcon_core/task/python/colcon_distutils_commands:/home/bansong/gpsnav_ws/install/my_nav_pkg/lib/python3.10/site-packages:${PYTHONPATH} /usr/bin/python3 -W ignore:setup.py install is deprecated -W ignore:easy_install command is deprecated setup.py develop --editable --build-directory /home/bansong/gpsnav_ws/build/my_nav_pkg/build --no-deps symlink_data --force
[0.708s] running develop
[0.796s] running egg_info
[0.796s] writing my_nav_pkg.egg-info/PKG-INFO
[0.796s] writing dependency_links to my_nav_pkg.egg-info/dependency_links.txt
[0.796s] writing entry points to my_nav_pkg.egg-info/entry_points.txt
[0.797s] writing requirements to my_nav_pkg.egg-info/requires.txt
[0.797s] writing top-level names to my_nav_pkg.egg-info/top_level.txt
[0.798s] reading manifest file 'my_nav_pkg.egg-info/SOURCES.txt'
[0.799s] writing manifest file 'my_nav_pkg.egg-info/SOURCES.txt'
[0.799s] running build_ext
[0.800s] Creating /home/bansong/gpsnav_ws/install/my_nav_pkg/lib/python3.10/site-packages/my-nav-pkg.egg-link (link to .)
[0.800s] Installing main_controller_node script to /home/bansong/gpsnav_ws/install/my_nav_pkg/lib/my_nav_pkg
[0.800s] Installing test_pub_node script to /home/bansong/gpsnav_ws/install/my_nav_pkg/lib/my_nav_pkg
[0.800s] Installing waypoint_follower_node script to /home/bansong/gpsnav_ws/install/my_nav_pkg/lib/my_nav_pkg
[0.800s] Installing waypoint_recorder_node script to /home/bansong/gpsnav_ws/install/my_nav_pkg/lib/my_nav_pkg
[0.800s] 
[0.800s] Installed /home/bansong/gpsnav_ws/build/my_nav_pkg
[0.800s] running symlink_data
[0.800s] symbolically linking /home/bansong/gpsnav_ws/build/my_nav_pkg/resource/my_nav_pkg -> /home/bansong/gpsnav_ws/install/my_nav_pkg/share/ament_index/resource_index/packages
[0.801s] symbolically linking /home/bansong/gpsnav_ws/build/my_nav_pkg/package.xml -> /home/bansong/gpsnav_ws/install/my_nav_pkg/share/my_nav_pkg
[0.801s] symbolically linking /home/bansong/gpsnav_ws/build/my_nav_pkg/launch/nav_system_launch.py -> /home/bansong/gpsnav_ws/install/my_nav_pkg/share/my_nav_pkg/launch
[0.829s] Invoked command in '/home/bansong/gpsnav_ws/build/my_nav_pkg' returned '0': PYTHONPATH=/home/bansong/gpsnav_ws/build/my_nav_pkg/prefix_override:/usr/lib/python3/dist-packages/colcon_core/task/python/colcon_distutils_commands:/home/bansong/gpsnav_ws/install/my_nav_pkg/lib/python3.10/site-packages:${PYTHONPATH} /usr/bin/python3 -W ignore:setup.py install is deprecated -W ignore:easy_install command is deprecated setup.py develop --editable --build-directory /home/bansong/gpsnav_ws/build/my_nav_pkg/build --no-deps symlink_data --force
