[0.154s] Invoking command in '/home/bansong/gpsnav_ws/build/ntrip_client': /usr/bin/cmake /home/bansong/gpsnav_ws/src/ntrip_client -DCATKIN_INSTALL_INTO_PREFIX_ROOT=0 -DCMAKE_INSTALL_PREFIX=/home/bansong/gpsnav_ws/install/ntrip_client
[0.168s] [31mCMake Error at CMakeLists.txt:7 (find_package):
[0.168s]   By not providing "Findcatkin.cmake" in CMAKE_MODULE_PATH this project has
[0.168s]   asked CMake to find a package configuration file provided by "catkin", but
[0.168s]   CMake did not find one.
[0.169s] 
[0.169s]   Could not find a package configuration file provided by "catkin" with any
[0.169s]   of the following names:
[0.169s] 
[0.169s]     catkinConfig.cmake
[0.169s]     catkin-config.cmake
[0.169s] 
[0.169s]   Add the installation prefix of "catkin" to CMAKE_PREFIX_PATH or set
[0.169s]   "catkin_DIR" to a directory containing one of the above files.  If "catkin"
[0.169s]   provides a separate development package or SDK, be sure it has been
[0.169s]   installed.
[0.169s] 
[0.169s] [0m
[0.169s] -- Configuring incomplete, errors occurred!
[0.170s] See also "/home/bansong/gpsnav_ws/build/ntrip_client/CMakeFiles/CMakeOutput.log".
[0.174s] Invoked command in '/home/bansong/gpsnav_ws/build/ntrip_client' returned '1': /usr/bin/cmake /home/bansong/gpsnav_ws/src/ntrip_client -DCATKIN_INSTALL_INTO_PREFIX_ROOT=0 -DCMAKE_INSTALL_PREFIX=/home/bansong/gpsnav_ws/install/ntrip_client
