[0.020s] Invoking command in '/home/bansong/gpsnav_ws/build/scout_mini_msgs': CMAKE_PREFIX_PATH=${CMAKE_PREFIX_PATH}:/home/bansong/gpsnav_ws/install/ntrip_client:/home/bansong/gpsnav_ws/install/my_nav_pkg:/opt/ros/humble /usr/bin/cmake /home/bansong/gpsnav_ws/src/scout_mini_ros2/scout_mini_msgs -DCMAKE_INSTALL_PREFIX=/home/bansong/gpsnav_ws/install/scout_mini_msgs
[0.321s] -- Found ament_cmake: 1.3.11 (/opt/ros/humble/share/ament_cmake/cmake)
[0.321s] -- Override CMake install command with custom implementation using symlinks instead of copying resources
[0.321s] -- Found rosidl_default_generators: 1.2.0 (/opt/ros/humble/share/rosidl_default_generators/cmake)
[0.321s] -- Using all available rosidl_typesupport_c: rosidl_typesupport_fastrtps_c;rosidl_typesupport_introspection_c
[0.321s] -- Found rosidl_adapter: 3.1.6 (/opt/ros/humble/share/rosidl_adapter/cmake)
[0.321s] -- Using all available rosidl_typesupport_cpp: rosidl_typesupport_fastrtps_cpp;rosidl_typesupport_introspection_cpp
[0.321s] -- Found builtin_interfaces: 1.2.1 (/opt/ros/humble/share/builtin_interfaces/cmake)
[0.321s] -- Found std_msgs: 4.9.0 (/opt/ros/humble/share/std_msgs/cmake)
[0.350s] -- Found ament_cmake_ros: 0.10.0 (/opt/ros/humble/share/ament_cmake_ros/cmake)
[0.504s] -- Using all available rosidl_typesupport_c: rosidl_typesupport_fastrtps_c;rosidl_typesupport_introspection_c
[0.703s] -- Using all available rosidl_typesupport_cpp: rosidl_typesupport_fastrtps_cpp;rosidl_typesupport_introspection_cpp
[0.719s] -- Found python_cmake_module: 0.10.0 (/opt/ros/humble/share/python_cmake_module/cmake)
[0.734s] -- Using PYTHON_EXECUTABLE: /usr/bin/python3
[0.734s] -- Using PYTHON_INCLUDE_DIRS: /usr/include/python3.10
[0.734s] -- Using PYTHON_LIBRARIES: /usr/lib/x86_64-linux-gnu/libpython3.10.so
[0.758s] -- Configuring done
[0.783s] -- Generating done
[0.790s] -- Build files have been written to: /home/bansong/gpsnav_ws/build/scout_mini_msgs
[0.797s] Invoked command in '/home/bansong/gpsnav_ws/build/scout_mini_msgs' returned '0': CMAKE_PREFIX_PATH=${CMAKE_PREFIX_PATH}:/home/bansong/gpsnav_ws/install/ntrip_client:/home/bansong/gpsnav_ws/install/my_nav_pkg:/opt/ros/humble /usr/bin/cmake /home/bansong/gpsnav_ws/src/scout_mini_ros2/scout_mini_msgs -DCMAKE_INSTALL_PREFIX=/home/bansong/gpsnav_ws/install/scout_mini_msgs
[0.798s] Invoking command in '/home/bansong/gpsnav_ws/build/scout_mini_msgs': CMAKE_PREFIX_PATH=${CMAKE_PREFIX_PATH}:/home/bansong/gpsnav_ws/install/ntrip_client:/home/bansong/gpsnav_ws/install/my_nav_pkg:/opt/ros/humble /usr/bin/cmake --build /home/bansong/gpsnav_ws/build/scout_mini_msgs -- -j16 -l16
[0.832s] [35m[1mConsolidate compiler generated dependencies of target scout_mini_msgs__rosidl_generator_c[0m
[0.839s] failed to create symbolic link '/home/bansong/gpsnav_ws/build/scout_mini_msgs/ament_cmake_python/scout_mini_msgs/scout_mini_msgs' because existing path cannot be removed: Is a directory
[0.840s] gmake[2]: *** [CMakeFiles/ament_cmake_python_symlink_scout_mini_msgs.dir/build.make:70: CMakeFiles/ament_cmake_python_symlink_scout_mini_msgs] Error 1
[0.840s] [  1%] Built target scout_mini_msgs__cpp
[0.840s] gmake[1]: *** [CMakeFiles/Makefile2:421: CMakeFiles/ament_cmake_python_symlink_scout_mini_msgs.dir/all] Error 2
[0.840s] gmake[1]: *** Waiting for unfinished jobs....
[0.841s] [ 12%] Built target scout_mini_msgs__rosidl_generator_c
[0.842s] gmake: *** [Makefile:146: all] Error 2
[0.844s] Invoked command in '/home/bansong/gpsnav_ws/build/scout_mini_msgs' returned '2': CMAKE_PREFIX_PATH=${CMAKE_PREFIX_PATH}:/home/bansong/gpsnav_ws/install/ntrip_client:/home/bansong/gpsnav_ws/install/my_nav_pkg:/opt/ros/humble /usr/bin/cmake --build /home/bansong/gpsnav_ws/build/scout_mini_msgs -- -j16 -l16
