-- Found ament_cmake: 1.3.11 (/opt/ros/humble/share/ament_cmake/cmake)
-- Override CMake install command with custom implementation using symlinks instead of copying resources
-- Found rclcpp: 16.0.12 (/opt/ros/humble/share/rclcpp/cmake)
-- Found rosidl_generator_c: 3.1.6 (/opt/ros/humble/share/rosidl_generator_c/cmake)
-- Found rosidl_adapter: 3.1.6 (/opt/ros/humble/share/rosidl_adapter/cmake)
-- Found rosidl_generator_cpp: 3.1.6 (/opt/ros/humble/share/rosidl_generator_cpp/cmake)
-- Using all available rosidl_typesupport_c: rosidl_typesupport_fastrtps_c;rosidl_typesupport_introspection_c
-- Using all available rosidl_typesupport_cpp: rosidl_typesupport_fastrtps_cpp;rosidl_typesupport_introspection_cpp
-- Found rmw_implementation_cmake: 6.1.2 (/opt/ros/humble/share/rmw_implementation_cmake/cmake)
-- Found rmw_fastrtps_cpp: 6.2.7 (/opt/ros/humble/share/rmw_fastrtps_cpp/cmake)
-- Using RMW implementation 'rmw_fastrtps_cpp' as default
-- Found hardware_interface: 2.51.0 (/opt/ros/humble/share/hardware_interface/cmake)
-- Found realtime_tools: 2.14.0 (/opt/ros/humble/share/realtime_tools/cmake)
-- Found can_msgs: 2.0.0 (/opt/ros/humble/share/can_msgs/cmake)
-- Found ros2_socketcan: 1.3.0 (/opt/ros/humble/share/ros2_socketcan/cmake)
-- Found scout_mini_msgs: 0.1.0 (/home/bansong/gpsnav_ws/install/scout_mini_msgs/share/scout_mini_msgs/cmake)
-- Configuring done
-- Generating done
-- Build files have been written to: /home/bansong/gpsnav_ws/build/scout_mini_hardware
[35m[1mConsolidate compiler generated dependencies of target scout_mini_hardware[0m
[ 50%] [32mBuilding CXX object CMakeFiles/scout_mini_hardware.dir/src/scout_mini_hardware.cpp.o[0m
In file included from [01m[K/home/bansong/gpsnav_ws/src/scout_mini_ros2/scout_mini_hardware/include/scout_mini_hardware/scout_mini_hardware.hpp:36[m[K,
                 from [01m[K/home/bansong/gpsnav_ws/src/scout_mini_ros2/scout_mini_hardware/src/scout_mini_hardware.cpp:18[m[K:
[01m[K/opt/ros/humble/include/realtime_tools/realtime_tools/realtime_publisher.h:22:103:[m[K [01;36m[Knote: [m[K‘[01m[K#pragma message: This header include is deprecated. Please update your code to use 'realtime_publisher.hpp' header.[m[K’
   22 | se update your code to use 'realtime_publisher.hpp' header."[01;36m[K)[m[K  //NOLINT
      |                                                             [01;36m[K^[m[K

[100%] [32m[1mLinking CXX shared library libscout_mini_hardware.so[0m
[100%] Built target scout_mini_hardware
