[0.022s] Invoking command in '/home/bansong/gpsnav_ws/build/scout_mini_hardware': CMAKE_PREFIX_PATH=${CMAKE_PREFIX_PATH}:/home/bansong/gpsnav_ws/install/ntrip_client:/home/bansong/gpsnav_ws/install/my_nav_pkg:/opt/ros/humble /usr/bin/cmake /home/bansong/gpsnav_ws/src/scout_mini_ros2/scout_mini_hardware -DAMENT_CMAKE_SYMLINK_INSTALL=1 -DCMAKE_INSTALL_PREFIX=/home/bansong/gpsnav_ws/install/scout_mini_hardware
[0.321s] -- Found ament_cmake: 1.3.11 (/opt/ros/humble/share/ament_cmake/cmake)
[0.321s] -- Override CMake install command with custom implementation using symlinks instead of copying resources
[0.321s] -- Found rclcpp: 16.0.12 (/opt/ros/humble/share/rclcpp/cmake)
[0.321s] -- Found rosidl_generator_c: 3.1.6 (/opt/ros/humble/share/rosidl_generator_c/cmake)
[0.321s] -- Found rosidl_adapter: 3.1.6 (/opt/ros/humble/share/rosidl_adapter/cmake)
[0.321s] -- Found rosidl_generator_cpp: 3.1.6 (/opt/ros/humble/share/rosidl_generator_cpp/cmake)
[0.321s] -- Using all available rosidl_typesupport_c: rosidl_typesupport_fastrtps_c;rosidl_typesupport_introspection_c
[0.321s] -- Using all available rosidl_typesupport_cpp: rosidl_typesupport_fastrtps_cpp;rosidl_typesupport_introspection_cpp
[0.321s] -- Found rmw_implementation_cmake: 6.1.2 (/opt/ros/humble/share/rmw_implementation_cmake/cmake)
[0.321s] -- Found rmw_fastrtps_cpp: 6.2.7 (/opt/ros/humble/share/rmw_fastrtps_cpp/cmake)
[0.321s] -- Using RMW implementation 'rmw_fastrtps_cpp' as default
[0.321s] -- Found hardware_interface: 2.51.0 (/opt/ros/humble/share/hardware_interface/cmake)
[0.392s] -- Found realtime_tools: 2.14.0 (/opt/ros/humble/share/realtime_tools/cmake)
[0.400s] -- Found can_msgs: 2.0.0 (/opt/ros/humble/share/can_msgs/cmake)
[0.411s] -- Found ros2_socketcan: 1.3.0 (/opt/ros/humble/share/ros2_socketcan/cmake)
[0.437s] -- Found scout_mini_msgs: 0.1.0 (/home/bansong/gpsnav_ws/install/scout_mini_msgs/share/scout_mini_msgs/cmake)
[0.510s] -- Configuring done
[0.563s] -- Generating done
[0.567s] -- Build files have been written to: /home/bansong/gpsnav_ws/build/scout_mini_hardware
[0.578s] Invoked command in '/home/bansong/gpsnav_ws/build/scout_mini_hardware' returned '0': CMAKE_PREFIX_PATH=${CMAKE_PREFIX_PATH}:/home/bansong/gpsnav_ws/install/ntrip_client:/home/bansong/gpsnav_ws/install/my_nav_pkg:/opt/ros/humble /usr/bin/cmake /home/bansong/gpsnav_ws/src/scout_mini_ros2/scout_mini_hardware -DAMENT_CMAKE_SYMLINK_INSTALL=1 -DCMAKE_INSTALL_PREFIX=/home/bansong/gpsnav_ws/install/scout_mini_hardware
[0.579s] Invoking command in '/home/bansong/gpsnav_ws/build/scout_mini_hardware': CMAKE_PREFIX_PATH=${CMAKE_PREFIX_PATH}:/home/bansong/gpsnav_ws/install/ntrip_client:/home/bansong/gpsnav_ws/install/my_nav_pkg:/opt/ros/humble /usr/bin/cmake --build /home/bansong/gpsnav_ws/build/scout_mini_hardware -- -j16 -l16
[0.616s] [35m[1mConsolidate compiler generated dependencies of target scout_mini_hardware[0m
[0.630s] [ 50%] [32mBuilding CXX object CMakeFiles/scout_mini_hardware.dir/src/scout_mini_hardware.cpp.o[0m
[2.175s] In file included from [01m[K/home/bansong/gpsnav_ws/src/scout_mini_ros2/scout_mini_hardware/include/scout_mini_hardware/scout_mini_hardware.hpp:36[m[K,
[2.176s]                  from [01m[K/home/bansong/gpsnav_ws/src/scout_mini_ros2/scout_mini_hardware/src/scout_mini_hardware.cpp:18[m[K:
[2.176s] [01m[K/opt/ros/humble/include/realtime_tools/realtime_tools/realtime_publisher.h:22:103:[m[K [01;36m[Knote: [m[K‘[01m[K#pragma message: This header include is deprecated. Please update your code to use 'realtime_publisher.hpp' header.[m[K’
[2.176s]    22 | se update your code to use 'realtime_publisher.hpp' header."[01;36m[K)[m[K  //NOLINT
[2.176s]       |                                                             [01;36m[K^[m[K
[2.176s] 
[6.794s] [100%] [32m[1mLinking CXX shared library libscout_mini_hardware.so[0m
[7.198s] [100%] Built target scout_mini_hardware
