[0.030s] Invoking command in '/home/bansong/gpsnav_ws/build/scout_mini_base': CMAKE_PREFIX_PATH=${CMAKE_PREFIX_PATH}:/home/bansong/gpsnav_ws/install/my_nav_pkg:/opt/ros/humble /usr/bin/cmake --build /home/bansong/gpsnav_ws/build/scout_mini_base -- -j16 -l16
[0.248s] Invoked command in '/home/bansong/gpsnav_ws/build/scout_mini_base' returned '0': CMAKE_PREFIX_PATH=${CMAKE_PREFIX_PATH}:/home/bansong/gpsnav_ws/install/my_nav_pkg:/opt/ros/humble /usr/bin/cmake --build /home/bansong/gpsnav_ws/build/scout_mini_base -- -j16 -l16
[0.259s] Invoking command in '/home/bansong/gpsnav_ws/build/scout_mini_base': CMAKE_PREFIX_PATH=${CMAKE_PREFIX_PATH}:/home/bansong/gpsnav_ws/install/my_nav_pkg:/opt/ros/humble /usr/bin/cmake --install /home/bansong/gpsnav_ws/build/scout_mini_base
[0.267s] -- Install configuration: ""
[0.268s] -- Up-to-date: /home/bansong/gpsnav_ws/install/scout_mini_base/share/scout_mini_base/config
[0.268s] -- Up-to-date: /home/bansong/gpsnav_ws/install/scout_mini_base/share/scout_mini_base/config/scout_mini.yaml
[0.268s] -- Up-to-date: /home/bansong/gpsnav_ws/install/scout_mini_base/share/scout_mini_base/launch
[0.268s] -- Up-to-date: /home/bansong/gpsnav_ws/install/scout_mini_base/share/scout_mini_base/launch/base_launch.py
[0.268s] -- Up-to-date: /home/bansong/gpsnav_ws/install/scout_mini_base/share/ament_index/resource_index/package_run_dependencies/scout_mini_base
[0.268s] -- Up-to-date: /home/bansong/gpsnav_ws/install/scout_mini_base/share/ament_index/resource_index/parent_prefix_path/scout_mini_base
[0.268s] -- Up-to-date: /home/bansong/gpsnav_ws/install/scout_mini_base/share/scout_mini_base/environment/ament_prefix_path.sh
[0.268s] -- Up-to-date: /home/bansong/gpsnav_ws/install/scout_mini_base/share/scout_mini_base/environment/ament_prefix_path.dsv
[0.268s] -- Up-to-date: /home/bansong/gpsnav_ws/install/scout_mini_base/share/scout_mini_base/environment/path.sh
[0.268s] -- Up-to-date: /home/bansong/gpsnav_ws/install/scout_mini_base/share/scout_mini_base/environment/path.dsv
[0.268s] -- Up-to-date: /home/bansong/gpsnav_ws/install/scout_mini_base/share/scout_mini_base/local_setup.bash
[0.268s] -- Up-to-date: /home/bansong/gpsnav_ws/install/scout_mini_base/share/scout_mini_base/local_setup.sh
[0.269s] -- Up-to-date: /home/bansong/gpsnav_ws/install/scout_mini_base/share/scout_mini_base/local_setup.zsh
[0.269s] -- Up-to-date: /home/bansong/gpsnav_ws/install/scout_mini_base/share/scout_mini_base/local_setup.dsv
[0.269s] -- Installing: /home/bansong/gpsnav_ws/install/scout_mini_base/share/scout_mini_base/package.dsv
[0.269s] -- Up-to-date: /home/bansong/gpsnav_ws/install/scout_mini_base/share/ament_index/resource_index/packages/scout_mini_base
[0.269s] -- Up-to-date: /home/bansong/gpsnav_ws/install/scout_mini_base/share/scout_mini_base/cmake/scout_mini_baseConfig.cmake
[0.270s] -- Up-to-date: /home/bansong/gpsnav_ws/install/scout_mini_base/share/scout_mini_base/cmake/scout_mini_baseConfig-version.cmake
[0.270s] -- Up-to-date: /home/bansong/gpsnav_ws/install/scout_mini_base/share/scout_mini_base/package.xml
[0.305s] Invoked command in '/home/bansong/gpsnav_ws/build/scout_mini_base' returned '0': CMAKE_PREFIX_PATH=${CMAKE_PREFIX_PATH}:/home/bansong/gpsnav_ws/install/my_nav_pkg:/opt/ros/humble /usr/bin/cmake --install /home/bansong/gpsnav_ws/build/scout_mini_base
