[0.006s] Invoking command in '/home/bansong/gpsnav_ws/build/sllidar_ros2': CMAKE_PREFIX_PATH=/opt/ros/humble /usr/bin/cmake --build /home/bansong/gpsnav_ws/build/sllidar_ros2 -- -j16 -l16
[0.049s] [ 10%] Built target sllidar_client
[0.052s] [100%] Built target sllidar_node
[0.061s] Invoked command in '/home/bansong/gpsnav_ws/build/sllidar_ros2' returned '0': CMAKE_PREFIX_PATH=/opt/ros/humble /usr/bin/cmake --build /home/bansong/gpsnav_ws/build/sllidar_ros2 -- -j16 -l16
[0.068s] Invoking command in '/home/bansong/gpsnav_ws/build/sllidar_ros2': CMAKE_PREFIX_PATH=/opt/ros/humble /usr/bin/cmake --install /home/bansong/gpsnav_ws/build/sllidar_ros2
[0.073s] -- Install configuration: ""
[0.073s] -- Execute custom install script
[0.074s] -- Up-to-date symlink: /home/bansong/gpsnav_ws/install/sllidar_ros2/share/sllidar_ros2/launch/sllidar_a1_launch.py
[0.074s] -- Up-to-date symlink: /home/bansong/gpsnav_ws/install/sllidar_ros2/share/sllidar_ros2/launch/sllidar_a2m12_launch .py
[0.074s] -- Up-to-date symlink: /home/bansong/gpsnav_ws/install/sllidar_ros2/share/sllidar_ros2/launch/sllidar_a2m7_launch.py
[0.074s] -- Up-to-date symlink: /home/bansong/gpsnav_ws/install/sllidar_ros2/share/sllidar_ros2/launch/sllidar_a2m8_launch.py
[0.074s] -- Up-to-date symlink: /home/bansong/gpsnav_ws/install/sllidar_ros2/share/sllidar_ros2/launch/sllidar_a3_launch.py
[0.074s] -- Up-to-date symlink: /home/bansong/gpsnav_ws/install/sllidar_ros2/share/sllidar_ros2/launch/sllidar_c1_launch.py
[0.074s] -- Up-to-date symlink: /home/bansong/gpsnav_ws/install/sllidar_ros2/share/sllidar_ros2/launch/sllidar_s1_launch.py
[0.074s] -- Up-to-date symlink: /home/bansong/gpsnav_ws/install/sllidar_ros2/share/sllidar_ros2/launch/sllidar_s1_tcp_launch.py
[0.074s] -- Up-to-date symlink: /home/bansong/gpsnav_ws/install/sllidar_ros2/share/sllidar_ros2/launch/sllidar_s2_launch.py
[0.074s] -- Up-to-date symlink: /home/bansong/gpsnav_ws/install/sllidar_ros2/share/sllidar_ros2/launch/sllidar_s2e_launch.py
[0.074s] -- Up-to-date symlink: /home/bansong/gpsnav_ws/install/sllidar_ros2/share/sllidar_ros2/launch/sllidar_s3_launch.py
[0.074s] -- Up-to-date symlink: /home/bansong/gpsnav_ws/install/sllidar_ros2/share/sllidar_ros2/launch/sllidar_t1_launch.py
[0.074s] -- Up-to-date symlink: /home/bansong/gpsnav_ws/install/sllidar_ros2/share/sllidar_ros2/launch/view_sllidar_a1_launch.py
[0.075s] -- Up-to-date symlink: /home/bansong/gpsnav_ws/install/sllidar_ros2/share/sllidar_ros2/launch/view_sllidar_a2m12_launch.py
[0.075s] -- Up-to-date symlink: /home/bansong/gpsnav_ws/install/sllidar_ros2/share/sllidar_ros2/launch/view_sllidar_a2m7_launch.py
[0.075s] -- Up-to-date symlink: /home/bansong/gpsnav_ws/install/sllidar_ros2/share/sllidar_ros2/launch/view_sllidar_a2m8_launch.py
[0.075s] -- Up-to-date symlink: /home/bansong/gpsnav_ws/install/sllidar_ros2/share/sllidar_ros2/launch/view_sllidar_a3_launch.py
[0.075s] -- Up-to-date symlink: /home/bansong/gpsnav_ws/install/sllidar_ros2/share/sllidar_ros2/launch/view_sllidar_c1_launch.py
[0.075s] -- Up-to-date symlink: /home/bansong/gpsnav_ws/install/sllidar_ros2/share/sllidar_ros2/launch/view_sllidar_s1_launch.py
[0.075s] -- Up-to-date symlink: /home/bansong/gpsnav_ws/install/sllidar_ros2/share/sllidar_ros2/launch/view_sllidar_s1_tcp_launch.py
[0.075s] -- Up-to-date symlink: /home/bansong/gpsnav_ws/install/sllidar_ros2/share/sllidar_ros2/launch/view_sllidar_s2_launch.py
[0.075s] -- Up-to-date symlink: /home/bansong/gpsnav_ws/install/sllidar_ros2/share/sllidar_ros2/launch/view_sllidar_s2e_launch.py
[0.075s] -- Up-to-date symlink: /home/bansong/gpsnav_ws/install/sllidar_ros2/share/sllidar_ros2/launch/view_sllidar_s3_launch.py
[0.075s] -- Up-to-date symlink: /home/bansong/gpsnav_ws/install/sllidar_ros2/share/sllidar_ros2/launch/view_sllidar_t1_launch.py
[0.075s] -- Up-to-date symlink: /home/bansong/gpsnav_ws/install/sllidar_ros2/share/sllidar_ros2/rviz/sllidar_ros2.rviz
[0.075s] -- Up-to-date symlink: /home/bansong/gpsnav_ws/install/sllidar_ros2/lib/sllidar_ros2/sllidar_node
[0.075s] -- Up-to-date symlink: /home/bansong/gpsnav_ws/install/sllidar_ros2/lib/sllidar_ros2/sllidar_client
[0.075s] -- Up-to-date symlink: /home/bansong/gpsnav_ws/install/sllidar_ros2/share/ament_index/resource_index/package_run_dependencies/sllidar_ros2
[0.075s] -- Up-to-date symlink: /home/bansong/gpsnav_ws/install/sllidar_ros2/share/ament_index/resource_index/parent_prefix_path/sllidar_ros2
[0.075s] -- Up-to-date symlink: /home/bansong/gpsnav_ws/install/sllidar_ros2/share/sllidar_ros2/environment/ament_prefix_path.sh
[0.075s] -- Up-to-date symlink: /home/bansong/gpsnav_ws/install/sllidar_ros2/share/sllidar_ros2/environment/ament_prefix_path.dsv
[0.075s] -- Up-to-date symlink: /home/bansong/gpsnav_ws/install/sllidar_ros2/share/sllidar_ros2/environment/path.sh
[0.075s] -- Up-to-date symlink: /home/bansong/gpsnav_ws/install/sllidar_ros2/share/sllidar_ros2/environment/path.dsv
[0.076s] -- Up-to-date symlink: /home/bansong/gpsnav_ws/install/sllidar_ros2/share/sllidar_ros2/local_setup.bash
[0.076s] -- Up-to-date symlink: /home/bansong/gpsnav_ws/install/sllidar_ros2/share/sllidar_ros2/local_setup.sh
[0.076s] -- Up-to-date symlink: /home/bansong/gpsnav_ws/install/sllidar_ros2/share/sllidar_ros2/local_setup.zsh
[0.076s] -- Up-to-date symlink: /home/bansong/gpsnav_ws/install/sllidar_ros2/share/sllidar_ros2/local_setup.dsv
[0.076s] -- Symlinking: /home/bansong/gpsnav_ws/install/sllidar_ros2/share/sllidar_ros2/package.dsv
[0.082s] -- Up-to-date symlink: /home/bansong/gpsnav_ws/install/sllidar_ros2/share/ament_index/resource_index/packages/sllidar_ros2
[0.082s] -- Up-to-date symlink: /home/bansong/gpsnav_ws/install/sllidar_ros2/share/sllidar_ros2/cmake/ament_cmake_export_dependencies-extras.cmake
[0.082s] -- Up-to-date symlink: /home/bansong/gpsnav_ws/install/sllidar_ros2/share/sllidar_ros2/cmake/ament_cmake_export_include_directories-extras.cmake
[0.082s] -- Up-to-date symlink: /home/bansong/gpsnav_ws/install/sllidar_ros2/share/sllidar_ros2/cmake/sllidar_ros2Config.cmake
[0.082s] -- Up-to-date symlink: /home/bansong/gpsnav_ws/install/sllidar_ros2/share/sllidar_ros2/cmake/sllidar_ros2Config-version.cmake
[0.082s] -- Up-to-date symlink: /home/bansong/gpsnav_ws/install/sllidar_ros2/share/sllidar_ros2/package.xml
[0.083s] Invoked command in '/home/bansong/gpsnav_ws/build/sllidar_ros2' returned '0': CMAKE_PREFIX_PATH=/opt/ros/humble /usr/bin/cmake --install /home/bansong/gpsnav_ws/build/sllidar_ros2
