[0.007s] Invoking command in '/home/bansong/gpsnav_ws/build/ublox_gps': AMENT_PREFIX_PATH=/home/bansong/gpsnav_ws/install/ublox_msgs:/home/bansong/gpsnav_ws/install/ublox_serialization:${AMENT_PREFIX_PATH} CMAKE_PREFIX_PATH=/home/bansong/gpsnav_ws/install/ublox_msgs:/home/bansong/gpsnav_ws/install/ublox_serialization:/home/bansong/gpsnav_ws/install:/home/bansong/gpsnav_ws/install:/home/bansong/gpsnav_ws/install:/home/bansong/gpsnav_ws/install:/opt/ros/humble LD_LIBRARY_PATH=/home/bansong/gpsnav_ws/install/ublox_msgs/lib:${LD_LIBRARY_PATH} PYTHONPATH=/home/bansong/gpsnav_ws/install/ublox_msgs/local/lib/python3.10/dist-packages:${PYTHONPATH} /usr/bin/cmake /home/bansong/gpsnav_ws/src/ros2-ublox-zedf9p/ublox_gps -DCMAKE_INSTALL_PREFIX=/home/bansong/gpsnav_ws/install/ublox_gps
[0.047s] -- The C compiler identification is GNU 11.4.0
[0.086s] -- The CXX compiler identification is GNU 11.4.0
[0.090s] -- Detecting C compiler ABI info
[0.147s] -- Detecting C compiler ABI info - done
[0.150s] -- Check for working C compiler: /usr/bin/cc - skipped
[0.151s] -- Detecting C compile features
[0.151s] -- Detecting C compile features - done
[0.152s] -- Detecting CXX compiler ABI info
[0.213s] -- Detecting CXX compiler ABI info - done
[0.217s] -- Check for working CXX compiler: /usr/bin/c++ - skipped
[0.217s] -- Detecting CXX compile features
[0.217s] -- Detecting CXX compile features - done
[0.219s] -- Found ament_cmake_ros: 0.10.0 (/opt/ros/humble/share/ament_cmake_ros/cmake)
[0.319s] -- Found Python3: /usr/bin/python3 (found version "3.10.12") found components: Interpreter 
[0.374s] -- Found asio: /usr/include  
[0.375s] -- Found diagnostic_msgs: 4.9.0 (/opt/ros/humble/share/diagnostic_msgs/cmake)
[0.399s] -- Found rosidl_generator_c: 3.1.6 (/opt/ros/humble/share/rosidl_generator_c/cmake)
[0.402s] -- Found rosidl_adapter: 3.1.6 (/opt/ros/humble/share/rosidl_adapter/cmake)
[0.407s] -- Found rosidl_generator_cpp: 3.1.6 (/opt/ros/humble/share/rosidl_generator_cpp/cmake)
[0.414s] -- Using all available rosidl_typesupport_c: rosidl_typesupport_fastrtps_c;rosidl_typesupport_introspection_c
[0.424s] -- Using all available rosidl_typesupport_cpp: rosidl_typesupport_fastrtps_cpp;rosidl_typesupport_introspection_cpp
[0.446s] -- Found diagnostic_updater: 4.0.6 (/opt/ros/humble/share/diagnostic_updater/cmake)
[0.472s] -- Found rmw_implementation_cmake: 6.1.2 (/opt/ros/humble/share/rmw_implementation_cmake/cmake)
[0.473s] -- Found rmw_fastrtps_cpp: 6.2.7 (/opt/ros/humble/share/rmw_fastrtps_cpp/cmake)
[0.543s] -- Found OpenSSL: /usr/lib/x86_64-linux-gnu/libcrypto.so (found version "3.0.2")  
[0.561s] -- Found FastRTPS: /opt/ros/humble/include  
[0.589s] -- Using RMW implementation 'rmw_fastrtps_cpp' as default
[0.594s] -- Looking for pthread.h
[0.650s] -- Looking for pthread.h - found
[0.650s] -- Performing Test CMAKE_HAVE_LIBC_PTHREAD
[0.708s] -- Performing Test CMAKE_HAVE_LIBC_PTHREAD - Success
[0.709s] -- Found Threads: TRUE  
[0.734s] -- Found geometry_msgs: 4.9.0 (/opt/ros/humble/share/geometry_msgs/cmake)
[0.742s] -- Found rclcpp_components: 16.0.12 (/opt/ros/humble/share/rclcpp_components/cmake)
[0.758s] -- Found sensor_msgs: 4.9.0 (/opt/ros/humble/share/sensor_msgs/cmake)
[0.769s] -- Found tf2: 0.25.13 (/opt/ros/humble/share/tf2/cmake)
[0.770s] -- Found ublox_msgs: 2.2.0 (/home/bansong/gpsnav_ws/install/ublox_msgs/share/ublox_msgs/cmake)
[0.830s] -- Configuring done
[0.842s] -- Generating done
[0.847s] -- Build files have been written to: /home/bansong/gpsnav_ws/build/ublox_gps
[0.855s] Invoked command in '/home/bansong/gpsnav_ws/build/ublox_gps' returned '0': AMENT_PREFIX_PATH=/home/bansong/gpsnav_ws/install/ublox_msgs:/home/bansong/gpsnav_ws/install/ublox_serialization:${AMENT_PREFIX_PATH} CMAKE_PREFIX_PATH=/home/bansong/gpsnav_ws/install/ublox_msgs:/home/bansong/gpsnav_ws/install/ublox_serialization:/home/bansong/gpsnav_ws/install:/home/bansong/gpsnav_ws/install:/home/bansong/gpsnav_ws/install:/home/bansong/gpsnav_ws/install:/opt/ros/humble LD_LIBRARY_PATH=/home/bansong/gpsnav_ws/install/ublox_msgs/lib:${LD_LIBRARY_PATH} PYTHONPATH=/home/bansong/gpsnav_ws/install/ublox_msgs/local/lib/python3.10/dist-packages:${PYTHONPATH} /usr/bin/cmake /home/bansong/gpsnav_ws/src/ros2-ublox-zedf9p/ublox_gps -DCMAKE_INSTALL_PREFIX=/home/bansong/gpsnav_ws/install/ublox_gps
[0.855s] Invoking command in '/home/bansong/gpsnav_ws/build/ublox_gps': AMENT_PREFIX_PATH=/home/bansong/gpsnav_ws/install/ublox_msgs:/home/bansong/gpsnav_ws/install/ublox_serialization:${AMENT_PREFIX_PATH} CMAKE_PREFIX_PATH=/home/bansong/gpsnav_ws/install/ublox_msgs:/home/bansong/gpsnav_ws/install/ublox_serialization:/home/bansong/gpsnav_ws/install:/home/bansong/gpsnav_ws/install:/home/bansong/gpsnav_ws/install:/home/bansong/gpsnav_ws/install:/opt/ros/humble LD_LIBRARY_PATH=/home/bansong/gpsnav_ws/install/ublox_msgs/lib:${LD_LIBRARY_PATH} PYTHONPATH=/home/bansong/gpsnav_ws/install/ublox_msgs/local/lib/python3.10/dist-packages:${PYTHONPATH} /usr/bin/cmake --build /home/bansong/gpsnav_ws/build/ublox_gps -- -j16 -l16
[0.899s] [ 18%] [32mBuilding CXX object CMakeFiles/ublox_logger_node.dir/src/raw_data_pa.cpp.o[0m
[0.899s] [ 18%] [32mBuilding CXX object CMakeFiles/ublox_logger_node.dir/src/logger_node_pa.cpp.o[0m
[0.899s] [ 18%] [32mBuilding CXX object CMakeFiles/ublox_gps.dir/src/adr_udr_product.cpp.o[0m
[0.899s] [ 18%] [32mBuilding CXX object CMakeFiles/ublox_gps.dir/src/gps.cpp.o[0m
[0.899s] [ 22%] [32mBuilding CXX object CMakeFiles/ublox_gps.dir/src/gnss.cpp.o[0m
[0.899s] [ 27%] [32mBuilding CXX object CMakeFiles/ublox_gps.dir/src/hpg_rov_product.cpp.o[0m
[0.899s] [ 36%] [32mBuilding CXX object CMakeFiles/ublox_gps.dir/src/hpg_ref_product.cpp.o[0m
[0.899s] [ 36%] [32mBuilding CXX object CMakeFiles/ublox_gps.dir/src/hp_pos_rec_product.cpp.o[0m
[0.899s] [ 45%] [32mBuilding C object CMakeFiles/ublox_gps.dir/src/mkgmtime.c.o[0m
[0.899s] [ 45%] [32mBuilding CXX object CMakeFiles/ublox_gps.dir/src/node.cpp.o[0m
[0.899s] [ 54%] [32mBuilding CXX object CMakeFiles/ublox_gps.dir/src/raw_data_product.cpp.o[0m
[0.899s] [ 54%] [32mBuilding CXX object CMakeFiles/ublox_gps.dir/src/raw_data_pa.cpp.o[0m
[0.899s] [ 59%] [32mBuilding CXX object CMakeFiles/ublox_gps.dir/src/tim_product.cpp.o[0m
[0.899s] [ 63%] [32mBuilding CXX object CMakeFiles/ublox_gps.dir/src/ublox_firmware.cpp.o[0m
[0.899s] [ 68%] [32mBuilding CXX object CMakeFiles/ublox_gps.dir/src/ublox_firmware6.cpp.o[0m
[0.899s] [ 72%] [32mBuilding CXX object CMakeFiles/ublox_gps.dir/src/ublox_firmware7.cpp.o[0m
[0.944s] [ 77%] [32mBuilding CXX object CMakeFiles/ublox_gps.dir/src/ublox_firmware8.cpp.o[0m
[1.178s] [ 81%] [32mBuilding CXX object CMakeFiles/ublox_gps.dir/src/ublox_firmware9.cpp.o[0m
[9.584s] [ 86%] [32m[1mLinking CXX executable ublox_logger[0m
[9.810s] [ 86%] Built target ublox_logger_node
[13.649s] [ 90%] [32m[1mLinking CXX shared library libublox_gps.so[0m
[15.097s] [ 90%] Built target ublox_gps
[15.113s] [ 95%] [32mBuilding CXX object CMakeFiles/ublox_gps_node.dir/src/node_main.cpp.o[0m
[18.214s] [100%] [32m[1mLinking CXX executable ublox_gps_node[0m
[18.594s] [100%] Built target ublox_gps_node
[18.605s] Invoked command in '/home/bansong/gpsnav_ws/build/ublox_gps' returned '0': AMENT_PREFIX_PATH=/home/bansong/gpsnav_ws/install/ublox_msgs:/home/bansong/gpsnav_ws/install/ublox_serialization:${AMENT_PREFIX_PATH} CMAKE_PREFIX_PATH=/home/bansong/gpsnav_ws/install/ublox_msgs:/home/bansong/gpsnav_ws/install/ublox_serialization:/home/bansong/gpsnav_ws/install:/home/bansong/gpsnav_ws/install:/home/bansong/gpsnav_ws/install:/home/bansong/gpsnav_ws/install:/opt/ros/humble LD_LIBRARY_PATH=/home/bansong/gpsnav_ws/install/ublox_msgs/lib:${LD_LIBRARY_PATH} PYTHONPATH=/home/bansong/gpsnav_ws/install/ublox_msgs/local/lib/python3.10/dist-packages:${PYTHONPATH} /usr/bin/cmake --build /home/bansong/gpsnav_ws/build/ublox_gps -- -j16 -l16
[18.607s] Invoking command in '/home/bansong/gpsnav_ws/build/ublox_gps': AMENT_PREFIX_PATH=/home/bansong/gpsnav_ws/install/ublox_msgs:/home/bansong/gpsnav_ws/install/ublox_serialization:${AMENT_PREFIX_PATH} CMAKE_PREFIX_PATH=/home/bansong/gpsnav_ws/install/ublox_msgs:/home/bansong/gpsnav_ws/install/ublox_serialization:/home/bansong/gpsnav_ws/install:/home/bansong/gpsnav_ws/install:/home/bansong/gpsnav_ws/install:/home/bansong/gpsnav_ws/install:/opt/ros/humble LD_LIBRARY_PATH=/home/bansong/gpsnav_ws/install/ublox_msgs/lib:${LD_LIBRARY_PATH} PYTHONPATH=/home/bansong/gpsnav_ws/install/ublox_msgs/local/lib/python3.10/dist-packages:${PYTHONPATH} /usr/bin/cmake --install /home/bansong/gpsnav_ws/build/ublox_gps
[18.612s] -- Install configuration: ""
[18.612s] -- Installing: /home/bansong/gpsnav_ws/install/ublox_gps/lib/libublox_gps.so
[18.632s] -- Set runtime path of "/home/bansong/gpsnav_ws/install/ublox_gps/lib/libublox_gps.so" to ""
[18.632s] -- Installing: /home/bansong/gpsnav_ws/install/ublox_gps/lib/ublox_gps/ublox_gps_node
[18.632s] -- Set runtime path of "/home/bansong/gpsnav_ws/install/ublox_gps/lib/ublox_gps/ublox_gps_node" to ""
[18.632s] -- Installing: /home/bansong/gpsnav_ws/install/ublox_gps/lib/ublox_gps/ublox_logger
[18.635s] -- Set runtime path of "/home/bansong/gpsnav_ws/install/ublox_gps/lib/ublox_gps/ublox_logger" to ""
[18.635s] -- Installing: /home/bansong/gpsnav_ws/install/ublox_gps/include
[18.635s] -- Installing: /home/bansong/gpsnav_ws/install/ublox_gps/include/ublox_gps
[18.635s] -- Installing: /home/bansong/gpsnav_ws/install/ublox_gps/include/ublox_gps/fix_diagnostic.hpp
[18.635s] -- Installing: /home/bansong/gpsnav_ws/install/ublox_gps/include/ublox_gps/raw_data_product.hpp
[18.635s] -- Installing: /home/bansong/gpsnav_ws/install/ublox_gps/include/ublox_gps/ublox_firmware.hpp
[18.635s] -- Installing: /home/bansong/gpsnav_ws/install/ublox_gps/include/ublox_gps/tim_product.hpp
[18.635s] -- Installing: /home/bansong/gpsnav_ws/install/ublox_gps/include/ublox_gps/gps.hpp
[18.635s] -- Installing: /home/bansong/gpsnav_ws/install/ublox_gps/include/ublox_gps/hpg_ref_product.hpp
[18.635s] -- Installing: /home/bansong/gpsnav_ws/install/ublox_gps/include/ublox_gps/gnss.hpp
[18.635s] -- Installing: /home/bansong/gpsnav_ws/install/ublox_gps/include/ublox_gps/ublox_firmware7.hpp
[18.635s] -- Installing: /home/bansong/gpsnav_ws/install/ublox_gps/include/ublox_gps/mkgmtime.h
[18.635s] -- Installing: /home/bansong/gpsnav_ws/install/ublox_gps/include/ublox_gps/rtcm.hpp
[18.635s] -- Installing: /home/bansong/gpsnav_ws/install/ublox_gps/include/ublox_gps/callback.hpp
[18.635s] -- Installing: /home/bansong/gpsnav_ws/install/ublox_gps/include/ublox_gps/ublox_firmware6.hpp
[18.636s] -- Installing: /home/bansong/gpsnav_ws/install/ublox_gps/include/ublox_gps/ublox_firmware9.hpp
[18.636s] -- Installing: /home/bansong/gpsnav_ws/install/ublox_gps/include/ublox_gps/async_worker.hpp
[18.636s] -- Installing: /home/bansong/gpsnav_ws/install/ublox_gps/include/ublox_gps/ublox_firmware7plus.hpp
[18.636s] -- Installing: /home/bansong/gpsnav_ws/install/ublox_gps/include/ublox_gps/utils.hpp
[18.636s] -- Installing: /home/bansong/gpsnav_ws/install/ublox_gps/include/ublox_gps/adr_udr_product.hpp
[18.636s] -- Installing: /home/bansong/gpsnav_ws/install/ublox_gps/include/ublox_gps/ublox_topic_diagnostic.hpp
[18.636s] -- Installing: /home/bansong/gpsnav_ws/install/ublox_gps/include/ublox_gps/node.hpp
[18.636s] -- Installing: /home/bansong/gpsnav_ws/install/ublox_gps/include/ublox_gps/component_interface.hpp
[18.636s] -- Installing: /home/bansong/gpsnav_ws/install/ublox_gps/include/ublox_gps/worker.hpp
[18.636s] -- Installing: /home/bansong/gpsnav_ws/install/ublox_gps/include/ublox_gps/hp_pos_rec_product.hpp
[18.636s] -- Installing: /home/bansong/gpsnav_ws/install/ublox_gps/include/ublox_gps/fts_product.hpp
[18.636s] -- Installing: /home/bansong/gpsnav_ws/install/ublox_gps/include/ublox_gps/raw_data_pa.hpp
[18.637s] -- Installing: /home/bansong/gpsnav_ws/install/ublox_gps/include/ublox_gps/hpg_rov_product.hpp
[18.637s] -- Installing: /home/bansong/gpsnav_ws/install/ublox_gps/include/ublox_gps/ublox_firmware8.hpp
[18.637s] -- Installing: /home/bansong/gpsnav_ws/install/ublox_gps/share/ublox_gps/launch
[18.637s] -- Installing: /home/bansong/gpsnav_ws/install/ublox_gps/share/ublox_gps/launch/ublox_gps_node-composed-launch.py
[18.637s] -- Installing: /home/bansong/gpsnav_ws/install/ublox_gps/share/ublox_gps/launch/ublox_gps_node_zedf9p-launch.py
[18.637s] -- Installing: /home/bansong/gpsnav_ws/install/ublox_gps/share/ublox_gps/config
[18.637s] -- Installing: /home/bansong/gpsnav_ws/install/ublox_gps/share/ublox_gps/config/zed_f9p.yaml
[18.637s] -- Installing: /home/bansong/gpsnav_ws/install/ublox_gps/share/ament_index/resource_index/package_run_dependencies/ublox_gps
[18.637s] -- Installing: /home/bansong/gpsnav_ws/install/ublox_gps/share/ament_index/resource_index/parent_prefix_path/ublox_gps
[18.637s] -- Installing: /home/bansong/gpsnav_ws/install/ublox_gps/share/ublox_gps/environment/ament_prefix_path.sh
[18.637s] -- Installing: /home/bansong/gpsnav_ws/install/ublox_gps/share/ublox_gps/environment/ament_prefix_path.dsv
[18.637s] -- Installing: /home/bansong/gpsnav_ws/install/ublox_gps/share/ublox_gps/environment/path.sh
[18.637s] -- Installing: /home/bansong/gpsnav_ws/install/ublox_gps/share/ublox_gps/environment/path.dsv
[18.637s] -- Installing: /home/bansong/gpsnav_ws/install/ublox_gps/share/ublox_gps/local_setup.bash
[18.638s] -- Installing: /home/bansong/gpsnav_ws/install/ublox_gps/share/ublox_gps/local_setup.sh
[18.638s] -- Installing: /home/bansong/gpsnav_ws/install/ublox_gps/share/ublox_gps/local_setup.zsh
[18.638s] -- Installing: /home/bansong/gpsnav_ws/install/ublox_gps/share/ublox_gps/local_setup.dsv
[18.638s] -- Installing: /home/bansong/gpsnav_ws/install/ublox_gps/share/ublox_gps/package.dsv
[18.638s] -- Installing: /home/bansong/gpsnav_ws/install/ublox_gps/share/ament_index/resource_index/packages/ublox_gps
[18.638s] -- Installing: /home/bansong/gpsnav_ws/install/ublox_gps/share/ament_index/resource_index/rclcpp_components/ublox_gps
[18.638s] -- Installing: /home/bansong/gpsnav_ws/install/ublox_gps/share/ublox_gps/cmake/ublox_gpsConfig.cmake
[18.638s] -- Installing: /home/bansong/gpsnav_ws/install/ublox_gps/share/ublox_gps/cmake/ublox_gpsConfig-version.cmake
[18.638s] -- Installing: /home/bansong/gpsnav_ws/install/ublox_gps/share/ublox_gps/package.xml
[18.641s] Invoked command in '/home/bansong/gpsnav_ws/build/ublox_gps' returned '0': AMENT_PREFIX_PATH=/home/bansong/gpsnav_ws/install/ublox_msgs:/home/bansong/gpsnav_ws/install/ublox_serialization:${AMENT_PREFIX_PATH} CMAKE_PREFIX_PATH=/home/bansong/gpsnav_ws/install/ublox_msgs:/home/bansong/gpsnav_ws/install/ublox_serialization:/home/bansong/gpsnav_ws/install:/home/bansong/gpsnav_ws/install:/home/bansong/gpsnav_ws/install:/home/bansong/gpsnav_ws/install:/opt/ros/humble LD_LIBRARY_PATH=/home/bansong/gpsnav_ws/install/ublox_msgs/lib:${LD_LIBRARY_PATH} PYTHONPATH=/home/bansong/gpsnav_ws/install/ublox_msgs/local/lib/python3.10/dist-packages:${PYTHONPATH} /usr/bin/cmake --install /home/bansong/gpsnav_ws/build/ublox_gps
