[0.009s] Invoking command in '/home/bansong/gpsnav_ws/build/scout_mini_ros2': AMENT_PREFIX_PATH=/home/bansong/gpsnav_ws/install/scout_mini_msgs:/home/bansong/gpsnav_ws/install/scout_mini_hardware:/home/bansong/gpsnav_ws/install/scout_mini_description:/home/bansong/gpsnav_ws/install/scout_mini_base:${AMENT_PREFIX_PATH} CMAKE_PREFIX_PATH=/home/bansong/gpsnav_ws/install/scout_mini_msgs:/home/bansong/gpsnav_ws/install/scout_mini_hardware:/home/bansong/gpsnav_ws/install/scout_mini_description:/home/bansong/gpsnav_ws/install/scout_mini_base:/home/bansong/gpsnav_ws/install:/home/bansong/gpsnav_ws/install:/home/bansong/gpsnav_ws/install:/home/bansong/gpsnav_ws/install:/opt/ros/humble LD_LIBRARY_PATH=/home/bansong/gpsnav_ws/install/scout_mini_msgs/lib:/home/bansong/gpsnav_ws/install/scout_mini_hardware/lib:${LD_LIBRARY_PATH} PYTHONPATH=/home/bansong/gpsnav_ws/install/scout_mini_msgs/local/lib/python3.10/dist-packages:${PYTHONPATH} /usr/bin/cmake /home/bansong/gpsnav_ws/src/scout_mini_ros2/scout_mini_ros2 -DCMAKE_INSTALL_PREFIX=/home/bansong/gpsnav_ws/install/scout_mini_ros2
[0.052s] -- The C compiler identification is GNU 11.4.0
[0.092s] -- The CXX compiler identification is GNU 11.4.0
[0.097s] -- Detecting C compiler ABI info
[0.155s] -- Detecting C compiler ABI info - done
[0.159s] -- Check for working C compiler: /usr/bin/cc - skipped
[0.159s] -- Detecting C compile features
[0.160s] -- Detecting C compile features - done
[0.161s] -- Detecting CXX compiler ABI info
[0.224s] -- Detecting CXX compiler ABI info - done
[0.228s] -- Check for working CXX compiler: /usr/bin/c++ - skipped
[0.228s] -- Detecting CXX compile features
[0.228s] -- Detecting CXX compile features - done
[0.230s] -- Found ament_cmake: 1.3.11 (/opt/ros/humble/share/ament_cmake/cmake)
[0.331s] -- Found Python3: /usr/bin/python3 (found version "3.10.12") found components: Interpreter 
[0.430s] -- Configuring done
[0.432s] -- Generating done
[0.433s] -- Build files have been written to: /home/bansong/gpsnav_ws/build/scout_mini_ros2
[0.437s] Invoked command in '/home/bansong/gpsnav_ws/build/scout_mini_ros2' returned '0': AMENT_PREFIX_PATH=/home/bansong/gpsnav_ws/install/scout_mini_msgs:/home/bansong/gpsnav_ws/install/scout_mini_hardware:/home/bansong/gpsnav_ws/install/scout_mini_description:/home/bansong/gpsnav_ws/install/scout_mini_base:${AMENT_PREFIX_PATH} CMAKE_PREFIX_PATH=/home/bansong/gpsnav_ws/install/scout_mini_msgs:/home/bansong/gpsnav_ws/install/scout_mini_hardware:/home/bansong/gpsnav_ws/install/scout_mini_description:/home/bansong/gpsnav_ws/install/scout_mini_base:/home/bansong/gpsnav_ws/install:/home/bansong/gpsnav_ws/install:/home/bansong/gpsnav_ws/install:/home/bansong/gpsnav_ws/install:/opt/ros/humble LD_LIBRARY_PATH=/home/bansong/gpsnav_ws/install/scout_mini_msgs/lib:/home/bansong/gpsnav_ws/install/scout_mini_hardware/lib:${LD_LIBRARY_PATH} PYTHONPATH=/home/bansong/gpsnav_ws/install/scout_mini_msgs/local/lib/python3.10/dist-packages:${PYTHONPATH} /usr/bin/cmake /home/bansong/gpsnav_ws/src/scout_mini_ros2/scout_mini_ros2 -DCMAKE_INSTALL_PREFIX=/home/bansong/gpsnav_ws/install/scout_mini_ros2
[0.438s] Invoking command in '/home/bansong/gpsnav_ws/build/scout_mini_ros2': AMENT_PREFIX_PATH=/home/bansong/gpsnav_ws/install/scout_mini_msgs:/home/bansong/gpsnav_ws/install/scout_mini_hardware:/home/bansong/gpsnav_ws/install/scout_mini_description:/home/bansong/gpsnav_ws/install/scout_mini_base:${AMENT_PREFIX_PATH} CMAKE_PREFIX_PATH=/home/bansong/gpsnav_ws/install/scout_mini_msgs:/home/bansong/gpsnav_ws/install/scout_mini_hardware:/home/bansong/gpsnav_ws/install/scout_mini_description:/home/bansong/gpsnav_ws/install/scout_mini_base:/home/bansong/gpsnav_ws/install:/home/bansong/gpsnav_ws/install:/home/bansong/gpsnav_ws/install:/home/bansong/gpsnav_ws/install:/opt/ros/humble LD_LIBRARY_PATH=/home/bansong/gpsnav_ws/install/scout_mini_msgs/lib:/home/bansong/gpsnav_ws/install/scout_mini_hardware/lib:${LD_LIBRARY_PATH} PYTHONPATH=/home/bansong/gpsnav_ws/install/scout_mini_msgs/local/lib/python3.10/dist-packages:${PYTHONPATH} /usr/bin/cmake --build /home/bansong/gpsnav_ws/build/scout_mini_ros2 -- -j16 -l16
[0.468s] Invoked command in '/home/bansong/gpsnav_ws/build/scout_mini_ros2' returned '0': AMENT_PREFIX_PATH=/home/bansong/gpsnav_ws/install/scout_mini_msgs:/home/bansong/gpsnav_ws/install/scout_mini_hardware:/home/bansong/gpsnav_ws/install/scout_mini_description:/home/bansong/gpsnav_ws/install/scout_mini_base:${AMENT_PREFIX_PATH} CMAKE_PREFIX_PATH=/home/bansong/gpsnav_ws/install/scout_mini_msgs:/home/bansong/gpsnav_ws/install/scout_mini_hardware:/home/bansong/gpsnav_ws/install/scout_mini_description:/home/bansong/gpsnav_ws/install/scout_mini_base:/home/bansong/gpsnav_ws/install:/home/bansong/gpsnav_ws/install:/home/bansong/gpsnav_ws/install:/home/bansong/gpsnav_ws/install:/opt/ros/humble LD_LIBRARY_PATH=/home/bansong/gpsnav_ws/install/scout_mini_msgs/lib:/home/bansong/gpsnav_ws/install/scout_mini_hardware/lib:${LD_LIBRARY_PATH} PYTHONPATH=/home/bansong/gpsnav_ws/install/scout_mini_msgs/local/lib/python3.10/dist-packages:${PYTHONPATH} /usr/bin/cmake --build /home/bansong/gpsnav_ws/build/scout_mini_ros2 -- -j16 -l16
[0.469s] Invoking command in '/home/bansong/gpsnav_ws/build/scout_mini_ros2': AMENT_PREFIX_PATH=/home/bansong/gpsnav_ws/install/scout_mini_msgs:/home/bansong/gpsnav_ws/install/scout_mini_hardware:/home/bansong/gpsnav_ws/install/scout_mini_description:/home/bansong/gpsnav_ws/install/scout_mini_base:${AMENT_PREFIX_PATH} CMAKE_PREFIX_PATH=/home/bansong/gpsnav_ws/install/scout_mini_msgs:/home/bansong/gpsnav_ws/install/scout_mini_hardware:/home/bansong/gpsnav_ws/install/scout_mini_description:/home/bansong/gpsnav_ws/install/scout_mini_base:/home/bansong/gpsnav_ws/install:/home/bansong/gpsnav_ws/install:/home/bansong/gpsnav_ws/install:/home/bansong/gpsnav_ws/install:/opt/ros/humble LD_LIBRARY_PATH=/home/bansong/gpsnav_ws/install/scout_mini_msgs/lib:/home/bansong/gpsnav_ws/install/scout_mini_hardware/lib:${LD_LIBRARY_PATH} PYTHONPATH=/home/bansong/gpsnav_ws/install/scout_mini_msgs/local/lib/python3.10/dist-packages:${PYTHONPATH} /usr/bin/cmake --install /home/bansong/gpsnav_ws/build/scout_mini_ros2
[0.475s] -- Install configuration: ""
[0.475s] -- Installing: /home/bansong/gpsnav_ws/install/scout_mini_ros2/share/ament_index/resource_index/package_run_dependencies/scout_mini_ros2
[0.475s] -- Installing: /home/bansong/gpsnav_ws/install/scout_mini_ros2/share/ament_index/resource_index/parent_prefix_path/scout_mini_ros2
[0.475s] -- Installing: /home/bansong/gpsnav_ws/install/scout_mini_ros2/share/scout_mini_ros2/environment/ament_prefix_path.sh
[0.475s] -- Installing: /home/bansong/gpsnav_ws/install/scout_mini_ros2/share/scout_mini_ros2/environment/ament_prefix_path.dsv
[0.475s] -- Installing: /home/bansong/gpsnav_ws/install/scout_mini_ros2/share/scout_mini_ros2/environment/path.sh
[0.475s] -- Installing: /home/bansong/gpsnav_ws/install/scout_mini_ros2/share/scout_mini_ros2/environment/path.dsv
[0.476s] -- Installing: /home/bansong/gpsnav_ws/install/scout_mini_ros2/share/scout_mini_ros2/local_setup.bash
[0.476s] -- Installing: /home/bansong/gpsnav_ws/install/scout_mini_ros2/share/scout_mini_ros2/local_setup.sh
[0.476s] -- Installing: /home/bansong/gpsnav_ws/install/scout_mini_ros2/share/scout_mini_ros2/local_setup.zsh
[0.476s] -- Installing: /home/bansong/gpsnav_ws/install/scout_mini_ros2/share/scout_mini_ros2/local_setup.dsv
[0.476s] -- Installing: /home/bansong/gpsnav_ws/install/scout_mini_ros2/share/scout_mini_ros2/package.dsv
[0.476s] -- Installing: /home/bansong/gpsnav_ws/install/scout_mini_ros2/share/ament_index/resource_index/packages/scout_mini_ros2
[0.476s] -- Installing: /home/bansong/gpsnav_ws/install/scout_mini_ros2/share/scout_mini_ros2/cmake/scout_mini_ros2Config.cmake
[0.476s] -- Installing: /home/bansong/gpsnav_ws/install/scout_mini_ros2/share/scout_mini_ros2/cmake/scout_mini_ros2Config-version.cmake
[0.476s] -- Installing: /home/bansong/gpsnav_ws/install/scout_mini_ros2/share/scout_mini_ros2/package.xml
[0.478s] Invoked command in '/home/bansong/gpsnav_ws/build/scout_mini_ros2' returned '0': AMENT_PREFIX_PATH=/home/bansong/gpsnav_ws/install/scout_mini_msgs:/home/bansong/gpsnav_ws/install/scout_mini_hardware:/home/bansong/gpsnav_ws/install/scout_mini_description:/home/bansong/gpsnav_ws/install/scout_mini_base:${AMENT_PREFIX_PATH} CMAKE_PREFIX_PATH=/home/bansong/gpsnav_ws/install/scout_mini_msgs:/home/bansong/gpsnav_ws/install/scout_mini_hardware:/home/bansong/gpsnav_ws/install/scout_mini_description:/home/bansong/gpsnav_ws/install/scout_mini_base:/home/bansong/gpsnav_ws/install:/home/bansong/gpsnav_ws/install:/home/bansong/gpsnav_ws/install:/home/bansong/gpsnav_ws/install:/opt/ros/humble LD_LIBRARY_PATH=/home/bansong/gpsnav_ws/install/scout_mini_msgs/lib:/home/bansong/gpsnav_ws/install/scout_mini_hardware/lib:${LD_LIBRARY_PATH} PYTHONPATH=/home/bansong/gpsnav_ws/install/scout_mini_msgs/local/lib/python3.10/dist-packages:${PYTHONPATH} /usr/bin/cmake --install /home/bansong/gpsnav_ws/build/scout_mini_ros2
