[0.551s] Invoking command in '/home/bansong/gpsnav_ws/build/ntrip_client': PYTHONPATH=/home/bansong/gpsnav_ws/build/ntrip_client/prefix_override:/usr/lib/python3/dist-packages/colcon_core/task/python/colcon_distutils_commands:/home/bansong/gpsnav_ws/install/ntrip_client/lib/python3.10/site-packages:${PYTHONPATH} /usr/bin/python3 -W ignore:setup.py install is deprecated -W ignore:easy_install command is deprecated setup.py develop --editable --build-directory /home/bansong/gpsnav_ws/build/ntrip_client/build --no-deps symlink_data --force
[0.703s] running develop
[0.790s] running egg_info
[0.790s] creating src/ntrip_client.egg-info
[0.790s] writing src/ntrip_client.egg-info/PKG-INFO
[0.790s] writing dependency_links to src/ntrip_client.egg-info/dependency_links.txt
[0.790s] writing requirements to src/ntrip_client.egg-info/requires.txt
[0.790s] writing top-level names to src/ntrip_client.egg-info/top_level.txt
[0.790s] writing manifest file 'src/ntrip_client.egg-info/SOURCES.txt'
[0.791s] reading manifest file 'src/ntrip_client.egg-info/SOURCES.txt'
[0.792s] writing manifest file 'src/ntrip_client.egg-info/SOURCES.txt'
[0.793s] running build_ext
[0.793s] Creating /home/bansong/gpsnav_ws/install/ntrip_client/lib/python3.10/site-packages/ntrip-client.egg-link (link to src)
[0.794s] Installing ntrip_ros.py script to /home/bansong/gpsnav_ws/install/ntrip_client/lib/ntrip_client
[0.795s] Installing ntrip_ros_base.py script to /home/bansong/gpsnav_ws/install/ntrip_client/lib/ntrip_client
[0.795s] Installing ntrip_serial_device_ros.py script to /home/bansong/gpsnav_ws/install/ntrip_client/lib/ntrip_client
[0.795s] 
[0.795s] Installed /home/bansong/gpsnav_ws/build/ntrip_client/src
[0.795s] running symlink_data
[0.795s] symbolically linking /home/bansong/gpsnav_ws/build/ntrip_client/resource/ntrip_client -> /home/bansong/gpsnav_ws/install/ntrip_client/share/ament_index/resource_index/packages
[0.795s] symbolically linking /home/bansong/gpsnav_ws/build/ntrip_client/package.xml -> /home/bansong/gpsnav_ws/install/ntrip_client/share/ntrip_client
[0.795s] symbolically linking /home/bansong/gpsnav_ws/build/ntrip_client/launch/ntrip_client_launch.py -> /home/bansong/gpsnav_ws/install/ntrip_client/share/ntrip_client
[0.795s] symbolically linking /home/bansong/gpsnav_ws/build/ntrip_client/launch/ntrip_serial_device_launch.py -> /home/bansong/gpsnav_ws/install/ntrip_client/share/ntrip_client
[0.820s] Invoked command in '/home/bansong/gpsnav_ws/build/ntrip_client' returned '0': PYTHONPATH=/home/bansong/gpsnav_ws/build/ntrip_client/prefix_override:/usr/lib/python3/dist-packages/colcon_core/task/python/colcon_distutils_commands:/home/bansong/gpsnav_ws/install/ntrip_client/lib/python3.10/site-packages:${PYTHONPATH} /usr/bin/python3 -W ignore:setup.py install is deprecated -W ignore:easy_install command is deprecated setup.py develop --editable --build-directory /home/bansong/gpsnav_ws/build/ntrip_client/build --no-deps symlink_data --force
