[0.015s] Invoking command in '/home/bansong/gpsnav_ws/build/scout_mini_ros2': AMENT_PREFIX_PATH=/home/bansong/gpsnav_ws/install/scout_mini_msgs:/home/bansong/gpsnav_ws/install/scout_mini_hardware:/home/bansong/gpsnav_ws/install/scout_mini_description:/home/bansong/gpsnav_ws/install/scout_mini_base:${AMENT_PREFIX_PATH} CMAKE_PREFIX_PATH=/home/bansong/gpsnav_ws/install/scout_mini_msgs:/home/bansong/gpsnav_ws/install/scout_mini_hardware:/home/bansong/gpsnav_ws/install/scout_mini_description:/home/bansong/gpsnav_ws/install/scout_mini_base:/opt/ros/humble LD_LIBRARY_PATH=/home/bansong/gpsnav_ws/install/scout_mini_msgs/lib:/home/bansong/gpsnav_ws/install/scout_mini_hardware/lib:${LD_LIBRARY_PATH} PYTHONPATH=/home/bansong/gpsnav_ws/install/scout_mini_msgs/local/lib/python3.10/dist-packages:${PYTHONPATH} /usr/bin/cmake --build /home/bansong/gpsnav_ws/build/scout_mini_ros2 -- -j16 -l16
[0.058s] Invoked command in '/home/bansong/gpsnav_ws/build/scout_mini_ros2' returned '0': AMENT_PREFIX_PATH=/home/bansong/gpsnav_ws/install/scout_mini_msgs:/home/bansong/gpsnav_ws/install/scout_mini_hardware:/home/bansong/gpsnav_ws/install/scout_mini_description:/home/bansong/gpsnav_ws/install/scout_mini_base:${AMENT_PREFIX_PATH} CMAKE_PREFIX_PATH=/home/bansong/gpsnav_ws/install/scout_mini_msgs:/home/bansong/gpsnav_ws/install/scout_mini_hardware:/home/bansong/gpsnav_ws/install/scout_mini_description:/home/bansong/gpsnav_ws/install/scout_mini_base:/opt/ros/humble LD_LIBRARY_PATH=/home/bansong/gpsnav_ws/install/scout_mini_msgs/lib:/home/bansong/gpsnav_ws/install/scout_mini_hardware/lib:${LD_LIBRARY_PATH} PYTHONPATH=/home/bansong/gpsnav_ws/install/scout_mini_msgs/local/lib/python3.10/dist-packages:${PYTHONPATH} /usr/bin/cmake --build /home/bansong/gpsnav_ws/build/scout_mini_ros2 -- -j16 -l16
[0.060s] Invoking command in '/home/bansong/gpsnav_ws/build/scout_mini_ros2': AMENT_PREFIX_PATH=/home/bansong/gpsnav_ws/install/scout_mini_msgs:/home/bansong/gpsnav_ws/install/scout_mini_hardware:/home/bansong/gpsnav_ws/install/scout_mini_description:/home/bansong/gpsnav_ws/install/scout_mini_base:${AMENT_PREFIX_PATH} CMAKE_PREFIX_PATH=/home/bansong/gpsnav_ws/install/scout_mini_msgs:/home/bansong/gpsnav_ws/install/scout_mini_hardware:/home/bansong/gpsnav_ws/install/scout_mini_description:/home/bansong/gpsnav_ws/install/scout_mini_base:/opt/ros/humble LD_LIBRARY_PATH=/home/bansong/gpsnav_ws/install/scout_mini_msgs/lib:/home/bansong/gpsnav_ws/install/scout_mini_hardware/lib:${LD_LIBRARY_PATH} PYTHONPATH=/home/bansong/gpsnav_ws/install/scout_mini_msgs/local/lib/python3.10/dist-packages:${PYTHONPATH} /usr/bin/cmake --install /home/bansong/gpsnav_ws/build/scout_mini_ros2
[0.070s] -- Install configuration: ""
[0.070s] -- Up-to-date: /home/bansong/gpsnav_ws/install/scout_mini_ros2/share/ament_index/resource_index/package_run_dependencies/scout_mini_ros2
[0.071s] -- Up-to-date: /home/bansong/gpsnav_ws/install/scout_mini_ros2/share/ament_index/resource_index/parent_prefix_path/scout_mini_ros2
[0.071s] -- Up-to-date: /home/bansong/gpsnav_ws/install/scout_mini_ros2/share/scout_mini_ros2/environment/ament_prefix_path.sh
[0.071s] -- Up-to-date: /home/bansong/gpsnav_ws/install/scout_mini_ros2/share/scout_mini_ros2/environment/ament_prefix_path.dsv
[0.071s] -- Up-to-date: /home/bansong/gpsnav_ws/install/scout_mini_ros2/share/scout_mini_ros2/environment/path.sh
[0.071s] -- Up-to-date: /home/bansong/gpsnav_ws/install/scout_mini_ros2/share/scout_mini_ros2/environment/path.dsv
[0.071s] -- Up-to-date: /home/bansong/gpsnav_ws/install/scout_mini_ros2/share/scout_mini_ros2/local_setup.bash
[0.071s] -- Up-to-date: /home/bansong/gpsnav_ws/install/scout_mini_ros2/share/scout_mini_ros2/local_setup.sh
[0.071s] -- Up-to-date: /home/bansong/gpsnav_ws/install/scout_mini_ros2/share/scout_mini_ros2/local_setup.zsh
[0.071s] -- Up-to-date: /home/bansong/gpsnav_ws/install/scout_mini_ros2/share/scout_mini_ros2/local_setup.dsv
[0.071s] -- Installing: /home/bansong/gpsnav_ws/install/scout_mini_ros2/share/scout_mini_ros2/package.dsv
[0.072s] -- Up-to-date: /home/bansong/gpsnav_ws/install/scout_mini_ros2/share/ament_index/resource_index/packages/scout_mini_ros2
[0.072s] -- Up-to-date: /home/bansong/gpsnav_ws/install/scout_mini_ros2/share/scout_mini_ros2/cmake/scout_mini_ros2Config.cmake
[0.072s] -- Up-to-date: /home/bansong/gpsnav_ws/install/scout_mini_ros2/share/scout_mini_ros2/cmake/scout_mini_ros2Config-version.cmake
[0.072s] -- Up-to-date: /home/bansong/gpsnav_ws/install/scout_mini_ros2/share/scout_mini_ros2/package.xml
[0.076s] Invoked command in '/home/bansong/gpsnav_ws/build/scout_mini_ros2' returned '0': AMENT_PREFIX_PATH=/home/bansong/gpsnav_ws/install/scout_mini_msgs:/home/bansong/gpsnav_ws/install/scout_mini_hardware:/home/bansong/gpsnav_ws/install/scout_mini_description:/home/bansong/gpsnav_ws/install/scout_mini_base:${AMENT_PREFIX_PATH} CMAKE_PREFIX_PATH=/home/bansong/gpsnav_ws/install/scout_mini_msgs:/home/bansong/gpsnav_ws/install/scout_mini_hardware:/home/bansong/gpsnav_ws/install/scout_mini_description:/home/bansong/gpsnav_ws/install/scout_mini_base:/opt/ros/humble LD_LIBRARY_PATH=/home/bansong/gpsnav_ws/install/scout_mini_msgs/lib:/home/bansong/gpsnav_ws/install/scout_mini_hardware/lib:${LD_LIBRARY_PATH} PYTHONPATH=/home/bansong/gpsnav_ws/install/scout_mini_msgs/local/lib/python3.10/dist-packages:${PYTHONPATH} /usr/bin/cmake --install /home/bansong/gpsnav_ws/build/scout_mini_ros2
