[100%] Built target scout_mini_hardware
-- Install configuration: ""
-- Up-to-date: /home/bansong/gpsnav_ws/install/scout_mini_hardware/share/scout_mini_hardware/scout_mini_hardware.xml
-- Up-to-date: /home/bansong/gpsnav_ws/install/scout_mini_hardware/lib/libscout_mini_hardware.so
-- Up-to-date: /home/bansong/gpsnav_ws/install/scout_mini_hardware/include/include
-- Up-to-date: /home/bansong/gpsnav_ws/install/scout_mini_hardware/include/include/scout_mini_hardware
-- Up-to-date: /home/bansong/gpsnav_ws/install/scout_mini_hardware/include/include/scout_mini_hardware/scout_mini_hardware.hpp
-- Up-to-date: /home/bansong/gpsnav_ws/install/scout_mini_hardware/include/include/scout_mini_hardware/visibility_control.h
-- Up-to-date: /home/bansong/gpsnav_ws/install/scout_mini_hardware/share/scout_mini_hardware/environment/library_path.sh
-- Up-to-date: /home/bansong/gpsnav_ws/install/scout_mini_hardware/share/scout_mini_hardware/environment/library_path.dsv
-- Up-to-date: /home/bansong/gpsnav_ws/install/scout_mini_hardware/share/ament_index/resource_index/package_run_dependencies/scout_mini_hardware
-- Up-to-date: /home/bansong/gpsnav_ws/install/scout_mini_hardware/share/ament_index/resource_index/parent_prefix_path/scout_mini_hardware
-- Up-to-date: /home/bansong/gpsnav_ws/install/scout_mini_hardware/share/scout_mini_hardware/environment/ament_prefix_path.sh
-- Up-to-date: /home/bansong/gpsnav_ws/install/scout_mini_hardware/share/scout_mini_hardware/environment/ament_prefix_path.dsv
-- Up-to-date: /home/bansong/gpsnav_ws/install/scout_mini_hardware/share/scout_mini_hardware/environment/path.sh
-- Up-to-date: /home/bansong/gpsnav_ws/install/scout_mini_hardware/share/scout_mini_hardware/environment/path.dsv
-- Up-to-date: /home/bansong/gpsnav_ws/install/scout_mini_hardware/share/scout_mini_hardware/local_setup.bash
-- Up-to-date: /home/bansong/gpsnav_ws/install/scout_mini_hardware/share/scout_mini_hardware/local_setup.sh
-- Up-to-date: /home/bansong/gpsnav_ws/install/scout_mini_hardware/share/scout_mini_hardware/local_setup.zsh
-- Up-to-date: /home/bansong/gpsnav_ws/install/scout_mini_hardware/share/scout_mini_hardware/local_setup.dsv
-- Installing: /home/bansong/gpsnav_ws/install/scout_mini_hardware/share/scout_mini_hardware/package.dsv
-- Up-to-date: /home/bansong/gpsnav_ws/install/scout_mini_hardware/share/ament_index/resource_index/packages/scout_mini_hardware
-- Up-to-date: /home/bansong/gpsnav_ws/install/scout_mini_hardware/share/ament_index/resource_index/hardware_interface__pluginlib__plugin/scout_mini_hardware
-- Up-to-date: /home/bansong/gpsnav_ws/install/scout_mini_hardware/share/scout_mini_hardware/cmake/ament_cmake_export_dependencies-extras.cmake
-- Up-to-date: /home/bansong/gpsnav_ws/install/scout_mini_hardware/share/scout_mini_hardware/cmake/ament_cmake_export_libraries-extras.cmake
-- Up-to-date: /home/bansong/gpsnav_ws/install/scout_mini_hardware/share/scout_mini_hardware/cmake/ament_cmake_export_include_directories-extras.cmake
-- Up-to-date: /home/bansong/gpsnav_ws/install/scout_mini_hardware/share/scout_mini_hardware/cmake/scout_mini_hardwareConfig.cmake
-- Up-to-date: /home/bansong/gpsnav_ws/install/scout_mini_hardware/share/scout_mini_hardware/cmake/scout_mini_hardwareConfig-version.cmake
-- Up-to-date: /home/bansong/gpsnav_ws/install/scout_mini_hardware/share/scout_mini_hardware/package.xml
