-- Found ament_cmake: 1.3.11 (/opt/ros/humble/share/ament_cmake/cmake)
-- Override CMake install command with custom implementation using symlinks instead of copying resources
-- Found ros2_control: 2.51.0 (/opt/ros/humble/share/ros2_control/cmake)
-- Found ros2_controllers: 2.47.0 (/opt/ros/humble/share/ros2_controllers/cmake)
-- Found twist_mux: 4.3.0 (/opt/ros/humble/share/twist_mux/cmake)
-- Found rosidl_generator_c: 3.1.6 (/opt/ros/humble/share/rosidl_generator_c/cmake)
-- Found rosidl_adapter: 3.1.6 (/opt/ros/humble/share/rosidl_adapter/cmake)
-- Found rosidl_generator_cpp: 3.1.6 (/opt/ros/humble/share/rosidl_generator_cpp/cmake)
-- Using all available rosidl_typesupport_c: rosidl_typesupport_fastrtps_c;rosidl_typesupport_introspection_c
-- Using all available rosidl_typesupport_cpp: rosidl_typesupport_fastrtps_cpp;rosidl_typesupport_introspection_cpp
-- Found rmw_implementation_cmake: 6.1.2 (/opt/ros/humble/share/rmw_implementation_cmake/cmake)
-- Found rmw_fastrtps_cpp: 6.2.7 (/opt/ros/humble/share/rmw_fastrtps_cpp/cmake)
-- Using RMW implementation 'rmw_fastrtps_cpp' as default
-- Configuring done
-- Generating done
-- Build files have been written to: /home/bansong/gpsnav_ws/build/scout_mini_base
-- Install configuration: ""
-- Execute custom install script
-- Symlinking: /home/bansong/gpsnav_ws/install/scout_mini_base/share/scout_mini_base/config/scout_mini.yaml
-- Symlinking: /home/bansong/gpsnav_ws/install/scout_mini_base/share/scout_mini_base/launch/base_launch.py
-- Symlinking: /home/bansong/gpsnav_ws/install/scout_mini_base/share/ament_index/resource_index/package_run_dependencies/scout_mini_base
-- Symlinking: /home/bansong/gpsnav_ws/install/scout_mini_base/share/ament_index/resource_index/parent_prefix_path/scout_mini_base
-- Symlinking: /home/bansong/gpsnav_ws/install/scout_mini_base/share/scout_mini_base/environment/ament_prefix_path.sh
-- Symlinking: /home/bansong/gpsnav_ws/install/scout_mini_base/share/scout_mini_base/environment/ament_prefix_path.dsv
-- Symlinking: /home/bansong/gpsnav_ws/install/scout_mini_base/share/scout_mini_base/environment/path.sh
-- Symlinking: /home/bansong/gpsnav_ws/install/scout_mini_base/share/scout_mini_base/environment/path.dsv
-- Symlinking: /home/bansong/gpsnav_ws/install/scout_mini_base/share/scout_mini_base/local_setup.bash
-- Symlinking: /home/bansong/gpsnav_ws/install/scout_mini_base/share/scout_mini_base/local_setup.sh
-- Symlinking: /home/bansong/gpsnav_ws/install/scout_mini_base/share/scout_mini_base/local_setup.zsh
-- Symlinking: /home/bansong/gpsnav_ws/install/scout_mini_base/share/scout_mini_base/local_setup.dsv
-- Symlinking: /home/bansong/gpsnav_ws/install/scout_mini_base/share/scout_mini_base/package.dsv
-- Symlinking: /home/bansong/gpsnav_ws/install/scout_mini_base/share/ament_index/resource_index/packages/scout_mini_base
-- Symlinking: /home/bansong/gpsnav_ws/install/scout_mini_base/share/scout_mini_base/cmake/scout_mini_baseConfig.cmake
-- Symlinking: /home/bansong/gpsnav_ws/install/scout_mini_base/share/scout_mini_base/cmake/scout_mini_baseConfig-version.cmake
-- Symlinking: /home/bansong/gpsnav_ws/install/scout_mini_base/share/scout_mini_base/package.xml
