[0.024s] Invoking command in '/home/bansong/gpsnav_ws/build/scout_mini_base': CMAKE_PREFIX_PATH=${CMAKE_PREFIX_PATH}:/home/bansong/gpsnav_ws/install/ntrip_client:/home/bansong/gpsnav_ws/install/my_nav_pkg:/opt/ros/humble /usr/bin/cmake /home/bansong/gpsnav_ws/src/scout_mini_ros2/scout_mini_base -DAMENT_CMAKE_SYMLINK_INSTALL=1 -DCMAKE_INSTALL_PREFIX=/home/bansong/gpsnav_ws/install/scout_mini_base
[0.324s] -- Found ament_cmake: 1.3.11 (/opt/ros/humble/share/ament_cmake/cmake)
[0.325s] -- Override CMake install command with custom implementation using symlinks instead of copying resources
[0.325s] -- Found ros2_control: 2.51.0 (/opt/ros/humble/share/ros2_control/cmake)
[0.325s] -- Found ros2_controllers: 2.47.0 (/opt/ros/humble/share/ros2_controllers/cmake)
[0.325s] -- Found twist_mux: 4.3.0 (/opt/ros/humble/share/twist_mux/cmake)
[0.325s] -- Found rosidl_generator_c: 3.1.6 (/opt/ros/humble/share/rosidl_generator_c/cmake)
[0.325s] -- Found rosidl_adapter: 3.1.6 (/opt/ros/humble/share/rosidl_adapter/cmake)
[0.325s] -- Found rosidl_generator_cpp: 3.1.6 (/opt/ros/humble/share/rosidl_generator_cpp/cmake)
[0.325s] -- Using all available rosidl_typesupport_c: rosidl_typesupport_fastrtps_c;rosidl_typesupport_introspection_c
[0.325s] -- Using all available rosidl_typesupport_cpp: rosidl_typesupport_fastrtps_cpp;rosidl_typesupport_introspection_cpp
[0.325s] -- Found rmw_implementation_cmake: 6.1.2 (/opt/ros/humble/share/rmw_implementation_cmake/cmake)
[0.325s] -- Found rmw_fastrtps_cpp: 6.2.7 (/opt/ros/humble/share/rmw_fastrtps_cpp/cmake)
[0.325s] -- Using RMW implementation 'rmw_fastrtps_cpp' as default
[0.393s] -- Configuring done
[0.397s] -- Generating done
[0.399s] -- Build files have been written to: /home/bansong/gpsnav_ws/build/scout_mini_base
[0.406s] Invoked command in '/home/bansong/gpsnav_ws/build/scout_mini_base' returned '0': CMAKE_PREFIX_PATH=${CMAKE_PREFIX_PATH}:/home/bansong/gpsnav_ws/install/ntrip_client:/home/bansong/gpsnav_ws/install/my_nav_pkg:/opt/ros/humble /usr/bin/cmake /home/bansong/gpsnav_ws/src/scout_mini_ros2/scout_mini_base -DAMENT_CMAKE_SYMLINK_INSTALL=1 -DCMAKE_INSTALL_PREFIX=/home/bansong/gpsnav_ws/install/scout_mini_base
[0.407s] Invoking command in '/home/bansong/gpsnav_ws/build/scout_mini_base': CMAKE_PREFIX_PATH=${CMAKE_PREFIX_PATH}:/home/bansong/gpsnav_ws/install/ntrip_client:/home/bansong/gpsnav_ws/install/my_nav_pkg:/opt/ros/humble /usr/bin/cmake --build /home/bansong/gpsnav_ws/build/scout_mini_base -- -j16 -l16
[0.439s] Invoked command in '/home/bansong/gpsnav_ws/build/scout_mini_base' returned '0': CMAKE_PREFIX_PATH=${CMAKE_PREFIX_PATH}:/home/bansong/gpsnav_ws/install/ntrip_client:/home/bansong/gpsnav_ws/install/my_nav_pkg:/opt/ros/humble /usr/bin/cmake --build /home/bansong/gpsnav_ws/build/scout_mini_base -- -j16 -l16
[0.440s] Invoking command in '/home/bansong/gpsnav_ws/build/scout_mini_base': CMAKE_PREFIX_PATH=${CMAKE_PREFIX_PATH}:/home/bansong/gpsnav_ws/install/ntrip_client:/home/bansong/gpsnav_ws/install/my_nav_pkg:/opt/ros/humble /usr/bin/cmake --install /home/bansong/gpsnav_ws/build/scout_mini_base
[0.445s] -- Install configuration: ""
[0.445s] -- Execute custom install script
[0.445s] -- Symlinking: /home/bansong/gpsnav_ws/install/scout_mini_base/share/scout_mini_base/config/scout_mini.yaml
[0.453s] -- Symlinking: /home/bansong/gpsnav_ws/install/scout_mini_base/share/scout_mini_base/launch/base_launch.py
[0.460s] -- Symlinking: /home/bansong/gpsnav_ws/install/scout_mini_base/share/ament_index/resource_index/package_run_dependencies/scout_mini_base
[0.468s] -- Symlinking: /home/bansong/gpsnav_ws/install/scout_mini_base/share/ament_index/resource_index/parent_prefix_path/scout_mini_base
[0.475s] -- Symlinking: /home/bansong/gpsnav_ws/install/scout_mini_base/share/scout_mini_base/environment/ament_prefix_path.sh
[0.482s] -- Symlinking: /home/bansong/gpsnav_ws/install/scout_mini_base/share/scout_mini_base/environment/ament_prefix_path.dsv
[0.490s] -- Symlinking: /home/bansong/gpsnav_ws/install/scout_mini_base/share/scout_mini_base/environment/path.sh
[0.497s] -- Symlinking: /home/bansong/gpsnav_ws/install/scout_mini_base/share/scout_mini_base/environment/path.dsv
[0.505s] -- Symlinking: /home/bansong/gpsnav_ws/install/scout_mini_base/share/scout_mini_base/local_setup.bash
[0.512s] -- Symlinking: /home/bansong/gpsnav_ws/install/scout_mini_base/share/scout_mini_base/local_setup.sh
[0.520s] -- Symlinking: /home/bansong/gpsnav_ws/install/scout_mini_base/share/scout_mini_base/local_setup.zsh
[0.527s] -- Symlinking: /home/bansong/gpsnav_ws/install/scout_mini_base/share/scout_mini_base/local_setup.dsv
[0.535s] -- Symlinking: /home/bansong/gpsnav_ws/install/scout_mini_base/share/scout_mini_base/package.dsv
[0.542s] -- Symlinking: /home/bansong/gpsnav_ws/install/scout_mini_base/share/ament_index/resource_index/packages/scout_mini_base
[0.549s] -- Symlinking: /home/bansong/gpsnav_ws/install/scout_mini_base/share/scout_mini_base/cmake/scout_mini_baseConfig.cmake
[0.557s] -- Symlinking: /home/bansong/gpsnav_ws/install/scout_mini_base/share/scout_mini_base/cmake/scout_mini_baseConfig-version.cmake
[0.566s] -- Symlinking: /home/bansong/gpsnav_ws/install/scout_mini_base/share/scout_mini_base/package.xml
[0.574s] Invoked command in '/home/bansong/gpsnav_ws/build/scout_mini_base' returned '0': CMAKE_PREFIX_PATH=${CMAKE_PREFIX_PATH}:/home/bansong/gpsnav_ws/install/ntrip_client:/home/bansong/gpsnav_ws/install/my_nav_pkg:/opt/ros/humble /usr/bin/cmake --install /home/bansong/gpsnav_ws/build/scout_mini_base
