[0.513s] Invoking command in '/home/bansong/gpsnav_ws/src/ntrip_client': PYTHONPATH=/home/bansong/gpsnav_ws/build/ntrip_client/prefix_override:/usr/lib/python3/dist-packages/colcon_core/task/python/colcon_distutils_commands:/home/bansong/gpsnav_ws/install/ntrip_client/lib/python3.10/site-packages:${PYTHONPATH} /usr/bin/python3 -W ignore:setup.py install is deprecated -W ignore:easy_install command is deprecated setup.py egg_info --egg-base ../../build/ntrip_client build --build-base /home/bansong/gpsnav_ws/build/ntrip_client/build install --record /home/bansong/gpsnav_ws/build/ntrip_client/install.log --single-version-externally-managed install_data
[0.642s] running egg_info
[0.642s] creating ../../build/ntrip_client/ntrip_client.egg-info
[0.643s] writing ../../build/ntrip_client/ntrip_client.egg-info/PKG-INFO
[0.644s] writing dependency_links to ../../build/ntrip_client/ntrip_client.egg-info/dependency_links.txt
[0.644s] writing requirements to ../../build/ntrip_client/ntrip_client.egg-info/requires.txt
[0.644s] writing top-level names to ../../build/ntrip_client/ntrip_client.egg-info/top_level.txt
[0.644s] writing manifest file '../../build/ntrip_client/ntrip_client.egg-info/SOURCES.txt'
[0.646s] reading manifest file '../../build/ntrip_client/ntrip_client.egg-info/SOURCES.txt'
[0.646s] adding license file 'LICENSE'
[0.647s] writing manifest file '../../build/ntrip_client/ntrip_client.egg-info/SOURCES.txt'
[0.647s] running build
[0.647s] running build_py
[0.647s] creating /home/bansong/gpsnav_ws/build/ntrip_client/build
[0.647s] creating /home/bansong/gpsnav_ws/build/ntrip_client/build/lib
[0.647s] creating /home/bansong/gpsnav_ws/build/ntrip_client/build/lib/ntrip_client
[0.647s] copying src/ntrip_client/ntrip_client.py -> /home/bansong/gpsnav_ws/build/ntrip_client/build/lib/ntrip_client
[0.647s] copying src/ntrip_client/ntrip_serial_device.py -> /home/bansong/gpsnav_ws/build/ntrip_client/build/lib/ntrip_client
[0.648s] copying src/ntrip_client/__init__.py -> /home/bansong/gpsnav_ws/build/ntrip_client/build/lib/ntrip_client
[0.648s] copying src/ntrip_client/ntrip_base.py -> /home/bansong/gpsnav_ws/build/ntrip_client/build/lib/ntrip_client
[0.648s] copying src/ntrip_client/rtcm_parser.py -> /home/bansong/gpsnav_ws/build/ntrip_client/build/lib/ntrip_client
[0.648s] copying src/ntrip_client/nmea_parser.py -> /home/bansong/gpsnav_ws/build/ntrip_client/build/lib/ntrip_client
[0.648s] running build_scripts
[0.648s] creating /home/bansong/gpsnav_ws/build/ntrip_client/build/scripts-3.10
[0.648s] copying and adjusting scripts/ntrip_ros.py -> /home/bansong/gpsnav_ws/build/ntrip_client/build/scripts-3.10
[0.648s] copying and adjusting scripts/ntrip_ros_base.py -> /home/bansong/gpsnav_ws/build/ntrip_client/build/scripts-3.10
[0.648s] copying and adjusting scripts/ntrip_serial_device_ros.py -> /home/bansong/gpsnav_ws/build/ntrip_client/build/scripts-3.10
[0.648s] changing mode of /home/bansong/gpsnav_ws/build/ntrip_client/build/scripts-3.10/ntrip_ros.py from 664 to 775
[0.648s] changing mode of /home/bansong/gpsnav_ws/build/ntrip_client/build/scripts-3.10/ntrip_ros_base.py from 664 to 775
[0.648s] changing mode of /home/bansong/gpsnav_ws/build/ntrip_client/build/scripts-3.10/ntrip_serial_device_ros.py from 664 to 775
[0.648s] running install
[0.649s] running install_lib
[0.650s] creating /home/bansong/gpsnav_ws/install/ntrip_client/lib/python3.10/site-packages/ntrip_client
[0.650s] copying /home/bansong/gpsnav_ws/build/ntrip_client/build/lib/ntrip_client/ntrip_client.py -> /home/bansong/gpsnav_ws/install/ntrip_client/lib/python3.10/site-packages/ntrip_client
[0.650s] copying /home/bansong/gpsnav_ws/build/ntrip_client/build/lib/ntrip_client/ntrip_serial_device.py -> /home/bansong/gpsnav_ws/install/ntrip_client/lib/python3.10/site-packages/ntrip_client
[0.650s] copying /home/bansong/gpsnav_ws/build/ntrip_client/build/lib/ntrip_client/__init__.py -> /home/bansong/gpsnav_ws/install/ntrip_client/lib/python3.10/site-packages/ntrip_client
[0.650s] copying /home/bansong/gpsnav_ws/build/ntrip_client/build/lib/ntrip_client/ntrip_base.py -> /home/bansong/gpsnav_ws/install/ntrip_client/lib/python3.10/site-packages/ntrip_client
[0.650s] copying /home/bansong/gpsnav_ws/build/ntrip_client/build/lib/ntrip_client/rtcm_parser.py -> /home/bansong/gpsnav_ws/install/ntrip_client/lib/python3.10/site-packages/ntrip_client
[0.651s] copying /home/bansong/gpsnav_ws/build/ntrip_client/build/lib/ntrip_client/nmea_parser.py -> /home/bansong/gpsnav_ws/install/ntrip_client/lib/python3.10/site-packages/ntrip_client
[0.651s] byte-compiling /home/bansong/gpsnav_ws/install/ntrip_client/lib/python3.10/site-packages/ntrip_client/ntrip_client.py to ntrip_client.cpython-310.pyc
[0.651s] byte-compiling /home/bansong/gpsnav_ws/install/ntrip_client/lib/python3.10/site-packages/ntrip_client/ntrip_serial_device.py to ntrip_serial_device.cpython-310.pyc
[0.651s] byte-compiling /home/bansong/gpsnav_ws/install/ntrip_client/lib/python3.10/site-packages/ntrip_client/__init__.py to __init__.cpython-310.pyc
[0.651s] byte-compiling /home/bansong/gpsnav_ws/install/ntrip_client/lib/python3.10/site-packages/ntrip_client/ntrip_base.py to ntrip_base.cpython-310.pyc
[0.653s] byte-compiling /home/bansong/gpsnav_ws/install/ntrip_client/lib/python3.10/site-packages/ntrip_client/rtcm_parser.py to rtcm_parser.cpython-310.pyc
[0.654s] byte-compiling /home/bansong/gpsnav_ws/install/ntrip_client/lib/python3.10/site-packages/ntrip_client/nmea_parser.py to nmea_parser.cpython-310.pyc
[0.654s] running install_data
[0.654s] creating /home/bansong/gpsnav_ws/install/ntrip_client/share/ament_index
[0.654s] creating /home/bansong/gpsnav_ws/install/ntrip_client/share/ament_index/resource_index
[0.654s] creating /home/bansong/gpsnav_ws/install/ntrip_client/share/ament_index/resource_index/packages
[0.654s] copying resource/ntrip_client -> /home/bansong/gpsnav_ws/install/ntrip_client/share/ament_index/resource_index/packages
[0.654s] copying package.xml -> /home/bansong/gpsnav_ws/install/ntrip_client/share/ntrip_client
[0.654s] copying launch/ntrip_client_launch.py -> /home/bansong/gpsnav_ws/install/ntrip_client/share/ntrip_client
[0.655s] copying launch/ntrip_serial_device_launch.py -> /home/bansong/gpsnav_ws/install/ntrip_client/share/ntrip_client
[0.655s] running install_egg_info
[0.656s] Copying ../../build/ntrip_client/ntrip_client.egg-info to /home/bansong/gpsnav_ws/install/ntrip_client/lib/python3.10/site-packages/ntrip_client-1.4.0-py3.10.egg-info
[0.656s] running install_scripts
[0.672s] creating /home/bansong/gpsnav_ws/install/ntrip_client/lib/ntrip_client
[0.673s] copying /home/bansong/gpsnav_ws/build/ntrip_client/build/scripts-3.10/ntrip_ros_base.py -> /home/bansong/gpsnav_ws/install/ntrip_client/lib/ntrip_client
[0.673s] copying /home/bansong/gpsnav_ws/build/ntrip_client/build/scripts-3.10/ntrip_ros.py -> /home/bansong/gpsnav_ws/install/ntrip_client/lib/ntrip_client
[0.673s] copying /home/bansong/gpsnav_ws/build/ntrip_client/build/scripts-3.10/ntrip_serial_device_ros.py -> /home/bansong/gpsnav_ws/install/ntrip_client/lib/ntrip_client
[0.673s] changing mode of /home/bansong/gpsnav_ws/install/ntrip_client/lib/ntrip_client/ntrip_ros_base.py to 775
[0.673s] changing mode of /home/bansong/gpsnav_ws/install/ntrip_client/lib/ntrip_client/ntrip_ros.py to 775
[0.673s] changing mode of /home/bansong/gpsnav_ws/install/ntrip_client/lib/ntrip_client/ntrip_serial_device_ros.py to 775
[0.674s] writing list of installed files to '/home/bansong/gpsnav_ws/build/ntrip_client/install.log'
[0.690s] Invoked command in '/home/bansong/gpsnav_ws/src/ntrip_client' returned '0': PYTHONPATH=/home/bansong/gpsnav_ws/build/ntrip_client/prefix_override:/usr/lib/python3/dist-packages/colcon_core/task/python/colcon_distutils_commands:/home/bansong/gpsnav_ws/install/ntrip_client/lib/python3.10/site-packages:${PYTHONPATH} /usr/bin/python3 -W ignore:setup.py install is deprecated -W ignore:easy_install command is deprecated setup.py egg_info --egg-base ../../build/ntrip_client build --build-base /home/bansong/gpsnav_ws/build/ntrip_client/build install --record /home/bansong/gpsnav_ws/build/ntrip_client/install.log --single-version-externally-managed install_data
