running egg_info
writing ../../build/my_nav_pkg/my_nav_pkg.egg-info/PKG-INFO
writing dependency_links to ../../build/my_nav_pkg/my_nav_pkg.egg-info/dependency_links.txt
writing entry points to ../../build/my_nav_pkg/my_nav_pkg.egg-info/entry_points.txt
writing requirements to ../../build/my_nav_pkg/my_nav_pkg.egg-info/requires.txt
writing top-level names to ../../build/my_nav_pkg/my_nav_pkg.egg-info/top_level.txt
reading manifest file '../../build/my_nav_pkg/my_nav_pkg.egg-info/SOURCES.txt'
writing manifest file '../../build/my_nav_pkg/my_nav_pkg.egg-info/SOURCES.txt'
running build
running build_py
running install
running install_lib
byte-compiling /home/bansong/gpsnav_ws/install/my_nav_pkg/lib/python3.10/site-packages/my_nav_pkg/waypoint_follower_node.py to waypoint_follower_node.cpython-310.pyc
running install_data
running install_egg_info
removing '/home/bansong/gpsnav_ws/install/my_nav_pkg/lib/python3.10/site-packages/my_nav_pkg-0.0.1-py3.10.egg-info' (and everything under it)
Copying ../../build/my_nav_pkg/my_nav_pkg.egg-info to /home/bansong/gpsnav_ws/install/my_nav_pkg/lib/python3.10/site-packages/my_nav_pkg-0.0.1-py3.10.egg-info
running install_scripts
Installing main_controller_node script to /home/bansong/gpsnav_ws/install/my_nav_pkg/lib/my_nav_pkg
Installing test_pub_node script to /home/bansong/gpsnav_ws/install/my_nav_pkg/lib/my_nav_pkg
Installing waypoint_follower_node script to /home/bansong/gpsnav_ws/install/my_nav_pkg/lib/my_nav_pkg
writing list of installed files to '/home/bansong/gpsnav_ws/build/my_nav_pkg/install.log'
