[0.012s] Invoking command in '/home/bansong/gpsnav_ws/build/ublox_gps': AMENT_PREFIX_PATH=/home/bansong/gpsnav_ws/install/ublox_msgs:/home/bansong/gpsnav_ws/install/ublox_serialization:${AMENT_PREFIX_PATH} CMAKE_PREFIX_PATH=/home/bansong/gpsnav_ws/install/ublox_msgs:/home/bansong/gpsnav_ws/install/ublox_serialization:/opt/ros/humble LD_LIBRARY_PATH=/home/bansong/gpsnav_ws/install/ublox_msgs/lib:${LD_LIBRARY_PATH} PYTHONPATH=/home/bansong/gpsnav_ws/install/ublox_msgs/local/lib/python3.10/dist-packages:${PYTHONPATH} /usr/bin/cmake --build /home/bansong/gpsnav_ws/build/ublox_gps -- -j16 -l16
[0.059s] [ 13%] Built target ublox_logger_node
[0.081s] [ 90%] Built target ublox_gps
[0.105s] [100%] Built target ublox_gps_node
[0.115s] Invoked command in '/home/bansong/gpsnav_ws/build/ublox_gps' returned '0': AMENT_PREFIX_PATH=/home/bansong/gpsnav_ws/install/ublox_msgs:/home/bansong/gpsnav_ws/install/ublox_serialization:${AMENT_PREFIX_PATH} CMAKE_PREFIX_PATH=/home/bansong/gpsnav_ws/install/ublox_msgs:/home/bansong/gpsnav_ws/install/ublox_serialization:/opt/ros/humble LD_LIBRARY_PATH=/home/bansong/gpsnav_ws/install/ublox_msgs/lib:${LD_LIBRARY_PATH} PYTHONPATH=/home/bansong/gpsnav_ws/install/ublox_msgs/local/lib/python3.10/dist-packages:${PYTHONPATH} /usr/bin/cmake --build /home/bansong/gpsnav_ws/build/ublox_gps -- -j16 -l16
[0.124s] Invoking command in '/home/bansong/gpsnav_ws/build/ublox_gps': AMENT_PREFIX_PATH=/home/bansong/gpsnav_ws/install/ublox_msgs:/home/bansong/gpsnav_ws/install/ublox_serialization:${AMENT_PREFIX_PATH} CMAKE_PREFIX_PATH=/home/bansong/gpsnav_ws/install/ublox_msgs:/home/bansong/gpsnav_ws/install/ublox_serialization:/opt/ros/humble LD_LIBRARY_PATH=/home/bansong/gpsnav_ws/install/ublox_msgs/lib:${LD_LIBRARY_PATH} PYTHONPATH=/home/bansong/gpsnav_ws/install/ublox_msgs/local/lib/python3.10/dist-packages:${PYTHONPATH} /usr/bin/cmake --install /home/bansong/gpsnav_ws/build/ublox_gps
[0.129s] -- Install configuration: ""
[0.129s] -- Up-to-date: /home/bansong/gpsnav_ws/install/ublox_gps/lib/libublox_gps.so
[0.129s] -- Up-to-date: /home/bansong/gpsnav_ws/install/ublox_gps/lib/ublox_gps/ublox_gps_node
[0.129s] -- Up-to-date: /home/bansong/gpsnav_ws/install/ublox_gps/lib/ublox_gps/ublox_logger
[0.129s] -- Up-to-date: /home/bansong/gpsnav_ws/install/ublox_gps/include
[0.129s] -- Up-to-date: /home/bansong/gpsnav_ws/install/ublox_gps/include/ublox_gps
[0.129s] -- Up-to-date: /home/bansong/gpsnav_ws/install/ublox_gps/include/ublox_gps/fix_diagnostic.hpp
[0.129s] -- Up-to-date: /home/bansong/gpsnav_ws/install/ublox_gps/include/ublox_gps/raw_data_product.hpp
[0.129s] -- Up-to-date: /home/bansong/gpsnav_ws/install/ublox_gps/include/ublox_gps/ublox_firmware.hpp
[0.130s] -- Up-to-date: /home/bansong/gpsnav_ws/install/ublox_gps/include/ublox_gps/tim_product.hpp
[0.130s] -- Up-to-date: /home/bansong/gpsnav_ws/install/ublox_gps/include/ublox_gps/gps.hpp
[0.130s] -- Up-to-date: /home/bansong/gpsnav_ws/install/ublox_gps/include/ublox_gps/hpg_ref_product.hpp
[0.130s] -- Up-to-date: /home/bansong/gpsnav_ws/install/ublox_gps/include/ublox_gps/gnss.hpp
[0.130s] -- Up-to-date: /home/bansong/gpsnav_ws/install/ublox_gps/include/ublox_gps/ublox_firmware7.hpp
[0.130s] -- Up-to-date: /home/bansong/gpsnav_ws/install/ublox_gps/include/ublox_gps/mkgmtime.h
[0.130s] -- Up-to-date: /home/bansong/gpsnav_ws/install/ublox_gps/include/ublox_gps/rtcm.hpp
[0.130s] -- Up-to-date: /home/bansong/gpsnav_ws/install/ublox_gps/include/ublox_gps/callback.hpp
[0.130s] -- Up-to-date: /home/bansong/gpsnav_ws/install/ublox_gps/include/ublox_gps/ublox_firmware6.hpp
[0.130s] -- Up-to-date: /home/bansong/gpsnav_ws/install/ublox_gps/include/ublox_gps/ublox_firmware9.hpp
[0.130s] -- Up-to-date: /home/bansong/gpsnav_ws/install/ublox_gps/include/ublox_gps/async_worker.hpp
[0.130s] -- Up-to-date: /home/bansong/gpsnav_ws/install/ublox_gps/include/ublox_gps/ublox_firmware7plus.hpp
[0.130s] -- Up-to-date: /home/bansong/gpsnav_ws/install/ublox_gps/include/ublox_gps/utils.hpp
[0.130s] -- Up-to-date: /home/bansong/gpsnav_ws/install/ublox_gps/include/ublox_gps/adr_udr_product.hpp
[0.130s] -- Up-to-date: /home/bansong/gpsnav_ws/install/ublox_gps/include/ublox_gps/ublox_topic_diagnostic.hpp
[0.130s] -- Up-to-date: /home/bansong/gpsnav_ws/install/ublox_gps/include/ublox_gps/node.hpp
[0.130s] -- Up-to-date: /home/bansong/gpsnav_ws/install/ublox_gps/include/ublox_gps/component_interface.hpp
[0.130s] -- Up-to-date: /home/bansong/gpsnav_ws/install/ublox_gps/include/ublox_gps/worker.hpp
[0.130s] -- Up-to-date: /home/bansong/gpsnav_ws/install/ublox_gps/include/ublox_gps/hp_pos_rec_product.hpp
[0.130s] -- Up-to-date: /home/bansong/gpsnav_ws/install/ublox_gps/include/ublox_gps/fts_product.hpp
[0.130s] -- Up-to-date: /home/bansong/gpsnav_ws/install/ublox_gps/include/ublox_gps/raw_data_pa.hpp
[0.130s] -- Up-to-date: /home/bansong/gpsnav_ws/install/ublox_gps/include/ublox_gps/hpg_rov_product.hpp
[0.130s] -- Up-to-date: /home/bansong/gpsnav_ws/install/ublox_gps/include/ublox_gps/ublox_firmware8.hpp
[0.130s] -- Up-to-date: /home/bansong/gpsnav_ws/install/ublox_gps/share/ublox_gps/launch
[0.130s] -- Up-to-date: /home/bansong/gpsnav_ws/install/ublox_gps/share/ublox_gps/launch/ublox_gps_node-composed-launch.py
[0.130s] -- Up-to-date: /home/bansong/gpsnav_ws/install/ublox_gps/share/ublox_gps/launch/ublox_gps_node_zedf9p-launch.py
[0.130s] -- Up-to-date: /home/bansong/gpsnav_ws/install/ublox_gps/share/ublox_gps/config
[0.131s] -- Installing: /home/bansong/gpsnav_ws/install/ublox_gps/share/ublox_gps/config/zed_f9p.yaml
[0.131s] -- Up-to-date: /home/bansong/gpsnav_ws/install/ublox_gps/share/ament_index/resource_index/package_run_dependencies/ublox_gps
[0.131s] -- Up-to-date: /home/bansong/gpsnav_ws/install/ublox_gps/share/ament_index/resource_index/parent_prefix_path/ublox_gps
[0.131s] -- Up-to-date: /home/bansong/gpsnav_ws/install/ublox_gps/share/ublox_gps/environment/ament_prefix_path.sh
[0.131s] -- Up-to-date: /home/bansong/gpsnav_ws/install/ublox_gps/share/ublox_gps/environment/ament_prefix_path.dsv
[0.131s] -- Up-to-date: /home/bansong/gpsnav_ws/install/ublox_gps/share/ublox_gps/environment/path.sh
[0.131s] -- Up-to-date: /home/bansong/gpsnav_ws/install/ublox_gps/share/ublox_gps/environment/path.dsv
[0.131s] -- Up-to-date: /home/bansong/gpsnav_ws/install/ublox_gps/share/ublox_gps/local_setup.bash
[0.131s] -- Up-to-date: /home/bansong/gpsnav_ws/install/ublox_gps/share/ublox_gps/local_setup.sh
[0.131s] -- Up-to-date: /home/bansong/gpsnav_ws/install/ublox_gps/share/ublox_gps/local_setup.zsh
[0.131s] -- Up-to-date: /home/bansong/gpsnav_ws/install/ublox_gps/share/ublox_gps/local_setup.dsv
[0.131s] -- Installing: /home/bansong/gpsnav_ws/install/ublox_gps/share/ublox_gps/package.dsv
[0.131s] -- Up-to-date: /home/bansong/gpsnav_ws/install/ublox_gps/share/ament_index/resource_index/packages/ublox_gps
[0.131s] -- Up-to-date: /home/bansong/gpsnav_ws/install/ublox_gps/share/ament_index/resource_index/rclcpp_components/ublox_gps
[0.131s] -- Up-to-date: /home/bansong/gpsnav_ws/install/ublox_gps/share/ublox_gps/cmake/ublox_gpsConfig.cmake
[0.131s] -- Up-to-date: /home/bansong/gpsnav_ws/install/ublox_gps/share/ublox_gps/cmake/ublox_gpsConfig-version.cmake
[0.131s] -- Up-to-date: /home/bansong/gpsnav_ws/install/ublox_gps/share/ublox_gps/package.xml
[0.132s] Invoked command in '/home/bansong/gpsnav_ws/build/ublox_gps' returned '0': AMENT_PREFIX_PATH=/home/bansong/gpsnav_ws/install/ublox_msgs:/home/bansong/gpsnav_ws/install/ublox_serialization:${AMENT_PREFIX_PATH} CMAKE_PREFIX_PATH=/home/bansong/gpsnav_ws/install/ublox_msgs:/home/bansong/gpsnav_ws/install/ublox_serialization:/opt/ros/humble LD_LIBRARY_PATH=/home/bansong/gpsnav_ws/install/ublox_msgs/lib:${LD_LIBRARY_PATH} PYTHONPATH=/home/bansong/gpsnav_ws/install/ublox_msgs/local/lib/python3.10/dist-packages:${PYTHONPATH} /usr/bin/cmake --install /home/bansong/gpsnav_ws/build/ublox_gps
