running develop
Removing /home/bansong/gpsnav_ws/install/my_nav_pkg/lib/python3.10/site-packages/my-nav-pkg.egg-link (link to .)
running egg_info
writing ../../build/my_nav_pkg/my_nav_pkg.egg-info/PKG-INFO
writing dependency_links to ../../build/my_nav_pkg/my_nav_pkg.egg-info/dependency_links.txt
writing entry points to ../../build/my_nav_pkg/my_nav_pkg.egg-info/entry_points.txt
writing requirements to ../../build/my_nav_pkg/my_nav_pkg.egg-info/requires.txt
writing top-level names to ../../build/my_nav_pkg/my_nav_pkg.egg-info/top_level.txt
reading manifest file '../../build/my_nav_pkg/my_nav_pkg.egg-info/SOURCES.txt'
writing manifest file '../../build/my_nav_pkg/my_nav_pkg.egg-info/SOURCES.txt'
running build
running build_py
copying my_nav_pkg/obstacle_avoider_node.py -> /home/bansong/gpsnav_ws/build/my_nav_pkg/build/lib/my_nav_pkg
copying my_nav_pkg/main_controller_node.py -> /home/bansong/gpsnav_ws/build/my_nav_pkg/build/lib/my_nav_pkg
copying my_nav_pkg/waypoint_follower_node.py -> /home/bansong/gpsnav_ws/build/my_nav_pkg/build/lib/my_nav_pkg
copying my_nav_pkg/waypoint_recorder_node.py -> /home/bansong/gpsnav_ws/build/my_nav_pkg/build/lib/my_nav_pkg
running install
running install_lib
creating /home/bansong/gpsnav_ws/install/my_nav_pkg/lib/python3.10/site-packages/my_nav_pkg
copying /home/bansong/gpsnav_ws/build/my_nav_pkg/build/lib/my_nav_pkg/obstacle_avoider_node.py -> /home/bansong/gpsnav_ws/install/my_nav_pkg/lib/python3.10/site-packages/my_nav_pkg
copying /home/bansong/gpsnav_ws/build/my_nav_pkg/build/lib/my_nav_pkg/main_controller_node.py -> /home/bansong/gpsnav_ws/install/my_nav_pkg/lib/python3.10/site-packages/my_nav_pkg
copying /home/bansong/gpsnav_ws/build/my_nav_pkg/build/lib/my_nav_pkg/waypoint_follower_node.py -> /home/bansong/gpsnav_ws/install/my_nav_pkg/lib/python3.10/site-packages/my_nav_pkg
copying /home/bansong/gpsnav_ws/build/my_nav_pkg/build/lib/my_nav_pkg/waypoint_recorder_node.py -> /home/bansong/gpsnav_ws/install/my_nav_pkg/lib/python3.10/site-packages/my_nav_pkg
copying /home/bansong/gpsnav_ws/build/my_nav_pkg/build/lib/my_nav_pkg/test_pub_node.py -> /home/bansong/gpsnav_ws/install/my_nav_pkg/lib/python3.10/site-packages/my_nav_pkg
copying /home/bansong/gpsnav_ws/build/my_nav_pkg/build/lib/my_nav_pkg/__init__.py -> /home/bansong/gpsnav_ws/install/my_nav_pkg/lib/python3.10/site-packages/my_nav_pkg
byte-compiling /home/bansong/gpsnav_ws/install/my_nav_pkg/lib/python3.10/site-packages/my_nav_pkg/obstacle_avoider_node.py to obstacle_avoider_node.cpython-310.pyc
byte-compiling /home/bansong/gpsnav_ws/install/my_nav_pkg/lib/python3.10/site-packages/my_nav_pkg/main_controller_node.py to main_controller_node.cpython-310.pyc
byte-compiling /home/bansong/gpsnav_ws/install/my_nav_pkg/lib/python3.10/site-packages/my_nav_pkg/waypoint_follower_node.py to waypoint_follower_node.cpython-310.pyc
byte-compiling /home/bansong/gpsnav_ws/install/my_nav_pkg/lib/python3.10/site-packages/my_nav_pkg/waypoint_recorder_node.py to waypoint_recorder_node.cpython-310.pyc
byte-compiling /home/bansong/gpsnav_ws/install/my_nav_pkg/lib/python3.10/site-packages/my_nav_pkg/test_pub_node.py to test_pub_node.cpython-310.pyc
byte-compiling /home/bansong/gpsnav_ws/install/my_nav_pkg/lib/python3.10/site-packages/my_nav_pkg/__init__.py to __init__.cpython-310.pyc
running install_data
copying resource/my_nav_pkg -> /home/bansong/gpsnav_ws/install/my_nav_pkg/share/ament_index/resource_index/packages
copying package.xml -> /home/bansong/gpsnav_ws/install/my_nav_pkg/share/my_nav_pkg
copying launch/nav_system_launch.py -> /home/bansong/gpsnav_ws/install/my_nav_pkg/share/my_nav_pkg/launch
running install_egg_info
Copying ../../build/my_nav_pkg/my_nav_pkg.egg-info to /home/bansong/gpsnav_ws/install/my_nav_pkg/lib/python3.10/site-packages/my_nav_pkg-0.0.1-py3.10.egg-info
running install_scripts
Installing main_controller_node script to /home/bansong/gpsnav_ws/install/my_nav_pkg/lib/my_nav_pkg
Installing obstacle_avoider_node script to /home/bansong/gpsnav_ws/install/my_nav_pkg/lib/my_nav_pkg
Installing test_pub_node script to /home/bansong/gpsnav_ws/install/my_nav_pkg/lib/my_nav_pkg
Installing waypoint_follower_node script to /home/bansong/gpsnav_ws/install/my_nav_pkg/lib/my_nav_pkg
Installing waypoint_recorder_node script to /home/bansong/gpsnav_ws/install/my_nav_pkg/lib/my_nav_pkg
writing list of installed files to '/home/bansong/gpsnav_ws/build/my_nav_pkg/install.log'
