[0.016s] Invoking command in '/home/bansong/gpsnav_ws/build/ublox_serialization': CMAKE_PREFIX_PATH=${CMAKE_PREFIX_PATH}:/opt/ros/humble /usr/bin/cmake /home/bansong/gpsnav_ws/src/ros2-ublox-zedf9p/ublox_serialization -DCMAKE_INSTALL_PREFIX=/home/bansong/gpsnav_ws/install/ublox_serialization
[0.056s] -- The C compiler identification is GNU 11.4.0
[0.099s] -- The CXX compiler identification is GNU 11.4.0
[0.104s] -- Detecting C compiler ABI info
[0.149s] -- Detecting C compiler ABI info - done
[0.154s] -- Check for working C compiler: /usr/bin/cc - skipped
[0.154s] -- Detecting C compile features
[0.154s] -- Detecting C compile features - done
[0.156s] -- Detecting CXX compiler ABI info
[0.212s] -- Detecting CXX compiler ABI info - done
[0.216s] -- Check for working CXX compiler: /usr/bin/c++ - skipped
[0.216s] -- Detecting CXX compile features
[0.217s] -- Detecting CXX compile features - done
[0.218s] -- Found ament_cmake: 1.3.11 (/opt/ros/humble/share/ament_cmake/cmake)
[0.310s] -- Found Python3: /usr/bin/python3 (found version "3.10.12") found components: Interpreter 
[0.401s] -- Configuring done
[0.402s] -- Generating done
[0.403s] -- Build files have been written to: /home/bansong/gpsnav_ws/build/ublox_serialization
[0.407s] Invoked command in '/home/bansong/gpsnav_ws/build/ublox_serialization' returned '0': CMAKE_PREFIX_PATH=${CMAKE_PREFIX_PATH}:/opt/ros/humble /usr/bin/cmake /home/bansong/gpsnav_ws/src/ros2-ublox-zedf9p/ublox_serialization -DCMAKE_INSTALL_PREFIX=/home/bansong/gpsnav_ws/install/ublox_serialization
[0.408s] Invoking command in '/home/bansong/gpsnav_ws/build/ublox_serialization': CMAKE_PREFIX_PATH=${CMAKE_PREFIX_PATH}:/opt/ros/humble /usr/bin/cmake --build /home/bansong/gpsnav_ws/build/ublox_serialization -- -j16 -l16
[0.436s] Invoked command in '/home/bansong/gpsnav_ws/build/ublox_serialization' returned '0': CMAKE_PREFIX_PATH=${CMAKE_PREFIX_PATH}:/opt/ros/humble /usr/bin/cmake --build /home/bansong/gpsnav_ws/build/ublox_serialization -- -j16 -l16
[0.437s] Invoking command in '/home/bansong/gpsnav_ws/build/ublox_serialization': CMAKE_PREFIX_PATH=${CMAKE_PREFIX_PATH}:/opt/ros/humble /usr/bin/cmake --install /home/bansong/gpsnav_ws/build/ublox_serialization
[0.442s] -- Install configuration: ""
[0.442s] -- Installing: /home/bansong/gpsnav_ws/install/ublox_serialization/include
[0.442s] -- Installing: /home/bansong/gpsnav_ws/install/ublox_serialization/include/ublox_serialization
[0.442s] -- Installing: /home/bansong/gpsnav_ws/install/ublox_serialization/include/ublox_serialization/checksum.hpp
[0.442s] -- Installing: /home/bansong/gpsnav_ws/install/ublox_serialization/include/ublox_serialization/serialization.hpp
[0.442s] -- Installing: /home/bansong/gpsnav_ws/install/ublox_serialization/share/ament_index/resource_index/package_run_dependencies/ublox_serialization
[0.442s] -- Installing: /home/bansong/gpsnav_ws/install/ublox_serialization/share/ament_index/resource_index/parent_prefix_path/ublox_serialization
[0.442s] -- Installing: /home/bansong/gpsnav_ws/install/ublox_serialization/share/ublox_serialization/environment/ament_prefix_path.sh
[0.442s] -- Installing: /home/bansong/gpsnav_ws/install/ublox_serialization/share/ublox_serialization/environment/ament_prefix_path.dsv
[0.442s] -- Installing: /home/bansong/gpsnav_ws/install/ublox_serialization/share/ublox_serialization/environment/path.sh
[0.443s] -- Installing: /home/bansong/gpsnav_ws/install/ublox_serialization/share/ublox_serialization/environment/path.dsv
[0.443s] -- Installing: /home/bansong/gpsnav_ws/install/ublox_serialization/share/ublox_serialization/local_setup.bash
[0.443s] -- Installing: /home/bansong/gpsnav_ws/install/ublox_serialization/share/ublox_serialization/local_setup.sh
[0.443s] -- Installing: /home/bansong/gpsnav_ws/install/ublox_serialization/share/ublox_serialization/local_setup.zsh
[0.443s] -- Installing: /home/bansong/gpsnav_ws/install/ublox_serialization/share/ublox_serialization/local_setup.dsv
[0.443s] -- Installing: /home/bansong/gpsnav_ws/install/ublox_serialization/share/ublox_serialization/package.dsv
[0.443s] -- Installing: /home/bansong/gpsnav_ws/install/ublox_serialization/share/ament_index/resource_index/packages/ublox_serialization
[0.443s] -- Installing: /home/bansong/gpsnav_ws/install/ublox_serialization/share/ublox_serialization/cmake/ament_cmake_export_include_directories-extras.cmake
[0.443s] -- Installing: /home/bansong/gpsnav_ws/install/ublox_serialization/share/ublox_serialization/cmake/ublox_serializationConfig.cmake
[0.443s] -- Installing: /home/bansong/gpsnav_ws/install/ublox_serialization/share/ublox_serialization/cmake/ublox_serializationConfig-version.cmake
[0.443s] -- Installing: /home/bansong/gpsnav_ws/install/ublox_serialization/share/ublox_serialization/package.xml
[0.445s] Invoked command in '/home/bansong/gpsnav_ws/build/ublox_serialization' returned '0': CMAKE_PREFIX_PATH=${CMAKE_PREFIX_PATH}:/opt/ros/humble /usr/bin/cmake --install /home/bansong/gpsnav_ws/build/ublox_serialization
