[0.009s] Invoking command in '/home/bansong/gpsnav_ws/build/ublox': AMENT_PREFIX_PATH=/home/bansong/gpsnav_ws/install/ublox_gps:/home/bansong/gpsnav_ws/install/ublox_msgs:/home/bansong/gpsnav_ws/install/ublox_serialization:${AMENT_PREFIX_PATH} CMAKE_PREFIX_PATH=/home/bansong/gpsnav_ws/install/ublox_gps:/home/bansong/gpsnav_ws/install/ublox_msgs:/home/bansong/gpsnav_ws/install/ublox_serialization:/home/bansong/gpsnav_ws/install:/home/bansong/gpsnav_ws/install:/home/bansong/gpsnav_ws/install:/home/bansong/gpsnav_ws/install:/opt/ros/humble LD_LIBRARY_PATH=/home/bansong/gpsnav_ws/install/ublox_gps/lib:/home/bansong/gpsnav_ws/install/ublox_msgs/lib:${LD_LIBRARY_PATH} PYTHONPATH=/home/bansong/gpsnav_ws/install/ublox_msgs/local/lib/python3.10/dist-packages:${PYTHONPATH} /usr/bin/cmake /home/bansong/gpsnav_ws/src/ros2-ublox-zedf9p/ublox -DCMAKE_INSTALL_PREFIX=/home/bansong/gpsnav_ws/install/ublox
[0.048s] -- The C compiler identification is GNU 11.4.0
[0.087s] -- The CXX compiler identification is GNU 11.4.0
[0.092s] -- Detecting C compiler ABI info
[0.144s] -- Detecting C compiler ABI info - done
[0.148s] -- Check for working C compiler: /usr/bin/cc - skipped
[0.148s] -- Detecting C compile features
[0.148s] -- Detecting C compile features - done
[0.150s] -- Detecting CXX compiler ABI info
[0.208s] -- Detecting CXX compiler ABI info - done
[0.212s] -- Check for working CXX compiler: /usr/bin/c++ - skipped
[0.212s] -- Detecting CXX compile features
[0.213s] -- Detecting CXX compile features - done
[0.214s] -- Found ament_cmake: 1.3.11 (/opt/ros/humble/share/ament_cmake/cmake)
[0.309s] -- Found Python3: /usr/bin/python3 (found version "3.10.12") found components: Interpreter 
[0.400s] -- Configuring done
[0.401s] -- Generating done
[0.402s] -- Build files have been written to: /home/bansong/gpsnav_ws/build/ublox
[0.407s] Invoked command in '/home/bansong/gpsnav_ws/build/ublox' returned '0': AMENT_PREFIX_PATH=/home/bansong/gpsnav_ws/install/ublox_gps:/home/bansong/gpsnav_ws/install/ublox_msgs:/home/bansong/gpsnav_ws/install/ublox_serialization:${AMENT_PREFIX_PATH} CMAKE_PREFIX_PATH=/home/bansong/gpsnav_ws/install/ublox_gps:/home/bansong/gpsnav_ws/install/ublox_msgs:/home/bansong/gpsnav_ws/install/ublox_serialization:/home/bansong/gpsnav_ws/install:/home/bansong/gpsnav_ws/install:/home/bansong/gpsnav_ws/install:/home/bansong/gpsnav_ws/install:/opt/ros/humble LD_LIBRARY_PATH=/home/bansong/gpsnav_ws/install/ublox_gps/lib:/home/bansong/gpsnav_ws/install/ublox_msgs/lib:${LD_LIBRARY_PATH} PYTHONPATH=/home/bansong/gpsnav_ws/install/ublox_msgs/local/lib/python3.10/dist-packages:${PYTHONPATH} /usr/bin/cmake /home/bansong/gpsnav_ws/src/ros2-ublox-zedf9p/ublox -DCMAKE_INSTALL_PREFIX=/home/bansong/gpsnav_ws/install/ublox
[0.407s] Invoking command in '/home/bansong/gpsnav_ws/build/ublox': AMENT_PREFIX_PATH=/home/bansong/gpsnav_ws/install/ublox_gps:/home/bansong/gpsnav_ws/install/ublox_msgs:/home/bansong/gpsnav_ws/install/ublox_serialization:${AMENT_PREFIX_PATH} CMAKE_PREFIX_PATH=/home/bansong/gpsnav_ws/install/ublox_gps:/home/bansong/gpsnav_ws/install/ublox_msgs:/home/bansong/gpsnav_ws/install/ublox_serialization:/home/bansong/gpsnav_ws/install:/home/bansong/gpsnav_ws/install:/home/bansong/gpsnav_ws/install:/home/bansong/gpsnav_ws/install:/opt/ros/humble LD_LIBRARY_PATH=/home/bansong/gpsnav_ws/install/ublox_gps/lib:/home/bansong/gpsnav_ws/install/ublox_msgs/lib:${LD_LIBRARY_PATH} PYTHONPATH=/home/bansong/gpsnav_ws/install/ublox_msgs/local/lib/python3.10/dist-packages:${PYTHONPATH} /usr/bin/cmake --build /home/bansong/gpsnav_ws/build/ublox -- -j16 -l16
[0.436s] Invoked command in '/home/bansong/gpsnav_ws/build/ublox' returned '0': AMENT_PREFIX_PATH=/home/bansong/gpsnav_ws/install/ublox_gps:/home/bansong/gpsnav_ws/install/ublox_msgs:/home/bansong/gpsnav_ws/install/ublox_serialization:${AMENT_PREFIX_PATH} CMAKE_PREFIX_PATH=/home/bansong/gpsnav_ws/install/ublox_gps:/home/bansong/gpsnav_ws/install/ublox_msgs:/home/bansong/gpsnav_ws/install/ublox_serialization:/home/bansong/gpsnav_ws/install:/home/bansong/gpsnav_ws/install:/home/bansong/gpsnav_ws/install:/home/bansong/gpsnav_ws/install:/opt/ros/humble LD_LIBRARY_PATH=/home/bansong/gpsnav_ws/install/ublox_gps/lib:/home/bansong/gpsnav_ws/install/ublox_msgs/lib:${LD_LIBRARY_PATH} PYTHONPATH=/home/bansong/gpsnav_ws/install/ublox_msgs/local/lib/python3.10/dist-packages:${PYTHONPATH} /usr/bin/cmake --build /home/bansong/gpsnav_ws/build/ublox -- -j16 -l16
[0.437s] Invoking command in '/home/bansong/gpsnav_ws/build/ublox': AMENT_PREFIX_PATH=/home/bansong/gpsnav_ws/install/ublox_gps:/home/bansong/gpsnav_ws/install/ublox_msgs:/home/bansong/gpsnav_ws/install/ublox_serialization:${AMENT_PREFIX_PATH} CMAKE_PREFIX_PATH=/home/bansong/gpsnav_ws/install/ublox_gps:/home/bansong/gpsnav_ws/install/ublox_msgs:/home/bansong/gpsnav_ws/install/ublox_serialization:/home/bansong/gpsnav_ws/install:/home/bansong/gpsnav_ws/install:/home/bansong/gpsnav_ws/install:/home/bansong/gpsnav_ws/install:/opt/ros/humble LD_LIBRARY_PATH=/home/bansong/gpsnav_ws/install/ublox_gps/lib:/home/bansong/gpsnav_ws/install/ublox_msgs/lib:${LD_LIBRARY_PATH} PYTHONPATH=/home/bansong/gpsnav_ws/install/ublox_msgs/local/lib/python3.10/dist-packages:${PYTHONPATH} /usr/bin/cmake --install /home/bansong/gpsnav_ws/build/ublox
[0.442s] -- Install configuration: ""
[0.442s] -- Installing: /home/bansong/gpsnav_ws/install/ublox/share/ament_index/resource_index/package_run_dependencies/ublox
[0.442s] -- Installing: /home/bansong/gpsnav_ws/install/ublox/share/ament_index/resource_index/parent_prefix_path/ublox
[0.442s] -- Installing: /home/bansong/gpsnav_ws/install/ublox/share/ublox/environment/ament_prefix_path.sh
[0.442s] -- Installing: /home/bansong/gpsnav_ws/install/ublox/share/ublox/environment/ament_prefix_path.dsv
[0.443s] -- Installing: /home/bansong/gpsnav_ws/install/ublox/share/ublox/environment/path.sh
[0.443s] -- Installing: /home/bansong/gpsnav_ws/install/ublox/share/ublox/environment/path.dsv
[0.443s] -- Installing: /home/bansong/gpsnav_ws/install/ublox/share/ublox/local_setup.bash
[0.443s] -- Installing: /home/bansong/gpsnav_ws/install/ublox/share/ublox/local_setup.sh
[0.443s] -- Installing: /home/bansong/gpsnav_ws/install/ublox/share/ublox/local_setup.zsh
[0.443s] -- Installing: /home/bansong/gpsnav_ws/install/ublox/share/ublox/local_setup.dsv
[0.443s] -- Installing: /home/bansong/gpsnav_ws/install/ublox/share/ublox/package.dsv
[0.443s] -- Installing: /home/bansong/gpsnav_ws/install/ublox/share/ament_index/resource_index/packages/ublox
[0.443s] -- Installing: /home/bansong/gpsnav_ws/install/ublox/share/ublox/cmake/ubloxConfig.cmake
[0.443s] -- Installing: /home/bansong/gpsnav_ws/install/ublox/share/ublox/cmake/ubloxConfig-version.cmake
[0.443s] -- Installing: /home/bansong/gpsnav_ws/install/ublox/share/ublox/package.xml
[0.445s] Invoked command in '/home/bansong/gpsnav_ws/build/ublox' returned '0': AMENT_PREFIX_PATH=/home/bansong/gpsnav_ws/install/ublox_gps:/home/bansong/gpsnav_ws/install/ublox_msgs:/home/bansong/gpsnav_ws/install/ublox_serialization:${AMENT_PREFIX_PATH} CMAKE_PREFIX_PATH=/home/bansong/gpsnav_ws/install/ublox_gps:/home/bansong/gpsnav_ws/install/ublox_msgs:/home/bansong/gpsnav_ws/install/ublox_serialization:/home/bansong/gpsnav_ws/install:/home/bansong/gpsnav_ws/install:/home/bansong/gpsnav_ws/install:/home/bansong/gpsnav_ws/install:/opt/ros/humble LD_LIBRARY_PATH=/home/bansong/gpsnav_ws/install/ublox_gps/lib:/home/bansong/gpsnav_ws/install/ublox_msgs/lib:${LD_LIBRARY_PATH} PYTHONPATH=/home/bansong/gpsnav_ws/install/ublox_msgs/local/lib/python3.10/dist-packages:${PYTHONPATH} /usr/bin/cmake --install /home/bansong/gpsnav_ws/build/ublox
