[0.248s] Invoking command in '/home/bansong/gpsnav_ws/build/ntrip_client': /usr/bin/cmake /home/bansong/gpsnav_ws/src/ntrip_client -DCATKIN_INSTALL_INTO_PREFIX_ROOT=0 -DCMAKE_INSTALL_PREFIX=/home/bansong/gpsnav_ws/install/ntrip_client
[0.343s] -- The C compiler identification is GNU 11.4.0
[0.432s] -- The CXX compiler identification is GNU 11.4.0
[0.442s] -- Detecting C compiler ABI info
[0.519s] -- Detecting C compiler ABI info - done
[0.527s] -- Check for working C compiler: /usr/bin/cc - skipped
[0.527s] -- Detecting C compile features
[0.527s] -- Detecting C compile features - done
[0.532s] -- Detecting CXX compiler ABI info
[0.618s] -- Detecting CXX compiler ABI info - done
[0.627s] -- Check for working CXX compiler: /usr/bin/c++ - skipped
[0.627s] -- Detecting CXX compile features
[0.627s] -- Detecting CXX compile features - done
[0.640s] -- Configuring incomplete, errors occurred!
[0.640s] See also "/home/bansong/gpsnav_ws/build/ntrip_client/CMakeFiles/CMakeOutput.log".
[0.640s] [31mCMake Error at CMakeLists.txt:7 (find_package):
[0.640s]   By not providing "Findcatkin.cmake" in CMAKE_MODULE_PATH this project has
[0.640s]   asked CMake to find a package configuration file provided by "catkin", but
[0.640s]   CMake did not find one.
[0.640s] 
[0.640s]   Could not find a package configuration file provided by "catkin" with any
[0.640s]   of the following names:
[0.640s] 
[0.640s]     catkinConfig.cmake
[0.640s]     catkin-config.cmake
[0.640s] 
[0.640s]   Add the installation prefix of "catkin" to CMAKE_PREFIX_PATH or set
[0.640s]   "catkin_DIR" to a directory containing one of the above files.  If "catkin"
[0.640s]   provides a separate development package or SDK, be sure it has been
[0.640s]   installed.
[0.640s] 
[0.640s] [0m
[0.643s] Invoked command in '/home/bansong/gpsnav_ws/build/ntrip_client' returned '1': /usr/bin/cmake /home/bansong/gpsnav_ws/src/ntrip_client -DCATKIN_INSTALL_INTO_PREFIX_ROOT=0 -DCMAKE_INSTALL_PREFIX=/home/bansong/gpsnav_ws/install/ntrip_client
