[0.012s] Invoking command in '/home/bansong/gpsnav_ws/build/ublox': CMAKE_PREFIX_PATH=/home/bansong/gpsnav_ws/install/ublox_gps:/home/bansong/gpsnav_ws/install/ublox_msgs:/home/bansong/gpsnav_ws/install/ublox_serialization:/home/bansong/gpsnav_ws/install/ublox:/home/bansong/gpsnav_ws/install/sllidar_ros2:/home/bansong/gpsnav_ws/install/scout_mini_ros2:/home/bansong/gpsnav_ws/install/scout_mini_msgs:/home/bansong/gpsnav_ws/install/scout_mini_hardware:/home/bansong/gpsnav_ws/install/scout_mini_description:/home/bansong/gpsnav_ws/install/scout_mini_base:/home/bansong/gpsnav_ws/install/my_nav_pkg:/opt/ros/humble /usr/bin/cmake --build /home/bansong/gpsnav_ws/build/ublox -- -j16 -l16
[0.053s] Invoked command in '/home/bansong/gpsnav_ws/build/ublox' returned '0': CMAKE_PREFIX_PATH=/home/bansong/gpsnav_ws/install/ublox_gps:/home/bansong/gpsnav_ws/install/ublox_msgs:/home/bansong/gpsnav_ws/install/ublox_serialization:/home/bansong/gpsnav_ws/install/ublox:/home/bansong/gpsnav_ws/install/sllidar_ros2:/home/bansong/gpsnav_ws/install/scout_mini_ros2:/home/bansong/gpsnav_ws/install/scout_mini_msgs:/home/bansong/gpsnav_ws/install/scout_mini_hardware:/home/bansong/gpsnav_ws/install/scout_mini_description:/home/bansong/gpsnav_ws/install/scout_mini_base:/home/bansong/gpsnav_ws/install/my_nav_pkg:/opt/ros/humble /usr/bin/cmake --build /home/bansong/gpsnav_ws/build/ublox -- -j16 -l16
[0.054s] Invoking command in '/home/bansong/gpsnav_ws/build/ublox': CMAKE_PREFIX_PATH=/home/bansong/gpsnav_ws/install/ublox_gps:/home/bansong/gpsnav_ws/install/ublox_msgs:/home/bansong/gpsnav_ws/install/ublox_serialization:/home/bansong/gpsnav_ws/install/ublox:/home/bansong/gpsnav_ws/install/sllidar_ros2:/home/bansong/gpsnav_ws/install/scout_mini_ros2:/home/bansong/gpsnav_ws/install/scout_mini_msgs:/home/bansong/gpsnav_ws/install/scout_mini_hardware:/home/bansong/gpsnav_ws/install/scout_mini_description:/home/bansong/gpsnav_ws/install/scout_mini_base:/home/bansong/gpsnav_ws/install/my_nav_pkg:/opt/ros/humble /usr/bin/cmake --install /home/bansong/gpsnav_ws/build/ublox
[0.062s] -- Install configuration: ""
[0.062s] -- Up-to-date: /home/bansong/gpsnav_ws/install/ublox/share/ament_index/resource_index/package_run_dependencies/ublox
[0.062s] -- Up-to-date: /home/bansong/gpsnav_ws/install/ublox/share/ament_index/resource_index/parent_prefix_path/ublox
[0.062s] -- Up-to-date: /home/bansong/gpsnav_ws/install/ublox/share/ublox/environment/ament_prefix_path.sh
[0.062s] -- Up-to-date: /home/bansong/gpsnav_ws/install/ublox/share/ublox/environment/ament_prefix_path.dsv
[0.062s] -- Up-to-date: /home/bansong/gpsnav_ws/install/ublox/share/ublox/environment/path.sh
[0.062s] -- Up-to-date: /home/bansong/gpsnav_ws/install/ublox/share/ublox/environment/path.dsv
[0.062s] -- Up-to-date: /home/bansong/gpsnav_ws/install/ublox/share/ublox/local_setup.bash
[0.062s] -- Up-to-date: /home/bansong/gpsnav_ws/install/ublox/share/ublox/local_setup.sh
[0.062s] -- Up-to-date: /home/bansong/gpsnav_ws/install/ublox/share/ublox/local_setup.zsh
[0.062s] -- Up-to-date: /home/bansong/gpsnav_ws/install/ublox/share/ublox/local_setup.dsv
[0.062s] -- Installing: /home/bansong/gpsnav_ws/install/ublox/share/ublox/package.dsv
[0.062s] -- Up-to-date: /home/bansong/gpsnav_ws/install/ublox/share/ament_index/resource_index/packages/ublox
[0.062s] -- Up-to-date: /home/bansong/gpsnav_ws/install/ublox/share/ublox/cmake/ubloxConfig.cmake
[0.062s] -- Up-to-date: /home/bansong/gpsnav_ws/install/ublox/share/ublox/cmake/ubloxConfig-version.cmake
[0.062s] -- Up-to-date: /home/bansong/gpsnav_ws/install/ublox/share/ublox/package.xml
[0.064s] Invoked command in '/home/bansong/gpsnav_ws/build/ublox' returned '0': CMAKE_PREFIX_PATH=/home/bansong/gpsnav_ws/install/ublox_gps:/home/bansong/gpsnav_ws/install/ublox_msgs:/home/bansong/gpsnav_ws/install/ublox_serialization:/home/bansong/gpsnav_ws/install/ublox:/home/bansong/gpsnav_ws/install/sllidar_ros2:/home/bansong/gpsnav_ws/install/scout_mini_ros2:/home/bansong/gpsnav_ws/install/scout_mini_msgs:/home/bansong/gpsnav_ws/install/scout_mini_hardware:/home/bansong/gpsnav_ws/install/scout_mini_description:/home/bansong/gpsnav_ws/install/scout_mini_base:/home/bansong/gpsnav_ws/install/my_nav_pkg:/opt/ros/humble /usr/bin/cmake --install /home/bansong/gpsnav_ws/build/ublox
