[0.007s] Invoking command in '/home/bansong/gpsnav_ws/build/ublox_msgs': CMAKE_PREFIX_PATH=/home/bansong/gpsnav_ws/install/ublox_serialization:/home/bansong/gpsnav_ws/install/ublox:/home/bansong/gpsnav_ws/install/ublox_gps:/home/bansong/gpsnav_ws/install/ublox_msgs:/home/bansong/gpsnav_ws/install/sllidar_ros2:/home/bansong/gpsnav_ws/install/scout_mini_ros2:/home/bansong/gpsnav_ws/install/scout_mini_msgs:/home/bansong/gpsnav_ws/install/scout_mini_hardware:/home/bansong/gpsnav_ws/install/scout_mini_description:/home/bansong/gpsnav_ws/install/scout_mini_base:/home/bansong/gpsnav_ws/install:/home/bansong/gpsnav_ws/install/ntrip_client:/home/bansong/gpsnav_ws/install/my_nav_pkg:/opt/ros/humble /usr/bin/cmake /home/bansong/gpsnav_ws/src/ros2-ublox-zedf9p/ublox_msgs -DCMAKE_INSTALL_PREFIX=/home/bansong/gpsnav_ws/install/ublox_msgs
[0.016s] -- Found ament_cmake_ros: 0.10.0 (/opt/ros/humble/share/ament_cmake_ros/cmake)
[0.101s] -- Override CMake install command with custom implementation using symlinks instead of copying resources
[0.105s] -- Found rosidl_default_generators: 1.2.0 (/opt/ros/humble/share/rosidl_default_generators/cmake)
[0.107s] -- Using all available rosidl_typesupport_c: rosidl_typesupport_fastrtps_c;rosidl_typesupport_introspection_c
[0.108s] -- Found rosidl_adapter: 3.1.6 (/opt/ros/humble/share/rosidl_adapter/cmake)
[0.127s] -- Using all available rosidl_typesupport_cpp: rosidl_typesupport_fastrtps_cpp;rosidl_typesupport_introspection_cpp
[0.142s] -- Found sensor_msgs: 4.9.0 (/opt/ros/humble/share/sensor_msgs/cmake)
[0.174s] -- Found ublox_serialization: 2.2.0 (/home/bansong/gpsnav_ws/install/ublox_serialization/share/ublox_serialization/cmake)
[0.850s] -- Using all available rosidl_typesupport_c: rosidl_typesupport_fastrtps_c;rosidl_typesupport_introspection_c
[1.082s] -- Using all available rosidl_typesupport_cpp: rosidl_typesupport_fastrtps_cpp;rosidl_typesupport_introspection_cpp
[1.096s] -- Found python_cmake_module: 0.10.0 (/opt/ros/humble/share/python_cmake_module/cmake)
[1.113s] -- Using PYTHON_EXECUTABLE: /usr/bin/python3
[1.113s] -- Using PYTHON_INCLUDE_DIRS: /usr/include/python3.10
[1.113s] -- Using PYTHON_LIBRARIES: /usr/lib/x86_64-linux-gnu/libpython3.10.so
[1.155s] [0mCMake Deprecation Warning at /opt/ros/humble/share/rosidl_cmake/cmake/rosidl_target_interfaces.cmake:32 (message):
[1.156s]   Use rosidl_get_typesupport_target() and target_link_libraries() instead of
[1.156s]   rosidl_target_interfaces()
[1.156s] Call Stack (most recent call first):
[1.156s]   CMakeLists.txt:108 (rosidl_target_interfaces)
[1.156s] 
[1.156s] [0m
[1.160s] -- Configuring done
[1.244s] -- Generating done
[1.256s] -- Build files have been written to: /home/bansong/gpsnav_ws/build/ublox_msgs
