-- Found ament_cmake: 1.3.11 (/opt/ros/humble/share/ament_cmake/cmake)
-- Override CMake install command with custom implementation using symlinks instead of copying resources
-- Configuring done
-- Generating done
-- Build files have been written to: /home/bansong/gpsnav_ws/build/ublox_serialization
-- Install configuration: ""
-- Execute custom install script
-- Symlinking: /home/bansong/gpsnav_ws/install/ublox_serialization/include/ublox_serialization/checksum.hpp
-- Symlinking: /home/bansong/gpsnav_ws/install/ublox_serialization/include/ublox_serialization/serialization.hpp
-- Symlinking: /home/bansong/gpsnav_ws/install/ublox_serialization/share/ament_index/resource_index/package_run_dependencies/ublox_serialization
-- Symlinking: /home/bansong/gpsnav_ws/install/ublox_serialization/share/ament_index/resource_index/parent_prefix_path/ublox_serialization
-- Symlinking: /home/bansong/gpsnav_ws/install/ublox_serialization/share/ublox_serialization/environment/ament_prefix_path.sh
-- Symlinking: /home/bansong/gpsnav_ws/install/ublox_serialization/share/ublox_serialization/environment/ament_prefix_path.dsv
-- Symlinking: /home/bansong/gpsnav_ws/install/ublox_serialization/share/ublox_serialization/environment/path.sh
-- Symlinking: /home/bansong/gpsnav_ws/install/ublox_serialization/share/ublox_serialization/environment/path.dsv
-- Symlinking: /home/bansong/gpsnav_ws/install/ublox_serialization/share/ublox_serialization/local_setup.bash
-- Symlinking: /home/bansong/gpsnav_ws/install/ublox_serialization/share/ublox_serialization/local_setup.sh
-- Symlinking: /home/bansong/gpsnav_ws/install/ublox_serialization/share/ublox_serialization/local_setup.zsh
-- Symlinking: /home/bansong/gpsnav_ws/install/ublox_serialization/share/ublox_serialization/local_setup.dsv
-- Symlinking: /home/bansong/gpsnav_ws/install/ublox_serialization/share/ublox_serialization/package.dsv
-- Symlinking: /home/bansong/gpsnav_ws/install/ublox_serialization/share/ament_index/resource_index/packages/ublox_serialization
-- Symlinking: /home/bansong/gpsnav_ws/install/ublox_serialization/share/ublox_serialization/cmake/ament_cmake_export_include_directories-extras.cmake
-- Symlinking: /home/bansong/gpsnav_ws/install/ublox_serialization/share/ublox_serialization/cmake/ublox_serializationConfig.cmake
-- Symlinking: /home/bansong/gpsnav_ws/install/ublox_serialization/share/ublox_serialization/cmake/ublox_serializationConfig-version.cmake
-- Symlinking: /home/bansong/gpsnav_ws/install/ublox_serialization/share/ublox_serialization/package.xml
