[0.027s] Invoking command in '/home/bansong/gpsnav_ws/build/ublox_serialization': CMAKE_PREFIX_PATH=${CMAKE_PREFIX_PATH}:/home/bansong/gpsnav_ws/install/ntrip_client:/home/bansong/gpsnav_ws/install/my_nav_pkg:/opt/ros/humble /usr/bin/cmake /home/bansong/gpsnav_ws/src/ros2-ublox-zedf9p/ublox_serialization -DAMENT_CMAKE_SYMLINK_INSTALL=1 -DCMAKE_INSTALL_PREFIX=/home/bansong/gpsnav_ws/install/ublox_serialization
[0.328s] -- Found ament_cmake: 1.3.11 (/opt/ros/humble/share/ament_cmake/cmake)
[0.328s] -- Override CMake install command with custom implementation using symlinks instead of copying resources
[0.328s] -- Configuring done
[0.328s] -- Generating done
[0.328s] -- Build files have been written to: /home/bansong/gpsnav_ws/build/ublox_serialization
[0.334s] Invoked command in '/home/bansong/gpsnav_ws/build/ublox_serialization' returned '0': CMAKE_PREFIX_PATH=${CMAKE_PREFIX_PATH}:/home/bansong/gpsnav_ws/install/ntrip_client:/home/bansong/gpsnav_ws/install/my_nav_pkg:/opt/ros/humble /usr/bin/cmake /home/bansong/gpsnav_ws/src/ros2-ublox-zedf9p/ublox_serialization -DAMENT_CMAKE_SYMLINK_INSTALL=1 -DCMAKE_INSTALL_PREFIX=/home/bansong/gpsnav_ws/install/ublox_serialization
[0.335s] Invoking command in '/home/bansong/gpsnav_ws/build/ublox_serialization': CMAKE_PREFIX_PATH=${CMAKE_PREFIX_PATH}:/home/bansong/gpsnav_ws/install/ntrip_client:/home/bansong/gpsnav_ws/install/my_nav_pkg:/opt/ros/humble /usr/bin/cmake --build /home/bansong/gpsnav_ws/build/ublox_serialization -- -j16 -l16
[0.366s] Invoked command in '/home/bansong/gpsnav_ws/build/ublox_serialization' returned '0': CMAKE_PREFIX_PATH=${CMAKE_PREFIX_PATH}:/home/bansong/gpsnav_ws/install/ntrip_client:/home/bansong/gpsnav_ws/install/my_nav_pkg:/opt/ros/humble /usr/bin/cmake --build /home/bansong/gpsnav_ws/build/ublox_serialization -- -j16 -l16
[0.375s] Invoking command in '/home/bansong/gpsnav_ws/build/ublox_serialization': CMAKE_PREFIX_PATH=${CMAKE_PREFIX_PATH}:/home/bansong/gpsnav_ws/install/ntrip_client:/home/bansong/gpsnav_ws/install/my_nav_pkg:/opt/ros/humble /usr/bin/cmake --install /home/bansong/gpsnav_ws/build/ublox_serialization
[0.381s] -- Install configuration: ""
[0.381s] -- Execute custom install script
[0.381s] -- Symlinking: /home/bansong/gpsnav_ws/install/ublox_serialization/include/ublox_serialization/checksum.hpp
[0.389s] -- Symlinking: /home/bansong/gpsnav_ws/install/ublox_serialization/include/ublox_serialization/serialization.hpp
[0.398s] -- Symlinking: /home/bansong/gpsnav_ws/install/ublox_serialization/share/ament_index/resource_index/package_run_dependencies/ublox_serialization
[0.406s] -- Symlinking: /home/bansong/gpsnav_ws/install/ublox_serialization/share/ament_index/resource_index/parent_prefix_path/ublox_serialization
[0.414s] -- Symlinking: /home/bansong/gpsnav_ws/install/ublox_serialization/share/ublox_serialization/environment/ament_prefix_path.sh
[0.421s] -- Symlinking: /home/bansong/gpsnav_ws/install/ublox_serialization/share/ublox_serialization/environment/ament_prefix_path.dsv
[0.429s] -- Symlinking: /home/bansong/gpsnav_ws/install/ublox_serialization/share/ublox_serialization/environment/path.sh
[0.436s] -- Symlinking: /home/bansong/gpsnav_ws/install/ublox_serialization/share/ublox_serialization/environment/path.dsv
[0.442s] -- Symlinking: /home/bansong/gpsnav_ws/install/ublox_serialization/share/ublox_serialization/local_setup.bash
[0.449s] -- Symlinking: /home/bansong/gpsnav_ws/install/ublox_serialization/share/ublox_serialization/local_setup.sh
[0.457s] -- Symlinking: /home/bansong/gpsnav_ws/install/ublox_serialization/share/ublox_serialization/local_setup.zsh
[0.464s] -- Symlinking: /home/bansong/gpsnav_ws/install/ublox_serialization/share/ublox_serialization/local_setup.dsv
[0.471s] -- Symlinking: /home/bansong/gpsnav_ws/install/ublox_serialization/share/ublox_serialization/package.dsv
[0.479s] -- Symlinking: /home/bansong/gpsnav_ws/install/ublox_serialization/share/ament_index/resource_index/packages/ublox_serialization
[0.486s] -- Symlinking: /home/bansong/gpsnav_ws/install/ublox_serialization/share/ublox_serialization/cmake/ament_cmake_export_include_directories-extras.cmake
[0.494s] -- Symlinking: /home/bansong/gpsnav_ws/install/ublox_serialization/share/ublox_serialization/cmake/ublox_serializationConfig.cmake
[0.501s] -- Symlinking: /home/bansong/gpsnav_ws/install/ublox_serialization/share/ublox_serialization/cmake/ublox_serializationConfig-version.cmake
[0.509s] -- Symlinking: /home/bansong/gpsnav_ws/install/ublox_serialization/share/ublox_serialization/package.xml
[0.518s] Invoked command in '/home/bansong/gpsnav_ws/build/ublox_serialization' returned '0': CMAKE_PREFIX_PATH=${CMAKE_PREFIX_PATH}:/home/bansong/gpsnav_ws/install/ntrip_client:/home/bansong/gpsnav_ws/install/my_nav_pkg:/opt/ros/humble /usr/bin/cmake --install /home/bansong/gpsnav_ws/build/ublox_serialization
