[0.033s] Invoking command in '/home/bansong/gpsnav_ws/build/scout_mini_msgs': CMAKE_PREFIX_PATH=/opt/ros/humble /usr/bin/cmake --build /home/bansong/gpsnav_ws/build/scout_mini_msgs -- -j16 -l16
[0.258s] [  1%] Built target scout_mini_msgs__cpp
[0.258s] [ 12%] Built target scout_mini_msgs__rosidl_generator_c
[0.258s] [ 12%] Built target ament_cmake_python_copy_scout_mini_msgs
[0.258s] [ 43%] Built target scout_mini_msgs__rosidl_typesupport_introspection_cpp
[0.259s] [ 43%] Built target scout_mini_msgs__rosidl_typesupport_cpp
[0.259s] [ 46%] Built target scout_mini_msgs__rosidl_typesupport_fastrtps_cpp
[0.259s] [ 69%] Built target scout_mini_msgs__rosidl_typesupport_introspection_c
[0.259s] [ 69%] Built target scout_mini_msgs__rosidl_typesupport_c
[0.259s] [ 80%] Built target scout_mini_msgs__rosidl_typesupport_fastrtps_c
[0.259s] [ 80%] Built target scout_mini_msgs
[0.259s] [ 81%] Built target scout_mini_msgs__py
[0.259s] [ 91%] Built target scout_mini_msgs__rosidl_generator_py
[0.259s] [100%] Built target scout_mini_msgs__rosidl_typesupport_fastrtps_c__pyext
[0.259s] [100%] Built target scout_mini_msgs__rosidl_typesupport_introspection_c__pyext
[0.259s] [100%] Built target scout_mini_msgs__rosidl_typesupport_c__pyext
[0.308s] running egg_info
[0.309s] writing scout_mini_msgs.egg-info/PKG-INFO
[0.309s] writing dependency_links to scout_mini_msgs.egg-info/dependency_links.txt
[0.309s] writing top-level names to scout_mini_msgs.egg-info/top_level.txt
[0.312s] reading manifest file 'scout_mini_msgs.egg-info/SOURCES.txt'
[0.312s] writing manifest file 'scout_mini_msgs.egg-info/SOURCES.txt'
[0.350s] [100%] Built target ament_cmake_python_build_scout_mini_msgs_egg
[0.367s] Invoked command in '/home/bansong/gpsnav_ws/build/scout_mini_msgs' returned '0': CMAKE_PREFIX_PATH=/opt/ros/humble /usr/bin/cmake --build /home/bansong/gpsnav_ws/build/scout_mini_msgs -- -j16 -l16
[0.369s] Invoking command in '/home/bansong/gpsnav_ws/build/scout_mini_msgs': CMAKE_PREFIX_PATH=/opt/ros/humble /usr/bin/cmake --install /home/bansong/gpsnav_ws/build/scout_mini_msgs
[0.378s] -- Install configuration: ""
[0.378s] -- Up-to-date: /home/bansong/gpsnav_ws/install/scout_mini_msgs/share/ament_index/resource_index/rosidl_interfaces/scout_mini_msgs
[0.378s] -- Up-to-date: /home/bansong/gpsnav_ws/install/scout_mini_msgs/include/scout_mini_msgs/scout_mini_msgs
[0.378s] -- Up-to-date: /home/bansong/gpsnav_ws/install/scout_mini_msgs/include/scout_mini_msgs/scout_mini_msgs/msg
[0.378s] -- Up-to-date: /home/bansong/gpsnav_ws/install/scout_mini_msgs/include/scout_mini_msgs/scout_mini_msgs/msg/light_state.h
[0.378s] -- Up-to-date: /home/bansong/gpsnav_ws/install/scout_mini_msgs/include/scout_mini_msgs/scout_mini_msgs/msg/detail
[0.379s] -- Up-to-date: /home/bansong/gpsnav_ws/install/scout_mini_msgs/include/scout_mini_msgs/scout_mini_msgs/msg/detail/motor_state__functions.h
[0.379s] -- Up-to-date: /home/bansong/gpsnav_ws/install/scout_mini_msgs/include/scout_mini_msgs/scout_mini_msgs/msg/detail/robot_state__functions.c
[0.379s] -- Up-to-date: /home/bansong/gpsnav_ws/install/scout_mini_msgs/include/scout_mini_msgs/scout_mini_msgs/msg/detail/light_command__functions.h
[0.379s] -- Up-to-date: /home/bansong/gpsnav_ws/install/scout_mini_msgs/include/scout_mini_msgs/scout_mini_msgs/msg/detail/motor_state__struct.h
[0.379s] -- Up-to-date: /home/bansong/gpsnav_ws/install/scout_mini_msgs/include/scout_mini_msgs/scout_mini_msgs/msg/detail/light_state__type_support.h
[0.379s] -- Up-to-date: /home/bansong/gpsnav_ws/install/scout_mini_msgs/include/scout_mini_msgs/scout_mini_msgs/msg/detail/light_state__functions.h
[0.379s] -- Up-to-date: /home/bansong/gpsnav_ws/install/scout_mini_msgs/include/scout_mini_msgs/scout_mini_msgs/msg/detail/fault_state__functions.c
[0.379s] -- Up-to-date: /home/bansong/gpsnav_ws/install/scout_mini_msgs/include/scout_mini_msgs/scout_mini_msgs/msg/detail/driver_state__type_support.h
[0.379s] -- Up-to-date: /home/bansong/gpsnav_ws/install/scout_mini_msgs/include/scout_mini_msgs/scout_mini_msgs/msg/detail/robot_state__struct.h
[0.379s] -- Up-to-date: /home/bansong/gpsnav_ws/install/scout_mini_msgs/include/scout_mini_msgs/scout_mini_msgs/msg/detail/light_command__struct.h
[0.379s] -- Up-to-date: /home/bansong/gpsnav_ws/install/scout_mini_msgs/include/scout_mini_msgs/scout_mini_msgs/msg/detail/driver_state__functions.h
[0.379s] -- Up-to-date: /home/bansong/gpsnav_ws/install/scout_mini_msgs/include/scout_mini_msgs/scout_mini_msgs/msg/detail/motor_state__functions.c
[0.380s] -- Up-to-date: /home/bansong/gpsnav_ws/install/scout_mini_msgs/include/scout_mini_msgs/scout_mini_msgs/msg/detail/fault_state__struct.h
[0.380s] -- Up-to-date: /home/bansong/gpsnav_ws/install/scout_mini_msgs/include/scout_mini_msgs/scout_mini_msgs/msg/detail/light_command__type_support.h
[0.380s] -- Up-to-date: /home/bansong/gpsnav_ws/install/scout_mini_msgs/include/scout_mini_msgs/scout_mini_msgs/msg/detail/robot_state__functions.h
[0.380s] -- Up-to-date: /home/bansong/gpsnav_ws/install/scout_mini_msgs/include/scout_mini_msgs/scout_mini_msgs/msg/detail/driver_state__functions.c
[0.380s] -- Up-to-date: /home/bansong/gpsnav_ws/install/scout_mini_msgs/include/scout_mini_msgs/scout_mini_msgs/msg/detail/light_command__functions.c
[0.380s] -- Up-to-date: /home/bansong/gpsnav_ws/install/scout_mini_msgs/include/scout_mini_msgs/scout_mini_msgs/msg/detail/motor_state__type_support.h
[0.380s] -- Up-to-date: /home/bansong/gpsnav_ws/install/scout_mini_msgs/include/scout_mini_msgs/scout_mini_msgs/msg/detail/robot_state__type_support.h
[0.380s] -- Up-to-date: /home/bansong/gpsnav_ws/install/scout_mini_msgs/include/scout_mini_msgs/scout_mini_msgs/msg/detail/light_state__struct.h
[0.380s] -- Up-to-date: /home/bansong/gpsnav_ws/install/scout_mini_msgs/include/scout_mini_msgs/scout_mini_msgs/msg/detail/driver_state__struct.h
[0.380s] -- Up-to-date: /home/bansong/gpsnav_ws/install/scout_mini_msgs/include/scout_mini_msgs/scout_mini_msgs/msg/detail/light_state__functions.c
[0.380s] -- Up-to-date: /home/bansong/gpsnav_ws/install/scout_mini_msgs/include/scout_mini_msgs/scout_mini_msgs/msg/detail/fault_state__functions.h
[0.380s] -- Up-to-date: /home/bansong/gpsnav_ws/install/scout_mini_msgs/include/scout_mini_msgs/scout_mini_msgs/msg/detail/fault_state__type_support.h
[0.380s] -- Up-to-date: /home/bansong/gpsnav_ws/install/scout_mini_msgs/include/scout_mini_msgs/scout_mini_msgs/msg/rosidl_generator_c__visibility_control.h
[0.380s] -- Up-to-date: /home/bansong/gpsnav_ws/install/scout_mini_msgs/include/scout_mini_msgs/scout_mini_msgs/msg/motor_state.h
[0.380s] -- Up-to-date: /home/bansong/gpsnav_ws/install/scout_mini_msgs/include/scout_mini_msgs/scout_mini_msgs/msg/light_command.h
[0.380s] -- Up-to-date: /home/bansong/gpsnav_ws/install/scout_mini_msgs/include/scout_mini_msgs/scout_mini_msgs/msg/driver_state.h
[0.380s] -- Up-to-date: /home/bansong/gpsnav_ws/install/scout_mini_msgs/include/scout_mini_msgs/scout_mini_msgs/msg/robot_state.h
[0.381s] -- Up-to-date: /home/bansong/gpsnav_ws/install/scout_mini_msgs/include/scout_mini_msgs/scout_mini_msgs/msg/fault_state.h
[0.381s] -- Up-to-date: /home/bansong/gpsnav_ws/install/scout_mini_msgs/share/scout_mini_msgs/environment/library_path.sh
[0.381s] -- Up-to-date: /home/bansong/gpsnav_ws/install/scout_mini_msgs/share/scout_mini_msgs/environment/library_path.dsv
[0.381s] -- Up-to-date: /home/bansong/gpsnav_ws/install/scout_mini_msgs/lib/libscout_mini_msgs__rosidl_generator_c.so
[0.381s] -- Up-to-date: /home/bansong/gpsnav_ws/install/scout_mini_msgs/include/scout_mini_msgs/scout_mini_msgs
[0.381s] -- Up-to-date: /home/bansong/gpsnav_ws/install/scout_mini_msgs/include/scout_mini_msgs/scout_mini_msgs/msg
[0.381s] -- Up-to-date: /home/bansong/gpsnav_ws/install/scout_mini_msgs/include/scout_mini_msgs/scout_mini_msgs/msg/detail
[0.381s] -- Up-to-date: /home/bansong/gpsnav_ws/install/scout_mini_msgs/include/scout_mini_msgs/scout_mini_msgs/msg/detail/motor_state__rosidl_typesupport_fastrtps_c.h
[0.381s] -- Up-to-date: /home/bansong/gpsnav_ws/install/scout_mini_msgs/include/scout_mini_msgs/scout_mini_msgs/msg/detail/light_command__rosidl_typesupport_fastrtps_c.h
[0.381s] -- Up-to-date: /home/bansong/gpsnav_ws/install/scout_mini_msgs/include/scout_mini_msgs/scout_mini_msgs/msg/detail/driver_state__rosidl_typesupport_fastrtps_c.h
[0.381s] -- Up-to-date: /home/bansong/gpsnav_ws/install/scout_mini_msgs/include/scout_mini_msgs/scout_mini_msgs/msg/detail/fault_state__rosidl_typesupport_fastrtps_c.h
[0.381s] -- Up-to-date: /home/bansong/gpsnav_ws/install/scout_mini_msgs/include/scout_mini_msgs/scout_mini_msgs/msg/detail/light_state__rosidl_typesupport_fastrtps_c.h
[0.381s] -- Up-to-date: /home/bansong/gpsnav_ws/install/scout_mini_msgs/include/scout_mini_msgs/scout_mini_msgs/msg/detail/robot_state__rosidl_typesupport_fastrtps_c.h
[0.381s] -- Up-to-date: /home/bansong/gpsnav_ws/install/scout_mini_msgs/include/scout_mini_msgs/scout_mini_msgs/msg/rosidl_typesupport_fastrtps_c__visibility_control.h
[0.381s] -- Up-to-date: /home/bansong/gpsnav_ws/install/scout_mini_msgs/lib/libscout_mini_msgs__rosidl_typesupport_fastrtps_c.so
[0.381s] -- Up-to-date: /home/bansong/gpsnav_ws/install/scout_mini_msgs/include/scout_mini_msgs/scout_mini_msgs
[0.381s] -- Up-to-date: /home/bansong/gpsnav_ws/install/scout_mini_msgs/include/scout_mini_msgs/scout_mini_msgs/msg
[0.382s] -- Up-to-date: /home/bansong/gpsnav_ws/install/scout_mini_msgs/include/scout_mini_msgs/scout_mini_msgs/msg/detail
[0.382s] -- Up-to-date: /home/bansong/gpsnav_ws/install/scout_mini_msgs/include/scout_mini_msgs/scout_mini_msgs/msg/detail/robot_state__type_support.c
[0.382s] -- Up-to-date: /home/bansong/gpsnav_ws/install/scout_mini_msgs/include/scout_mini_msgs/scout_mini_msgs/msg/detail/driver_state__rosidl_typesupport_introspection_c.h
[0.382s] -- Up-to-date: /home/bansong/gpsnav_ws/install/scout_mini_msgs/include/scout_mini_msgs/scout_mini_msgs/msg/detail/motor_state__rosidl_typesupport_introspection_c.h
[0.382s] -- Up-to-date: /home/bansong/gpsnav_ws/install/scout_mini_msgs/include/scout_mini_msgs/scout_mini_msgs/msg/detail/light_state__rosidl_typesupport_introspection_c.h
[0.382s] -- Up-to-date: /home/bansong/gpsnav_ws/install/scout_mini_msgs/include/scout_mini_msgs/scout_mini_msgs/msg/detail/fault_state__rosidl_typesupport_introspection_c.h
[0.382s] -- Up-to-date: /home/bansong/gpsnav_ws/install/scout_mini_msgs/include/scout_mini_msgs/scout_mini_msgs/msg/detail/light_command__type_support.c
[0.382s] -- Up-to-date: /home/bansong/gpsnav_ws/install/scout_mini_msgs/include/scout_mini_msgs/scout_mini_msgs/msg/detail/light_state__type_support.c
[0.382s] -- Up-to-date: /home/bansong/gpsnav_ws/install/scout_mini_msgs/include/scout_mini_msgs/scout_mini_msgs/msg/detail/fault_state__type_support.c
[0.382s] -- Up-to-date: /home/bansong/gpsnav_ws/install/scout_mini_msgs/include/scout_mini_msgs/scout_mini_msgs/msg/detail/motor_state__type_support.c
[0.382s] -- Up-to-date: /home/bansong/gpsnav_ws/install/scout_mini_msgs/include/scout_mini_msgs/scout_mini_msgs/msg/detail/robot_state__rosidl_typesupport_introspection_c.h
[0.382s] -- Up-to-date: /home/bansong/gpsnav_ws/install/scout_mini_msgs/include/scout_mini_msgs/scout_mini_msgs/msg/detail/driver_state__type_support.c
[0.382s] -- Up-to-date: /home/bansong/gpsnav_ws/install/scout_mini_msgs/include/scout_mini_msgs/scout_mini_msgs/msg/detail/light_command__rosidl_typesupport_introspection_c.h
[0.382s] -- Up-to-date: /home/bansong/gpsnav_ws/install/scout_mini_msgs/include/scout_mini_msgs/scout_mini_msgs/msg/rosidl_typesupport_introspection_c__visibility_control.h
[0.383s] -- Up-to-date: /home/bansong/gpsnav_ws/install/scout_mini_msgs/lib/libscout_mini_msgs__rosidl_typesupport_introspection_c.so
[0.383s] -- Up-to-date: /home/bansong/gpsnav_ws/install/scout_mini_msgs/lib/libscout_mini_msgs__rosidl_typesupport_c.so
[0.383s] -- Up-to-date: /home/bansong/gpsnav_ws/install/scout_mini_msgs/include/scout_mini_msgs/scout_mini_msgs
[0.383s] -- Up-to-date: /home/bansong/gpsnav_ws/install/scout_mini_msgs/include/scout_mini_msgs/scout_mini_msgs/msg
[0.383s] -- Up-to-date: /home/bansong/gpsnav_ws/install/scout_mini_msgs/include/scout_mini_msgs/scout_mini_msgs/msg/detail
[0.383s] -- Up-to-date: /home/bansong/gpsnav_ws/install/scout_mini_msgs/include/scout_mini_msgs/scout_mini_msgs/msg/detail/light_state__struct.hpp
[0.383s] -- Up-to-date: /home/bansong/gpsnav_ws/install/scout_mini_msgs/include/scout_mini_msgs/scout_mini_msgs/msg/detail/driver_state__struct.hpp
[0.383s] -- Up-to-date: /home/bansong/gpsnav_ws/install/scout_mini_msgs/include/scout_mini_msgs/scout_mini_msgs/msg/detail/light_command__traits.hpp
[0.383s] -- Up-to-date: /home/bansong/gpsnav_ws/install/scout_mini_msgs/include/scout_mini_msgs/scout_mini_msgs/msg/detail/motor_state__struct.hpp
[0.383s] -- Up-to-date: /home/bansong/gpsnav_ws/install/scout_mini_msgs/include/scout_mini_msgs/scout_mini_msgs/msg/detail/robot_state__type_support.hpp
[0.383s] -- Up-to-date: /home/bansong/gpsnav_ws/install/scout_mini_msgs/include/scout_mini_msgs/scout_mini_msgs/msg/detail/light_state__traits.hpp
[0.383s] -- Up-to-date: /home/bansong/gpsnav_ws/install/scout_mini_msgs/include/scout_mini_msgs/scout_mini_msgs/msg/detail/motor_state__builder.hpp
[0.383s] -- Up-to-date: /home/bansong/gpsnav_ws/install/scout_mini_msgs/include/scout_mini_msgs/scout_mini_msgs/msg/detail/fault_state__traits.hpp
[0.383s] -- Up-to-date: /home/bansong/gpsnav_ws/install/scout_mini_msgs/include/scout_mini_msgs/scout_mini_msgs/msg/detail/robot_state__traits.hpp
[0.383s] -- Up-to-date: /home/bansong/gpsnav_ws/install/scout_mini_msgs/include/scout_mini_msgs/scout_mini_msgs/msg/detail/robot_state__struct.hpp
[0.383s] -- Up-to-date: /home/bansong/gpsnav_ws/install/scout_mini_msgs/include/scout_mini_msgs/scout_mini_msgs/msg/detail/light_state__type_support.hpp
[0.383s] -- Up-to-date: /home/bansong/gpsnav_ws/install/scout_mini_msgs/include/scout_mini_msgs/scout_mini_msgs/msg/detail/driver_state__traits.hpp
[0.383s] -- Up-to-date: /home/bansong/gpsnav_ws/install/scout_mini_msgs/include/scout_mini_msgs/scout_mini_msgs/msg/detail/motor_state__traits.hpp
[0.383s] -- Up-to-date: /home/bansong/gpsnav_ws/install/scout_mini_msgs/include/scout_mini_msgs/scout_mini_msgs/msg/detail/robot_state__builder.hpp
[0.384s] -- Up-to-date: /home/bansong/gpsnav_ws/install/scout_mini_msgs/include/scout_mini_msgs/scout_mini_msgs/msg/detail/light_command__builder.hpp
[0.384s] -- Up-to-date: /home/bansong/gpsnav_ws/install/scout_mini_msgs/include/scout_mini_msgs/scout_mini_msgs/msg/detail/light_command__type_support.hpp
[0.384s] -- Up-to-date: /home/bansong/gpsnav_ws/install/scout_mini_msgs/include/scout_mini_msgs/scout_mini_msgs/msg/detail/driver_state__type_support.hpp
[0.384s] -- Up-to-date: /home/bansong/gpsnav_ws/install/scout_mini_msgs/include/scout_mini_msgs/scout_mini_msgs/msg/detail/driver_state__builder.hpp
[0.384s] -- Up-to-date: /home/bansong/gpsnav_ws/install/scout_mini_msgs/include/scout_mini_msgs/scout_mini_msgs/msg/detail/fault_state__builder.hpp
[0.384s] -- Up-to-date: /home/bansong/gpsnav_ws/install/scout_mini_msgs/include/scout_mini_msgs/scout_mini_msgs/msg/detail/light_state__builder.hpp
[0.384s] -- Up-to-date: /home/bansong/gpsnav_ws/install/scout_mini_msgs/include/scout_mini_msgs/scout_mini_msgs/msg/detail/fault_state__type_support.hpp
[0.384s] -- Up-to-date: /home/bansong/gpsnav_ws/install/scout_mini_msgs/include/scout_mini_msgs/scout_mini_msgs/msg/detail/fault_state__struct.hpp
[0.384s] -- Up-to-date: /home/bansong/gpsnav_ws/install/scout_mini_msgs/include/scout_mini_msgs/scout_mini_msgs/msg/detail/motor_state__type_support.hpp
[0.384s] -- Up-to-date: /home/bansong/gpsnav_ws/install/scout_mini_msgs/include/scout_mini_msgs/scout_mini_msgs/msg/detail/light_command__struct.hpp
[0.384s] -- Up-to-date: /home/bansong/gpsnav_ws/install/scout_mini_msgs/include/scout_mini_msgs/scout_mini_msgs/msg/light_state.hpp
[0.384s] -- Up-to-date: /home/bansong/gpsnav_ws/install/scout_mini_msgs/include/scout_mini_msgs/scout_mini_msgs/msg/fault_state.hpp
[0.384s] -- Up-to-date: /home/bansong/gpsnav_ws/install/scout_mini_msgs/include/scout_mini_msgs/scout_mini_msgs/msg/light_command.hpp
[0.384s] -- Up-to-date: /home/bansong/gpsnav_ws/install/scout_mini_msgs/include/scout_mini_msgs/scout_mini_msgs/msg/motor_state.hpp
[0.384s] -- Up-to-date: /home/bansong/gpsnav_ws/install/scout_mini_msgs/include/scout_mini_msgs/scout_mini_msgs/msg/rosidl_generator_cpp__visibility_control.hpp
[0.384s] -- Up-to-date: /home/bansong/gpsnav_ws/install/scout_mini_msgs/include/scout_mini_msgs/scout_mini_msgs/msg/driver_state.hpp
[0.384s] -- Up-to-date: /home/bansong/gpsnav_ws/install/scout_mini_msgs/include/scout_mini_msgs/scout_mini_msgs/msg/robot_state.hpp
[0.384s] -- Up-to-date: /home/bansong/gpsnav_ws/install/scout_mini_msgs/include/scout_mini_msgs/scout_mini_msgs
[0.384s] -- Up-to-date: /home/bansong/gpsnav_ws/install/scout_mini_msgs/include/scout_mini_msgs/scout_mini_msgs/msg
[0.384s] -- Up-to-date: /home/bansong/gpsnav_ws/install/scout_mini_msgs/include/scout_mini_msgs/scout_mini_msgs/msg/rosidl_typesupport_fastrtps_cpp__visibility_control.h
[0.384s] -- Up-to-date: /home/bansong/gpsnav_ws/install/scout_mini_msgs/include/scout_mini_msgs/scout_mini_msgs/msg/detail
[0.384s] -- Up-to-date: /home/bansong/gpsnav_ws/install/scout_mini_msgs/include/scout_mini_msgs/scout_mini_msgs/msg/detail/light_state__rosidl_typesupport_fastrtps_cpp.hpp
[0.384s] -- Up-to-date: /home/bansong/gpsnav_ws/install/scout_mini_msgs/include/scout_mini_msgs/scout_mini_msgs/msg/detail/fault_state__rosidl_typesupport_fastrtps_cpp.hpp
[0.384s] -- Up-to-date: /home/bansong/gpsnav_ws/install/scout_mini_msgs/include/scout_mini_msgs/scout_mini_msgs/msg/detail/motor_state__rosidl_typesupport_fastrtps_cpp.hpp
[0.385s] -- Up-to-date: /home/bansong/gpsnav_ws/install/scout_mini_msgs/include/scout_mini_msgs/scout_mini_msgs/msg/detail/driver_state__rosidl_typesupport_fastrtps_cpp.hpp
[0.385s] -- Up-to-date: /home/bansong/gpsnav_ws/install/scout_mini_msgs/include/scout_mini_msgs/scout_mini_msgs/msg/detail/robot_state__rosidl_typesupport_fastrtps_cpp.hpp
[0.385s] -- Up-to-date: /home/bansong/gpsnav_ws/install/scout_mini_msgs/include/scout_mini_msgs/scout_mini_msgs/msg/detail/light_command__rosidl_typesupport_fastrtps_cpp.hpp
[0.385s] -- Up-to-date: /home/bansong/gpsnav_ws/install/scout_mini_msgs/include/scout_mini_msgs/scout_mini_msgs/msg/detail/dds_fastrtps
[0.385s] -- Up-to-date: /home/bansong/gpsnav_ws/install/scout_mini_msgs/lib/libscout_mini_msgs__rosidl_typesupport_fastrtps_cpp.so
[0.385s] -- Up-to-date: /home/bansong/gpsnav_ws/install/scout_mini_msgs/include/scout_mini_msgs/scout_mini_msgs
[0.385s] -- Up-to-date: /home/bansong/gpsnav_ws/install/scout_mini_msgs/include/scout_mini_msgs/scout_mini_msgs/msg
[0.385s] -- Up-to-date: /home/bansong/gpsnav_ws/install/scout_mini_msgs/include/scout_mini_msgs/scout_mini_msgs/msg/detail
[0.385s] -- Up-to-date: /home/bansong/gpsnav_ws/install/scout_mini_msgs/include/scout_mini_msgs/scout_mini_msgs/msg/detail/robot_state__rosidl_typesupport_introspection_cpp.hpp
[0.385s] -- Up-to-date: /home/bansong/gpsnav_ws/install/scout_mini_msgs/include/scout_mini_msgs/scout_mini_msgs/msg/detail/fault_state__rosidl_typesupport_introspection_cpp.hpp
[0.385s] -- Up-to-date: /home/bansong/gpsnav_ws/install/scout_mini_msgs/include/scout_mini_msgs/scout_mini_msgs/msg/detail/light_command__rosidl_typesupport_introspection_cpp.hpp
[0.385s] -- Up-to-date: /home/bansong/gpsnav_ws/install/scout_mini_msgs/include/scout_mini_msgs/scout_mini_msgs/msg/detail/light_state__rosidl_typesupport_introspection_cpp.hpp
[0.385s] -- Up-to-date: /home/bansong/gpsnav_ws/install/scout_mini_msgs/include/scout_mini_msgs/scout_mini_msgs/msg/detail/motor_state__type_support.cpp
[0.385s] -- Up-to-date: /home/bansong/gpsnav_ws/install/scout_mini_msgs/include/scout_mini_msgs/scout_mini_msgs/msg/detail/light_command__type_support.cpp
[0.385s] -- Up-to-date: /home/bansong/gpsnav_ws/install/scout_mini_msgs/include/scout_mini_msgs/scout_mini_msgs/msg/detail/driver_state__type_support.cpp
[0.385s] -- Up-to-date: /home/bansong/gpsnav_ws/install/scout_mini_msgs/include/scout_mini_msgs/scout_mini_msgs/msg/detail/fault_state__type_support.cpp
[0.385s] -- Up-to-date: /home/bansong/gpsnav_ws/install/scout_mini_msgs/include/scout_mini_msgs/scout_mini_msgs/msg/detail/light_state__type_support.cpp
[0.385s] -- Up-to-date: /home/bansong/gpsnav_ws/install/scout_mini_msgs/include/scout_mini_msgs/scout_mini_msgs/msg/detail/robot_state__type_support.cpp
[0.385s] -- Up-to-date: /home/bansong/gpsnav_ws/install/scout_mini_msgs/include/scout_mini_msgs/scout_mini_msgs/msg/detail/driver_state__rosidl_typesupport_introspection_cpp.hpp
[0.385s] -- Up-to-date: /home/bansong/gpsnav_ws/install/scout_mini_msgs/include/scout_mini_msgs/scout_mini_msgs/msg/detail/motor_state__rosidl_typesupport_introspection_cpp.hpp
[0.385s] -- Up-to-date: /home/bansong/gpsnav_ws/install/scout_mini_msgs/lib/libscout_mini_msgs__rosidl_typesupport_introspection_cpp.so
[0.386s] -- Up-to-date: /home/bansong/gpsnav_ws/install/scout_mini_msgs/lib/libscout_mini_msgs__rosidl_typesupport_cpp.so
[0.386s] -- Up-to-date: /home/bansong/gpsnav_ws/install/scout_mini_msgs/share/scout_mini_msgs/environment/pythonpath.sh
[0.386s] -- Up-to-date: /home/bansong/gpsnav_ws/install/scout_mini_msgs/share/scout_mini_msgs/environment/pythonpath.dsv
[0.387s] -- Up-to-date: /home/bansong/gpsnav_ws/install/scout_mini_msgs/local/lib/python3.10/dist-packages/scout_mini_msgs-0.1.0-py3.10.egg-info
[0.387s] -- Installing: /home/bansong/gpsnav_ws/install/scout_mini_msgs/local/lib/python3.10/dist-packages/scout_mini_msgs-0.1.0-py3.10.egg-info/dependency_links.txt
[0.387s] -- Installing: /home/bansong/gpsnav_ws/install/scout_mini_msgs/local/lib/python3.10/dist-packages/scout_mini_msgs-0.1.0-py3.10.egg-info/PKG-INFO
[0.387s] -- Installing: /home/bansong/gpsnav_ws/install/scout_mini_msgs/local/lib/python3.10/dist-packages/scout_mini_msgs-0.1.0-py3.10.egg-info/SOURCES.txt
[0.387s] -- Installing: /home/bansong/gpsnav_ws/install/scout_mini_msgs/local/lib/python3.10/dist-packages/scout_mini_msgs-0.1.0-py3.10.egg-info/top_level.txt
[0.387s] -- Up-to-date: /home/bansong/gpsnav_ws/install/scout_mini_msgs/local/lib/python3.10/dist-packages/scout_mini_msgs
[0.387s] -- Up-to-date: /home/bansong/gpsnav_ws/install/scout_mini_msgs/local/lib/python3.10/dist-packages/scout_mini_msgs/_scout_mini_msgs_s.ep.rosidl_typesupport_c.c
[0.388s] -- Up-to-date: /home/bansong/gpsnav_ws/install/scout_mini_msgs/local/lib/python3.10/dist-packages/scout_mini_msgs/_scout_mini_msgs_s.ep.rosidl_typesupport_fastrtps_c.c
[0.388s] -- Up-to-date: /home/bansong/gpsnav_ws/install/scout_mini_msgs/local/lib/python3.10/dist-packages/scout_mini_msgs/libscout_mini_msgs__rosidl_generator_py.so
[0.388s] -- Up-to-date: /home/bansong/gpsnav_ws/install/scout_mini_msgs/local/lib/python3.10/dist-packages/scout_mini_msgs/scout_mini_msgs_s__rosidl_typesupport_c.cpython-310-x86_64-linux-gnu.so
[0.388s] -- Up-to-date: /home/bansong/gpsnav_ws/install/scout_mini_msgs/local/lib/python3.10/dist-packages/scout_mini_msgs/scout_mini_msgs_s__rosidl_typesupport_introspection_c.cpython-310-x86_64-linux-gnu.so
[0.388s] -- Up-to-date: /home/bansong/gpsnav_ws/install/scout_mini_msgs/local/lib/python3.10/dist-packages/scout_mini_msgs/msg
[0.388s] -- Up-to-date: /home/bansong/gpsnav_ws/install/scout_mini_msgs/local/lib/python3.10/dist-packages/scout_mini_msgs/msg/_motor_state_s.c
[0.388s] -- Up-to-date: /home/bansong/gpsnav_ws/install/scout_mini_msgs/local/lib/python3.10/dist-packages/scout_mini_msgs/msg/_driver_state_s.c
[0.388s] -- Up-to-date: /home/bansong/gpsnav_ws/install/scout_mini_msgs/local/lib/python3.10/dist-packages/scout_mini_msgs/msg/_light_state_s.c
[0.388s] -- Up-to-date: /home/bansong/gpsnav_ws/install/scout_mini_msgs/local/lib/python3.10/dist-packages/scout_mini_msgs/msg/_light_command_s.c
[0.388s] -- Up-to-date: /home/bansong/gpsnav_ws/install/scout_mini_msgs/local/lib/python3.10/dist-packages/scout_mini_msgs/msg/_fault_state.py
[0.388s] -- Up-to-date: /home/bansong/gpsnav_ws/install/scout_mini_msgs/local/lib/python3.10/dist-packages/scout_mini_msgs/msg/_driver_state.py
[0.388s] -- Up-to-date: /home/bansong/gpsnav_ws/install/scout_mini_msgs/local/lib/python3.10/dist-packages/scout_mini_msgs/msg/_light_state.py
[0.388s] -- Up-to-date: /home/bansong/gpsnav_ws/install/scout_mini_msgs/local/lib/python3.10/dist-packages/scout_mini_msgs/msg/_robot_state.py
[0.388s] -- Up-to-date: /home/bansong/gpsnav_ws/install/scout_mini_msgs/local/lib/python3.10/dist-packages/scout_mini_msgs/msg/_light_command.py
[0.388s] -- Up-to-date: /home/bansong/gpsnav_ws/install/scout_mini_msgs/local/lib/python3.10/dist-packages/scout_mini_msgs/msg/_fault_state_s.c
[0.388s] -- Up-to-date: /home/bansong/gpsnav_ws/install/scout_mini_msgs/local/lib/python3.10/dist-packages/scout_mini_msgs/msg/__init__.py
[0.388s] -- Up-to-date: /home/bansong/gpsnav_ws/install/scout_mini_msgs/local/lib/python3.10/dist-packages/scout_mini_msgs/msg/_robot_state_s.c
[0.388s] -- Up-to-date: /home/bansong/gpsnav_ws/install/scout_mini_msgs/local/lib/python3.10/dist-packages/scout_mini_msgs/msg/_motor_state.py
[0.388s] -- Up-to-date: /home/bansong/gpsnav_ws/install/scout_mini_msgs/local/lib/python3.10/dist-packages/scout_mini_msgs/scout_mini_msgs_s__rosidl_typesupport_fastrtps_c.cpython-310-x86_64-linux-gnu.so
[0.388s] -- Up-to-date: /home/bansong/gpsnav_ws/install/scout_mini_msgs/local/lib/python3.10/dist-packages/scout_mini_msgs/_scout_mini_msgs_s.ep.rosidl_typesupport_introspection_c.c
[0.389s] -- Up-to-date: /home/bansong/gpsnav_ws/install/scout_mini_msgs/local/lib/python3.10/dist-packages/scout_mini_msgs/__init__.py
[0.417s] Listing '/home/bansong/gpsnav_ws/install/scout_mini_msgs/local/lib/python3.10/dist-packages/scout_mini_msgs'...
[0.418s] Listing '/home/bansong/gpsnav_ws/install/scout_mini_msgs/local/lib/python3.10/dist-packages/scout_mini_msgs/msg'...
[0.422s] -- Up-to-date: /home/bansong/gpsnav_ws/install/scout_mini_msgs/local/lib/python3.10/dist-packages/scout_mini_msgs/scout_mini_msgs_s__rosidl_typesupport_fastrtps_c.cpython-310-x86_64-linux-gnu.so
[0.423s] -- Up-to-date: /home/bansong/gpsnav_ws/install/scout_mini_msgs/local/lib/python3.10/dist-packages/scout_mini_msgs/scout_mini_msgs_s__rosidl_typesupport_introspection_c.cpython-310-x86_64-linux-gnu.so
[0.423s] -- Up-to-date: /home/bansong/gpsnav_ws/install/scout_mini_msgs/local/lib/python3.10/dist-packages/scout_mini_msgs/scout_mini_msgs_s__rosidl_typesupport_c.cpython-310-x86_64-linux-gnu.so
[0.424s] -- Up-to-date: /home/bansong/gpsnav_ws/install/scout_mini_msgs/lib/libscout_mini_msgs__rosidl_generator_py.so
[0.424s] -- Up-to-date: /home/bansong/gpsnav_ws/install/scout_mini_msgs/share/scout_mini_msgs/msg/DriverState.idl
[0.424s] -- Up-to-date: /home/bansong/gpsnav_ws/install/scout_mini_msgs/share/scout_mini_msgs/msg/FaultState.idl
[0.424s] -- Up-to-date: /home/bansong/gpsnav_ws/install/scout_mini_msgs/share/scout_mini_msgs/msg/LightCommand.idl
[0.424s] -- Up-to-date: /home/bansong/gpsnav_ws/install/scout_mini_msgs/share/scout_mini_msgs/msg/LightState.idl
[0.425s] -- Up-to-date: /home/bansong/gpsnav_ws/install/scout_mini_msgs/share/scout_mini_msgs/msg/MotorState.idl
[0.425s] -- Up-to-date: /home/bansong/gpsnav_ws/install/scout_mini_msgs/share/scout_mini_msgs/msg/RobotState.idl
[0.425s] -- Up-to-date: /home/bansong/gpsnav_ws/install/scout_mini_msgs/share/scout_mini_msgs/msg/DriverState.msg
[0.425s] -- Up-to-date: /home/bansong/gpsnav_ws/install/scout_mini_msgs/share/scout_mini_msgs/msg/FaultState.msg
[0.425s] -- Up-to-date: /home/bansong/gpsnav_ws/install/scout_mini_msgs/share/scout_mini_msgs/msg/LightCommand.msg
[0.425s] -- Up-to-date: /home/bansong/gpsnav_ws/install/scout_mini_msgs/share/scout_mini_msgs/msg/LightState.msg
[0.425s] -- Up-to-date: /home/bansong/gpsnav_ws/install/scout_mini_msgs/share/scout_mini_msgs/msg/MotorState.msg
[0.425s] -- Up-to-date: /home/bansong/gpsnav_ws/install/scout_mini_msgs/share/scout_mini_msgs/msg/RobotState.msg
[0.425s] -- Up-to-date: /home/bansong/gpsnav_ws/install/scout_mini_msgs/share/ament_index/resource_index/package_run_dependencies/scout_mini_msgs
[0.425s] -- Up-to-date: /home/bansong/gpsnav_ws/install/scout_mini_msgs/share/ament_index/resource_index/parent_prefix_path/scout_mini_msgs
[0.425s] -- Up-to-date: /home/bansong/gpsnav_ws/install/scout_mini_msgs/share/scout_mini_msgs/environment/ament_prefix_path.sh
[0.425s] -- Up-to-date: /home/bansong/gpsnav_ws/install/scout_mini_msgs/share/scout_mini_msgs/environment/ament_prefix_path.dsv
[0.425s] -- Up-to-date: /home/bansong/gpsnav_ws/install/scout_mini_msgs/share/scout_mini_msgs/environment/path.sh
[0.425s] -- Up-to-date: /home/bansong/gpsnav_ws/install/scout_mini_msgs/share/scout_mini_msgs/environment/path.dsv
[0.425s] -- Up-to-date: /home/bansong/gpsnav_ws/install/scout_mini_msgs/share/scout_mini_msgs/local_setup.bash
[0.425s] -- Up-to-date: /home/bansong/gpsnav_ws/install/scout_mini_msgs/share/scout_mini_msgs/local_setup.sh
[0.425s] -- Up-to-date: /home/bansong/gpsnav_ws/install/scout_mini_msgs/share/scout_mini_msgs/local_setup.zsh
[0.426s] -- Up-to-date: /home/bansong/gpsnav_ws/install/scout_mini_msgs/share/scout_mini_msgs/local_setup.dsv
[0.426s] -- Installing: /home/bansong/gpsnav_ws/install/scout_mini_msgs/share/scout_mini_msgs/package.dsv
[0.426s] -- Up-to-date: /home/bansong/gpsnav_ws/install/scout_mini_msgs/share/ament_index/resource_index/packages/scout_mini_msgs
[0.426s] -- Up-to-date: /home/bansong/gpsnav_ws/install/scout_mini_msgs/share/scout_mini_msgs/cmake/export_scout_mini_msgs__rosidl_generator_cExport.cmake
[0.426s] -- Up-to-date: /home/bansong/gpsnav_ws/install/scout_mini_msgs/share/scout_mini_msgs/cmake/export_scout_mini_msgs__rosidl_generator_cExport-noconfig.cmake
[0.427s] -- Up-to-date: /home/bansong/gpsnav_ws/install/scout_mini_msgs/share/scout_mini_msgs/cmake/export_scout_mini_msgs__rosidl_typesupport_fastrtps_cExport.cmake
[0.427s] -- Up-to-date: /home/bansong/gpsnav_ws/install/scout_mini_msgs/share/scout_mini_msgs/cmake/export_scout_mini_msgs__rosidl_typesupport_fastrtps_cExport-noconfig.cmake
[0.427s] -- Up-to-date: /home/bansong/gpsnav_ws/install/scout_mini_msgs/share/scout_mini_msgs/cmake/scout_mini_msgs__rosidl_typesupport_introspection_cExport.cmake
[0.427s] -- Up-to-date: /home/bansong/gpsnav_ws/install/scout_mini_msgs/share/scout_mini_msgs/cmake/scout_mini_msgs__rosidl_typesupport_introspection_cExport-noconfig.cmake
[0.427s] -- Up-to-date: /home/bansong/gpsnav_ws/install/scout_mini_msgs/share/scout_mini_msgs/cmake/scout_mini_msgs__rosidl_typesupport_cExport.cmake
[0.427s] -- Up-to-date: /home/bansong/gpsnav_ws/install/scout_mini_msgs/share/scout_mini_msgs/cmake/scout_mini_msgs__rosidl_typesupport_cExport-noconfig.cmake
[0.427s] -- Up-to-date: /home/bansong/gpsnav_ws/install/scout_mini_msgs/share/scout_mini_msgs/cmake/export_scout_mini_msgs__rosidl_generator_cppExport.cmake
[0.428s] -- Up-to-date: /home/bansong/gpsnav_ws/install/scout_mini_msgs/share/scout_mini_msgs/cmake/export_scout_mini_msgs__rosidl_typesupport_fastrtps_cppExport.cmake
[0.428s] -- Up-to-date: /home/bansong/gpsnav_ws/install/scout_mini_msgs/share/scout_mini_msgs/cmake/export_scout_mini_msgs__rosidl_typesupport_fastrtps_cppExport-noconfig.cmake
[0.428s] -- Up-to-date: /home/bansong/gpsnav_ws/install/scout_mini_msgs/share/scout_mini_msgs/cmake/scout_mini_msgs__rosidl_typesupport_introspection_cppExport.cmake
[0.428s] -- Up-to-date: /home/bansong/gpsnav_ws/install/scout_mini_msgs/share/scout_mini_msgs/cmake/scout_mini_msgs__rosidl_typesupport_introspection_cppExport-noconfig.cmake
[0.428s] -- Up-to-date: /home/bansong/gpsnav_ws/install/scout_mini_msgs/share/scout_mini_msgs/cmake/scout_mini_msgs__rosidl_typesupport_cppExport.cmake
[0.428s] -- Up-to-date: /home/bansong/gpsnav_ws/install/scout_mini_msgs/share/scout_mini_msgs/cmake/scout_mini_msgs__rosidl_typesupport_cppExport-noconfig.cmake
[0.428s] -- Up-to-date: /home/bansong/gpsnav_ws/install/scout_mini_msgs/share/scout_mini_msgs/cmake/export_scout_mini_msgs__rosidl_generator_pyExport.cmake
[0.428s] -- Up-to-date: /home/bansong/gpsnav_ws/install/scout_mini_msgs/share/scout_mini_msgs/cmake/export_scout_mini_msgs__rosidl_generator_pyExport-noconfig.cmake
[0.429s] -- Up-to-date: /home/bansong/gpsnav_ws/install/scout_mini_msgs/share/scout_mini_msgs/cmake/rosidl_cmake-extras.cmake
[0.429s] -- Up-to-date: /home/bansong/gpsnav_ws/install/scout_mini_msgs/share/scout_mini_msgs/cmake/ament_cmake_export_dependencies-extras.cmake
[0.429s] -- Up-to-date: /home/bansong/gpsnav_ws/install/scout_mini_msgs/share/scout_mini_msgs/cmake/ament_cmake_export_include_directories-extras.cmake
[0.429s] -- Up-to-date: /home/bansong/gpsnav_ws/install/scout_mini_msgs/share/scout_mini_msgs/cmake/ament_cmake_export_libraries-extras.cmake
[0.429s] -- Up-to-date: /home/bansong/gpsnav_ws/install/scout_mini_msgs/share/scout_mini_msgs/cmake/ament_cmake_export_targets-extras.cmake
[0.429s] -- Up-to-date: /home/bansong/gpsnav_ws/install/scout_mini_msgs/share/scout_mini_msgs/cmake/rosidl_cmake_export_typesupport_targets-extras.cmake
[0.429s] -- Up-to-date: /home/bansong/gpsnav_ws/install/scout_mini_msgs/share/scout_mini_msgs/cmake/rosidl_cmake_export_typesupport_libraries-extras.cmake
[0.429s] -- Up-to-date: /home/bansong/gpsnav_ws/install/scout_mini_msgs/share/scout_mini_msgs/cmake/scout_mini_msgsConfig.cmake
[0.429s] -- Up-to-date: /home/bansong/gpsnav_ws/install/scout_mini_msgs/share/scout_mini_msgs/cmake/scout_mini_msgsConfig-version.cmake
[0.429s] -- Up-to-date: /home/bansong/gpsnav_ws/install/scout_mini_msgs/share/scout_mini_msgs/package.xml
[0.433s] Invoked command in '/home/bansong/gpsnav_ws/build/scout_mini_msgs' returned '0': CMAKE_PREFIX_PATH=/opt/ros/humble /usr/bin/cmake --install /home/bansong/gpsnav_ws/build/scout_mini_msgs
