[0.008s] Invoking command in '/home/bansong/gpsnav_ws/build/ublox_gps': AMENT_PREFIX_PATH=/home/bansong/gpsnav_ws/install/ublox_msgs:/home/bansong/gpsnav_ws/install/ublox_serialization:${AMENT_PREFIX_PATH} CMAKE_PREFIX_PATH=/home/bansong/gpsnav_ws/install/ublox_msgs:/home/bansong/gpsnav_ws/install/ublox_serialization:/opt/ros/humble LD_LIBRARY_PATH=/home/bansong/gpsnav_ws/install/ublox_msgs/lib:${LD_LIBRARY_PATH} PYTHONPATH=/home/bansong/gpsnav_ws/install/ublox_msgs/local/lib/python3.10/dist-packages:${PYTHONPATH} /usr/bin/cmake --build /home/bansong/gpsnav_ws/build/ublox_gps -- -j16 -l16
[0.027s] -- Found ament_cmake_ros: 0.10.0 (/opt/ros/humble/share/ament_cmake_ros/cmake)
[0.102s] -- Found diagnostic_msgs: 4.9.0 (/opt/ros/humble/share/diagnostic_msgs/cmake)
[0.116s] -- Found rosidl_generator_c: 3.1.6 (/opt/ros/humble/share/rosidl_generator_c/cmake)
[0.118s] -- Found rosidl_adapter: 3.1.6 (/opt/ros/humble/share/rosidl_adapter/cmake)
[0.121s] -- Found rosidl_generator_cpp: 3.1.6 (/opt/ros/humble/share/rosidl_generator_cpp/cmake)
[0.126s] -- Using all available rosidl_typesupport_c: rosidl_typesupport_fastrtps_c;rosidl_typesupport_introspection_c
[0.132s] -- Using all available rosidl_typesupport_cpp: rosidl_typesupport_fastrtps_cpp;rosidl_typesupport_introspection_cpp
[0.152s] -- Found diagnostic_updater: 4.0.6 (/opt/ros/humble/share/diagnostic_updater/cmake)
[0.167s] -- Found rmw_implementation_cmake: 6.1.2 (/opt/ros/humble/share/rmw_implementation_cmake/cmake)
[0.168s] -- Found rmw_fastrtps_cpp: 6.2.7 (/opt/ros/humble/share/rmw_fastrtps_cpp/cmake)
[0.233s] -- Using RMW implementation 'rmw_fastrtps_cpp' as default
[0.254s] -- Found geometry_msgs: 4.9.0 (/opt/ros/humble/share/geometry_msgs/cmake)
[0.261s] -- Found rclcpp_components: 16.0.12 (/opt/ros/humble/share/rclcpp_components/cmake)
[0.271s] -- Found sensor_msgs: 4.9.0 (/opt/ros/humble/share/sensor_msgs/cmake)
[0.280s] -- Found tf2: 0.25.13 (/opt/ros/humble/share/tf2/cmake)
[0.281s] -- Found ublox_msgs: 2.2.0 (/home/bansong/gpsnav_ws/install/ublox_msgs/share/ublox_msgs/cmake)
[0.343s] -- Configuring done
[0.357s] -- Generating done
[0.361s] -- Build files have been written to: /home/bansong/gpsnav_ws/build/ublox_gps
[0.384s] [35m[1mConsolidate compiler generated dependencies of target ublox_logger_node[0m
[0.397s] [35m[1mConsolidate compiler generated dependencies of target ublox_gps[0m
[0.398s] [  4%] [32mBuilding CXX object CMakeFiles/ublox_logger_node.dir/src/logger_node_pa.cpp.o[0m
[0.398s] [  9%] [32mBuilding CXX object CMakeFiles/ublox_logger_node.dir/src/raw_data_pa.cpp.o[0m
[0.445s] [ 22%] [32mBuilding CXX object CMakeFiles/ublox_gps.dir/src/gps.cpp.o[0m
[0.445s] [ 22%] [32mBuilding CXX object CMakeFiles/ublox_gps.dir/src/adr_udr_product.cpp.o[0m
[0.445s] [ 22%] [32mBuilding CXX object CMakeFiles/ublox_gps.dir/src/gnss.cpp.o[0m
[0.445s] [ 27%] [32mBuilding CXX object CMakeFiles/ublox_gps.dir/src/hp_pos_rec_product.cpp.o[0m
[0.445s] [ 31%] [32mBuilding CXX object CMakeFiles/ublox_gps.dir/src/hpg_ref_product.cpp.o[0m
[0.447s] [ 36%] [32mBuilding CXX object CMakeFiles/ublox_gps.dir/src/hpg_rov_product.cpp.o[0m
[0.448s] [ 40%] [32mBuilding C object CMakeFiles/ublox_gps.dir/src/mkgmtime.c.o[0m
[0.448s] [ 45%] [32mBuilding CXX object CMakeFiles/ublox_gps.dir/src/node.cpp.o[0m
[0.450s] [ 50%] [32mBuilding CXX object CMakeFiles/ublox_gps.dir/src/raw_data_pa.cpp.o[0m
[0.451s] [ 54%] [32mBuilding CXX object CMakeFiles/ublox_gps.dir/src/raw_data_product.cpp.o[0m
[0.452s] [ 59%] [32mBuilding CXX object CMakeFiles/ublox_gps.dir/src/tim_product.cpp.o[0m
[0.453s] [ 63%] [32mBuilding CXX object CMakeFiles/ublox_gps.dir/src/ublox_firmware.cpp.o[0m
[0.456s] [ 68%] [32mBuilding CXX object CMakeFiles/ublox_gps.dir/src/ublox_firmware6.cpp.o[0m
[0.465s] [ 72%] [32mBuilding CXX object CMakeFiles/ublox_gps.dir/src/ublox_firmware7.cpp.o[0m
[0.493s] [ 77%] [32mBuilding CXX object CMakeFiles/ublox_gps.dir/src/ublox_firmware8.cpp.o[0m
[0.725s] [ 81%] [32mBuilding CXX object CMakeFiles/ublox_gps.dir/src/ublox_firmware9.cpp.o[0m
[9.088s] [ 86%] [32m[1mLinking CXX executable ublox_logger[0m
[9.344s] [ 86%] Built target ublox_logger_node
[13.675s] [ 90%] [32m[1mLinking CXX shared library libublox_gps.so[0m
[15.139s] [ 90%] Built target ublox_gps
[15.149s] [35m[1mConsolidate compiler generated dependencies of target ublox_gps_node[0m
[15.166s] [ 95%] [32mBuilding CXX object CMakeFiles/ublox_gps_node.dir/src/node_main.cpp.o[0m
[18.368s] [100%] [32m[1mLinking CXX executable ublox_gps_node[0m
[18.759s] [100%] Built target ublox_gps_node
[18.770s] Invoked command in '/home/bansong/gpsnav_ws/build/ublox_gps' returned '0': AMENT_PREFIX_PATH=/home/bansong/gpsnav_ws/install/ublox_msgs:/home/bansong/gpsnav_ws/install/ublox_serialization:${AMENT_PREFIX_PATH} CMAKE_PREFIX_PATH=/home/bansong/gpsnav_ws/install/ublox_msgs:/home/bansong/gpsnav_ws/install/ublox_serialization:/opt/ros/humble LD_LIBRARY_PATH=/home/bansong/gpsnav_ws/install/ublox_msgs/lib:${LD_LIBRARY_PATH} PYTHONPATH=/home/bansong/gpsnav_ws/install/ublox_msgs/local/lib/python3.10/dist-packages:${PYTHONPATH} /usr/bin/cmake --build /home/bansong/gpsnav_ws/build/ublox_gps -- -j16 -l16
[18.771s] Invoking command in '/home/bansong/gpsnav_ws/build/ublox_gps': AMENT_PREFIX_PATH=/home/bansong/gpsnav_ws/install/ublox_msgs:/home/bansong/gpsnav_ws/install/ublox_serialization:${AMENT_PREFIX_PATH} CMAKE_PREFIX_PATH=/home/bansong/gpsnav_ws/install/ublox_msgs:/home/bansong/gpsnav_ws/install/ublox_serialization:/opt/ros/humble LD_LIBRARY_PATH=/home/bansong/gpsnav_ws/install/ublox_msgs/lib:${LD_LIBRARY_PATH} PYTHONPATH=/home/bansong/gpsnav_ws/install/ublox_msgs/local/lib/python3.10/dist-packages:${PYTHONPATH} /usr/bin/cmake --install /home/bansong/gpsnav_ws/build/ublox_gps
[18.777s] -- Install configuration: ""
[18.777s] -- Installing: /home/bansong/gpsnav_ws/install/ublox_gps/lib/libublox_gps.so
[18.799s] -- Set runtime path of "/home/bansong/gpsnav_ws/install/ublox_gps/lib/libublox_gps.so" to ""
[18.799s] -- Installing: /home/bansong/gpsnav_ws/install/ublox_gps/lib/ublox_gps/ublox_gps_node
[18.799s] -- Set runtime path of "/home/bansong/gpsnav_ws/install/ublox_gps/lib/ublox_gps/ublox_gps_node" to ""
[18.799s] -- Installing: /home/bansong/gpsnav_ws/install/ublox_gps/lib/ublox_gps/ublox_logger
[18.802s] -- Set runtime path of "/home/bansong/gpsnav_ws/install/ublox_gps/lib/ublox_gps/ublox_logger" to ""
[18.802s] -- Up-to-date: /home/bansong/gpsnav_ws/install/ublox_gps/include
[18.802s] -- Up-to-date: /home/bansong/gpsnav_ws/install/ublox_gps/include/ublox_gps
[18.802s] -- Installing: /home/bansong/gpsnav_ws/install/ublox_gps/include/ublox_gps/fix_diagnostic.hpp
[18.802s] -- Installing: /home/bansong/gpsnav_ws/install/ublox_gps/include/ublox_gps/raw_data_product.hpp
[18.802s] -- Installing: /home/bansong/gpsnav_ws/install/ublox_gps/include/ublox_gps/ublox_firmware.hpp
[18.802s] -- Installing: /home/bansong/gpsnav_ws/install/ublox_gps/include/ublox_gps/tim_product.hpp
[18.802s] -- Installing: /home/bansong/gpsnav_ws/install/ublox_gps/include/ublox_gps/gps.hpp
[18.802s] -- Installing: /home/bansong/gpsnav_ws/install/ublox_gps/include/ublox_gps/hpg_ref_product.hpp
[18.802s] -- Installing: /home/bansong/gpsnav_ws/install/ublox_gps/include/ublox_gps/gnss.hpp
[18.802s] -- Installing: /home/bansong/gpsnav_ws/install/ublox_gps/include/ublox_gps/ublox_firmware7.hpp
[18.803s] -- Installing: /home/bansong/gpsnav_ws/install/ublox_gps/include/ublox_gps/mkgmtime.h
[18.803s] -- Installing: /home/bansong/gpsnav_ws/install/ublox_gps/include/ublox_gps/rtcm.hpp
[18.803s] -- Installing: /home/bansong/gpsnav_ws/install/ublox_gps/include/ublox_gps/callback.hpp
[18.803s] -- Installing: /home/bansong/gpsnav_ws/install/ublox_gps/include/ublox_gps/ublox_firmware6.hpp
[18.803s] -- Installing: /home/bansong/gpsnav_ws/install/ublox_gps/include/ublox_gps/ublox_firmware9.hpp
[18.803s] -- Installing: /home/bansong/gpsnav_ws/install/ublox_gps/include/ublox_gps/async_worker.hpp
[18.803s] -- Installing: /home/bansong/gpsnav_ws/install/ublox_gps/include/ublox_gps/ublox_firmware7plus.hpp
[18.803s] -- Installing: /home/bansong/gpsnav_ws/install/ublox_gps/include/ublox_gps/utils.hpp
[18.803s] -- Installing: /home/bansong/gpsnav_ws/install/ublox_gps/include/ublox_gps/adr_udr_product.hpp
[18.803s] -- Installing: /home/bansong/gpsnav_ws/install/ublox_gps/include/ublox_gps/ublox_topic_diagnostic.hpp
[18.804s] -- Installing: /home/bansong/gpsnav_ws/install/ublox_gps/include/ublox_gps/node.hpp
[18.804s] -- Installing: /home/bansong/gpsnav_ws/install/ublox_gps/include/ublox_gps/component_interface.hpp
[18.804s] -- Installing: /home/bansong/gpsnav_ws/install/ublox_gps/include/ublox_gps/worker.hpp
[18.804s] -- Installing: /home/bansong/gpsnav_ws/install/ublox_gps/include/ublox_gps/hp_pos_rec_product.hpp
[18.804s] -- Installing: /home/bansong/gpsnav_ws/install/ublox_gps/include/ublox_gps/fts_product.hpp
[18.804s] -- Installing: /home/bansong/gpsnav_ws/install/ublox_gps/include/ublox_gps/raw_data_pa.hpp
[18.804s] -- Installing: /home/bansong/gpsnav_ws/install/ublox_gps/include/ublox_gps/hpg_rov_product.hpp
[18.804s] -- Installing: /home/bansong/gpsnav_ws/install/ublox_gps/include/ublox_gps/ublox_firmware8.hpp
[18.804s] -- Up-to-date: /home/bansong/gpsnav_ws/install/ublox_gps/share/ublox_gps/launch
[18.804s] -- Installing: /home/bansong/gpsnav_ws/install/ublox_gps/share/ublox_gps/launch/ublox_gps_node-composed-launch.py
[18.804s] -- Installing: /home/bansong/gpsnav_ws/install/ublox_gps/share/ublox_gps/launch/ublox_gps_node_zedf9p-launch.py
[18.804s] -- Up-to-date: /home/bansong/gpsnav_ws/install/ublox_gps/share/ublox_gps/config
[18.804s] -- Installing: /home/bansong/gpsnav_ws/install/ublox_gps/share/ublox_gps/config/zed_f9p.yaml
[18.804s] -- Up-to-date: /home/bansong/gpsnav_ws/install/ublox_gps/share/ament_index/resource_index/package_run_dependencies/ublox_gps
[18.804s] -- Up-to-date: /home/bansong/gpsnav_ws/install/ublox_gps/share/ament_index/resource_index/parent_prefix_path/ublox_gps
[18.804s] -- Up-to-date: /home/bansong/gpsnav_ws/install/ublox_gps/share/ublox_gps/environment/ament_prefix_path.sh
[18.804s] -- Installing: /home/bansong/gpsnav_ws/install/ublox_gps/share/ublox_gps/environment/ament_prefix_path.dsv
[18.805s] -- Up-to-date: /home/bansong/gpsnav_ws/install/ublox_gps/share/ublox_gps/environment/path.sh
[18.805s] -- Installing: /home/bansong/gpsnav_ws/install/ublox_gps/share/ublox_gps/environment/path.dsv
[18.805s] -- Up-to-date: /home/bansong/gpsnav_ws/install/ublox_gps/share/ublox_gps/local_setup.bash
[18.805s] -- Up-to-date: /home/bansong/gpsnav_ws/install/ublox_gps/share/ublox_gps/local_setup.sh
[18.805s] -- Up-to-date: /home/bansong/gpsnav_ws/install/ublox_gps/share/ublox_gps/local_setup.zsh
[18.805s] -- Installing: /home/bansong/gpsnav_ws/install/ublox_gps/share/ublox_gps/local_setup.dsv
[18.805s] -- Installing: /home/bansong/gpsnav_ws/install/ublox_gps/share/ublox_gps/package.dsv
[18.805s] -- Up-to-date: /home/bansong/gpsnav_ws/install/ublox_gps/share/ament_index/resource_index/packages/ublox_gps
[18.805s] -- Up-to-date: /home/bansong/gpsnav_ws/install/ublox_gps/share/ament_index/resource_index/rclcpp_components/ublox_gps
[18.805s] -- Up-to-date: /home/bansong/gpsnav_ws/install/ublox_gps/share/ublox_gps/cmake/ublox_gpsConfig.cmake
[18.805s] -- Up-to-date: /home/bansong/gpsnav_ws/install/ublox_gps/share/ublox_gps/cmake/ublox_gpsConfig-version.cmake
[18.805s] -- Installing: /home/bansong/gpsnav_ws/install/ublox_gps/share/ublox_gps/package.xml
[18.807s] Invoked command in '/home/bansong/gpsnav_ws/build/ublox_gps' returned '0': AMENT_PREFIX_PATH=/home/bansong/gpsnav_ws/install/ublox_msgs:/home/bansong/gpsnav_ws/install/ublox_serialization:${AMENT_PREFIX_PATH} CMAKE_PREFIX_PATH=/home/bansong/gpsnav_ws/install/ublox_msgs:/home/bansong/gpsnav_ws/install/ublox_serialization:/opt/ros/humble LD_LIBRARY_PATH=/home/bansong/gpsnav_ws/install/ublox_msgs/lib:${LD_LIBRARY_PATH} PYTHONPATH=/home/bansong/gpsnav_ws/install/ublox_msgs/local/lib/python3.10/dist-packages:${PYTHONPATH} /usr/bin/cmake --install /home/bansong/gpsnav_ws/build/ublox_gps
