[0.316s] Invoking command in '/home/bansong/gpsnav_ws/build/sllidar_ros2': CMAKE_PREFIX_PATH=${CMAKE_PREFIX_PATH}:/home/bansong/gpsnav_ws/install/ntrip_client:/home/bansong/gpsnav_ws/install/my_nav_pkg:/opt/ros/humble /usr/bin/cmake /home/bansong/gpsnav_ws/src/sllidar_ros2 -DCMAKE_INSTALL_PREFIX=/home/bansong/gpsnav_ws/install/sllidar_ros2
[0.324s] -- Found ament_cmake: 1.3.11 (/opt/ros/humble/share/ament_cmake/cmake)
[0.414s] -- Override CMake install command with custom implementation using symlinks instead of copying resources
[0.418s] -- Found rclcpp: 16.0.12 (/opt/ros/humble/share/rclcpp/cmake)
[0.437s] -- Found rosidl_generator_c: 3.1.6 (/opt/ros/humble/share/rosidl_generator_c/cmake)
[0.439s] -- Found rosidl_adapter: 3.1.6 (/opt/ros/humble/share/rosidl_adapter/cmake)
[0.442s] -- Found rosidl_generator_cpp: 3.1.6 (/opt/ros/humble/share/rosidl_generator_cpp/cmake)
[0.449s] -- Using all available rosidl_typesupport_c: rosidl_typesupport_fastrtps_c;rosidl_typesupport_introspection_c
[0.456s] -- Using all available rosidl_typesupport_cpp: rosidl_typesupport_fastrtps_cpp;rosidl_typesupport_introspection_cpp
[0.476s] -- Found rmw_implementation_cmake: 6.1.2 (/opt/ros/humble/share/rmw_implementation_cmake/cmake)
[0.477s] -- Found rmw_fastrtps_cpp: 6.2.7 (/opt/ros/humble/share/rmw_fastrtps_cpp/cmake)
[0.555s] -- Using RMW implementation 'rmw_fastrtps_cpp' as default
[0.585s] -- Found sensor_msgs: 4.9.0 (/opt/ros/humble/share/sensor_msgs/cmake)
[0.603s] -- Found std_srvs: 4.9.0 (/opt/ros/humble/share/std_srvs/cmake)
[0.654s] -- Configuring done
[0.664s] -- Generating done
[0.667s] -- Build files have been written to: /home/bansong/gpsnav_ws/build/sllidar_ros2
[0.673s] Invoked command in '/home/bansong/gpsnav_ws/build/sllidar_ros2' returned '0': CMAKE_PREFIX_PATH=${CMAKE_PREFIX_PATH}:/home/bansong/gpsnav_ws/install/ntrip_client:/home/bansong/gpsnav_ws/install/my_nav_pkg:/opt/ros/humble /usr/bin/cmake /home/bansong/gpsnav_ws/src/sllidar_ros2 -DCMAKE_INSTALL_PREFIX=/home/bansong/gpsnav_ws/install/sllidar_ros2
[0.674s] Invoking command in '/home/bansong/gpsnav_ws/build/sllidar_ros2': CMAKE_PREFIX_PATH=${CMAKE_PREFIX_PATH}:/home/bansong/gpsnav_ws/install/ntrip_client:/home/bansong/gpsnav_ws/install/my_nav_pkg:/opt/ros/humble /usr/bin/cmake --build /home/bansong/gpsnav_ws/build/sllidar_ros2 -- -j16 -l16
[0.707s] [35m[1mConsolidate compiler generated dependencies of target sllidar_client[0m
[0.709s] [35m[1mConsolidate compiler generated dependencies of target sllidar_node[0m
[0.719s] [ 10%] Built target sllidar_client
[0.729s] [100%] Built target sllidar_node
[0.742s] Invoked command in '/home/bansong/gpsnav_ws/build/sllidar_ros2' returned '0': CMAKE_PREFIX_PATH=${CMAKE_PREFIX_PATH}:/home/bansong/gpsnav_ws/install/ntrip_client:/home/bansong/gpsnav_ws/install/my_nav_pkg:/opt/ros/humble /usr/bin/cmake --build /home/bansong/gpsnav_ws/build/sllidar_ros2 -- -j16 -l16
[0.743s] Invoking command in '/home/bansong/gpsnav_ws/build/sllidar_ros2': CMAKE_PREFIX_PATH=${CMAKE_PREFIX_PATH}:/home/bansong/gpsnav_ws/install/ntrip_client:/home/bansong/gpsnav_ws/install/my_nav_pkg:/opt/ros/humble /usr/bin/cmake --install /home/bansong/gpsnav_ws/build/sllidar_ros2
[0.749s] -- Install configuration: ""
[0.749s] -- Execute custom install script
[0.750s] -- Up-to-date symlink: /home/bansong/gpsnav_ws/install/sllidar_ros2/share/sllidar_ros2/launch/sllidar_a1_launch.py
[0.750s] -- Up-to-date symlink: /home/bansong/gpsnav_ws/install/sllidar_ros2/share/sllidar_ros2/launch/sllidar_a2m12_launch .py
[0.750s] -- Up-to-date symlink: /home/bansong/gpsnav_ws/install/sllidar_ros2/share/sllidar_ros2/launch/sllidar_a2m7_launch.py
[0.750s] -- Up-to-date symlink: /home/bansong/gpsnav_ws/install/sllidar_ros2/share/sllidar_ros2/launch/sllidar_a2m8_launch.py
[0.750s] -- Up-to-date symlink: /home/bansong/gpsnav_ws/install/sllidar_ros2/share/sllidar_ros2/launch/sllidar_a3_launch.py
[0.750s] -- Up-to-date symlink: /home/bansong/gpsnav_ws/install/sllidar_ros2/share/sllidar_ros2/launch/sllidar_c1_launch.py
[0.750s] -- Up-to-date symlink: /home/bansong/gpsnav_ws/install/sllidar_ros2/share/sllidar_ros2/launch/sllidar_s1_launch.py
[0.750s] -- Up-to-date symlink: /home/bansong/gpsnav_ws/install/sllidar_ros2/share/sllidar_ros2/launch/sllidar_s1_tcp_launch.py
[0.750s] -- Up-to-date symlink: /home/bansong/gpsnav_ws/install/sllidar_ros2/share/sllidar_ros2/launch/sllidar_s2_launch.py
[0.750s] -- Up-to-date symlink: /home/bansong/gpsnav_ws/install/sllidar_ros2/share/sllidar_ros2/launch/sllidar_s2e_launch.py
[0.750s] -- Up-to-date symlink: /home/bansong/gpsnav_ws/install/sllidar_ros2/share/sllidar_ros2/launch/sllidar_s3_launch.py
[0.750s] -- Up-to-date symlink: /home/bansong/gpsnav_ws/install/sllidar_ros2/share/sllidar_ros2/launch/sllidar_t1_launch.py
[0.750s] -- Up-to-date symlink: /home/bansong/gpsnav_ws/install/sllidar_ros2/share/sllidar_ros2/launch/view_sllidar_a1_launch.py
[0.750s] -- Up-to-date symlink: /home/bansong/gpsnav_ws/install/sllidar_ros2/share/sllidar_ros2/launch/view_sllidar_a2m12_launch.py
[0.750s] -- Up-to-date symlink: /home/bansong/gpsnav_ws/install/sllidar_ros2/share/sllidar_ros2/launch/view_sllidar_a2m7_launch.py
[0.750s] -- Up-to-date symlink: /home/bansong/gpsnav_ws/install/sllidar_ros2/share/sllidar_ros2/launch/view_sllidar_a2m8_launch.py
[0.751s] -- Up-to-date symlink: /home/bansong/gpsnav_ws/install/sllidar_ros2/share/sllidar_ros2/launch/view_sllidar_a3_launch.py
[0.751s] -- Up-to-date symlink: /home/bansong/gpsnav_ws/install/sllidar_ros2/share/sllidar_ros2/launch/view_sllidar_c1_launch.py
[0.751s] -- Up-to-date symlink: /home/bansong/gpsnav_ws/install/sllidar_ros2/share/sllidar_ros2/launch/view_sllidar_s1_launch.py
[0.751s] -- Up-to-date symlink: /home/bansong/gpsnav_ws/install/sllidar_ros2/share/sllidar_ros2/launch/view_sllidar_s1_tcp_launch.py
[0.751s] -- Up-to-date symlink: /home/bansong/gpsnav_ws/install/sllidar_ros2/share/sllidar_ros2/launch/view_sllidar_s2_launch.py
[0.751s] -- Up-to-date symlink: /home/bansong/gpsnav_ws/install/sllidar_ros2/share/sllidar_ros2/launch/view_sllidar_s2e_launch.py
[0.751s] -- Up-to-date symlink: /home/bansong/gpsnav_ws/install/sllidar_ros2/share/sllidar_ros2/launch/view_sllidar_s3_launch.py
[0.751s] -- Up-to-date symlink: /home/bansong/gpsnav_ws/install/sllidar_ros2/share/sllidar_ros2/launch/view_sllidar_t1_launch.py
[0.751s] -- Up-to-date symlink: /home/bansong/gpsnav_ws/install/sllidar_ros2/share/sllidar_ros2/rviz/sllidar_ros2.rviz
[0.751s] -- Up-to-date symlink: /home/bansong/gpsnav_ws/install/sllidar_ros2/lib/sllidar_ros2/sllidar_node
[0.751s] -- Up-to-date symlink: /home/bansong/gpsnav_ws/install/sllidar_ros2/lib/sllidar_ros2/sllidar_client
[0.751s] -- Up-to-date symlink: /home/bansong/gpsnav_ws/install/sllidar_ros2/share/ament_index/resource_index/package_run_dependencies/sllidar_ros2
[0.752s] -- Up-to-date symlink: /home/bansong/gpsnav_ws/install/sllidar_ros2/share/ament_index/resource_index/parent_prefix_path/sllidar_ros2
[0.752s] -- Up-to-date symlink: /home/bansong/gpsnav_ws/install/sllidar_ros2/share/sllidar_ros2/environment/ament_prefix_path.sh
[0.752s] -- Up-to-date symlink: /home/bansong/gpsnav_ws/install/sllidar_ros2/share/sllidar_ros2/environment/ament_prefix_path.dsv
[0.752s] -- Up-to-date symlink: /home/bansong/gpsnav_ws/install/sllidar_ros2/share/sllidar_ros2/environment/path.sh
[0.752s] -- Up-to-date symlink: /home/bansong/gpsnav_ws/install/sllidar_ros2/share/sllidar_ros2/environment/path.dsv
[0.752s] -- Up-to-date symlink: /home/bansong/gpsnav_ws/install/sllidar_ros2/share/sllidar_ros2/local_setup.bash
[0.752s] -- Up-to-date symlink: /home/bansong/gpsnav_ws/install/sllidar_ros2/share/sllidar_ros2/local_setup.sh
[0.752s] -- Up-to-date symlink: /home/bansong/gpsnav_ws/install/sllidar_ros2/share/sllidar_ros2/local_setup.zsh
[0.752s] -- Up-to-date symlink: /home/bansong/gpsnav_ws/install/sllidar_ros2/share/sllidar_ros2/local_setup.dsv
[0.752s] -- Symlinking: /home/bansong/gpsnav_ws/install/sllidar_ros2/share/sllidar_ros2/package.dsv
[0.760s] -- Up-to-date symlink: /home/bansong/gpsnav_ws/install/sllidar_ros2/share/ament_index/resource_index/packages/sllidar_ros2
[0.760s] -- Up-to-date symlink: /home/bansong/gpsnav_ws/install/sllidar_ros2/share/sllidar_ros2/cmake/ament_cmake_export_dependencies-extras.cmake
[0.760s] -- Up-to-date symlink: /home/bansong/gpsnav_ws/install/sllidar_ros2/share/sllidar_ros2/cmake/ament_cmake_export_include_directories-extras.cmake
[0.760s] -- Up-to-date symlink: /home/bansong/gpsnav_ws/install/sllidar_ros2/share/sllidar_ros2/cmake/sllidar_ros2Config.cmake
[0.760s] -- Up-to-date symlink: /home/bansong/gpsnav_ws/install/sllidar_ros2/share/sllidar_ros2/cmake/sllidar_ros2Config-version.cmake
[0.760s] -- Up-to-date symlink: /home/bansong/gpsnav_ws/install/sllidar_ros2/share/sllidar_ros2/package.xml
[0.762s] Invoked command in '/home/bansong/gpsnav_ws/build/sllidar_ros2' returned '0': CMAKE_PREFIX_PATH=${CMAKE_PREFIX_PATH}:/home/bansong/gpsnav_ws/install/ntrip_client:/home/bansong/gpsnav_ws/install/my_nav_pkg:/opt/ros/humble /usr/bin/cmake --install /home/bansong/gpsnav_ws/build/sllidar_ros2
